running develop
Removing /home/druloko/ws_roomba/install/robot_roomba/lib/python3.12/site-packages/robot-roomba.egg-link (link to .)
running egg_info
writing ../../build/robot_roomba/robot_roomba.egg-info/PKG-INFO
writing dependency_links to ../../build/robot_roomba/robot_roomba.egg-info/dependency_links.txt
writing entry points to ../../build/robot_roomba/robot_roomba.egg-info/entry_points.txt
writing requirements to ../../build/robot_roomba/robot_roomba.egg-info/requires.txt
writing top-level names to ../../build/robot_roomba/robot_roomba.egg-info/top_level.txt
reading manifest file '../../build/robot_roomba/robot_roomba.egg-info/SOURCES.txt'
writing manifest file '../../build/robot_roomba/robot_roomba.egg-info/SOURCES.txt'
running build
running build_py
creating /home/druloko/ws_roomba/build/robot_roomba/build
creating /home/druloko/ws_roomba/build/robot_roomba/build/lib
creating /home/druloko/ws_roomba/build/robot_roomba/build/lib/robot_roomba
copying robot_roomba/__init__.py -> /home/druloko/ws_roomba/build/robot_roomba/build/lib/robot_roomba
copying robot_roomba/communication_node.py -> /home/druloko/ws_roomba/build/robot_roomba/build/lib/robot_roomba
creating /home/druloko/ws_roomba/build/robot_roomba/build/lib/robot_roomba/irobot
copying robot_roomba/irobot/setup.py -> /home/druloko/ws_roomba/build/robot_roomba/build/lib/robot_roomba/irobot
copying robot_roomba/irobot/__init__.py -> /home/druloko/ws_roomba/build/robot_roomba/build/lib/robot_roomba/irobot
creating /home/druloko/ws_roomba/build/robot_roomba/build/lib/robot_roomba/roomba
copying robot_roomba/roomba/test_robot.py -> /home/druloko/ws_roomba/build/robot_roomba/build/lib/robot_roomba/roomba
copying robot_roomba/roomba/lib_robot_roomba.py -> /home/druloko/ws_roomba/build/robot_roomba/build/lib/robot_roomba/roomba
copying robot_roomba/roomba/__init__.py -> /home/druloko/ws_roomba/build/robot_roomba/build/lib/robot_roomba/roomba
creating /home/druloko/ws_roomba/build/robot_roomba/build/lib/robot_roomba/irobot/robots
copying robot_roomba/irobot/robots/__init__.py -> /home/druloko/ws_roomba/build/robot_roomba/build/lib/robot_roomba/irobot/robots
copying robot_roomba/irobot/robots/create2.py -> /home/druloko/ws_roomba/build/robot_roomba/build/lib/robot_roomba/irobot/robots
creating /home/druloko/ws_roomba/build/robot_roomba/build/lib/robot_roomba/irobot/openinterface
copying robot_roomba/irobot/openinterface/commands.py -> /home/druloko/ws_roomba/build/robot_roomba/build/lib/robot_roomba/irobot/openinterface
copying robot_roomba/irobot/openinterface/response_parsers.py -> /home/druloko/ws_roomba/build/robot_roomba/build/lib/robot_roomba/irobot/openinterface
copying robot_roomba/irobot/openinterface/__init__.py -> /home/druloko/ws_roomba/build/robot_roomba/build/lib/robot_roomba/irobot/openinterface
copying robot_roomba/irobot/openinterface/constants.py -> /home/druloko/ws_roomba/build/robot_roomba/build/lib/robot_roomba/irobot/openinterface
creating /home/druloko/ws_roomba/build/robot_roomba/build/lib/robot_roomba/irobot/tests
copying robot_roomba/irobot/tests/__init__.py -> /home/druloko/ws_roomba/build/robot_roomba/build/lib/robot_roomba/irobot/tests
copying robot_roomba/irobot/tests/create2_test.py -> /home/druloko/ws_roomba/build/robot_roomba/build/lib/robot_roomba/irobot/tests
copying robot_roomba/irobot/tests/commands_test.py -> /home/druloko/ws_roomba/build/robot_roomba/build/lib/robot_roomba/irobot/tests
creating /home/druloko/ws_roomba/build/robot_roomba/build/lib/robot_roomba/irobot/console_interfaces
copying robot_roomba/irobot/console_interfaces/__init__.py -> /home/druloko/ws_roomba/build/robot_roomba/build/lib/robot_roomba/irobot/console_interfaces
copying robot_roomba/irobot/console_interfaces/create2.py -> /home/druloko/ws_roomba/build/robot_roomba/build/lib/robot_roomba/irobot/console_interfaces
running install
running install_lib
creating /home/druloko/ws_roomba/install/robot_roomba/lib/python3.12/site-packages/robot_roomba
creating /home/druloko/ws_roomba/install/robot_roomba/lib/python3.12/site-packages/robot_roomba/irobot
creating /home/druloko/ws_roomba/install/robot_roomba/lib/python3.12/site-packages/robot_roomba/irobot/robots
copying /home/druloko/ws_roomba/build/robot_roomba/build/lib/robot_roomba/irobot/robots/__init__.py -> /home/druloko/ws_roomba/install/robot_roomba/lib/python3.12/site-packages/robot_roomba/irobot/robots
copying /home/druloko/ws_roomba/build/robot_roomba/build/lib/robot_roomba/irobot/robots/create2.py -> /home/druloko/ws_roomba/install/robot_roomba/lib/python3.12/site-packages/robot_roomba/irobot/robots
copying /home/druloko/ws_roomba/build/robot_roomba/build/lib/robot_roomba/irobot/setup.py -> /home/druloko/ws_roomba/install/robot_roomba/lib/python3.12/site-packages/robot_roomba/irobot
creating /home/druloko/ws_roomba/install/robot_roomba/lib/python3.12/site-packages/robot_roomba/irobot/openinterface
copying /home/druloko/ws_roomba/build/robot_roomba/build/lib/robot_roomba/irobot/openinterface/commands.py -> /home/druloko/ws_roomba/install/robot_roomba/lib/python3.12/site-packages/robot_roomba/irobot/openinterface
copying /home/druloko/ws_roomba/build/robot_roomba/build/lib/robot_roomba/irobot/openinterface/response_parsers.py -> /home/druloko/ws_roomba/install/robot_roomba/lib/python3.12/site-packages/robot_roomba/irobot/openinterface
copying /home/druloko/ws_roomba/build/robot_roomba/build/lib/robot_roomba/irobot/openinterface/__init__.py -> /home/druloko/ws_roomba/install/robot_roomba/lib/python3.12/site-packages/robot_roomba/irobot/openinterface
copying /home/druloko/ws_roomba/build/robot_roomba/build/lib/robot_roomba/irobot/openinterface/constants.py -> /home/druloko/ws_roomba/install/robot_roomba/lib/python3.12/site-packages/robot_roomba/irobot/openinterface
creating /home/druloko/ws_roomba/install/robot_roomba/lib/python3.12/site-packages/robot_roomba/irobot/tests
copying /home/druloko/ws_roomba/build/robot_roomba/build/lib/robot_roomba/irobot/tests/__init__.py -> /home/druloko/ws_roomba/install/robot_roomba/lib/python3.12/site-packages/robot_roomba/irobot/tests
copying /home/druloko/ws_roomba/build/robot_roomba/build/lib/robot_roomba/irobot/tests/create2_test.py -> /home/druloko/ws_roomba/install/robot_roomba/lib/python3.12/site-packages/robot_roomba/irobot/tests
copying /home/druloko/ws_roomba/build/robot_roomba/build/lib/robot_roomba/irobot/tests/commands_test.py -> /home/druloko/ws_roomba/install/robot_roomba/lib/python3.12/site-packages/robot_roomba/irobot/tests
creating /home/druloko/ws_roomba/install/robot_roomba/lib/python3.12/site-packages/robot_roomba/irobot/console_interfaces
copying /home/druloko/ws_roomba/build/robot_roomba/build/lib/robot_roomba/irobot/console_interfaces/__init__.py -> /home/druloko/ws_roomba/install/robot_roomba/lib/python3.12/site-packages/robot_roomba/irobot/console_interfaces
copying /home/druloko/ws_roomba/build/robot_roomba/build/lib/robot_roomba/irobot/console_interfaces/create2.py -> /home/druloko/ws_roomba/install/robot_roomba/lib/python3.12/site-packages/robot_roomba/irobot/console_interfaces
copying /home/druloko/ws_roomba/build/robot_roomba/build/lib/robot_roomba/irobot/__init__.py -> /home/druloko/ws_roomba/install/robot_roomba/lib/python3.12/site-packages/robot_roomba/irobot
copying /home/druloko/ws_roomba/build/robot_roomba/build/lib/robot_roomba/__init__.py -> /home/druloko/ws_roomba/install/robot_roomba/lib/python3.12/site-packages/robot_roomba
creating /home/druloko/ws_roomba/install/robot_roomba/lib/python3.12/site-packages/robot_roomba/roomba
copying /home/druloko/ws_roomba/build/robot_roomba/build/lib/robot_roomba/roomba/test_robot.py -> /home/druloko/ws_roomba/install/robot_roomba/lib/python3.12/site-packages/robot_roomba/roomba
copying /home/druloko/ws_roomba/build/robot_roomba/build/lib/robot_roomba/roomba/lib_robot_roomba.py -> /home/druloko/ws_roomba/install/robot_roomba/lib/python3.12/site-packages/robot_roomba/roomba
copying /home/druloko/ws_roomba/build/robot_roomba/build/lib/robot_roomba/roomba/__init__.py -> /home/druloko/ws_roomba/install/robot_roomba/lib/python3.12/site-packages/robot_roomba/roomba
copying /home/druloko/ws_roomba/build/robot_roomba/build/lib/robot_roomba/communication_node.py -> /home/druloko/ws_roomba/install/robot_roomba/lib/python3.12/site-packages/robot_roomba
byte-compiling /home/druloko/ws_roomba/install/robot_roomba/lib/python3.12/site-packages/robot_roomba/irobot/robots/__init__.py to __init__.cpython-312.pyc
byte-compiling /home/druloko/ws_roomba/install/robot_roomba/lib/python3.12/site-packages/robot_roomba/irobot/robots/create2.py to create2.cpython-312.pyc
byte-compiling /home/druloko/ws_roomba/install/robot_roomba/lib/python3.12/site-packages/robot_roomba/irobot/setup.py to setup.cpython-312.pyc
byte-compiling /home/druloko/ws_roomba/install/robot_roomba/lib/python3.12/site-packages/robot_roomba/irobot/openinterface/commands.py to commands.cpython-312.pyc
byte-compiling /home/druloko/ws_roomba/install/robot_roomba/lib/python3.12/site-packages/robot_roomba/irobot/openinterface/response_parsers.py to response_parsers.cpython-312.pyc
byte-compiling /home/druloko/ws_roomba/install/robot_roomba/lib/python3.12/site-packages/robot_roomba/irobot/openinterface/__init__.py to __init__.cpython-312.pyc
byte-compiling /home/druloko/ws_roomba/install/robot_roomba/lib/python3.12/site-packages/robot_roomba/irobot/openinterface/constants.py to constants.cpython-312.pyc
byte-compiling /home/druloko/ws_roomba/install/robot_roomba/lib/python3.12/site-packages/robot_roomba/irobot/tests/__init__.py to __init__.cpython-312.pyc
byte-compiling /home/druloko/ws_roomba/install/robot_roomba/lib/python3.12/site-packages/robot_roomba/irobot/tests/create2_test.py to create2_test.cpython-312.pyc
byte-compiling /home/druloko/ws_roomba/install/robot_roomba/lib/python3.12/site-packages/robot_roomba/irobot/tests/commands_test.py to commands_test.cpython-312.pyc
byte-compiling /home/druloko/ws_roomba/install/robot_roomba/lib/python3.12/site-packages/robot_roomba/irobot/console_interfaces/__init__.py to __init__.cpython-312.pyc
byte-compiling /home/druloko/ws_roomba/install/robot_roomba/lib/python3.12/site-packages/robot_roomba/irobot/console_interfaces/create2.py to create2.cpython-312.pyc
byte-compiling /home/druloko/ws_roomba/install/robot_roomba/lib/python3.12/site-packages/robot_roomba/irobot/__init__.py to __init__.cpython-312.pyc
byte-compiling /home/druloko/ws_roomba/install/robot_roomba/lib/python3.12/site-packages/robot_roomba/__init__.py to __init__.cpython-312.pyc
byte-compiling /home/druloko/ws_roomba/install/robot_roomba/lib/python3.12/site-packages/robot_roomba/roomba/test_robot.py to test_robot.cpython-312.pyc
byte-compiling /home/druloko/ws_roomba/install/robot_roomba/lib/python3.12/site-packages/robot_roomba/roomba/lib_robot_roomba.py to lib_robot_roomba.cpython-312.pyc
byte-compiling /home/druloko/ws_roomba/install/robot_roomba/lib/python3.12/site-packages/robot_roomba/roomba/__init__.py to __init__.cpython-312.pyc
byte-compiling /home/druloko/ws_roomba/install/robot_roomba/lib/python3.12/site-packages/robot_roomba/communication_node.py to communication_node.cpython-312.pyc
running install_data
copying resource/robot_roomba -> /home/druloko/ws_roomba/install/robot_roomba/share/ament_index/resource_index/packages
copying package.xml -> /home/druloko/ws_roomba/install/robot_roomba/share/robot_roomba
creating /home/druloko/ws_roomba/install/robot_roomba/share/robot_roomba/launch
copying launch/communication.launch.py -> /home/druloko/ws_roomba/install/robot_roomba/share/robot_roomba/launch
running install_egg_info
Copying ../../build/robot_roomba/robot_roomba.egg-info to /home/druloko/ws_roomba/install/robot_roomba/lib/python3.12/site-packages/robot_roomba-0.0.0-py3.12.egg-info
running install_scripts
Installing communication_node script to /home/druloko/ws_roomba/install/robot_roomba/lib/robot_roomba
writing list of installed files to '/home/druloko/ws_roomba/build/robot_roomba/install.log'
