/home/druloko/ws_roomba/install/robot_roomba/lib/python3.12/site-packages/robot_roomba/__init__.py
/home/druloko/ws_roomba/install/robot_roomba/lib/python3.12/site-packages/robot_roomba/communication_node.py
/home/druloko/ws_roomba/install/robot_roomba/lib/python3.12/site-packages/robot_roomba/irobot/setup.py
/home/druloko/ws_roomba/install/robot_roomba/lib/python3.12/site-packages/robot_roomba/irobot/__init__.py
/home/druloko/ws_roomba/install/robot_roomba/lib/python3.12/site-packages/robot_roomba/roomba/test_robot.py
/home/druloko/ws_roomba/install/robot_roomba/lib/python3.12/site-packages/robot_roomba/roomba/lib_robot_roomba.py
/home/druloko/ws_roomba/install/robot_roomba/lib/python3.12/site-packages/robot_roomba/roomba/__init__.py
/home/druloko/ws_roomba/install/robot_roomba/lib/python3.12/site-packages/robot_roomba/irobot/robots/__init__.py
/home/druloko/ws_roomba/install/robot_roomba/lib/python3.12/site-packages/robot_roomba/irobot/robots/create2.py
/home/druloko/ws_roomba/install/robot_roomba/lib/python3.12/site-packages/robot_roomba/irobot/openinterface/commands.py
/home/druloko/ws_roomba/install/robot_roomba/lib/python3.12/site-packages/robot_roomba/irobot/openinterface/response_parsers.py
/home/druloko/ws_roomba/install/robot_roomba/lib/python3.12/site-packages/robot_roomba/irobot/openinterface/__init__.py
/home/druloko/ws_roomba/install/robot_roomba/lib/python3.12/site-packages/robot_roomba/irobot/openinterface/constants.py
/home/druloko/ws_roomba/install/robot_roomba/lib/python3.12/site-packages/robot_roomba/irobot/tests/__init__.py
/home/druloko/ws_roomba/install/robot_roomba/lib/python3.12/site-packages/robot_roomba/irobot/tests/create2_test.py
/home/druloko/ws_roomba/install/robot_roomba/lib/python3.12/site-packages/robot_roomba/irobot/tests/commands_test.py
/home/druloko/ws_roomba/install/robot_roomba/lib/python3.12/site-packages/robot_roomba/irobot/console_interfaces/__init__.py
/home/druloko/ws_roomba/install/robot_roomba/lib/python3.12/site-packages/robot_roomba/irobot/console_interfaces/create2.py
/home/druloko/ws_roomba/install/robot_roomba/lib/python3.12/site-packages/robot_roomba/__pycache__/__init__.cpython-312.pyc
/home/druloko/ws_roomba/install/robot_roomba/lib/python3.12/site-packages/robot_roomba/__pycache__/communication_node.cpython-312.pyc
/home/druloko/ws_roomba/install/robot_roomba/lib/python3.12/site-packages/robot_roomba/irobot/__pycache__/setup.cpython-312.pyc
/home/druloko/ws_roomba/install/robot_roomba/lib/python3.12/site-packages/robot_roomba/irobot/__pycache__/__init__.cpython-312.pyc
/home/druloko/ws_roomba/install/robot_roomba/lib/python3.12/site-packages/robot_roomba/roomba/__pycache__/test_robot.cpython-312.pyc
/home/druloko/ws_roomba/install/robot_roomba/lib/python3.12/site-packages/robot_roomba/roomba/__pycache__/lib_robot_roomba.cpython-312.pyc
/home/druloko/ws_roomba/install/robot_roomba/lib/python3.12/site-packages/robot_roomba/roomba/__pycache__/__init__.cpython-312.pyc
/home/druloko/ws_roomba/install/robot_roomba/lib/python3.12/site-packages/robot_roomba/irobot/robots/__pycache__/__init__.cpython-312.pyc
/home/druloko/ws_roomba/install/robot_roomba/lib/python3.12/site-packages/robot_roomba/irobot/robots/__pycache__/create2.cpython-312.pyc
/home/druloko/ws_roomba/install/robot_roomba/lib/python3.12/site-packages/robot_roomba/irobot/openinterface/__pycache__/commands.cpython-312.pyc
/home/druloko/ws_roomba/install/robot_roomba/lib/python3.12/site-packages/robot_roomba/irobot/openinterface/__pycache__/response_parsers.cpython-312.pyc
/home/druloko/ws_roomba/install/robot_roomba/lib/python3.12/site-packages/robot_roomba/irobot/openinterface/__pycache__/__init__.cpython-312.pyc
/home/druloko/ws_roomba/install/robot_roomba/lib/python3.12/site-packages/robot_roomba/irobot/openinterface/__pycache__/constants.cpython-312.pyc
/home/druloko/ws_roomba/install/robot_roomba/lib/python3.12/site-packages/robot_roomba/irobot/tests/__pycache__/__init__.cpython-312.pyc
/home/druloko/ws_roomba/install/robot_roomba/lib/python3.12/site-packages/robot_roomba/irobot/tests/__pycache__/create2_test.cpython-312.pyc
/home/druloko/ws_roomba/install/robot_roomba/lib/python3.12/site-packages/robot_roomba/irobot/tests/__pycache__/commands_test.cpython-312.pyc
/home/druloko/ws_roomba/install/robot_roomba/lib/python3.12/site-packages/robot_roomba/irobot/console_interfaces/__pycache__/__init__.cpython-312.pyc
/home/druloko/ws_roomba/install/robot_roomba/lib/python3.12/site-packages/robot_roomba/irobot/console_interfaces/__pycache__/create2.cpython-312.pyc
/home/druloko/ws_roomba/install/robot_roomba/share/ament_index/resource_index/packages/robot_roomba
/home/druloko/ws_roomba/install/robot_roomba/share/robot_roomba/package.xml
/home/druloko/ws_roomba/install/robot_roomba/share/robot_roomba/launch/communication.launch.py
/home/druloko/ws_roomba/install/robot_roomba/share/robot_roomba/launch/sim_and_comm.launch.py
/home/druloko/ws_roomba/install/robot_roomba/share/robot_roomba/simulator/simulador_roomba.py
/home/druloko/ws_roomba/install/robot_roomba/lib/python3.12/site-packages/robot_roomba-0.0.0-py3.12.egg-info/top_level.txt
/home/druloko/ws_roomba/install/robot_roomba/lib/python3.12/site-packages/robot_roomba-0.0.0-py3.12.egg-info/entry_points.txt
/home/druloko/ws_roomba/install/robot_roomba/lib/python3.12/site-packages/robot_roomba-0.0.0-py3.12.egg-info/PKG-INFO
/home/druloko/ws_roomba/install/robot_roomba/lib/python3.12/site-packages/robot_roomba-0.0.0-py3.12.egg-info/SOURCES.txt
/home/druloko/ws_roomba/install/robot_roomba/lib/python3.12/site-packages/robot_roomba-0.0.0-py3.12.egg-info/dependency_links.txt
/home/druloko/ws_roomba/install/robot_roomba/lib/python3.12/site-packages/robot_roomba-0.0.0-py3.12.egg-info/requires.txt
/home/druloko/ws_roomba/install/robot_roomba/lib/python3.12/site-packages/robot_roomba-0.0.0-py3.12.egg-info/zip-safe
/home/druloko/ws_roomba/install/robot_roomba/lib/robot_roomba/communication_node
