[1.522s] Invoking command in '/home/druloko/ws_roomba/src/robot_roomba': PYTHONPATH=/home/druloko/ws_roomba/build/robot_roomba/prefix_override:/usr/lib/python3/dist-packages/colcon_core/task/python/colcon_distutils_commands:/home/druloko/ws_roomba/install/robot_roomba/lib/python3.12/site-packages:/home/druloko/ws_roomba/install/roomba_msgs/lib/python3.12/site-packages:/home/druloko/ws_roomba/install/robot_roomba/lib/python3.12/site-packages:/opt/ros/rolling/lib/python3.12/site-packages /usr/bin/python3 -W ignore:setup.py install is deprecated -W ignore:easy_install command is deprecated setup.py egg_info --egg-base ../../build/robot_roomba build --build-base /home/druloko/ws_roomba/build/robot_roomba/build install --record /home/druloko/ws_roomba/build/robot_roomba/install.log --single-version-externally-managed install_data
[1.832s] running egg_info
[1.853s] writing ../../build/robot_roomba/robot_roomba.egg-info/PKG-INFO
[1.854s] writing dependency_links to ../../build/robot_roomba/robot_roomba.egg-info/dependency_links.txt
[1.854s] writing entry points to ../../build/robot_roomba/robot_roomba.egg-info/entry_points.txt
[1.854s] writing requirements to ../../build/robot_roomba/robot_roomba.egg-info/requires.txt
[1.854s] writing top-level names to ../../build/robot_roomba/robot_roomba.egg-info/top_level.txt
[1.901s] reading manifest file '../../build/robot_roomba/robot_roomba.egg-info/SOURCES.txt'
[1.903s] writing manifest file '../../build/robot_roomba/robot_roomba.egg-info/SOURCES.txt'
[1.903s] running build
[1.903s] running build_py
[1.904s] copying robot_roomba/roomba/lib_robot_roomba.py -> /home/druloko/ws_roomba/build/robot_roomba/build/lib/robot_roomba/roomba
[1.906s] running install
[1.913s] running install_lib
[1.939s] copying /home/druloko/ws_roomba/build/robot_roomba/build/lib/robot_roomba/roomba/lib_robot_roomba.py -> /home/druloko/ws_roomba/install/robot_roomba/lib/python3.12/site-packages/robot_roomba/roomba
[1.941s] byte-compiling /home/druloko/ws_roomba/install/robot_roomba/lib/python3.12/site-packages/robot_roomba/roomba/lib_robot_roomba.py to lib_robot_roomba.cpython-312.pyc
[1.947s]   File "/home/druloko/ws_roomba/install/robot_roomba/lib/python3.12/site-packages/robot_roomba/roomba/lib_robot_roomba.py", line 136
[1.947s]     elif category == "state":
[1.947s]     ^^^^
[1.948s] SyntaxError: invalid syntax
[1.948s] 
[1.948s] running install_data
[1.948s] running install_egg_info
[1.972s] removing '/home/druloko/ws_roomba/install/robot_roomba/lib/python3.12/site-packages/robot_roomba-0.0.0-py3.12.egg-info' (and everything under it)
[1.972s] Copying ../../build/robot_roomba/robot_roomba.egg-info to /home/druloko/ws_roomba/install/robot_roomba/lib/python3.12/site-packages/robot_roomba-0.0.0-py3.12.egg-info
[1.975s] running install_scripts
[2.126s] Installing communication_node script to /home/druloko/ws_roomba/install/robot_roomba/lib/robot_roomba
[2.128s] writing list of installed files to '/home/druloko/ws_roomba/build/robot_roomba/install.log'
[2.172s] Invoked command in '/home/druloko/ws_roomba/src/robot_roomba' returned '0': PYTHONPATH=/home/druloko/ws_roomba/build/robot_roomba/prefix_override:/usr/lib/python3/dist-packages/colcon_core/task/python/colcon_distutils_commands:/home/druloko/ws_roomba/install/robot_roomba/lib/python3.12/site-packages:/home/druloko/ws_roomba/install/roomba_msgs/lib/python3.12/site-packages:/home/druloko/ws_roomba/install/robot_roomba/lib/python3.12/site-packages:/opt/ros/rolling/lib/python3.12/site-packages /usr/bin/python3 -W ignore:setup.py install is deprecated -W ignore:easy_install command is deprecated setup.py egg_info --egg-base ../../build/robot_roomba build --build-base /home/druloko/ws_roomba/build/robot_roomba/build install --record /home/druloko/ws_roomba/build/robot_roomba/install.log --single-version-externally-managed install_data
