[0.331s] DEBUG:colcon:Command line arguments: ['/usr/bin/colcon', 'build', '--packages-select', 'robot_roomba']
[0.331s] DEBUG:colcon:Parsed command line arguments: Namespace(log_base=None, log_level=None, verb_name='build', build_base='build', install_base='install', merge_install=False, symlink_install=False, test_result_base=None, continue_on_error=False, executor='parallel', parallel_workers=8, event_handlers=None, ignore_user_meta=False, metas=['./colcon.meta'], base_paths=['.'], packages_ignore=None, packages_ignore_regex=None, paths=None, packages_up_to=None, packages_up_to_regex=None, packages_above=None, packages_above_and_dependencies=None, packages_above_depth=None, packages_select_by_dep=None, packages_skip_by_dep=None, packages_skip_up_to=None, packages_select_build_failed=False, packages_skip_build_finished=False, packages_select_test_failures=False, packages_skip_test_passed=False, packages_select=['robot_roomba'], packages_skip=None, packages_select_regex=None, packages_skip_regex=None, packages_start=None, packages_end=None, allow_overriding=[], cmake_args=None, cmake_target=None, cmake_target_skip_unavailable=False, cmake_clean_cache=False, cmake_clean_first=False, cmake_force_configure=False, ament_cmake_args=None, catkin_cmake_args=None, catkin_skip_building_tests=False, verb_parser=<colcon_defaults.argument_parser.defaults.DefaultArgumentsDecorator object at 0x767443e2f5c0>, verb_extension=<colcon_core.verb.build.BuildVerb object at 0x767443e2f2c0>, main=<bound method BuildVerb.main of <colcon_core.verb.build.BuildVerb object at 0x767443e2f2c0>>)
[0.421s] Level 1:colcon.colcon_core.package_discovery:discover_packages(colcon_meta) check parameters
[0.421s] Level 1:colcon.colcon_core.package_discovery:discover_packages(recursive) check parameters
[0.421s] Level 1:colcon.colcon_core.package_discovery:discover_packages(ignore) check parameters
[0.421s] Level 1:colcon.colcon_core.package_discovery:discover_packages(path) check parameters
[0.421s] Level 1:colcon.colcon_core.package_discovery:discover_packages(colcon_meta) discover
[0.421s] Level 1:colcon.colcon_core.package_discovery:discover_packages(recursive) discover
[0.421s] INFO:colcon.colcon_core.package_discovery:Crawling recursively for packages in '/home/druloko/ws_roomba'
[0.421s] Level 1:colcon.colcon_core.package_identification:_identify(.) by extensions ['ignore', 'ignore_ament_install']
[0.422s] Level 1:colcon.colcon_core.package_identification:_identify(.) by extension 'ignore'
[0.422s] Level 1:colcon.colcon_core.package_identification:_identify(.) by extension 'ignore_ament_install'
[0.422s] Level 1:colcon.colcon_core.package_identification:_identify(.) by extensions ['colcon_pkg']
[0.422s] Level 1:colcon.colcon_core.package_identification:_identify(.) by extension 'colcon_pkg'
[0.422s] Level 1:colcon.colcon_core.package_identification:_identify(.) by extensions ['colcon_meta']
[0.422s] Level 1:colcon.colcon_core.package_identification:_identify(.) by extension 'colcon_meta'
[0.422s] Level 1:colcon.colcon_core.package_identification:_identify(.) by extensions ['ros']
[0.422s] Level 1:colcon.colcon_core.package_identification:_identify(.) by extension 'ros'
[0.474s] Level 1:colcon.colcon_core.package_identification:_identify(.) by extensions ['cmake', 'python']
[0.474s] Level 1:colcon.colcon_core.package_identification:_identify(.) by extension 'cmake'
[0.474s] Level 1:colcon.colcon_core.package_identification:_identify(.) by extension 'python'
[0.474s] Level 1:colcon.colcon_core.package_identification:_identify(.) by extensions ['python_setup_py']
[0.474s] Level 1:colcon.colcon_core.package_identification:_identify(.) by extension 'python_setup_py'
[0.475s] Level 1:colcon.colcon_core.package_identification:_identify(build) by extensions ['ignore', 'ignore_ament_install']
[0.475s] Level 1:colcon.colcon_core.package_identification:_identify(build) by extension 'ignore'
[0.475s] Level 1:colcon.colcon_core.package_identification:_identify(build) ignored
[0.476s] Level 1:colcon.colcon_core.package_identification:_identify(install) by extensions ['ignore', 'ignore_ament_install']
[0.476s] Level 1:colcon.colcon_core.package_identification:_identify(install) by extension 'ignore'
[0.476s] Level 1:colcon.colcon_core.package_identification:_identify(install) ignored
[0.476s] Level 1:colcon.colcon_core.package_identification:_identify(log) by extensions ['ignore', 'ignore_ament_install']
[0.476s] Level 1:colcon.colcon_core.package_identification:_identify(log) by extension 'ignore'
[0.476s] Level 1:colcon.colcon_core.package_identification:_identify(log) ignored
[0.476s] Level 1:colcon.colcon_core.package_identification:_identify(src) by extensions ['ignore', 'ignore_ament_install']
[0.476s] Level 1:colcon.colcon_core.package_identification:_identify(src) by extension 'ignore'
[0.476s] Level 1:colcon.colcon_core.package_identification:_identify(src) by extension 'ignore_ament_install'
[0.477s] Level 1:colcon.colcon_core.package_identification:_identify(src) by extensions ['colcon_pkg']
[0.477s] Level 1:colcon.colcon_core.package_identification:_identify(src) by extension 'colcon_pkg'
[0.477s] Level 1:colcon.colcon_core.package_identification:_identify(src) by extensions ['colcon_meta']
[0.477s] Level 1:colcon.colcon_core.package_identification:_identify(src) by extension 'colcon_meta'
[0.477s] Level 1:colcon.colcon_core.package_identification:_identify(src) by extensions ['ros']
[0.477s] Level 1:colcon.colcon_core.package_identification:_identify(src) by extension 'ros'
[0.477s] Level 1:colcon.colcon_core.package_identification:_identify(src) by extensions ['cmake', 'python']
[0.477s] Level 1:colcon.colcon_core.package_identification:_identify(src) by extension 'cmake'
[0.477s] Level 1:colcon.colcon_core.package_identification:_identify(src) by extension 'python'
[0.477s] Level 1:colcon.colcon_core.package_identification:_identify(src) by extensions ['python_setup_py']
[0.477s] Level 1:colcon.colcon_core.package_identification:_identify(src) by extension 'python_setup_py'
[0.477s] Level 1:colcon.colcon_core.package_identification:_identify(src/robot_roomba) by extensions ['ignore', 'ignore_ament_install']
[0.477s] Level 1:colcon.colcon_core.package_identification:_identify(src/robot_roomba) by extension 'ignore'
[0.477s] Level 1:colcon.colcon_core.package_identification:_identify(src/robot_roomba) by extension 'ignore_ament_install'
[0.477s] Level 1:colcon.colcon_core.package_identification:_identify(src/robot_roomba) by extensions ['colcon_pkg']
[0.477s] Level 1:colcon.colcon_core.package_identification:_identify(src/robot_roomba) by extension 'colcon_pkg'
[0.478s] Level 1:colcon.colcon_core.package_identification:_identify(src/robot_roomba) by extensions ['colcon_meta']
[0.478s] Level 1:colcon.colcon_core.package_identification:_identify(src/robot_roomba) by extension 'colcon_meta'
[0.478s] Level 1:colcon.colcon_core.package_identification:_identify(src/robot_roomba) by extensions ['ros']
[0.478s] Level 1:colcon.colcon_core.package_identification:_identify(src/robot_roomba) by extension 'ros'
[0.485s] DEBUG:colcon.colcon_core.package_identification:Package 'src/robot_roomba' with type 'ros.ament_python' and name 'robot_roomba'
[0.486s] Level 1:colcon.colcon_core.package_identification:_identify(src/roomba_msgs) by extensions ['ignore', 'ignore_ament_install']
[0.486s] Level 1:colcon.colcon_core.package_identification:_identify(src/roomba_msgs) by extension 'ignore'
[0.486s] Level 1:colcon.colcon_core.package_identification:_identify(src/roomba_msgs) by extension 'ignore_ament_install'
[0.486s] Level 1:colcon.colcon_core.package_identification:_identify(src/roomba_msgs) by extensions ['colcon_pkg']
[0.486s] Level 1:colcon.colcon_core.package_identification:_identify(src/roomba_msgs) by extension 'colcon_pkg'
[0.486s] Level 1:colcon.colcon_core.package_identification:_identify(src/roomba_msgs) by extensions ['colcon_meta']
[0.486s] Level 1:colcon.colcon_core.package_identification:_identify(src/roomba_msgs) by extension 'colcon_meta'
[0.486s] Level 1:colcon.colcon_core.package_identification:_identify(src/roomba_msgs) by extensions ['ros']
[0.486s] Level 1:colcon.colcon_core.package_identification:_identify(src/roomba_msgs) by extension 'ros'
[0.487s] DEBUG:colcon.colcon_core.package_identification:Package 'src/roomba_msgs' with type 'ros.ament_cmake' and name 'roomba_msgs'
[0.488s] Level 1:colcon.colcon_core.package_discovery:discover_packages(recursive) using defaults
[0.488s] Level 1:colcon.colcon_core.package_discovery:discover_packages(ignore) discover
[0.488s] Level 1:colcon.colcon_core.package_discovery:discover_packages(ignore) using defaults
[0.488s] Level 1:colcon.colcon_core.package_discovery:discover_packages(path) discover
[0.488s] Level 1:colcon.colcon_core.package_discovery:discover_packages(path) using defaults
[0.527s] INFO:colcon.colcon_core.package_selection:Skipping not selected package 'roomba_msgs' in 'src/roomba_msgs'
[0.529s] Level 1:colcon.colcon_core.package_discovery:discover_packages(prefix_path) check parameters
[0.529s] Level 1:colcon.colcon_core.package_discovery:discover_packages(prefix_path) discover
[0.535s] DEBUG:colcon.colcon_installed_package_information.package_discovery:Found 2 installed packages in /home/druloko/ws_roomba/install
[0.539s] DEBUG:colcon.colcon_installed_package_information.package_discovery:Found 338 installed packages in /opt/ros/rolling
[0.540s] Level 1:colcon.colcon_core.package_discovery:discover_packages(prefix_path) using defaults
[0.662s] Level 5:colcon.colcon_core.verb:set package 'robot_roomba' build argument 'cmake_args' from command line to 'None'
[0.662s] Level 5:colcon.colcon_core.verb:set package 'robot_roomba' build argument 'cmake_target' from command line to 'None'
[0.662s] Level 5:colcon.colcon_core.verb:set package 'robot_roomba' build argument 'cmake_target_skip_unavailable' from command line to 'False'
[0.662s] Level 5:colcon.colcon_core.verb:set package 'robot_roomba' build argument 'cmake_clean_cache' from command line to 'False'
[0.662s] Level 5:colcon.colcon_core.verb:set package 'robot_roomba' build argument 'cmake_clean_first' from command line to 'False'
[0.662s] Level 5:colcon.colcon_core.verb:set package 'robot_roomba' build argument 'cmake_force_configure' from command line to 'False'
[0.662s] Level 5:colcon.colcon_core.verb:set package 'robot_roomba' build argument 'ament_cmake_args' from command line to 'None'
[0.662s] Level 5:colcon.colcon_core.verb:set package 'robot_roomba' build argument 'catkin_cmake_args' from command line to 'None'
[0.662s] Level 5:colcon.colcon_core.verb:set package 'robot_roomba' build argument 'catkin_skip_building_tests' from command line to 'False'
[0.662s] DEBUG:colcon.colcon_core.verb:Building package 'robot_roomba' with the following arguments: {'ament_cmake_args': None, 'build_base': '/home/druloko/ws_roomba/build/robot_roomba', 'catkin_cmake_args': None, 'catkin_skip_building_tests': False, 'cmake_args': None, 'cmake_clean_cache': False, 'cmake_clean_first': False, 'cmake_force_configure': False, 'cmake_target': None, 'cmake_target_skip_unavailable': False, 'install_base': '/home/druloko/ws_roomba/install/robot_roomba', 'merge_install': False, 'path': '/home/druloko/ws_roomba/src/robot_roomba', 'symlink_install': False, 'test_result_base': None}
[0.662s] INFO:colcon.colcon_core.executor:Executing jobs using 'parallel' executor
[0.664s] DEBUG:colcon.colcon_parallel_executor.executor.parallel:run_until_complete
[0.664s] INFO:colcon.colcon_ros.task.ament_python.build:Building ROS package in '/home/druloko/ws_roomba/src/robot_roomba' with build type 'ament_python'
[0.664s] Level 1:colcon.colcon_core.shell:create_environment_hook('robot_roomba', 'ament_prefix_path')
[0.673s] INFO:colcon.colcon_core.plugin_system:Skipping extension 'colcon_core.shell.bat': Not used on non-Windows systems
[0.673s] INFO:colcon.colcon_core.shell:Creating environment hook '/home/druloko/ws_roomba/install/robot_roomba/share/robot_roomba/hook/ament_prefix_path.ps1'
[0.675s] INFO:colcon.colcon_core.shell:Creating environment descriptor '/home/druloko/ws_roomba/install/robot_roomba/share/robot_roomba/hook/ament_prefix_path.dsv'
[0.676s] INFO:colcon.colcon_core.shell:Creating environment hook '/home/druloko/ws_roomba/install/robot_roomba/share/robot_roomba/hook/ament_prefix_path.sh'
[0.678s] INFO:colcon.colcon_core.shell:Skip shell extension 'powershell' for command environment: Not usable outside of PowerShell
[0.678s] DEBUG:colcon.colcon_core.shell:Skip shell extension 'dsv' for command environment
[1.050s] INFO:colcon.colcon_core.task.python.build:Building Python package in '/home/druloko/ws_roomba/src/robot_roomba'
[1.051s] INFO:colcon.colcon_core.shell:Skip shell extension 'powershell' for command environment: Not usable outside of PowerShell
[1.051s] DEBUG:colcon.colcon_core.shell:Skip shell extension 'dsv' for command environment
[2.188s] DEBUG:colcon.colcon_core.event_handler.log_command:Invoking command in '/home/druloko/ws_roomba/src/robot_roomba': PYTHONPATH=/home/druloko/ws_roomba/build/robot_roomba/prefix_override:/usr/lib/python3/dist-packages/colcon_core/task/python/colcon_distutils_commands:/home/druloko/ws_roomba/install/robot_roomba/lib/python3.12/site-packages:/home/druloko/ws_roomba/install/roomba_msgs/lib/python3.12/site-packages:/home/druloko/ws_roomba/install/robot_roomba/lib/python3.12/site-packages:/opt/ros/rolling/lib/python3.12/site-packages /usr/bin/python3 -W ignore:setup.py install is deprecated -W ignore:easy_install command is deprecated setup.py egg_info --egg-base ../../build/robot_roomba build --build-base /home/druloko/ws_roomba/build/robot_roomba/build install --record /home/druloko/ws_roomba/build/robot_roomba/install.log --single-version-externally-managed install_data
[2.838s] DEBUG:colcon.colcon_core.event_handler.log_command:Invoked command in '/home/druloko/ws_roomba/src/robot_roomba' returned '0': PYTHONPATH=/home/druloko/ws_roomba/build/robot_roomba/prefix_override:/usr/lib/python3/dist-packages/colcon_core/task/python/colcon_distutils_commands:/home/druloko/ws_roomba/install/robot_roomba/lib/python3.12/site-packages:/home/druloko/ws_roomba/install/roomba_msgs/lib/python3.12/site-packages:/home/druloko/ws_roomba/install/robot_roomba/lib/python3.12/site-packages:/opt/ros/rolling/lib/python3.12/site-packages /usr/bin/python3 -W ignore:setup.py install is deprecated -W ignore:easy_install command is deprecated setup.py egg_info --egg-base ../../build/robot_roomba build --build-base /home/druloko/ws_roomba/build/robot_roomba/build install --record /home/druloko/ws_roomba/build/robot_roomba/install.log --single-version-externally-managed install_data
[2.847s] Level 1:colcon.colcon_core.environment:checking '/home/druloko/ws_roomba/install/robot_roomba' for CMake module files
[2.848s] Level 1:colcon.colcon_core.environment:checking '/home/druloko/ws_roomba/install/robot_roomba' for CMake config files
[2.856s] Level 1:colcon.colcon_core.environment:checking '/home/druloko/ws_roomba/install/robot_roomba/lib'
[2.856s] Level 1:colcon.colcon_core.environment:checking '/home/druloko/ws_roomba/install/robot_roomba/bin'
[2.856s] Level 1:colcon.colcon_core.environment:checking '/home/druloko/ws_roomba/install/robot_roomba/lib/pkgconfig/robot_roomba.pc'
[2.856s] Level 1:colcon.colcon_core.environment:checking '/home/druloko/ws_roomba/install/robot_roomba/lib/python3.12/site-packages'
[2.857s] Level 1:colcon.colcon_core.shell:create_environment_hook('robot_roomba', 'pythonpath')
[2.857s] INFO:colcon.colcon_core.shell:Creating environment hook '/home/druloko/ws_roomba/install/robot_roomba/share/robot_roomba/hook/pythonpath.ps1'
[2.857s] INFO:colcon.colcon_core.shell:Creating environment descriptor '/home/druloko/ws_roomba/install/robot_roomba/share/robot_roomba/hook/pythonpath.dsv'
[2.858s] INFO:colcon.colcon_core.shell:Creating environment hook '/home/druloko/ws_roomba/install/robot_roomba/share/robot_roomba/hook/pythonpath.sh'
[2.859s] Level 1:colcon.colcon_core.environment:checking '/home/druloko/ws_roomba/install/robot_roomba/bin'
[2.859s] Level 1:colcon.colcon_core.environment:create_environment_scripts_only(robot_roomba)
[2.859s] INFO:colcon.colcon_core.shell:Creating package script '/home/druloko/ws_roomba/install/robot_roomba/share/robot_roomba/package.ps1'
[2.860s] INFO:colcon.colcon_core.shell:Creating package descriptor '/home/druloko/ws_roomba/install/robot_roomba/share/robot_roomba/package.dsv'
[2.861s] INFO:colcon.colcon_core.shell:Creating package script '/home/druloko/ws_roomba/install/robot_roomba/share/robot_roomba/package.sh'
[2.862s] INFO:colcon.colcon_core.shell:Creating package script '/home/druloko/ws_roomba/install/robot_roomba/share/robot_roomba/package.bash'
[2.863s] INFO:colcon.colcon_core.shell:Creating package script '/home/druloko/ws_roomba/install/robot_roomba/share/robot_roomba/package.zsh'
[2.863s] Level 1:colcon.colcon_core.environment:create_file_with_runtime_dependencies(/home/druloko/ws_roomba/install/robot_roomba/share/colcon-core/packages/robot_roomba)
[2.864s] DEBUG:colcon.colcon_parallel_executor.executor.parallel:closing loop
[2.865s] DEBUG:colcon.colcon_parallel_executor.executor.parallel:loop closed
[2.865s] DEBUG:colcon.colcon_parallel_executor.executor.parallel:run_until_complete finished with '0'
[2.865s] DEBUG:colcon.colcon_core.event_reactor:joining thread
[2.903s] INFO:colcon.colcon_core.plugin_system:Skipping extension 'colcon_notification.desktop_notification.notify_send': Could not find 'notify-send'
[2.903s] INFO:colcon.colcon_core.plugin_system:Skipping extension 'colcon_notification.desktop_notification.terminal_notifier': Not used on non-Darwin systems
[2.903s] INFO:colcon.colcon_core.plugin_system:Skipping extension 'colcon_notification.desktop_notification.win32': Not used on non-Windows systems
[2.903s] INFO:colcon.colcon_notification.desktop_notification:Sending desktop notification using 'notify2'
[2.908s] DEBUG:colcon.colcon_notification.desktop_notification.notify2:Failed to initialize notify2: org.freedesktop.DBus.Error.ServiceUnknown: The name org.freedesktop.Notifications was not provided by any .service files
[2.908s] DEBUG:colcon.colcon_core.event_reactor:joined thread
[2.909s] INFO:colcon.colcon_core.shell:Creating prefix script '/home/druloko/ws_roomba/install/local_setup.ps1'
[2.910s] INFO:colcon.colcon_core.shell:Creating prefix util module '/home/druloko/ws_roomba/install/_local_setup_util_ps1.py'
[2.911s] INFO:colcon.colcon_core.shell:Creating prefix chain script '/home/druloko/ws_roomba/install/setup.ps1'
[2.913s] INFO:colcon.colcon_core.shell:Creating prefix script '/home/druloko/ws_roomba/install/local_setup.sh'
[2.914s] INFO:colcon.colcon_core.shell:Creating prefix util module '/home/druloko/ws_roomba/install/_local_setup_util_sh.py'
[2.914s] INFO:colcon.colcon_core.shell:Creating prefix chain script '/home/druloko/ws_roomba/install/setup.sh'
[2.916s] INFO:colcon.colcon_core.shell:Creating prefix script '/home/druloko/ws_roomba/install/local_setup.bash'
[2.916s] INFO:colcon.colcon_core.shell:Creating prefix chain script '/home/druloko/ws_roomba/install/setup.bash'
[2.918s] INFO:colcon.colcon_core.shell:Creating prefix script '/home/druloko/ws_roomba/install/local_setup.zsh'
[2.919s] INFO:colcon.colcon_core.shell:Creating prefix chain script '/home/druloko/ws_roomba/install/setup.zsh'
