[0.022s] Invoking command in '/home/druloko/ws_roomba/build/roomba_msgs': CMAKE_PREFIX_PATH=${CMAKE_PREFIX_PATH}:/opt/ros/rolling /usr/bin/cmake --build /home/druloko/ws_roomba/build/roomba_msgs -- -j8 -l8
[0.157s] -- Found ament_cmake: 2.8.4 (/opt/ros/rolling/share/ament_cmake/cmake)
[0.198s] -- Found Python3: /usr/bin/python3 (found version "3.12.3") found components: Interpreter 
[0.358s] -- Found rosidl_default_generators: 1.8.1 (/opt/ros/rolling/share/rosidl_default_generators/cmake)
[0.365s] -- Using all available rosidl_typesupport_c: rosidl_typesupport_fastrtps_c;rosidl_typesupport_introspection_c
[0.552s] -- Using all available rosidl_typesupport_cpp: rosidl_typesupport_fastrtps_cpp;rosidl_typesupport_introspection_cpp
[0.590s] -- Found rosidl_adapter: 5.0.1 (/opt/ros/rolling/share/rosidl_adapter/cmake)
[0.595s] -- Found geometry_msgs: 5.8.2 (/opt/ros/rolling/share/geometry_msgs/cmake)
[1.064s] -- Found ament_cmake_ros_core: 0.15.2 (/opt/ros/rolling/share/ament_cmake_ros_core/cmake)
[1.180s] -- Using all available rosidl_typesupport_c: rosidl_typesupport_fastrtps_c;rosidl_typesupport_introspection_c
[1.334s] -- Using all available rosidl_typesupport_cpp: rosidl_typesupport_fastrtps_cpp;rosidl_typesupport_introspection_cpp
[1.750s] -- Found Python3: /usr/bin/python3 (found version "3.12.3") found components: Interpreter Development NumPy Development.Module Development.Embed 
[1.789s] -- Configuring done (1.7s)
[1.901s] -- Generating done (0.1s)
[1.922s] -- Build files have been written to: /home/druloko/ws_roomba/build/roomba_msgs
[1.976s] [  1%] [34m[1mGenerating type hashes for ROS interfaces[0m
[2.004s] [  1%] Built target ament_cmake_python_copy_roomba_msgs
[2.264s] running egg_info
[2.286s] writing roomba_msgs.egg-info/PKG-INFO
[2.287s] writing dependency_links to roomba_msgs.egg-info/dependency_links.txt
[2.287s] writing top-level names to roomba_msgs.egg-info/top_level.txt
[2.352s] reading manifest file 'roomba_msgs.egg-info/SOURCES.txt'
[2.354s] writing manifest file 'roomba_msgs.egg-info/SOURCES.txt'
[2.391s] [  1%] Built target ament_cmake_python_build_roomba_msgs_egg
[2.482s] [  1%] Built target roomba_msgs__rosidl_generator_type_description
[2.495s] [  2%] [34m[1mGenerating C code for ROS interfaces[0m
[2.508s] [  2%] [34m[1mGenerating C++ code for ROS interfaces[0m
[3.532s] [  2%] Built target roomba_msgs__cpp
[3.708s] [  5%] [32mBuilding C object CMakeFiles/roomba_msgs__rosidl_generator_c.dir/rosidl_generator_c/roomba_msgs/msg/detail/movement__description.c.o[0m
[3.708s] [  5%] [32mBuilding C object CMakeFiles/roomba_msgs__rosidl_generator_c.dir/rosidl_generator_c/roomba_msgs/msg/detail/security__description.c.o[0m
[3.708s] [  6%] [32mBuilding C object CMakeFiles/roomba_msgs__rosidl_generator_c.dir/rosidl_generator_c/roomba_msgs/msg/detail/movement__type_support.c.o[0m
[3.708s] [  6%] [32mBuilding C object CMakeFiles/roomba_msgs__rosidl_generator_c.dir/rosidl_generator_c/roomba_msgs/msg/detail/movement__functions.c.o[0m
[3.708s] [  7%] [32mBuilding C object CMakeFiles/roomba_msgs__rosidl_generator_c.dir/rosidl_generator_c/roomba_msgs/msg/detail/security__type_support.c.o[0m
[3.709s] [  8%] [32mBuilding C object CMakeFiles/roomba_msgs__rosidl_generator_c.dir/rosidl_generator_c/roomba_msgs/msg/detail/power__description.c.o[0m
[3.710s] [  9%] [32mBuilding C object CMakeFiles/roomba_msgs__rosidl_generator_c.dir/rosidl_generator_c/roomba_msgs/msg/detail/security__functions.c.o[0m
[3.714s] [ 10%] [32mBuilding C object CMakeFiles/roomba_msgs__rosidl_generator_c.dir/rosidl_generator_c/roomba_msgs/msg/detail/power__functions.c.o[0m
[3.810s] [ 11%] [32mBuilding C object CMakeFiles/roomba_msgs__rosidl_generator_c.dir/rosidl_generator_c/roomba_msgs/msg/detail/power__type_support.c.o[0m
[3.811s] [ 12%] [32mBuilding C object CMakeFiles/roomba_msgs__rosidl_generator_c.dir/rosidl_generator_c/roomba_msgs/msg/detail/misc__description.c.o[0m
[3.844s] [ 13%] [32mBuilding C object CMakeFiles/roomba_msgs__rosidl_generator_c.dir/rosidl_generator_c/roomba_msgs/msg/detail/misc__functions.c.o[0m
[3.844s] [ 14%] [32mBuilding C object CMakeFiles/roomba_msgs__rosidl_generator_c.dir/rosidl_generator_c/roomba_msgs/msg/detail/misc__type_support.c.o[0m
[3.844s] [ 15%] [32mBuilding C object CMakeFiles/roomba_msgs__rosidl_generator_c.dir/rosidl_generator_c/roomba_msgs/msg/detail/state__description.c.o[0m
[3.865s] [ 16%] [32mBuilding C object CMakeFiles/roomba_msgs__rosidl_generator_c.dir/rosidl_generator_c/roomba_msgs/msg/detail/state__functions.c.o[0m
[3.865s] [ 17%] [32mBuilding C object CMakeFiles/roomba_msgs__rosidl_generator_c.dir/rosidl_generator_c/roomba_msgs/msg/detail/state__type_support.c.o[0m
[3.873s] [ 18%] [32mBuilding C object CMakeFiles/roomba_msgs__rosidl_generator_c.dir/rosidl_generator_c/roomba_msgs/srv/detail/connect__description.c.o[0m
[3.877s] [ 20%] [32mBuilding C object CMakeFiles/roomba_msgs__rosidl_generator_c.dir/rosidl_generator_c/roomba_msgs/srv/detail/connect__functions.c.o[0m
[3.877s] [ 20%] [32mBuilding C object CMakeFiles/roomba_msgs__rosidl_generator_c.dir/rosidl_generator_c/roomba_msgs/srv/detail/connect__type_support.c.o[0m
[3.895s] [ 21%] [32mBuilding C object CMakeFiles/roomba_msgs__rosidl_generator_c.dir/rosidl_generator_c/roomba_msgs/srv/detail/priority__description.c.o[0m
[3.913s] [ 22%] [32mBuilding C object CMakeFiles/roomba_msgs__rosidl_generator_c.dir/rosidl_generator_c/roomba_msgs/srv/detail/priority__functions.c.o[0m
[3.930s] [ 23%] [32mBuilding C object CMakeFiles/roomba_msgs__rosidl_generator_c.dir/rosidl_generator_c/roomba_msgs/srv/detail/priority__type_support.c.o[0m
[3.937s] [ 24%] [32mBuilding C object CMakeFiles/roomba_msgs__rosidl_generator_c.dir/rosidl_generator_c/roomba_msgs/srv/detail/reconfigure__description.c.o[0m
[3.951s] [ 25%] [32mBuilding C object CMakeFiles/roomba_msgs__rosidl_generator_c.dir/rosidl_generator_c/roomba_msgs/srv/detail/reconfigure__functions.c.o[0m
[3.956s] [ 25%] [32mBuilding C object CMakeFiles/roomba_msgs__rosidl_generator_c.dir/rosidl_generator_c/roomba_msgs/srv/detail/reconfigure__type_support.c.o[0m
[4.046s] [ 26%] [32m[1mLinking C shared library libroomba_msgs__rosidl_generator_c.so[0m
[4.157s] [ 26%] Built target roomba_msgs__rosidl_generator_c
[4.171s] [ 27%] [34m[1mGenerating C type support for eProsima Fast-RTPS[0m
[4.171s] [ 28%] [34m[1mGenerating C++ introspection for ROS interfaces[0m
[4.172s] [ 29%] [34m[1mGenerating C++ type support dispatch for ROS interfaces[0m
[4.173s] [ 31%] [34m[1mGenerating C type support dispatch for ROS interfaces[0m
[4.173s] [ 31%] [34m[1mGenerating C introspection for ROS interfaces[0m
[4.173s] [ 31%] [34m[1mGenerating C++ type support for eProsima Fast-RTPS[0m
[5.195s] [ 33%] [32mBuilding CXX object CMakeFiles/roomba_msgs__rosidl_typesupport_c.dir/rosidl_typesupport_c/roomba_msgs/msg/movement__type_support.cpp.o[0m
[5.195s] [ 33%] [32mBuilding CXX object CMakeFiles/roomba_msgs__rosidl_typesupport_c.dir/rosidl_typesupport_c/roomba_msgs/msg/power__type_support.cpp.o[0m
[5.195s] [ 34%] [32mBuilding CXX object CMakeFiles/roomba_msgs__rosidl_typesupport_c.dir/rosidl_typesupport_c/roomba_msgs/msg/security__type_support.cpp.o[0m
[5.232s] [ 35%] [32mBuilding CXX object CMakeFiles/roomba_msgs__rosidl_typesupport_cpp.dir/rosidl_typesupport_cpp/roomba_msgs/msg/movement__type_support.cpp.o[0m
[5.379s] [ 36%] [32mBuilding CXX object CMakeFiles/roomba_msgs__rosidl_typesupport_c.dir/rosidl_typesupport_c/roomba_msgs/msg/misc__type_support.cpp.o[0m
[5.379s] [ 37%] [32mBuilding CXX object CMakeFiles/roomba_msgs__rosidl_typesupport_c.dir/rosidl_typesupport_c/roomba_msgs/msg/state__type_support.cpp.o[0m
[5.382s] [ 38%] [32mBuilding CXX object CMakeFiles/roomba_msgs__rosidl_typesupport_cpp.dir/rosidl_typesupport_cpp/roomba_msgs/msg/security__type_support.cpp.o[0m
[5.469s] [ 39%] [32mBuilding CXX object CMakeFiles/roomba_msgs__rosidl_typesupport_cpp.dir/rosidl_typesupport_cpp/roomba_msgs/msg/power__type_support.cpp.o[0m
[5.472s] [ 40%] [32mBuilding CXX object CMakeFiles/roomba_msgs__rosidl_typesupport_c.dir/rosidl_typesupport_c/roomba_msgs/srv/connect__type_support.cpp.o[0m
[5.571s] [ 41%] [32mBuilding CXX object CMakeFiles/roomba_msgs__rosidl_typesupport_c.dir/rosidl_typesupport_c/roomba_msgs/srv/priority__type_support.cpp.o[0m
[5.596s] [ 42%] [32mBuilding CXX object CMakeFiles/roomba_msgs__rosidl_typesupport_introspection_cpp.dir/rosidl_typesupport_introspection_cpp/roomba_msgs/msg/detail/movement__type_support.cpp.o[0m
[5.599s] [ 43%] [32mBuilding C object CMakeFiles/roomba_msgs__rosidl_typesupport_introspection_c.dir/rosidl_typesupport_introspection_c/roomba_msgs/msg/detail/movement__type_support.c.o[0m
[5.674s] [ 44%] [32mBuilding C object CMakeFiles/roomba_msgs__rosidl_typesupport_introspection_c.dir/rosidl_typesupport_introspection_c/roomba_msgs/msg/detail/security__type_support.c.o[0m
[5.692s] [ 45%] [32mBuilding CXX object CMakeFiles/roomba_msgs__rosidl_typesupport_c.dir/rosidl_typesupport_c/roomba_msgs/srv/reconfigure__type_support.cpp.o[0m
[5.770s] [ 46%] [32mBuilding C object CMakeFiles/roomba_msgs__rosidl_typesupport_introspection_c.dir/rosidl_typesupport_introspection_c/roomba_msgs/msg/detail/power__type_support.c.o[0m
[5.833s] [ 47%] [32m[1mLinking CXX shared library libroomba_msgs__rosidl_typesupport_c.so[0m
[5.843s] [ 48%] [32mBuilding C object CMakeFiles/roomba_msgs__rosidl_typesupport_introspection_c.dir/rosidl_typesupport_introspection_c/roomba_msgs/msg/detail/misc__type_support.c.o[0m
[5.909s] [ 49%] [32mBuilding C object CMakeFiles/roomba_msgs__rosidl_typesupport_introspection_c.dir/rosidl_typesupport_introspection_c/roomba_msgs/msg/detail/state__type_support.c.o[0m
[5.980s] [ 50%] [32mBuilding C object CMakeFiles/roomba_msgs__rosidl_typesupport_introspection_c.dir/rosidl_typesupport_introspection_c/roomba_msgs/srv/detail/connect__type_support.c.o[0m
[6.020s] [ 51%] [32mBuilding CXX object CMakeFiles/roomba_msgs__rosidl_typesupport_introspection_cpp.dir/rosidl_typesupport_introspection_cpp/roomba_msgs/msg/detail/security__type_support.cpp.o[0m
[6.083s] [ 52%] [32mBuilding C object CMakeFiles/roomba_msgs__rosidl_typesupport_introspection_c.dir/rosidl_typesupport_introspection_c/roomba_msgs/srv/detail/priority__type_support.c.o[0m
[6.108s] [ 53%] [32mBuilding CXX object CMakeFiles/roomba_msgs__rosidl_typesupport_introspection_cpp.dir/rosidl_typesupport_introspection_cpp/roomba_msgs/msg/detail/power__type_support.cpp.o[0m
[6.121s] [ 53%] Built target roomba_msgs__rosidl_typesupport_c
[6.141s] [ 53%] [32mBuilding CXX object CMakeFiles/roomba_msgs__rosidl_typesupport_cpp.dir/rosidl_typesupport_cpp/roomba_msgs/msg/misc__type_support.cpp.o[0m
[6.177s] [ 54%] [32mBuilding CXX object CMakeFiles/roomba_msgs__rosidl_typesupport_fastrtps_cpp.dir/rosidl_typesupport_fastrtps_cpp/roomba_msgs/msg/detail/dds_fastrtps/movement__type_support.cpp.o[0m
[6.178s] [ 55%] [32mBuilding CXX object CMakeFiles/roomba_msgs__rosidl_typesupport_fastrtps_cpp.dir/rosidl_typesupport_fastrtps_cpp/roomba_msgs/msg/detail/dds_fastrtps/security__type_support.cpp.o[0m
[6.184s] [ 56%] [32mBuilding C object CMakeFiles/roomba_msgs__rosidl_typesupport_introspection_c.dir/rosidl_typesupport_introspection_c/roomba_msgs/srv/detail/reconfigure__type_support.c.o[0m
[6.274s] [ 57%] [32mBuilding CXX object CMakeFiles/roomba_msgs__rosidl_typesupport_fastrtps_c.dir/rosidl_typesupport_fastrtps_c/roomba_msgs/msg/detail/movement__type_support_c.cpp.o[0m
[6.284s] [ 58%] [32m[1mLinking C shared library libroomba_msgs__rosidl_typesupport_introspection_c.so[0m
[6.336s] [ 59%] [32mBuilding CXX object CMakeFiles/roomba_msgs__rosidl_typesupport_cpp.dir/rosidl_typesupport_cpp/roomba_msgs/msg/state__type_support.cpp.o[0m
[6.494s] [ 59%] Built target roomba_msgs__rosidl_typesupport_introspection_c
[6.527s] [ 60%] [32mBuilding CXX object CMakeFiles/roomba_msgs__rosidl_typesupport_cpp.dir/rosidl_typesupport_cpp/roomba_msgs/srv/connect__type_support.cpp.o[0m
[6.877s] [ 61%] [32mBuilding CXX object CMakeFiles/roomba_msgs__rosidl_typesupport_cpp.dir/rosidl_typesupport_cpp/roomba_msgs/srv/priority__type_support.cpp.o[0m
[6.928s] [ 62%] [32mBuilding CXX object CMakeFiles/roomba_msgs__rosidl_typesupport_introspection_cpp.dir/rosidl_typesupport_introspection_cpp/roomba_msgs/msg/detail/misc__type_support.cpp.o[0m
[7.032s] [ 63%] [32mBuilding CXX object CMakeFiles/roomba_msgs__rosidl_typesupport_fastrtps_cpp.dir/rosidl_typesupport_fastrtps_cpp/roomba_msgs/msg/detail/dds_fastrtps/power__type_support.cpp.o[0m
[7.238s] [ 64%] [32mBuilding CXX object CMakeFiles/roomba_msgs__rosidl_typesupport_introspection_cpp.dir/rosidl_typesupport_introspection_cpp/roomba_msgs/msg/detail/state__type_support.cpp.o[0m
[7.644s] [ 65%] [32mBuilding CXX object CMakeFiles/roomba_msgs__rosidl_typesupport_fastrtps_c.dir/rosidl_typesupport_fastrtps_c/roomba_msgs/msg/detail/security__type_support_c.cpp.o[0m
[7.676s] [ 66%] [32mBuilding CXX object CMakeFiles/roomba_msgs__rosidl_typesupport_introspection_cpp.dir/rosidl_typesupport_introspection_cpp/roomba_msgs/srv/detail/connect__type_support.cpp.o[0m
[7.805s] [ 67%] [32mBuilding CXX object CMakeFiles/roomba_msgs__rosidl_typesupport_fastrtps_c.dir/rosidl_typesupport_fastrtps_c/roomba_msgs/msg/detail/power__type_support_c.cpp.o[0m
[7.817s] [ 68%] [32mBuilding CXX object CMakeFiles/roomba_msgs__rosidl_typesupport_fastrtps_c.dir/rosidl_typesupport_fastrtps_c/roomba_msgs/msg/detail/misc__type_support_c.cpp.o[0m
[7.883s] [ 69%] [32mBuilding CXX object CMakeFiles/roomba_msgs__rosidl_typesupport_introspection_cpp.dir/rosidl_typesupport_introspection_cpp/roomba_msgs/srv/detail/priority__type_support.cpp.o[0m
[8.242s] [ 70%] [32mBuilding CXX object CMakeFiles/roomba_msgs__rosidl_typesupport_cpp.dir/rosidl_typesupport_cpp/roomba_msgs/srv/reconfigure__type_support.cpp.o[0m
[8.333s] [ 71%] [32mBuilding CXX object CMakeFiles/roomba_msgs__rosidl_typesupport_fastrtps_cpp.dir/rosidl_typesupport_fastrtps_cpp/roomba_msgs/msg/detail/dds_fastrtps/misc__type_support.cpp.o[0m
[9.275s] [ 72%] [32mBuilding CXX object CMakeFiles/roomba_msgs__rosidl_typesupport_fastrtps_cpp.dir/rosidl_typesupport_fastrtps_cpp/roomba_msgs/msg/detail/dds_fastrtps/state__type_support.cpp.o[0m
[9.404s] [ 73%] [32mBuilding CXX object CMakeFiles/roomba_msgs__rosidl_typesupport_introspection_cpp.dir/rosidl_typesupport_introspection_cpp/roomba_msgs/srv/detail/reconfigure__type_support.cpp.o[0m
[9.458s] [ 74%] [32mBuilding CXX object CMakeFiles/roomba_msgs__rosidl_typesupport_fastrtps_c.dir/rosidl_typesupport_fastrtps_c/roomba_msgs/msg/detail/state__type_support_c.cpp.o[0m
[9.644s] [ 75%] [32mBuilding CXX object CMakeFiles/roomba_msgs__rosidl_typesupport_fastrtps_c.dir/rosidl_typesupport_fastrtps_c/roomba_msgs/srv/detail/connect__type_support_c.cpp.o[0m
[10.066s] [ 76%] [32mBuilding CXX object CMakeFiles/roomba_msgs__rosidl_typesupport_fastrtps_c.dir/rosidl_typesupport_fastrtps_c/roomba_msgs/srv/detail/priority__type_support_c.cpp.o[0m
[10.076s] [ 77%] [32mBuilding CXX object CMakeFiles/roomba_msgs__rosidl_typesupport_fastrtps_cpp.dir/rosidl_typesupport_fastrtps_cpp/roomba_msgs/srv/detail/dds_fastrtps/connect__type_support.cpp.o[0m
[10.169s] [ 78%] [32mBuilding CXX object CMakeFiles/roomba_msgs__rosidl_typesupport_fastrtps_cpp.dir/rosidl_typesupport_fastrtps_cpp/roomba_msgs/srv/detail/dds_fastrtps/priority__type_support.cpp.o[0m
[10.555s] [ 79%] [32m[1mLinking CXX shared library libroomba_msgs__rosidl_typesupport_cpp.so[0m
[11.008s] [ 80%] [32m[1mLinking CXX shared library libroomba_msgs__rosidl_typesupport_introspection_cpp.so[0m
[11.067s] [ 81%] [32mBuilding CXX object CMakeFiles/roomba_msgs__rosidl_typesupport_fastrtps_c.dir/rosidl_typesupport_fastrtps_c/roomba_msgs/srv/detail/reconfigure__type_support_c.cpp.o[0m
[11.136s] [ 81%] Built target roomba_msgs__rosidl_typesupport_cpp
[11.186s] [ 82%] [32mBuilding CXX object CMakeFiles/roomba_msgs__rosidl_typesupport_fastrtps_cpp.dir/rosidl_typesupport_fastrtps_cpp/roomba_msgs/srv/detail/dds_fastrtps/reconfigure__type_support.cpp.o[0m
[11.576s] [ 82%] Built target roomba_msgs__rosidl_typesupport_introspection_cpp
[12.400s] [ 83%] [32m[1mLinking CXX shared library libroomba_msgs__rosidl_typesupport_fastrtps_c.so[0m
[12.664s] [ 83%] Built target roomba_msgs__rosidl_typesupport_fastrtps_c
[12.741s] [ 84%] [32m[1mLinking CXX shared library libroomba_msgs__rosidl_typesupport_fastrtps_cpp.so[0m
[12.974s] [ 84%] Built target roomba_msgs__rosidl_typesupport_fastrtps_cpp
[13.005s] [ 84%] Built target roomba_msgs
[13.036s] [ 85%] [34m[1mGenerating Python code for ROS interfaces[0m
[15.067s] [ 85%] Built target roomba_msgs__py
[15.141s] [ 86%] [32mBuilding C object CMakeFiles/roomba_msgs__rosidl_generator_py.dir/rosidl_generator_py/roomba_msgs/msg/_movement_s.c.o[0m
[15.145s] [ 87%] [32mBuilding C object CMakeFiles/roomba_msgs__rosidl_generator_py.dir/rosidl_generator_py/roomba_msgs/msg/_misc_s.c.o[0m
[15.145s] [ 88%] [32mBuilding C object CMakeFiles/roomba_msgs__rosidl_generator_py.dir/rosidl_generator_py/roomba_msgs/msg/_security_s.c.o[0m
[15.147s] [ 89%] [32mBuilding C object CMakeFiles/roomba_msgs__rosidl_generator_py.dir/rosidl_generator_py/roomba_msgs/srv/_connect_s.c.o[0m
[15.151s] [ 91%] [32mBuilding C object CMakeFiles/roomba_msgs__rosidl_generator_py.dir/rosidl_generator_py/roomba_msgs/msg/_state_s.c.o[0m
[15.153s] [ 91%] [32mBuilding C object CMakeFiles/roomba_msgs__rosidl_generator_py.dir/rosidl_generator_py/roomba_msgs/srv/_priority_s.c.o[0m
[15.154s] [ 92%] [32mBuilding C object CMakeFiles/roomba_msgs__rosidl_generator_py.dir/rosidl_generator_py/roomba_msgs/msg/_power_s.c.o[0m
[15.154s] [ 93%] [32mBuilding C object CMakeFiles/roomba_msgs__rosidl_generator_py.dir/rosidl_generator_py/roomba_msgs/srv/_reconfigure_s.c.o[0m
[15.738s] [ 94%] [32m[1mLinking C shared library libroomba_msgs__rosidl_generator_py.so[0m
[15.940s] [ 94%] Built target roomba_msgs__rosidl_generator_py
[15.981s] [ 96%] [32mBuilding C object CMakeFiles/roomba_msgs_s__rosidl_typesupport_c.dir/rosidl_generator_py/roomba_msgs/_roomba_msgs_s.ep.rosidl_typesupport_c.c.o[0m
[15.981s] [ 96%] [32mBuilding C object CMakeFiles/roomba_msgs_s__rosidl_typesupport_introspection_c.dir/rosidl_generator_py/roomba_msgs/_roomba_msgs_s.ep.rosidl_typesupport_introspection_c.c.o[0m
[15.982s] [ 97%] [32mBuilding C object CMakeFiles/roomba_msgs_s__rosidl_typesupport_fastrtps_c.dir/rosidl_generator_py/roomba_msgs/_roomba_msgs_s.ep.rosidl_typesupport_fastrtps_c.c.o[0m
[16.245s] [ 98%] [32m[1mLinking C shared module rosidl_generator_py/roomba_msgs/roomba_msgs_s__rosidl_typesupport_c.so[0m
[16.249s] [ 99%] [32m[1mLinking C shared module rosidl_generator_py/roomba_msgs/roomba_msgs_s__rosidl_typesupport_introspection_c.so[0m
[16.250s] [100%] [32m[1mLinking C shared module rosidl_generator_py/roomba_msgs/roomba_msgs_s__rosidl_typesupport_fastrtps_c.so[0m
[16.330s] [100%] Built target roomba_msgs_s__rosidl_typesupport_c
[16.334s] [100%] Built target roomba_msgs_s__rosidl_typesupport_introspection_c
[16.363s] [100%] Built target roomba_msgs_s__rosidl_typesupport_fastrtps_c
[16.380s] Invoked command in '/home/druloko/ws_roomba/build/roomba_msgs' returned '0': CMAKE_PREFIX_PATH=${CMAKE_PREFIX_PATH}:/opt/ros/rolling /usr/bin/cmake --build /home/druloko/ws_roomba/build/roomba_msgs -- -j8 -l8
[16.398s] Invoking command in '/home/druloko/ws_roomba/build/roomba_msgs': CMAKE_PREFIX_PATH=${CMAKE_PREFIX_PATH}:/opt/ros/rolling /usr/bin/cmake --install /home/druloko/ws_roomba/build/roomba_msgs
[16.411s] -- Install configuration: ""
[16.411s] -- Up-to-date: /home/druloko/ws_roomba/install/roomba_msgs/share/ament_index/resource_index/rosidl_interfaces/roomba_msgs
[16.411s] -- Installing: /home/druloko/ws_roomba/install/roomba_msgs/share/roomba_msgs/msg/Movement.json
[16.412s] -- Installing: /home/druloko/ws_roomba/install/roomba_msgs/share/roomba_msgs/msg/Security.json
[16.412s] -- Installing: /home/druloko/ws_roomba/install/roomba_msgs/share/roomba_msgs/msg/Power.json
[16.412s] -- Installing: /home/druloko/ws_roomba/install/roomba_msgs/share/roomba_msgs/msg/Misc.json
[16.412s] -- Installing: /home/druloko/ws_roomba/install/roomba_msgs/share/roomba_msgs/msg/State.json
[16.412s] -- Installing: /home/druloko/ws_roomba/install/roomba_msgs/share/roomba_msgs/srv/Connect.json
[16.412s] -- Installing: /home/druloko/ws_roomba/install/roomba_msgs/share/roomba_msgs/srv/Priority.json
[16.413s] -- Installing: /home/druloko/ws_roomba/install/roomba_msgs/share/roomba_msgs/srv/Reconfigure.json
[16.413s] -- Up-to-date: /home/druloko/ws_roomba/install/roomba_msgs/include/roomba_msgs/roomba_msgs
[16.413s] -- Up-to-date: /home/druloko/ws_roomba/install/roomba_msgs/include/roomba_msgs/roomba_msgs/srv
[16.413s] -- Installing: /home/druloko/ws_roomba/install/roomba_msgs/include/roomba_msgs/roomba_msgs/srv/connect.h
[16.414s] -- Installing: /home/druloko/ws_roomba/install/roomba_msgs/include/roomba_msgs/roomba_msgs/srv/reconfigure.h
[16.414s] -- Up-to-date: /home/druloko/ws_roomba/install/roomba_msgs/include/roomba_msgs/roomba_msgs/srv/detail
[16.414s] -- Installing: /home/druloko/ws_roomba/install/roomba_msgs/include/roomba_msgs/roomba_msgs/srv/detail/priority__type_support.c
[16.415s] -- Installing: /home/druloko/ws_roomba/install/roomba_msgs/include/roomba_msgs/roomba_msgs/srv/detail/priority__functions.c
[16.415s] -- Installing: /home/druloko/ws_roomba/install/roomba_msgs/include/roomba_msgs/roomba_msgs/srv/detail/reconfigure__type_support.h
[16.416s] -- Installing: /home/druloko/ws_roomba/install/roomba_msgs/include/roomba_msgs/roomba_msgs/srv/detail/reconfigure__functions.c
[16.416s] -- Installing: /home/druloko/ws_roomba/install/roomba_msgs/include/roomba_msgs/roomba_msgs/srv/detail/connect__functions.h
[16.416s] -- Installing: /home/druloko/ws_roomba/install/roomba_msgs/include/roomba_msgs/roomba_msgs/srv/detail/reconfigure__struct.h
[16.416s] -- Installing: /home/druloko/ws_roomba/install/roomba_msgs/include/roomba_msgs/roomba_msgs/srv/detail/reconfigure__type_support.c
[16.416s] -- Installing: /home/druloko/ws_roomba/install/roomba_msgs/include/roomba_msgs/roomba_msgs/srv/detail/connect__type_support.c
[16.417s] -- Installing: /home/druloko/ws_roomba/install/roomba_msgs/include/roomba_msgs/roomba_msgs/srv/detail/priority__type_support.h
[16.417s] -- Installing: /home/druloko/ws_roomba/install/roomba_msgs/include/roomba_msgs/roomba_msgs/srv/detail/reconfigure__functions.h
[16.417s] -- Installing: /home/druloko/ws_roomba/install/roomba_msgs/include/roomba_msgs/roomba_msgs/srv/detail/priority__struct.h
[16.418s] -- Installing: /home/druloko/ws_roomba/install/roomba_msgs/include/roomba_msgs/roomba_msgs/srv/detail/connect__struct.h
[16.418s] -- Installing: /home/druloko/ws_roomba/install/roomba_msgs/include/roomba_msgs/roomba_msgs/srv/detail/connect__functions.c
[16.418s] -- Installing: /home/druloko/ws_roomba/install/roomba_msgs/include/roomba_msgs/roomba_msgs/srv/detail/connect__type_support.h
[16.419s] -- Installing: /home/druloko/ws_roomba/install/roomba_msgs/include/roomba_msgs/roomba_msgs/srv/detail/connect__description.c
[16.419s] -- Installing: /home/druloko/ws_roomba/install/roomba_msgs/include/roomba_msgs/roomba_msgs/srv/detail/priority__functions.h
[16.419s] -- Installing: /home/druloko/ws_roomba/install/roomba_msgs/include/roomba_msgs/roomba_msgs/srv/detail/reconfigure__description.c
[16.419s] -- Installing: /home/druloko/ws_roomba/install/roomba_msgs/include/roomba_msgs/roomba_msgs/srv/detail/priority__description.c
[16.419s] -- Installing: /home/druloko/ws_roomba/install/roomba_msgs/include/roomba_msgs/roomba_msgs/srv/priority.h
[16.420s] -- Up-to-date: /home/druloko/ws_roomba/install/roomba_msgs/include/roomba_msgs/roomba_msgs/msg
[16.420s] -- Installing: /home/druloko/ws_roomba/install/roomba_msgs/include/roomba_msgs/roomba_msgs/msg/state.h
[16.420s] -- Installing: /home/druloko/ws_roomba/install/roomba_msgs/include/roomba_msgs/roomba_msgs/msg/security.h
[16.420s] -- Up-to-date: /home/druloko/ws_roomba/install/roomba_msgs/include/roomba_msgs/roomba_msgs/msg/detail
[16.420s] -- Installing: /home/druloko/ws_roomba/install/roomba_msgs/include/roomba_msgs/roomba_msgs/msg/detail/security__struct.h
[16.421s] -- Installing: /home/druloko/ws_roomba/install/roomba_msgs/include/roomba_msgs/roomba_msgs/msg/detail/movement__type_support.c
[16.421s] -- Installing: /home/druloko/ws_roomba/install/roomba_msgs/include/roomba_msgs/roomba_msgs/msg/detail/state__functions.h
[16.421s] -- Installing: /home/druloko/ws_roomba/install/roomba_msgs/include/roomba_msgs/roomba_msgs/msg/detail/movement__type_support.h
[16.422s] -- Installing: /home/druloko/ws_roomba/install/roomba_msgs/include/roomba_msgs/roomba_msgs/msg/detail/misc__type_support.c
[16.422s] -- Installing: /home/druloko/ws_roomba/install/roomba_msgs/include/roomba_msgs/roomba_msgs/msg/detail/state__struct.h
[16.422s] -- Installing: /home/druloko/ws_roomba/install/roomba_msgs/include/roomba_msgs/roomba_msgs/msg/detail/misc__type_support.h
[16.423s] -- Installing: /home/druloko/ws_roomba/install/roomba_msgs/include/roomba_msgs/roomba_msgs/msg/detail/movement__functions.c
[16.423s] -- Installing: /home/druloko/ws_roomba/install/roomba_msgs/include/roomba_msgs/roomba_msgs/msg/detail/power__type_support.h
[16.423s] -- Installing: /home/druloko/ws_roomba/install/roomba_msgs/include/roomba_msgs/roomba_msgs/msg/detail/movement__description.c
[16.423s] -- Installing: /home/druloko/ws_roomba/install/roomba_msgs/include/roomba_msgs/roomba_msgs/msg/detail/power__description.c
[16.423s] -- Installing: /home/druloko/ws_roomba/install/roomba_msgs/include/roomba_msgs/roomba_msgs/msg/detail/power__type_support.c
[16.423s] -- Installing: /home/druloko/ws_roomba/install/roomba_msgs/include/roomba_msgs/roomba_msgs/msg/detail/power__functions.c
[16.424s] -- Installing: /home/druloko/ws_roomba/install/roomba_msgs/include/roomba_msgs/roomba_msgs/msg/detail/movement__functions.h
[16.424s] -- Installing: /home/druloko/ws_roomba/install/roomba_msgs/include/roomba_msgs/roomba_msgs/msg/detail/misc__functions.c
[16.424s] -- Installing: /home/druloko/ws_roomba/install/roomba_msgs/include/roomba_msgs/roomba_msgs/msg/detail/security__functions.h
[16.424s] -- Installing: /home/druloko/ws_roomba/install/roomba_msgs/include/roomba_msgs/roomba_msgs/msg/detail/movement__struct.h
[16.424s] -- Installing: /home/druloko/ws_roomba/install/roomba_msgs/include/roomba_msgs/roomba_msgs/msg/detail/misc__struct.h
[16.425s] -- Installing: /home/druloko/ws_roomba/install/roomba_msgs/include/roomba_msgs/roomba_msgs/msg/detail/power__struct.h
[16.425s] -- Installing: /home/druloko/ws_roomba/install/roomba_msgs/include/roomba_msgs/roomba_msgs/msg/detail/security__type_support.h
[16.425s] -- Installing: /home/druloko/ws_roomba/install/roomba_msgs/include/roomba_msgs/roomba_msgs/msg/detail/state__description.c
[16.426s] -- Installing: /home/druloko/ws_roomba/install/roomba_msgs/include/roomba_msgs/roomba_msgs/msg/detail/state__functions.c
[16.426s] -- Installing: /home/druloko/ws_roomba/install/roomba_msgs/include/roomba_msgs/roomba_msgs/msg/detail/state__type_support.c
[16.426s] -- Installing: /home/druloko/ws_roomba/install/roomba_msgs/include/roomba_msgs/roomba_msgs/msg/detail/security__functions.c
[16.426s] -- Installing: /home/druloko/ws_roomba/install/roomba_msgs/include/roomba_msgs/roomba_msgs/msg/detail/state__type_support.h
[16.426s] -- Installing: /home/druloko/ws_roomba/install/roomba_msgs/include/roomba_msgs/roomba_msgs/msg/detail/misc__description.c
[16.427s] -- Installing: /home/druloko/ws_roomba/install/roomba_msgs/include/roomba_msgs/roomba_msgs/msg/detail/security__type_support.c
[16.427s] -- Installing: /home/druloko/ws_roomba/install/roomba_msgs/include/roomba_msgs/roomba_msgs/msg/detail/security__description.c
[16.427s] -- Installing: /home/druloko/ws_roomba/install/roomba_msgs/include/roomba_msgs/roomba_msgs/msg/detail/power__functions.h
[16.427s] -- Installing: /home/druloko/ws_roomba/install/roomba_msgs/include/roomba_msgs/roomba_msgs/msg/detail/misc__functions.h
[16.427s] -- Installing: /home/druloko/ws_roomba/install/roomba_msgs/include/roomba_msgs/roomba_msgs/msg/movement.h
[16.427s] -- Installing: /home/druloko/ws_roomba/install/roomba_msgs/include/roomba_msgs/roomba_msgs/msg/misc.h
[16.428s] -- Installing: /home/druloko/ws_roomba/install/roomba_msgs/include/roomba_msgs/roomba_msgs/msg/power.h
[16.428s] -- Up-to-date: /home/druloko/ws_roomba/install/roomba_msgs/include/roomba_msgs/roomba_msgs/msg/rosidl_generator_c__visibility_control.h
[16.428s] -- Up-to-date: /home/druloko/ws_roomba/install/roomba_msgs/share/roomba_msgs/environment/library_path.sh
[16.428s] -- Up-to-date: /home/druloko/ws_roomba/install/roomba_msgs/share/roomba_msgs/environment/library_path.dsv
[16.428s] -- Installing: /home/druloko/ws_roomba/install/roomba_msgs/lib/libroomba_msgs__rosidl_generator_c.so
[16.430s] -- Set non-toolchain portion of runtime path of "/home/druloko/ws_roomba/install/roomba_msgs/lib/libroomba_msgs__rosidl_generator_c.so" to ""
[16.430s] -- Up-to-date: /home/druloko/ws_roomba/install/roomba_msgs/include/roomba_msgs/roomba_msgs
[16.430s] -- Up-to-date: /home/druloko/ws_roomba/install/roomba_msgs/include/roomba_msgs/roomba_msgs/srv
[16.430s] -- Up-to-date: /home/druloko/ws_roomba/install/roomba_msgs/include/roomba_msgs/roomba_msgs/srv/detail
[16.431s] -- Installing: /home/druloko/ws_roomba/install/roomba_msgs/include/roomba_msgs/roomba_msgs/srv/detail/connect__rosidl_typesupport_fastrtps_c.h
[16.431s] -- Installing: /home/druloko/ws_roomba/install/roomba_msgs/include/roomba_msgs/roomba_msgs/srv/detail/reconfigure__rosidl_typesupport_fastrtps_c.h
[16.431s] -- Installing: /home/druloko/ws_roomba/install/roomba_msgs/include/roomba_msgs/roomba_msgs/srv/detail/priority__rosidl_typesupport_fastrtps_c.h
[16.431s] -- Up-to-date: /home/druloko/ws_roomba/install/roomba_msgs/include/roomba_msgs/roomba_msgs/msg
[16.431s] -- Up-to-date: /home/druloko/ws_roomba/install/roomba_msgs/include/roomba_msgs/roomba_msgs/msg/detail
[16.432s] -- Installing: /home/druloko/ws_roomba/install/roomba_msgs/include/roomba_msgs/roomba_msgs/msg/detail/security__rosidl_typesupport_fastrtps_c.h
[16.432s] -- Installing: /home/druloko/ws_roomba/install/roomba_msgs/include/roomba_msgs/roomba_msgs/msg/detail/power__rosidl_typesupport_fastrtps_c.h
[16.432s] -- Installing: /home/druloko/ws_roomba/install/roomba_msgs/include/roomba_msgs/roomba_msgs/msg/detail/misc__rosidl_typesupport_fastrtps_c.h
[16.432s] -- Installing: /home/druloko/ws_roomba/install/roomba_msgs/include/roomba_msgs/roomba_msgs/msg/detail/state__rosidl_typesupport_fastrtps_c.h
[16.432s] -- Installing: /home/druloko/ws_roomba/install/roomba_msgs/include/roomba_msgs/roomba_msgs/msg/detail/movement__rosidl_typesupport_fastrtps_c.h
[16.432s] -- Up-to-date: /home/druloko/ws_roomba/install/roomba_msgs/include/roomba_msgs/roomba_msgs/msg/rosidl_typesupport_fastrtps_c__visibility_control.h
[16.433s] -- Installing: /home/druloko/ws_roomba/install/roomba_msgs/lib/libroomba_msgs__rosidl_typesupport_fastrtps_c.so
[16.434s] -- Set non-toolchain portion of runtime path of "/home/druloko/ws_roomba/install/roomba_msgs/lib/libroomba_msgs__rosidl_typesupport_fastrtps_c.so" to ""
[16.434s] -- Up-to-date: /home/druloko/ws_roomba/install/roomba_msgs/include/roomba_msgs/roomba_msgs
[16.434s] -- Up-to-date: /home/druloko/ws_roomba/install/roomba_msgs/include/roomba_msgs/roomba_msgs/srv
[16.435s] -- Up-to-date: /home/druloko/ws_roomba/install/roomba_msgs/include/roomba_msgs/roomba_msgs/srv/detail
[16.435s] -- Installing: /home/druloko/ws_roomba/install/roomba_msgs/include/roomba_msgs/roomba_msgs/srv/detail/priority__rosidl_typesupport_introspection_c.h
[16.435s] -- Installing: /home/druloko/ws_roomba/install/roomba_msgs/include/roomba_msgs/roomba_msgs/srv/detail/priority__type_support.c
[16.435s] -- Installing: /home/druloko/ws_roomba/install/roomba_msgs/include/roomba_msgs/roomba_msgs/srv/detail/connect__rosidl_typesupport_introspection_c.h
[16.435s] -- Installing: /home/druloko/ws_roomba/install/roomba_msgs/include/roomba_msgs/roomba_msgs/srv/detail/reconfigure__type_support.c
[16.436s] -- Installing: /home/druloko/ws_roomba/install/roomba_msgs/include/roomba_msgs/roomba_msgs/srv/detail/connect__type_support.c
[16.436s] -- Installing: /home/druloko/ws_roomba/install/roomba_msgs/include/roomba_msgs/roomba_msgs/srv/detail/reconfigure__rosidl_typesupport_introspection_c.h
[16.436s] -- Up-to-date: /home/druloko/ws_roomba/install/roomba_msgs/include/roomba_msgs/roomba_msgs/msg
[16.437s] -- Up-to-date: /home/druloko/ws_roomba/install/roomba_msgs/include/roomba_msgs/roomba_msgs/msg/detail
[16.437s] -- Installing: /home/druloko/ws_roomba/install/roomba_msgs/include/roomba_msgs/roomba_msgs/msg/detail/movement__type_support.c
[16.438s] -- Installing: /home/druloko/ws_roomba/install/roomba_msgs/include/roomba_msgs/roomba_msgs/msg/detail/misc__type_support.c
[16.438s] -- Installing: /home/druloko/ws_roomba/install/roomba_msgs/include/roomba_msgs/roomba_msgs/msg/detail/misc__rosidl_typesupport_introspection_c.h
[16.438s] -- Installing: /home/druloko/ws_roomba/install/roomba_msgs/include/roomba_msgs/roomba_msgs/msg/detail/power__rosidl_typesupport_introspection_c.h
[16.438s] -- Installing: /home/druloko/ws_roomba/install/roomba_msgs/include/roomba_msgs/roomba_msgs/msg/detail/power__type_support.c
[16.439s] -- Installing: /home/druloko/ws_roomba/install/roomba_msgs/include/roomba_msgs/roomba_msgs/msg/detail/state__rosidl_typesupport_introspection_c.h
[16.439s] -- Installing: /home/druloko/ws_roomba/install/roomba_msgs/include/roomba_msgs/roomba_msgs/msg/detail/state__type_support.c
[16.439s] -- Installing: /home/druloko/ws_roomba/install/roomba_msgs/include/roomba_msgs/roomba_msgs/msg/detail/security__rosidl_typesupport_introspection_c.h
[16.439s] -- Installing: /home/druloko/ws_roomba/install/roomba_msgs/include/roomba_msgs/roomba_msgs/msg/detail/security__type_support.c
[16.439s] -- Installing: /home/druloko/ws_roomba/install/roomba_msgs/include/roomba_msgs/roomba_msgs/msg/detail/movement__rosidl_typesupport_introspection_c.h
[16.439s] -- Up-to-date: /home/druloko/ws_roomba/install/roomba_msgs/include/roomba_msgs/roomba_msgs/msg/rosidl_typesupport_introspection_c__visibility_control.h
[16.441s] -- Installing: /home/druloko/ws_roomba/install/roomba_msgs/lib/libroomba_msgs__rosidl_typesupport_introspection_c.so
[16.442s] -- Set non-toolchain portion of runtime path of "/home/druloko/ws_roomba/install/roomba_msgs/lib/libroomba_msgs__rosidl_typesupport_introspection_c.so" to ""
[16.443s] -- Installing: /home/druloko/ws_roomba/install/roomba_msgs/lib/libroomba_msgs__rosidl_typesupport_c.so
[16.443s] -- Set non-toolchain portion of runtime path of "/home/druloko/ws_roomba/install/roomba_msgs/lib/libroomba_msgs__rosidl_typesupport_c.so" to ""
[16.443s] -- Up-to-date: /home/druloko/ws_roomba/install/roomba_msgs/include/roomba_msgs/roomba_msgs
[16.444s] -- Up-to-date: /home/druloko/ws_roomba/install/roomba_msgs/include/roomba_msgs/roomba_msgs/srv
[16.444s] -- Installing: /home/druloko/ws_roomba/install/roomba_msgs/include/roomba_msgs/roomba_msgs/srv/priority.hpp
[16.444s] -- Installing: /home/druloko/ws_roomba/install/roomba_msgs/include/roomba_msgs/roomba_msgs/srv/connect.hpp
[16.445s] -- Up-to-date: /home/druloko/ws_roomba/install/roomba_msgs/include/roomba_msgs/roomba_msgs/srv/detail
[16.445s] -- Installing: /home/druloko/ws_roomba/install/roomba_msgs/include/roomba_msgs/roomba_msgs/srv/detail/connect__struct.hpp
[16.445s] -- Installing: /home/druloko/ws_roomba/install/roomba_msgs/include/roomba_msgs/roomba_msgs/srv/detail/priority__builder.hpp
[16.445s] -- Installing: /home/druloko/ws_roomba/install/roomba_msgs/include/roomba_msgs/roomba_msgs/srv/detail/connect__type_support.hpp
[16.446s] -- Installing: /home/druloko/ws_roomba/install/roomba_msgs/include/roomba_msgs/roomba_msgs/srv/detail/connect__traits.hpp
[16.446s] -- Installing: /home/druloko/ws_roomba/install/roomba_msgs/include/roomba_msgs/roomba_msgs/srv/detail/priority__traits.hpp
[16.446s] -- Installing: /home/druloko/ws_roomba/install/roomba_msgs/include/roomba_msgs/roomba_msgs/srv/detail/reconfigure__type_support.hpp
[16.446s] -- Installing: /home/druloko/ws_roomba/install/roomba_msgs/include/roomba_msgs/roomba_msgs/srv/detail/connect__builder.hpp
[16.446s] -- Installing: /home/druloko/ws_roomba/install/roomba_msgs/include/roomba_msgs/roomba_msgs/srv/detail/reconfigure__builder.hpp
[16.447s] -- Installing: /home/druloko/ws_roomba/install/roomba_msgs/include/roomba_msgs/roomba_msgs/srv/detail/priority__struct.hpp
[16.447s] -- Installing: /home/druloko/ws_roomba/install/roomba_msgs/include/roomba_msgs/roomba_msgs/srv/detail/priority__type_support.hpp
[16.447s] -- Installing: /home/druloko/ws_roomba/install/roomba_msgs/include/roomba_msgs/roomba_msgs/srv/detail/reconfigure__traits.hpp
[16.447s] -- Installing: /home/druloko/ws_roomba/install/roomba_msgs/include/roomba_msgs/roomba_msgs/srv/detail/reconfigure__struct.hpp
[16.447s] -- Installing: /home/druloko/ws_roomba/install/roomba_msgs/include/roomba_msgs/roomba_msgs/srv/reconfigure.hpp
[16.447s] -- Up-to-date: /home/druloko/ws_roomba/install/roomba_msgs/include/roomba_msgs/roomba_msgs/msg
[16.447s] -- Installing: /home/druloko/ws_roomba/install/roomba_msgs/include/roomba_msgs/roomba_msgs/msg/movement.hpp
[16.448s] -- Installing: /home/druloko/ws_roomba/install/roomba_msgs/include/roomba_msgs/roomba_msgs/msg/rosidl_generator_cpp__visibility_control.hpp
[16.448s] -- Installing: /home/druloko/ws_roomba/install/roomba_msgs/include/roomba_msgs/roomba_msgs/msg/misc.hpp
[16.448s] -- Installing: /home/druloko/ws_roomba/install/roomba_msgs/include/roomba_msgs/roomba_msgs/msg/security.hpp
[16.449s] -- Installing: /home/druloko/ws_roomba/install/roomba_msgs/include/roomba_msgs/roomba_msgs/msg/power.hpp
[16.449s] -- Up-to-date: /home/druloko/ws_roomba/install/roomba_msgs/include/roomba_msgs/roomba_msgs/msg/detail
[16.449s] -- Installing: /home/druloko/ws_roomba/install/roomba_msgs/include/roomba_msgs/roomba_msgs/msg/detail/misc__builder.hpp
[16.449s] -- Installing: /home/druloko/ws_roomba/install/roomba_msgs/include/roomba_msgs/roomba_msgs/msg/detail/security__builder.hpp
[16.449s] -- Installing: /home/druloko/ws_roomba/install/roomba_msgs/include/roomba_msgs/roomba_msgs/msg/detail/power__traits.hpp
[16.450s] -- Installing: /home/druloko/ws_roomba/install/roomba_msgs/include/roomba_msgs/roomba_msgs/msg/detail/movement__struct.hpp
[16.450s] -- Installing: /home/druloko/ws_roomba/install/roomba_msgs/include/roomba_msgs/roomba_msgs/msg/detail/movement__traits.hpp
[16.450s] -- Installing: /home/druloko/ws_roomba/install/roomba_msgs/include/roomba_msgs/roomba_msgs/msg/detail/state__struct.hpp
[16.450s] -- Installing: /home/druloko/ws_roomba/install/roomba_msgs/include/roomba_msgs/roomba_msgs/msg/detail/power__struct.hpp
[16.450s] -- Installing: /home/druloko/ws_roomba/install/roomba_msgs/include/roomba_msgs/roomba_msgs/msg/detail/power__builder.hpp
[16.451s] -- Installing: /home/druloko/ws_roomba/install/roomba_msgs/include/roomba_msgs/roomba_msgs/msg/detail/security__type_support.hpp
[16.451s] -- Installing: /home/druloko/ws_roomba/install/roomba_msgs/include/roomba_msgs/roomba_msgs/msg/detail/movement__type_support.hpp
[16.451s] -- Installing: /home/druloko/ws_roomba/install/roomba_msgs/include/roomba_msgs/roomba_msgs/msg/detail/misc__traits.hpp
[16.451s] -- Installing: /home/druloko/ws_roomba/install/roomba_msgs/include/roomba_msgs/roomba_msgs/msg/detail/misc__struct.hpp
[16.451s] -- Installing: /home/druloko/ws_roomba/install/roomba_msgs/include/roomba_msgs/roomba_msgs/msg/detail/power__type_support.hpp
[16.452s] -- Installing: /home/druloko/ws_roomba/install/roomba_msgs/include/roomba_msgs/roomba_msgs/msg/detail/state__traits.hpp
[16.452s] -- Installing: /home/druloko/ws_roomba/install/roomba_msgs/include/roomba_msgs/roomba_msgs/msg/detail/state__builder.hpp
[16.452s] -- Installing: /home/druloko/ws_roomba/install/roomba_msgs/include/roomba_msgs/roomba_msgs/msg/detail/movement__builder.hpp
[16.453s] -- Installing: /home/druloko/ws_roomba/install/roomba_msgs/include/roomba_msgs/roomba_msgs/msg/detail/security__struct.hpp
[16.453s] -- Installing: /home/druloko/ws_roomba/install/roomba_msgs/include/roomba_msgs/roomba_msgs/msg/detail/misc__type_support.hpp
[16.454s] -- Installing: /home/druloko/ws_roomba/install/roomba_msgs/include/roomba_msgs/roomba_msgs/msg/detail/security__traits.hpp
[16.454s] -- Installing: /home/druloko/ws_roomba/install/roomba_msgs/include/roomba_msgs/roomba_msgs/msg/detail/state__type_support.hpp
[16.454s] -- Installing: /home/druloko/ws_roomba/install/roomba_msgs/include/roomba_msgs/roomba_msgs/msg/state.hpp
[16.455s] -- Up-to-date: /home/druloko/ws_roomba/install/roomba_msgs/include/roomba_msgs/roomba_msgs
[16.455s] -- Up-to-date: /home/druloko/ws_roomba/install/roomba_msgs/include/roomba_msgs/roomba_msgs/srv
[16.455s] -- Up-to-date: /home/druloko/ws_roomba/install/roomba_msgs/include/roomba_msgs/roomba_msgs/srv/detail
[16.455s] -- Up-to-date: /home/druloko/ws_roomba/install/roomba_msgs/include/roomba_msgs/roomba_msgs/srv/detail/dds_fastrtps
[16.456s] -- Installing: /home/druloko/ws_roomba/install/roomba_msgs/include/roomba_msgs/roomba_msgs/srv/detail/priority__rosidl_typesupport_fastrtps_cpp.hpp
[16.456s] -- Installing: /home/druloko/ws_roomba/install/roomba_msgs/include/roomba_msgs/roomba_msgs/srv/detail/reconfigure__rosidl_typesupport_fastrtps_cpp.hpp
[16.456s] -- Installing: /home/druloko/ws_roomba/install/roomba_msgs/include/roomba_msgs/roomba_msgs/srv/detail/connect__rosidl_typesupport_fastrtps_cpp.hpp
[16.457s] -- Up-to-date: /home/druloko/ws_roomba/install/roomba_msgs/include/roomba_msgs/roomba_msgs/msg
[16.457s] -- Up-to-date: /home/druloko/ws_roomba/install/roomba_msgs/include/roomba_msgs/roomba_msgs/msg/rosidl_typesupport_fastrtps_cpp__visibility_control.h
[16.457s] -- Up-to-date: /home/druloko/ws_roomba/install/roomba_msgs/include/roomba_msgs/roomba_msgs/msg/detail
[16.457s] -- Up-to-date: /home/druloko/ws_roomba/install/roomba_msgs/include/roomba_msgs/roomba_msgs/msg/detail/dds_fastrtps
[16.457s] -- Installing: /home/druloko/ws_roomba/install/roomba_msgs/include/roomba_msgs/roomba_msgs/msg/detail/state__rosidl_typesupport_fastrtps_cpp.hpp
[16.458s] -- Installing: /home/druloko/ws_roomba/install/roomba_msgs/include/roomba_msgs/roomba_msgs/msg/detail/power__rosidl_typesupport_fastrtps_cpp.hpp
[16.458s] -- Installing: /home/druloko/ws_roomba/install/roomba_msgs/include/roomba_msgs/roomba_msgs/msg/detail/misc__rosidl_typesupport_fastrtps_cpp.hpp
[16.459s] -- Installing: /home/druloko/ws_roomba/install/roomba_msgs/include/roomba_msgs/roomba_msgs/msg/detail/movement__rosidl_typesupport_fastrtps_cpp.hpp
[16.459s] -- Installing: /home/druloko/ws_roomba/install/roomba_msgs/include/roomba_msgs/roomba_msgs/msg/detail/security__rosidl_typesupport_fastrtps_cpp.hpp
[16.460s] -- Installing: /home/druloko/ws_roomba/install/roomba_msgs/lib/libroomba_msgs__rosidl_typesupport_fastrtps_cpp.so
[16.462s] -- Set non-toolchain portion of runtime path of "/home/druloko/ws_roomba/install/roomba_msgs/lib/libroomba_msgs__rosidl_typesupport_fastrtps_cpp.so" to ""
[16.462s] -- Up-to-date: /home/druloko/ws_roomba/install/roomba_msgs/include/roomba_msgs/roomba_msgs
[16.462s] -- Up-to-date: /home/druloko/ws_roomba/install/roomba_msgs/include/roomba_msgs/roomba_msgs/srv
[16.463s] -- Up-to-date: /home/druloko/ws_roomba/install/roomba_msgs/include/roomba_msgs/roomba_msgs/srv/detail
[16.463s] -- Installing: /home/druloko/ws_roomba/install/roomba_msgs/include/roomba_msgs/roomba_msgs/srv/detail/connect__rosidl_typesupport_introspection_cpp.hpp
[16.463s] -- Installing: /home/druloko/ws_roomba/install/roomba_msgs/include/roomba_msgs/roomba_msgs/srv/detail/priority__type_support.cpp
[16.464s] -- Installing: /home/druloko/ws_roomba/install/roomba_msgs/include/roomba_msgs/roomba_msgs/srv/detail/reconfigure__type_support.cpp
[16.464s] -- Installing: /home/druloko/ws_roomba/install/roomba_msgs/include/roomba_msgs/roomba_msgs/srv/detail/connect__type_support.cpp
[16.464s] -- Installing: /home/druloko/ws_roomba/install/roomba_msgs/include/roomba_msgs/roomba_msgs/srv/detail/priority__rosidl_typesupport_introspection_cpp.hpp
[16.465s] -- Installing: /home/druloko/ws_roomba/install/roomba_msgs/include/roomba_msgs/roomba_msgs/srv/detail/reconfigure__rosidl_typesupport_introspection_cpp.hpp
[16.465s] -- Up-to-date: /home/druloko/ws_roomba/install/roomba_msgs/include/roomba_msgs/roomba_msgs/msg
[16.466s] -- Up-to-date: /home/druloko/ws_roomba/install/roomba_msgs/include/roomba_msgs/roomba_msgs/msg/detail
[16.466s] -- Installing: /home/druloko/ws_roomba/install/roomba_msgs/include/roomba_msgs/roomba_msgs/msg/detail/misc__rosidl_typesupport_introspection_cpp.hpp
[16.466s] -- Installing: /home/druloko/ws_roomba/install/roomba_msgs/include/roomba_msgs/roomba_msgs/msg/detail/security__rosidl_typesupport_introspection_cpp.hpp
[16.467s] -- Installing: /home/druloko/ws_roomba/install/roomba_msgs/include/roomba_msgs/roomba_msgs/msg/detail/state__type_support.cpp
[16.467s] -- Installing: /home/druloko/ws_roomba/install/roomba_msgs/include/roomba_msgs/roomba_msgs/msg/detail/power__type_support.cpp
[16.467s] -- Installing: /home/druloko/ws_roomba/install/roomba_msgs/include/roomba_msgs/roomba_msgs/msg/detail/misc__type_support.cpp
[16.467s] -- Installing: /home/druloko/ws_roomba/install/roomba_msgs/include/roomba_msgs/roomba_msgs/msg/detail/power__rosidl_typesupport_introspection_cpp.hpp
[16.467s] -- Installing: /home/druloko/ws_roomba/install/roomba_msgs/include/roomba_msgs/roomba_msgs/msg/detail/security__type_support.cpp
[16.467s] -- Installing: /home/druloko/ws_roomba/install/roomba_msgs/include/roomba_msgs/roomba_msgs/msg/detail/state__rosidl_typesupport_introspection_cpp.hpp
[16.467s] -- Installing: /home/druloko/ws_roomba/install/roomba_msgs/include/roomba_msgs/roomba_msgs/msg/detail/movement__type_support.cpp
[16.467s] -- Installing: /home/druloko/ws_roomba/install/roomba_msgs/include/roomba_msgs/roomba_msgs/msg/detail/movement__rosidl_typesupport_introspection_cpp.hpp
[16.468s] -- Installing: /home/druloko/ws_roomba/install/roomba_msgs/lib/libroomba_msgs__rosidl_typesupport_introspection_cpp.so
[16.468s] -- Set non-toolchain portion of runtime path of "/home/druloko/ws_roomba/install/roomba_msgs/lib/libroomba_msgs__rosidl_typesupport_introspection_cpp.so" to ""
[16.469s] -- Installing: /home/druloko/ws_roomba/install/roomba_msgs/lib/libroomba_msgs__rosidl_typesupport_cpp.so
[16.470s] -- Set non-toolchain portion of runtime path of "/home/druloko/ws_roomba/install/roomba_msgs/lib/libroomba_msgs__rosidl_typesupport_cpp.so" to ""
[16.471s] -- Up-to-date: /home/druloko/ws_roomba/install/roomba_msgs/share/roomba_msgs/environment/pythonpath.sh
[16.471s] -- Up-to-date: /home/druloko/ws_roomba/install/roomba_msgs/share/roomba_msgs/environment/pythonpath.dsv
[16.471s] -- Up-to-date: /home/druloko/ws_roomba/install/roomba_msgs/lib/python3.12/site-packages/roomba_msgs-0.0.0-py3.12.egg-info
[16.471s] -- Installing: /home/druloko/ws_roomba/install/roomba_msgs/lib/python3.12/site-packages/roomba_msgs-0.0.0-py3.12.egg-info/top_level.txt
[16.472s] -- Installing: /home/druloko/ws_roomba/install/roomba_msgs/lib/python3.12/site-packages/roomba_msgs-0.0.0-py3.12.egg-info/PKG-INFO
[16.472s] -- Installing: /home/druloko/ws_roomba/install/roomba_msgs/lib/python3.12/site-packages/roomba_msgs-0.0.0-py3.12.egg-info/SOURCES.txt
[16.472s] -- Installing: /home/druloko/ws_roomba/install/roomba_msgs/lib/python3.12/site-packages/roomba_msgs-0.0.0-py3.12.egg-info/dependency_links.txt
[16.473s] -- Up-to-date: /home/druloko/ws_roomba/install/roomba_msgs/lib/python3.12/site-packages/roomba_msgs
[16.473s] -- Installing: /home/druloko/ws_roomba/install/roomba_msgs/lib/python3.12/site-packages/roomba_msgs/roomba_msgs_s__rosidl_typesupport_fastrtps_c.so
[16.473s] -- Installing: /home/druloko/ws_roomba/install/roomba_msgs/lib/python3.12/site-packages/roomba_msgs/roomba_msgs_s__rosidl_typesupport_introspection_c.so
[16.474s] -- Installing: /home/druloko/ws_roomba/install/roomba_msgs/lib/python3.12/site-packages/roomba_msgs/roomba_msgs_s__rosidl_typesupport_c.so
[16.474s] -- Installing: /home/druloko/ws_roomba/install/roomba_msgs/lib/python3.12/site-packages/roomba_msgs/_roomba_msgs_s.ep.rosidl_typesupport_introspection_c.c
[16.474s] -- Installing: /home/druloko/ws_roomba/install/roomba_msgs/lib/python3.12/site-packages/roomba_msgs/_roomba_msgs_s.ep.rosidl_typesupport_c.c
[16.475s] -- Installing: /home/druloko/ws_roomba/install/roomba_msgs/lib/python3.12/site-packages/roomba_msgs/_roomba_msgs_s.ep.rosidl_typesupport_fastrtps_c.c
[16.475s] -- Installing: /home/druloko/ws_roomba/install/roomba_msgs/lib/python3.12/site-packages/roomba_msgs/__init__.py
[16.475s] -- Up-to-date: /home/druloko/ws_roomba/install/roomba_msgs/lib/python3.12/site-packages/roomba_msgs/srv
[16.475s] -- Installing: /home/druloko/ws_roomba/install/roomba_msgs/lib/python3.12/site-packages/roomba_msgs/srv/__init__.py
[16.476s] -- Installing: /home/druloko/ws_roomba/install/roomba_msgs/lib/python3.12/site-packages/roomba_msgs/srv/_reconfigure_s.c
[16.476s] -- Installing: /home/druloko/ws_roomba/install/roomba_msgs/lib/python3.12/site-packages/roomba_msgs/srv/_connect_s.c
[16.476s] -- Installing: /home/druloko/ws_roomba/install/roomba_msgs/lib/python3.12/site-packages/roomba_msgs/srv/_priority_s.c
[16.476s] -- Installing: /home/druloko/ws_roomba/install/roomba_msgs/lib/python3.12/site-packages/roomba_msgs/srv/_priority.py
[16.477s] -- Installing: /home/druloko/ws_roomba/install/roomba_msgs/lib/python3.12/site-packages/roomba_msgs/srv/_reconfigure.py
[16.477s] -- Installing: /home/druloko/ws_roomba/install/roomba_msgs/lib/python3.12/site-packages/roomba_msgs/srv/_connect.py
[16.477s] -- Up-to-date: /home/druloko/ws_roomba/install/roomba_msgs/lib/python3.12/site-packages/roomba_msgs/msg
[16.477s] -- Installing: /home/druloko/ws_roomba/install/roomba_msgs/lib/python3.12/site-packages/roomba_msgs/msg/_movement.py
[16.478s] -- Installing: /home/druloko/ws_roomba/install/roomba_msgs/lib/python3.12/site-packages/roomba_msgs/msg/_misc_s.c
[16.478s] -- Installing: /home/druloko/ws_roomba/install/roomba_msgs/lib/python3.12/site-packages/roomba_msgs/msg/_security_s.c
[16.478s] -- Installing: /home/druloko/ws_roomba/install/roomba_msgs/lib/python3.12/site-packages/roomba_msgs/msg/_state.py
[16.478s] -- Installing: /home/druloko/ws_roomba/install/roomba_msgs/lib/python3.12/site-packages/roomba_msgs/msg/__init__.py
[16.478s] -- Installing: /home/druloko/ws_roomba/install/roomba_msgs/lib/python3.12/site-packages/roomba_msgs/msg/_misc.py
[16.479s] -- Installing: /home/druloko/ws_roomba/install/roomba_msgs/lib/python3.12/site-packages/roomba_msgs/msg/_state_s.c
[16.479s] -- Installing: /home/druloko/ws_roomba/install/roomba_msgs/lib/python3.12/site-packages/roomba_msgs/msg/_power_s.c
[16.479s] -- Installing: /home/druloko/ws_roomba/install/roomba_msgs/lib/python3.12/site-packages/roomba_msgs/msg/_security.py
[16.479s] -- Installing: /home/druloko/ws_roomba/install/roomba_msgs/lib/python3.12/site-packages/roomba_msgs/msg/_movement_s.c
[16.480s] -- Installing: /home/druloko/ws_roomba/install/roomba_msgs/lib/python3.12/site-packages/roomba_msgs/msg/_power.py
[16.560s] Listing '/home/druloko/ws_roomba/install/roomba_msgs/lib/python3.12/site-packages/roomba_msgs'...
[16.560s] Compiling '/home/druloko/ws_roomba/install/roomba_msgs/lib/python3.12/site-packages/roomba_msgs/__init__.py'...
[16.560s] Listing '/home/druloko/ws_roomba/install/roomba_msgs/lib/python3.12/site-packages/roomba_msgs/msg'...
[16.560s] Compiling '/home/druloko/ws_roomba/install/roomba_msgs/lib/python3.12/site-packages/roomba_msgs/msg/__init__.py'...
[16.560s] Compiling '/home/druloko/ws_roomba/install/roomba_msgs/lib/python3.12/site-packages/roomba_msgs/msg/_misc.py'...
[16.560s] Compiling '/home/druloko/ws_roomba/install/roomba_msgs/lib/python3.12/site-packages/roomba_msgs/msg/_movement.py'...
[16.561s] Compiling '/home/druloko/ws_roomba/install/roomba_msgs/lib/python3.12/site-packages/roomba_msgs/msg/_power.py'...
[16.561s] Compiling '/home/druloko/ws_roomba/install/roomba_msgs/lib/python3.12/site-packages/roomba_msgs/msg/_security.py'...
[16.561s] Compiling '/home/druloko/ws_roomba/install/roomba_msgs/lib/python3.12/site-packages/roomba_msgs/msg/_state.py'...
[16.561s] Listing '/home/druloko/ws_roomba/install/roomba_msgs/lib/python3.12/site-packages/roomba_msgs/srv'...
[16.561s] Compiling '/home/druloko/ws_roomba/install/roomba_msgs/lib/python3.12/site-packages/roomba_msgs/srv/__init__.py'...
[16.561s] Compiling '/home/druloko/ws_roomba/install/roomba_msgs/lib/python3.12/site-packages/roomba_msgs/srv/_connect.py'...
[16.561s] Compiling '/home/druloko/ws_roomba/install/roomba_msgs/lib/python3.12/site-packages/roomba_msgs/srv/_priority.py'...
[16.561s] Compiling '/home/druloko/ws_roomba/install/roomba_msgs/lib/python3.12/site-packages/roomba_msgs/srv/_reconfigure.py'...
[16.567s] -- Installing: /home/druloko/ws_roomba/install/roomba_msgs/lib/python3.12/site-packages/roomba_msgs/roomba_msgs_s__rosidl_typesupport_fastrtps_c.so
[16.567s] -- Set non-toolchain portion of runtime path of "/home/druloko/ws_roomba/install/roomba_msgs/lib/python3.12/site-packages/roomba_msgs/roomba_msgs_s__rosidl_typesupport_fastrtps_c.so" to ""
[16.567s] -- Installing: /home/druloko/ws_roomba/install/roomba_msgs/lib/python3.12/site-packages/roomba_msgs/roomba_msgs_s__rosidl_typesupport_introspection_c.so
[16.567s] -- Set non-toolchain portion of runtime path of "/home/druloko/ws_roomba/install/roomba_msgs/lib/python3.12/site-packages/roomba_msgs/roomba_msgs_s__rosidl_typesupport_introspection_c.so" to ""
[16.568s] -- Installing: /home/druloko/ws_roomba/install/roomba_msgs/lib/python3.12/site-packages/roomba_msgs/roomba_msgs_s__rosidl_typesupport_c.so
[16.568s] -- Set non-toolchain portion of runtime path of "/home/druloko/ws_roomba/install/roomba_msgs/lib/python3.12/site-packages/roomba_msgs/roomba_msgs_s__rosidl_typesupport_c.so" to ""
[16.570s] -- Installing: /home/druloko/ws_roomba/install/roomba_msgs/lib/libroomba_msgs__rosidl_generator_py.so
[16.570s] -- Set non-toolchain portion of runtime path of "/home/druloko/ws_roomba/install/roomba_msgs/lib/libroomba_msgs__rosidl_generator_py.so" to ""
[16.570s] -- Up-to-date: /home/druloko/ws_roomba/install/roomba_msgs/share/roomba_msgs/msg/Movement.idl
[16.571s] -- Installing: /home/druloko/ws_roomba/install/roomba_msgs/share/roomba_msgs/msg/Security.idl
[16.571s] -- Installing: /home/druloko/ws_roomba/install/roomba_msgs/share/roomba_msgs/msg/Power.idl
[16.571s] -- Up-to-date: /home/druloko/ws_roomba/install/roomba_msgs/share/roomba_msgs/msg/Misc.idl
[16.571s] -- Up-to-date: /home/druloko/ws_roomba/install/roomba_msgs/share/roomba_msgs/msg/State.idl
[16.571s] -- Up-to-date: /home/druloko/ws_roomba/install/roomba_msgs/share/roomba_msgs/srv/Connect.idl
[16.572s] -- Up-to-date: /home/druloko/ws_roomba/install/roomba_msgs/share/roomba_msgs/srv/Priority.idl
[16.572s] -- Up-to-date: /home/druloko/ws_roomba/install/roomba_msgs/share/roomba_msgs/srv/Reconfigure.idl
[16.572s] -- Up-to-date: /home/druloko/ws_roomba/install/roomba_msgs/share/roomba_msgs/msg/Movement.msg
[16.572s] -- Installing: /home/druloko/ws_roomba/install/roomba_msgs/share/roomba_msgs/msg/Security.msg
[16.572s] -- Installing: /home/druloko/ws_roomba/install/roomba_msgs/share/roomba_msgs/msg/Power.msg
[16.573s] -- Up-to-date: /home/druloko/ws_roomba/install/roomba_msgs/share/roomba_msgs/msg/Misc.msg
[16.573s] -- Up-to-date: /home/druloko/ws_roomba/install/roomba_msgs/share/roomba_msgs/msg/State.msg
[16.573s] -- Up-to-date: /home/druloko/ws_roomba/install/roomba_msgs/share/roomba_msgs/srv/Connect.srv
[16.573s] -- Up-to-date: /home/druloko/ws_roomba/install/roomba_msgs/share/roomba_msgs/srv/Priority.srv
[16.573s] -- Up-to-date: /home/druloko/ws_roomba/install/roomba_msgs/share/roomba_msgs/srv/Reconfigure.srv
[16.573s] -- Up-to-date: /home/druloko/ws_roomba/install/roomba_msgs/share/ament_index/resource_index/package_run_dependencies/roomba_msgs
[16.574s] -- Installing: /home/druloko/ws_roomba/install/roomba_msgs/share/ament_index/resource_index/parent_prefix_path/roomba_msgs
[16.574s] -- Up-to-date: /home/druloko/ws_roomba/install/roomba_msgs/share/roomba_msgs/environment/ament_prefix_path.sh
[16.574s] -- Up-to-date: /home/druloko/ws_roomba/install/roomba_msgs/share/roomba_msgs/environment/ament_prefix_path.dsv
[16.574s] -- Up-to-date: /home/druloko/ws_roomba/install/roomba_msgs/share/roomba_msgs/environment/path.sh
[16.574s] -- Up-to-date: /home/druloko/ws_roomba/install/roomba_msgs/share/roomba_msgs/environment/path.dsv
[16.574s] -- Up-to-date: /home/druloko/ws_roomba/install/roomba_msgs/share/roomba_msgs/local_setup.bash
[16.574s] -- Up-to-date: /home/druloko/ws_roomba/install/roomba_msgs/share/roomba_msgs/local_setup.sh
[16.575s] -- Up-to-date: /home/druloko/ws_roomba/install/roomba_msgs/share/roomba_msgs/local_setup.zsh
[16.575s] -- Up-to-date: /home/druloko/ws_roomba/install/roomba_msgs/share/roomba_msgs/local_setup.dsv
[16.575s] -- Installing: /home/druloko/ws_roomba/install/roomba_msgs/share/roomba_msgs/package.dsv
[16.575s] -- Up-to-date: /home/druloko/ws_roomba/install/roomba_msgs/share/ament_index/resource_index/packages/roomba_msgs
[16.576s] -- Up-to-date: /home/druloko/ws_roomba/install/roomba_msgs/share/roomba_msgs/cmake/export_roomba_msgs__rosidl_generator_cExport.cmake
[16.576s] -- Up-to-date: /home/druloko/ws_roomba/install/roomba_msgs/share/roomba_msgs/cmake/export_roomba_msgs__rosidl_generator_cExport-noconfig.cmake
[16.576s] -- Up-to-date: /home/druloko/ws_roomba/install/roomba_msgs/share/roomba_msgs/cmake/export_roomba_msgs__rosidl_typesupport_fastrtps_cExport.cmake
[16.576s] -- Up-to-date: /home/druloko/ws_roomba/install/roomba_msgs/share/roomba_msgs/cmake/export_roomba_msgs__rosidl_typesupport_fastrtps_cExport-noconfig.cmake
[16.577s] -- Up-to-date: /home/druloko/ws_roomba/install/roomba_msgs/share/roomba_msgs/cmake/roomba_msgs__rosidl_typesupport_introspection_cExport.cmake
[16.577s] -- Up-to-date: /home/druloko/ws_roomba/install/roomba_msgs/share/roomba_msgs/cmake/roomba_msgs__rosidl_typesupport_introspection_cExport-noconfig.cmake
[16.577s] -- Up-to-date: /home/druloko/ws_roomba/install/roomba_msgs/share/roomba_msgs/cmake/roomba_msgs__rosidl_typesupport_cExport.cmake
[16.578s] -- Up-to-date: /home/druloko/ws_roomba/install/roomba_msgs/share/roomba_msgs/cmake/roomba_msgs__rosidl_typesupport_cExport-noconfig.cmake
[16.578s] -- Up-to-date: /home/druloko/ws_roomba/install/roomba_msgs/share/roomba_msgs/cmake/export_roomba_msgs__rosidl_generator_cppExport.cmake
[16.578s] -- Up-to-date: /home/druloko/ws_roomba/install/roomba_msgs/share/roomba_msgs/cmake/export_roomba_msgs__rosidl_typesupport_fastrtps_cppExport.cmake
[16.578s] -- Up-to-date: /home/druloko/ws_roomba/install/roomba_msgs/share/roomba_msgs/cmake/export_roomba_msgs__rosidl_typesupport_fastrtps_cppExport-noconfig.cmake
[16.578s] -- Up-to-date: /home/druloko/ws_roomba/install/roomba_msgs/share/roomba_msgs/cmake/roomba_msgs__rosidl_typesupport_introspection_cppExport.cmake
[16.578s] -- Up-to-date: /home/druloko/ws_roomba/install/roomba_msgs/share/roomba_msgs/cmake/roomba_msgs__rosidl_typesupport_introspection_cppExport-noconfig.cmake
[16.579s] -- Up-to-date: /home/druloko/ws_roomba/install/roomba_msgs/share/roomba_msgs/cmake/roomba_msgs__rosidl_typesupport_cppExport.cmake
[16.579s] -- Up-to-date: /home/druloko/ws_roomba/install/roomba_msgs/share/roomba_msgs/cmake/roomba_msgs__rosidl_typesupport_cppExport-noconfig.cmake
[16.579s] -- Up-to-date: /home/druloko/ws_roomba/install/roomba_msgs/share/roomba_msgs/cmake/export_roomba_msgs__rosidl_generator_pyExport.cmake
[16.579s] -- Up-to-date: /home/druloko/ws_roomba/install/roomba_msgs/share/roomba_msgs/cmake/export_roomba_msgs__rosidl_generator_pyExport-noconfig.cmake
[16.580s] -- Up-to-date: /home/druloko/ws_roomba/install/roomba_msgs/share/roomba_msgs/cmake/rosidl_cmake-extras.cmake
[16.580s] -- Up-to-date: /home/druloko/ws_roomba/install/roomba_msgs/share/roomba_msgs/cmake/ament_cmake_export_dependencies-extras.cmake
[16.580s] -- Up-to-date: /home/druloko/ws_roomba/install/roomba_msgs/share/roomba_msgs/cmake/ament_cmake_export_include_directories-extras.cmake
[16.581s] -- Up-to-date: /home/druloko/ws_roomba/install/roomba_msgs/share/roomba_msgs/cmake/ament_cmake_export_libraries-extras.cmake
[16.581s] -- Up-to-date: /home/druloko/ws_roomba/install/roomba_msgs/share/roomba_msgs/cmake/ament_cmake_export_targets-extras.cmake
[16.581s] -- Up-to-date: /home/druloko/ws_roomba/install/roomba_msgs/share/roomba_msgs/cmake/rosidl_cmake_export_typesupport_targets-extras.cmake
[16.581s] -- Up-to-date: /home/druloko/ws_roomba/install/roomba_msgs/share/roomba_msgs/cmake/rosidl_cmake_export_typesupport_libraries-extras.cmake
[16.581s] -- Up-to-date: /home/druloko/ws_roomba/install/roomba_msgs/share/roomba_msgs/cmake/roomba_msgsConfig.cmake
[16.581s] -- Up-to-date: /home/druloko/ws_roomba/install/roomba_msgs/share/roomba_msgs/cmake/roomba_msgsConfig-version.cmake
[16.581s] -- Up-to-date: /home/druloko/ws_roomba/install/roomba_msgs/share/roomba_msgs/package.xml
[16.584s] Invoked command in '/home/druloko/ws_roomba/build/roomba_msgs' returned '0': CMAKE_PREFIX_PATH=${CMAKE_PREFIX_PATH}:/opt/ros/rolling /usr/bin/cmake --install /home/druloko/ws_roomba/build/roomba_msgs
