[1.484s] Invoking command in '/home/druloko/ws_roomba/src/robot_roomba': PYTHONPATH=/home/druloko/ws_roomba/build/robot_roomba/prefix_override:/usr/lib/python3/dist-packages/colcon_core/task/python/colcon_distutils_commands:/home/druloko/ws_roomba/install/robot_roomba/lib/python3.12/site-packages:/home/druloko/ws_roomba/install/roomba_msgs/lib/python3.12/site-packages:/home/druloko/ws_roomba/install/robot_roomba/lib/python3.12/site-packages:/opt/ros/rolling/lib/python3.12/site-packages /usr/bin/python3 -W ignore:setup.py install is deprecated -W ignore:easy_install command is deprecated setup.py egg_info --egg-base ../../build/robot_roomba build --build-base /home/druloko/ws_roomba/build/robot_roomba/build install --record /home/druloko/ws_roomba/build/robot_roomba/install.log --single-version-externally-managed install_data
[1.783s] running egg_info
[1.805s] writing ../../build/robot_roomba/robot_roomba.egg-info/PKG-INFO
[1.806s] writing dependency_links to ../../build/robot_roomba/robot_roomba.egg-info/dependency_links.txt
[1.807s] writing entry points to ../../build/robot_roomba/robot_roomba.egg-info/entry_points.txt
[1.807s] writing requirements to ../../build/robot_roomba/robot_roomba.egg-info/requires.txt
[1.807s] writing top-level names to ../../build/robot_roomba/robot_roomba.egg-info/top_level.txt
[1.853s] reading manifest file '../../build/robot_roomba/robot_roomba.egg-info/SOURCES.txt'
[1.856s] writing manifest file '../../build/robot_roomba/robot_roomba.egg-info/SOURCES.txt'
[1.856s] running build
[1.856s] running build_py
[1.857s] running install
[1.864s] running install_lib
[1.890s] running install_data
[1.890s] running install_egg_info
[1.915s] removing '/home/druloko/ws_roomba/install/robot_roomba/lib/python3.12/site-packages/robot_roomba-0.0.0-py3.12.egg-info' (and everything under it)
[1.916s] Copying ../../build/robot_roomba/robot_roomba.egg-info to /home/druloko/ws_roomba/install/robot_roomba/lib/python3.12/site-packages/robot_roomba-0.0.0-py3.12.egg-info
[1.919s] running install_scripts
[2.061s] Installing communication_node script to /home/druloko/ws_roomba/install/robot_roomba/lib/robot_roomba
[2.062s] writing list of installed files to '/home/druloko/ws_roomba/build/robot_roomba/install.log'
[2.096s] Invoked command in '/home/druloko/ws_roomba/src/robot_roomba' returned '0': PYTHONPATH=/home/druloko/ws_roomba/build/robot_roomba/prefix_override:/usr/lib/python3/dist-packages/colcon_core/task/python/colcon_distutils_commands:/home/druloko/ws_roomba/install/robot_roomba/lib/python3.12/site-packages:/home/druloko/ws_roomba/install/roomba_msgs/lib/python3.12/site-packages:/home/druloko/ws_roomba/install/robot_roomba/lib/python3.12/site-packages:/opt/ros/rolling/lib/python3.12/site-packages /usr/bin/python3 -W ignore:setup.py install is deprecated -W ignore:easy_install command is deprecated setup.py egg_info --egg-base ../../build/robot_roomba build --build-base /home/druloko/ws_roomba/build/robot_roomba/build install --record /home/druloko/ws_roomba/build/robot_roomba/install.log --single-version-externally-managed install_data
