running egg_info
writing ../../build/robot_roomba/robot_roomba.egg-info/PKG-INFO
writing dependency_links to ../../build/robot_roomba/robot_roomba.egg-info/dependency_links.txt
writing entry points to ../../build/robot_roomba/robot_roomba.egg-info/entry_points.txt
writing requirements to ../../build/robot_roomba/robot_roomba.egg-info/requires.txt
writing top-level names to ../../build/robot_roomba/robot_roomba.egg-info/top_level.txt
reading manifest file '../../build/robot_roomba/robot_roomba.egg-info/SOURCES.txt'
writing manifest file '../../build/robot_roomba/robot_roomba.egg-info/SOURCES.txt'
running build
running build_py
copying robot_roomba/communication_node.py -> /home/druloko/ws_roomba/build/robot_roomba/build/lib/robot_roomba
running install
running install_lib
copying /home/druloko/ws_roomba/build/robot_roomba/build/lib/robot_roomba/communication_node.py -> /home/druloko/ws_roomba/install/robot_roomba/lib/python3.12/site-packages/robot_roomba
byte-compiling /home/druloko/ws_roomba/install/robot_roomba/lib/python3.12/site-packages/robot_roomba/communication_node.py to communication_node.cpython-312.pyc
running install_data
running install_egg_info
removing '/home/druloko/ws_roomba/install/robot_roomba/lib/python3.12/site-packages/robot_roomba-0.0.0-py3.12.egg-info' (and everything under it)
Copying ../../build/robot_roomba/robot_roomba.egg-info to /home/druloko/ws_roomba/install/robot_roomba/lib/python3.12/site-packages/robot_roomba-0.0.0-py3.12.egg-info
running install_scripts
Installing communication_node script to /home/druloko/ws_roomba/install/robot_roomba/lib/robot_roomba
writing list of installed files to '/home/druloko/ws_roomba/build/robot_roomba/install.log'
