[1.129s] Invoking command in '/home/druloko/ws_roomba/src/robot_roomba': PYTHONPATH=/home/druloko/ws_roomba/build/robot_roomba/prefix_override:/usr/lib/python3/dist-packages/colcon_core/task/python/colcon_distutils_commands:/home/druloko/ws_roomba/install/robot_roomba/lib/python3.12/site-packages:/home/druloko/ws_roomba/install/roomba_msgs/lib/python3.12/site-packages:/home/druloko/ws_roomba/install/robot_roomba/lib/python3.12/site-packages:/opt/ros/rolling/lib/python3.12/site-packages /usr/bin/python3 -W ignore:setup.py install is deprecated -W ignore:easy_install command is deprecated setup.py egg_info --egg-base ../../build/robot_roomba build --build-base /home/druloko/ws_roomba/build/robot_roomba/build install --record /home/druloko/ws_roomba/build/robot_roomba/install.log --single-version-externally-managed install_data
[1.480s] running egg_info
[1.501s] writing ../../build/robot_roomba/robot_roomba.egg-info/PKG-INFO
[1.501s] writing dependency_links to ../../build/robot_roomba/robot_roomba.egg-info/dependency_links.txt
[1.502s] writing entry points to ../../build/robot_roomba/robot_roomba.egg-info/entry_points.txt
[1.502s] writing requirements to ../../build/robot_roomba/robot_roomba.egg-info/requires.txt
[1.502s] writing top-level names to ../../build/robot_roomba/robot_roomba.egg-info/top_level.txt
[1.546s] reading manifest file '../../build/robot_roomba/robot_roomba.egg-info/SOURCES.txt'
[1.547s] writing manifest file '../../build/robot_roomba/robot_roomba.egg-info/SOURCES.txt'
[1.548s] running build
[1.548s] running build_py
[1.548s] copying robot_roomba/roomba/lib_robot_roomba.py -> /home/druloko/ws_roomba/build/robot_roomba/build/lib/robot_roomba/roomba
[1.550s] running install
[1.557s] running install_lib
[1.580s] copying /home/druloko/ws_roomba/build/robot_roomba/build/lib/robot_roomba/roomba/lib_robot_roomba.py -> /home/druloko/ws_roomba/install/robot_roomba/lib/python3.12/site-packages/robot_roomba/roomba
[1.581s] byte-compiling /home/druloko/ws_roomba/install/robot_roomba/lib/python3.12/site-packages/robot_roomba/roomba/lib_robot_roomba.py to lib_robot_roomba.cpython-312.pyc
[1.593s] running install_data
[1.593s] running install_egg_info
[1.617s] removing '/home/druloko/ws_roomba/install/robot_roomba/lib/python3.12/site-packages/robot_roomba-0.0.0-py3.12.egg-info' (and everything under it)
[1.617s] Copying ../../build/robot_roomba/robot_roomba.egg-info to /home/druloko/ws_roomba/install/robot_roomba/lib/python3.12/site-packages/robot_roomba-0.0.0-py3.12.egg-info
[1.619s] running install_scripts
[1.759s] Installing communication_node script to /home/druloko/ws_roomba/install/robot_roomba/lib/robot_roomba
[1.760s] writing list of installed files to '/home/druloko/ws_roomba/build/robot_roomba/install.log'
[1.794s] Invoked command in '/home/druloko/ws_roomba/src/robot_roomba' returned '0': PYTHONPATH=/home/druloko/ws_roomba/build/robot_roomba/prefix_override:/usr/lib/python3/dist-packages/colcon_core/task/python/colcon_distutils_commands:/home/druloko/ws_roomba/install/robot_roomba/lib/python3.12/site-packages:/home/druloko/ws_roomba/install/roomba_msgs/lib/python3.12/site-packages:/home/druloko/ws_roomba/install/robot_roomba/lib/python3.12/site-packages:/opt/ros/rolling/lib/python3.12/site-packages /usr/bin/python3 -W ignore:setup.py install is deprecated -W ignore:easy_install command is deprecated setup.py egg_info --egg-base ../../build/robot_roomba build --build-base /home/druloko/ws_roomba/build/robot_roomba/build install --record /home/druloko/ws_roomba/build/robot_roomba/install.log --single-version-externally-managed install_data
