[0.203s] DEBUG:colcon:Command line arguments: ['/usr/bin/colcon', 'build']
[0.203s] DEBUG:colcon:Parsed command line arguments: Namespace(log_base=None, log_level=None, verb_name='build', build_base='build', install_base='install', merge_install=False, symlink_install=False, test_result_base=None, continue_on_error=False, executor='parallel', parallel_workers=8, event_handlers=None, ignore_user_meta=False, metas=['./colcon.meta'], base_paths=['.'], packages_ignore=None, packages_ignore_regex=None, paths=None, packages_up_to=None, packages_up_to_regex=None, packages_above=None, packages_above_and_dependencies=None, packages_above_depth=None, packages_select_by_dep=None, packages_skip_by_dep=None, packages_skip_up_to=None, packages_select_build_failed=False, packages_skip_build_finished=False, packages_select_test_failures=False, packages_skip_test_passed=False, packages_select=None, packages_skip=None, packages_select_regex=None, packages_skip_regex=None, packages_start=None, packages_end=None, allow_overriding=[], cmake_args=None, cmake_target=None, cmake_target_skip_unavailable=False, cmake_clean_cache=False, cmake_clean_first=False, cmake_force_configure=False, ament_cmake_args=None, catkin_cmake_args=None, catkin_skip_building_tests=False, verb_parser=<colcon_defaults.argument_parser.defaults.DefaultArgumentsDecorator object at 0x7465032774a0>, verb_extension=<colcon_core.verb.build.BuildVerb object at 0x746503277050>, main=<bound method BuildVerb.main of <colcon_core.verb.build.BuildVerb object at 0x746503277050>>)
[0.251s] Level 1:colcon.colcon_core.package_discovery:discover_packages(colcon_meta) check parameters
[0.251s] Level 1:colcon.colcon_core.package_discovery:discover_packages(recursive) check parameters
[0.251s] Level 1:colcon.colcon_core.package_discovery:discover_packages(ignore) check parameters
[0.251s] Level 1:colcon.colcon_core.package_discovery:discover_packages(path) check parameters
[0.251s] Level 1:colcon.colcon_core.package_discovery:discover_packages(colcon_meta) discover
[0.251s] Level 1:colcon.colcon_core.package_discovery:discover_packages(recursive) discover
[0.251s] INFO:colcon.colcon_core.package_discovery:Crawling recursively for packages in '/home/druloko/ws_roomba'
[0.251s] Level 1:colcon.colcon_core.package_identification:_identify(.) by extensions ['ignore', 'ignore_ament_install']
[0.252s] Level 1:colcon.colcon_core.package_identification:_identify(.) by extension 'ignore'
[0.252s] Level 1:colcon.colcon_core.package_identification:_identify(.) by extension 'ignore_ament_install'
[0.252s] Level 1:colcon.colcon_core.package_identification:_identify(.) by extensions ['colcon_pkg']
[0.252s] Level 1:colcon.colcon_core.package_identification:_identify(.) by extension 'colcon_pkg'
[0.252s] Level 1:colcon.colcon_core.package_identification:_identify(.) by extensions ['colcon_meta']
[0.252s] Level 1:colcon.colcon_core.package_identification:_identify(.) by extension 'colcon_meta'
[0.252s] Level 1:colcon.colcon_core.package_identification:_identify(.) by extensions ['ros']
[0.252s] Level 1:colcon.colcon_core.package_identification:_identify(.) by extension 'ros'
[0.285s] Level 1:colcon.colcon_core.package_identification:_identify(.) by extensions ['cmake', 'python']
[0.285s] Level 1:colcon.colcon_core.package_identification:_identify(.) by extension 'cmake'
[0.285s] Level 1:colcon.colcon_core.package_identification:_identify(.) by extension 'python'
[0.285s] Level 1:colcon.colcon_core.package_identification:_identify(.) by extensions ['python_setup_py']
[0.286s] Level 1:colcon.colcon_core.package_identification:_identify(.) by extension 'python_setup_py'
[0.286s] Level 1:colcon.colcon_core.package_identification:_identify(build) by extensions ['ignore', 'ignore_ament_install']
[0.286s] Level 1:colcon.colcon_core.package_identification:_identify(build) by extension 'ignore'
[0.286s] Level 1:colcon.colcon_core.package_identification:_identify(build) ignored
[0.286s] Level 1:colcon.colcon_core.package_identification:_identify(install) by extensions ['ignore', 'ignore_ament_install']
[0.287s] Level 1:colcon.colcon_core.package_identification:_identify(install) by extension 'ignore'
[0.287s] Level 1:colcon.colcon_core.package_identification:_identify(install) ignored
[0.287s] Level 1:colcon.colcon_core.package_identification:_identify(log) by extensions ['ignore', 'ignore_ament_install']
[0.287s] Level 1:colcon.colcon_core.package_identification:_identify(log) by extension 'ignore'
[0.287s] Level 1:colcon.colcon_core.package_identification:_identify(log) ignored
[0.287s] Level 1:colcon.colcon_core.package_identification:_identify(src) by extensions ['ignore', 'ignore_ament_install']
[0.287s] Level 1:colcon.colcon_core.package_identification:_identify(src) by extension 'ignore'
[0.287s] Level 1:colcon.colcon_core.package_identification:_identify(src) by extension 'ignore_ament_install'
[0.288s] Level 1:colcon.colcon_core.package_identification:_identify(src) by extensions ['colcon_pkg']
[0.288s] Level 1:colcon.colcon_core.package_identification:_identify(src) by extension 'colcon_pkg'
[0.288s] Level 1:colcon.colcon_core.package_identification:_identify(src) by extensions ['colcon_meta']
[0.288s] Level 1:colcon.colcon_core.package_identification:_identify(src) by extension 'colcon_meta'
[0.288s] Level 1:colcon.colcon_core.package_identification:_identify(src) by extensions ['ros']
[0.288s] Level 1:colcon.colcon_core.package_identification:_identify(src) by extension 'ros'
[0.288s] Level 1:colcon.colcon_core.package_identification:_identify(src) by extensions ['cmake', 'python']
[0.288s] Level 1:colcon.colcon_core.package_identification:_identify(src) by extension 'cmake'
[0.288s] Level 1:colcon.colcon_core.package_identification:_identify(src) by extension 'python'
[0.288s] Level 1:colcon.colcon_core.package_identification:_identify(src) by extensions ['python_setup_py']
[0.288s] Level 1:colcon.colcon_core.package_identification:_identify(src) by extension 'python_setup_py'
[0.288s] Level 1:colcon.colcon_core.package_identification:_identify(src/robot_roomba) by extensions ['ignore', 'ignore_ament_install']
[0.288s] Level 1:colcon.colcon_core.package_identification:_identify(src/robot_roomba) by extension 'ignore'
[0.288s] Level 1:colcon.colcon_core.package_identification:_identify(src/robot_roomba) by extension 'ignore_ament_install'
[0.289s] Level 1:colcon.colcon_core.package_identification:_identify(src/robot_roomba) by extensions ['colcon_pkg']
[0.289s] Level 1:colcon.colcon_core.package_identification:_identify(src/robot_roomba) by extension 'colcon_pkg'
[0.289s] Level 1:colcon.colcon_core.package_identification:_identify(src/robot_roomba) by extensions ['colcon_meta']
[0.289s] Level 1:colcon.colcon_core.package_identification:_identify(src/robot_roomba) by extension 'colcon_meta'
[0.289s] Level 1:colcon.colcon_core.package_identification:_identify(src/robot_roomba) by extensions ['ros']
[0.289s] Level 1:colcon.colcon_core.package_identification:_identify(src/robot_roomba) by extension 'ros'
[0.293s] DEBUG:colcon.colcon_core.package_identification:Package 'src/robot_roomba' with type 'ros.ament_python' and name 'robot_roomba'
[0.293s] Level 1:colcon.colcon_core.package_identification:_identify(src/roomba_msgs) by extensions ['ignore', 'ignore_ament_install']
[0.293s] Level 1:colcon.colcon_core.package_identification:_identify(src/roomba_msgs) by extension 'ignore'
[0.293s] Level 1:colcon.colcon_core.package_identification:_identify(src/roomba_msgs) by extension 'ignore_ament_install'
[0.293s] Level 1:colcon.colcon_core.package_identification:_identify(src/roomba_msgs) by extensions ['colcon_pkg']
[0.293s] Level 1:colcon.colcon_core.package_identification:_identify(src/roomba_msgs) by extension 'colcon_pkg'
[0.293s] Level 1:colcon.colcon_core.package_identification:_identify(src/roomba_msgs) by extensions ['colcon_meta']
[0.293s] Level 1:colcon.colcon_core.package_identification:_identify(src/roomba_msgs) by extension 'colcon_meta'
[0.293s] Level 1:colcon.colcon_core.package_identification:_identify(src/roomba_msgs) by extensions ['ros']
[0.293s] Level 1:colcon.colcon_core.package_identification:_identify(src/roomba_msgs) by extension 'ros'
[0.294s] DEBUG:colcon.colcon_core.package_identification:Package 'src/roomba_msgs' with type 'ros.ament_cmake' and name 'roomba_msgs'
[0.294s] Level 1:colcon.colcon_core.package_discovery:discover_packages(recursive) using defaults
[0.294s] Level 1:colcon.colcon_core.package_discovery:discover_packages(ignore) discover
[0.294s] Level 1:colcon.colcon_core.package_discovery:discover_packages(ignore) using defaults
[0.294s] Level 1:colcon.colcon_core.package_discovery:discover_packages(path) discover
[0.294s] Level 1:colcon.colcon_core.package_discovery:discover_packages(path) using defaults
[0.315s] Level 1:colcon.colcon_core.package_discovery:discover_packages(prefix_path) check parameters
[0.315s] Level 1:colcon.colcon_core.package_discovery:discover_packages(prefix_path) discover
[0.317s] DEBUG:colcon.colcon_installed_package_information.package_discovery:Found 2 installed packages in /home/druloko/ws_roomba/install
[0.318s] DEBUG:colcon.colcon_installed_package_information.package_discovery:Found 338 installed packages in /opt/ros/rolling
[0.319s] Level 1:colcon.colcon_core.package_discovery:discover_packages(prefix_path) using defaults
[0.375s] Level 5:colcon.colcon_core.verb:set package 'roomba_msgs' build argument 'cmake_args' from command line to 'None'
[0.375s] Level 5:colcon.colcon_core.verb:set package 'roomba_msgs' build argument 'cmake_target' from command line to 'None'
[0.375s] Level 5:colcon.colcon_core.verb:set package 'roomba_msgs' build argument 'cmake_target_skip_unavailable' from command line to 'False'
[0.375s] Level 5:colcon.colcon_core.verb:set package 'roomba_msgs' build argument 'cmake_clean_cache' from command line to 'False'
[0.375s] Level 5:colcon.colcon_core.verb:set package 'roomba_msgs' build argument 'cmake_clean_first' from command line to 'False'
[0.375s] Level 5:colcon.colcon_core.verb:set package 'roomba_msgs' build argument 'cmake_force_configure' from command line to 'False'
[0.376s] Level 5:colcon.colcon_core.verb:set package 'roomba_msgs' build argument 'ament_cmake_args' from command line to 'None'
[0.376s] Level 5:colcon.colcon_core.verb:set package 'roomba_msgs' build argument 'catkin_cmake_args' from command line to 'None'
[0.376s] Level 5:colcon.colcon_core.verb:set package 'roomba_msgs' build argument 'catkin_skip_building_tests' from command line to 'False'
[0.376s] DEBUG:colcon.colcon_core.verb:Building package 'roomba_msgs' with the following arguments: {'ament_cmake_args': None, 'build_base': '/home/druloko/ws_roomba/build/roomba_msgs', 'catkin_cmake_args': None, 'catkin_skip_building_tests': False, 'cmake_args': None, 'cmake_clean_cache': False, 'cmake_clean_first': False, 'cmake_force_configure': False, 'cmake_target': None, 'cmake_target_skip_unavailable': False, 'install_base': '/home/druloko/ws_roomba/install/roomba_msgs', 'merge_install': False, 'path': '/home/druloko/ws_roomba/src/roomba_msgs', 'symlink_install': False, 'test_result_base': None}
[0.376s] Level 5:colcon.colcon_core.verb:set package 'robot_roomba' build argument 'cmake_args' from command line to 'None'
[0.376s] Level 5:colcon.colcon_core.verb:set package 'robot_roomba' build argument 'cmake_target' from command line to 'None'
[0.376s] Level 5:colcon.colcon_core.verb:set package 'robot_roomba' build argument 'cmake_target_skip_unavailable' from command line to 'False'
[0.376s] Level 5:colcon.colcon_core.verb:set package 'robot_roomba' build argument 'cmake_clean_cache' from command line to 'False'
[0.376s] Level 5:colcon.colcon_core.verb:set package 'robot_roomba' build argument 'cmake_clean_first' from command line to 'False'
[0.376s] Level 5:colcon.colcon_core.verb:set package 'robot_roomba' build argument 'cmake_force_configure' from command line to 'False'
[0.376s] Level 5:colcon.colcon_core.verb:set package 'robot_roomba' build argument 'ament_cmake_args' from command line to 'None'
[0.376s] Level 5:colcon.colcon_core.verb:set package 'robot_roomba' build argument 'catkin_cmake_args' from command line to 'None'
[0.376s] Level 5:colcon.colcon_core.verb:set package 'robot_roomba' build argument 'catkin_skip_building_tests' from command line to 'False'
[0.376s] DEBUG:colcon.colcon_core.verb:Building package 'robot_roomba' with the following arguments: {'ament_cmake_args': None, 'build_base': '/home/druloko/ws_roomba/build/robot_roomba', 'catkin_cmake_args': None, 'catkin_skip_building_tests': False, 'cmake_args': None, 'cmake_clean_cache': False, 'cmake_clean_first': False, 'cmake_force_configure': False, 'cmake_target': None, 'cmake_target_skip_unavailable': False, 'install_base': '/home/druloko/ws_roomba/install/robot_roomba', 'merge_install': False, 'path': '/home/druloko/ws_roomba/src/robot_roomba', 'symlink_install': False, 'test_result_base': None}
[0.376s] INFO:colcon.colcon_core.executor:Executing jobs using 'parallel' executor
[0.378s] DEBUG:colcon.colcon_parallel_executor.executor.parallel:run_until_complete
[0.378s] INFO:colcon.colcon_ros.task.ament_cmake.build:Building ROS package in '/home/druloko/ws_roomba/src/roomba_msgs' with build type 'ament_cmake'
[0.378s] INFO:colcon.colcon_cmake.task.cmake.build:Building CMake package in '/home/druloko/ws_roomba/src/roomba_msgs'
[0.381s] INFO:colcon.colcon_core.plugin_system:Skipping extension 'colcon_core.shell.bat': Not used on non-Windows systems
[0.381s] INFO:colcon.colcon_core.shell:Skip shell extension 'powershell' for command environment: Not usable outside of PowerShell
[0.381s] DEBUG:colcon.colcon_core.shell:Skip shell extension 'dsv' for command environment
[0.397s] DEBUG:colcon.colcon_core.event_handler.log_command:Invoking command in '/home/druloko/ws_roomba/build/roomba_msgs': CMAKE_PREFIX_PATH=${CMAKE_PREFIX_PATH}:/home/druloko/ws_roomba/install/robot_roomba:/opt/ros/rolling /usr/bin/cmake --build /home/druloko/ws_roomba/build/roomba_msgs -- -j8 -l8
[1.333s] DEBUG:colcon.colcon_core.event_handler.log_command:Invoked command in '/home/druloko/ws_roomba/build/roomba_msgs' returned '0': CMAKE_PREFIX_PATH=${CMAKE_PREFIX_PATH}:/home/druloko/ws_roomba/install/robot_roomba:/opt/ros/rolling /usr/bin/cmake --build /home/druloko/ws_roomba/build/roomba_msgs -- -j8 -l8
[1.355s] DEBUG:colcon.colcon_core.event_handler.log_command:Invoking command in '/home/druloko/ws_roomba/build/roomba_msgs': CMAKE_PREFIX_PATH=${CMAKE_PREFIX_PATH}:/home/druloko/ws_roomba/install/robot_roomba:/opt/ros/rolling /usr/bin/cmake --install /home/druloko/ws_roomba/build/roomba_msgs
[1.510s] Level 1:colcon.colcon_core.environment:create_environment_scripts_only(roomba_msgs)
[1.510s] DEBUG:colcon.colcon_core.event_handler.log_command:Invoked command in '/home/druloko/ws_roomba/build/roomba_msgs' returned '0': CMAKE_PREFIX_PATH=${CMAKE_PREFIX_PATH}:/home/druloko/ws_roomba/install/robot_roomba:/opt/ros/rolling /usr/bin/cmake --install /home/druloko/ws_roomba/build/roomba_msgs
[1.513s] Level 1:colcon.colcon_core.environment:checking '/home/druloko/ws_roomba/install/roomba_msgs' for CMake module files
[1.515s] Level 1:colcon.colcon_core.environment:checking '/home/druloko/ws_roomba/install/roomba_msgs' for CMake config files
[1.524s] Level 1:colcon.colcon_core.shell:create_environment_hook('roomba_msgs', 'cmake_prefix_path')
[1.524s] INFO:colcon.colcon_core.shell:Creating environment hook '/home/druloko/ws_roomba/install/roomba_msgs/share/roomba_msgs/hook/cmake_prefix_path.ps1'
[1.525s] INFO:colcon.colcon_core.shell:Creating environment descriptor '/home/druloko/ws_roomba/install/roomba_msgs/share/roomba_msgs/hook/cmake_prefix_path.dsv'
[1.526s] INFO:colcon.colcon_core.shell:Creating environment hook '/home/druloko/ws_roomba/install/roomba_msgs/share/roomba_msgs/hook/cmake_prefix_path.sh'
[1.527s] Level 1:colcon.colcon_core.environment:checking '/home/druloko/ws_roomba/install/roomba_msgs/lib'
[1.527s] Level 1:colcon.colcon_core.shell:create_environment_hook('roomba_msgs', 'ld_library_path_lib')
[1.527s] INFO:colcon.colcon_core.shell:Creating environment hook '/home/druloko/ws_roomba/install/roomba_msgs/share/roomba_msgs/hook/ld_library_path_lib.ps1'
[1.528s] INFO:colcon.colcon_core.shell:Creating environment descriptor '/home/druloko/ws_roomba/install/roomba_msgs/share/roomba_msgs/hook/ld_library_path_lib.dsv'
[1.528s] INFO:colcon.colcon_core.shell:Creating environment hook '/home/druloko/ws_roomba/install/roomba_msgs/share/roomba_msgs/hook/ld_library_path_lib.sh'
[1.529s] Level 1:colcon.colcon_core.environment:checking '/home/druloko/ws_roomba/install/roomba_msgs/bin'
[1.529s] Level 1:colcon.colcon_core.environment:checking '/home/druloko/ws_roomba/install/roomba_msgs/lib/pkgconfig/roomba_msgs.pc'
[1.529s] Level 1:colcon.colcon_core.environment:checking '/home/druloko/ws_roomba/install/roomba_msgs/lib/python3.12/site-packages'
[1.529s] Level 1:colcon.colcon_core.shell:create_environment_hook('roomba_msgs', 'pythonpath')
[1.529s] INFO:colcon.colcon_core.shell:Creating environment hook '/home/druloko/ws_roomba/install/roomba_msgs/share/roomba_msgs/hook/pythonpath.ps1'
[1.530s] INFO:colcon.colcon_core.shell:Creating environment descriptor '/home/druloko/ws_roomba/install/roomba_msgs/share/roomba_msgs/hook/pythonpath.dsv'
[1.530s] INFO:colcon.colcon_core.shell:Creating environment hook '/home/druloko/ws_roomba/install/roomba_msgs/share/roomba_msgs/hook/pythonpath.sh'
[1.531s] Level 1:colcon.colcon_core.environment:checking '/home/druloko/ws_roomba/install/roomba_msgs/bin'
[1.531s] INFO:colcon.colcon_core.shell:Creating package script '/home/druloko/ws_roomba/install/roomba_msgs/share/roomba_msgs/package.ps1'
[1.533s] INFO:colcon.colcon_core.shell:Creating package descriptor '/home/druloko/ws_roomba/install/roomba_msgs/share/roomba_msgs/package.dsv'
[1.533s] INFO:colcon.colcon_core.shell:Creating package script '/home/druloko/ws_roomba/install/roomba_msgs/share/roomba_msgs/package.sh'
[1.534s] INFO:colcon.colcon_core.shell:Creating package script '/home/druloko/ws_roomba/install/roomba_msgs/share/roomba_msgs/package.bash'
[1.535s] INFO:colcon.colcon_core.shell:Creating package script '/home/druloko/ws_roomba/install/roomba_msgs/share/roomba_msgs/package.zsh'
[1.535s] Level 1:colcon.colcon_core.environment:create_file_with_runtime_dependencies(/home/druloko/ws_roomba/install/roomba_msgs/share/colcon-core/packages/roomba_msgs)
[1.536s] Level 1:colcon.colcon_core.environment:create_environment_scripts_only(roomba_msgs)
[1.536s] Level 1:colcon.colcon_core.environment:checking '/home/druloko/ws_roomba/install/roomba_msgs' for CMake module files
[1.537s] Level 1:colcon.colcon_core.environment:checking '/home/druloko/ws_roomba/install/roomba_msgs' for CMake config files
[1.538s] Level 1:colcon.colcon_core.shell:create_environment_hook('roomba_msgs', 'cmake_prefix_path')
[1.538s] INFO:colcon.colcon_core.shell:Creating environment hook '/home/druloko/ws_roomba/install/roomba_msgs/share/roomba_msgs/hook/cmake_prefix_path.ps1'
[1.538s] INFO:colcon.colcon_core.shell:Creating environment descriptor '/home/druloko/ws_roomba/install/roomba_msgs/share/roomba_msgs/hook/cmake_prefix_path.dsv'
[1.539s] INFO:colcon.colcon_core.shell:Creating environment hook '/home/druloko/ws_roomba/install/roomba_msgs/share/roomba_msgs/hook/cmake_prefix_path.sh'
[1.540s] Level 1:colcon.colcon_core.environment:checking '/home/druloko/ws_roomba/install/roomba_msgs/lib'
[1.540s] Level 1:colcon.colcon_core.shell:create_environment_hook('roomba_msgs', 'ld_library_path_lib')
[1.540s] INFO:colcon.colcon_core.shell:Creating environment hook '/home/druloko/ws_roomba/install/roomba_msgs/share/roomba_msgs/hook/ld_library_path_lib.ps1'
[1.540s] INFO:colcon.colcon_core.shell:Creating environment descriptor '/home/druloko/ws_roomba/install/roomba_msgs/share/roomba_msgs/hook/ld_library_path_lib.dsv'
[1.541s] INFO:colcon.colcon_core.shell:Creating environment hook '/home/druloko/ws_roomba/install/roomba_msgs/share/roomba_msgs/hook/ld_library_path_lib.sh'
[1.541s] Level 1:colcon.colcon_core.environment:checking '/home/druloko/ws_roomba/install/roomba_msgs/bin'
[1.541s] Level 1:colcon.colcon_core.environment:checking '/home/druloko/ws_roomba/install/roomba_msgs/lib/pkgconfig/roomba_msgs.pc'
[1.542s] Level 1:colcon.colcon_core.environment:checking '/home/druloko/ws_roomba/install/roomba_msgs/lib/python3.12/site-packages'
[1.542s] Level 1:colcon.colcon_core.shell:create_environment_hook('roomba_msgs', 'pythonpath')
[1.542s] INFO:colcon.colcon_core.shell:Creating environment hook '/home/druloko/ws_roomba/install/roomba_msgs/share/roomba_msgs/hook/pythonpath.ps1'
[1.542s] INFO:colcon.colcon_core.shell:Creating environment descriptor '/home/druloko/ws_roomba/install/roomba_msgs/share/roomba_msgs/hook/pythonpath.dsv'
[1.543s] INFO:colcon.colcon_core.shell:Creating environment hook '/home/druloko/ws_roomba/install/roomba_msgs/share/roomba_msgs/hook/pythonpath.sh'
[1.544s] Level 1:colcon.colcon_core.environment:checking '/home/druloko/ws_roomba/install/roomba_msgs/bin'
[1.544s] INFO:colcon.colcon_core.shell:Creating package script '/home/druloko/ws_roomba/install/roomba_msgs/share/roomba_msgs/package.ps1'
[1.544s] INFO:colcon.colcon_core.shell:Creating package descriptor '/home/druloko/ws_roomba/install/roomba_msgs/share/roomba_msgs/package.dsv'
[1.545s] INFO:colcon.colcon_core.shell:Creating package script '/home/druloko/ws_roomba/install/roomba_msgs/share/roomba_msgs/package.sh'
[1.546s] INFO:colcon.colcon_core.shell:Creating package script '/home/druloko/ws_roomba/install/roomba_msgs/share/roomba_msgs/package.bash'
[1.546s] INFO:colcon.colcon_core.shell:Creating package script '/home/druloko/ws_roomba/install/roomba_msgs/share/roomba_msgs/package.zsh'
[1.546s] Level 1:colcon.colcon_core.environment:create_file_with_runtime_dependencies(/home/druloko/ws_roomba/install/roomba_msgs/share/colcon-core/packages/roomba_msgs)
[1.547s] INFO:colcon.colcon_ros.task.ament_python.build:Building ROS package in '/home/druloko/ws_roomba/src/robot_roomba' with build type 'ament_python'
[1.547s] Level 1:colcon.colcon_core.shell:create_environment_hook('robot_roomba', 'ament_prefix_path')
[1.547s] INFO:colcon.colcon_core.shell:Creating environment hook '/home/druloko/ws_roomba/install/robot_roomba/share/robot_roomba/hook/ament_prefix_path.ps1'
[1.549s] INFO:colcon.colcon_core.shell:Creating environment descriptor '/home/druloko/ws_roomba/install/robot_roomba/share/robot_roomba/hook/ament_prefix_path.dsv'
[1.549s] INFO:colcon.colcon_core.shell:Creating environment hook '/home/druloko/ws_roomba/install/robot_roomba/share/robot_roomba/hook/ament_prefix_path.sh'
[1.550s] INFO:colcon.colcon_core.shell:Skip shell extension 'powershell' for command environment: Not usable outside of PowerShell
[1.551s] DEBUG:colcon.colcon_core.shell:Skip shell extension 'dsv' for command environment
[1.919s] INFO:colcon.colcon_core.task.python.build:Building Python package in '/home/druloko/ws_roomba/src/robot_roomba'
[1.919s] INFO:colcon.colcon_core.shell:Skip shell extension 'powershell' for command environment: Not usable outside of PowerShell
[1.919s] DEBUG:colcon.colcon_core.shell:Skip shell extension 'dsv' for command environment
[2.780s] DEBUG:colcon.colcon_core.event_handler.log_command:Invoking command in '/home/druloko/ws_roomba/src/robot_roomba': PYTHONPATH=/home/druloko/ws_roomba/build/robot_roomba/prefix_override:/usr/lib/python3/dist-packages/colcon_core/task/python/colcon_distutils_commands:/home/druloko/ws_roomba/install/robot_roomba/lib/python3.12/site-packages:/home/druloko/ws_roomba/install/roomba_msgs/lib/python3.12/site-packages:/home/druloko/ws_roomba/install/robot_roomba/lib/python3.12/site-packages:/opt/ros/rolling/lib/python3.12/site-packages /usr/bin/python3 -W ignore:setup.py install is deprecated -W ignore:easy_install command is deprecated setup.py egg_info --egg-base ../../build/robot_roomba build --build-base /home/druloko/ws_roomba/build/robot_roomba/build install --record /home/druloko/ws_roomba/build/robot_roomba/install.log --single-version-externally-managed install_data
[3.459s] Level 1:colcon.colcon_core.environment:checking '/home/druloko/ws_roomba/install/robot_roomba' for CMake module files
[3.460s] DEBUG:colcon.colcon_core.event_handler.log_command:Invoked command in '/home/druloko/ws_roomba/src/robot_roomba' returned '0': PYTHONPATH=/home/druloko/ws_roomba/build/robot_roomba/prefix_override:/usr/lib/python3/dist-packages/colcon_core/task/python/colcon_distutils_commands:/home/druloko/ws_roomba/install/robot_roomba/lib/python3.12/site-packages:/home/druloko/ws_roomba/install/roomba_msgs/lib/python3.12/site-packages:/home/druloko/ws_roomba/install/robot_roomba/lib/python3.12/site-packages:/opt/ros/rolling/lib/python3.12/site-packages /usr/bin/python3 -W ignore:setup.py install is deprecated -W ignore:easy_install command is deprecated setup.py egg_info --egg-base ../../build/robot_roomba build --build-base /home/druloko/ws_roomba/build/robot_roomba/build install --record /home/druloko/ws_roomba/build/robot_roomba/install.log --single-version-externally-managed install_data
[3.460s] Level 1:colcon.colcon_core.environment:checking '/home/druloko/ws_roomba/install/robot_roomba' for CMake config files
[3.461s] Level 1:colcon.colcon_core.environment:checking '/home/druloko/ws_roomba/install/robot_roomba/lib'
[3.461s] Level 1:colcon.colcon_core.environment:checking '/home/druloko/ws_roomba/install/robot_roomba/bin'
[3.461s] Level 1:colcon.colcon_core.environment:checking '/home/druloko/ws_roomba/install/robot_roomba/lib/pkgconfig/robot_roomba.pc'
[3.462s] Level 1:colcon.colcon_core.environment:checking '/home/druloko/ws_roomba/install/robot_roomba/lib/python3.12/site-packages'
[3.462s] Level 1:colcon.colcon_core.shell:create_environment_hook('robot_roomba', 'pythonpath')
[3.462s] INFO:colcon.colcon_core.shell:Creating environment hook '/home/druloko/ws_roomba/install/robot_roomba/share/robot_roomba/hook/pythonpath.ps1'
[3.463s] INFO:colcon.colcon_core.shell:Creating environment descriptor '/home/druloko/ws_roomba/install/robot_roomba/share/robot_roomba/hook/pythonpath.dsv'
[3.463s] INFO:colcon.colcon_core.shell:Creating environment hook '/home/druloko/ws_roomba/install/robot_roomba/share/robot_roomba/hook/pythonpath.sh'
[3.464s] Level 1:colcon.colcon_core.environment:checking '/home/druloko/ws_roomba/install/robot_roomba/bin'
[3.464s] Level 1:colcon.colcon_core.environment:create_environment_scripts_only(robot_roomba)
[3.464s] INFO:colcon.colcon_core.shell:Creating package script '/home/druloko/ws_roomba/install/robot_roomba/share/robot_roomba/package.ps1'
[3.465s] INFO:colcon.colcon_core.shell:Creating package descriptor '/home/druloko/ws_roomba/install/robot_roomba/share/robot_roomba/package.dsv'
[3.465s] INFO:colcon.colcon_core.shell:Creating package script '/home/druloko/ws_roomba/install/robot_roomba/share/robot_roomba/package.sh'
[3.466s] INFO:colcon.colcon_core.shell:Creating package script '/home/druloko/ws_roomba/install/robot_roomba/share/robot_roomba/package.bash'
[3.466s] INFO:colcon.colcon_core.shell:Creating package script '/home/druloko/ws_roomba/install/robot_roomba/share/robot_roomba/package.zsh'
[3.467s] Level 1:colcon.colcon_core.environment:create_file_with_runtime_dependencies(/home/druloko/ws_roomba/install/robot_roomba/share/colcon-core/packages/robot_roomba)
[3.467s] DEBUG:colcon.colcon_parallel_executor.executor.parallel:closing loop
[3.468s] DEBUG:colcon.colcon_parallel_executor.executor.parallel:loop closed
[3.469s] DEBUG:colcon.colcon_parallel_executor.executor.parallel:run_until_complete finished with '0'
[3.469s] DEBUG:colcon.colcon_core.event_reactor:joining thread
[3.514s] INFO:colcon.colcon_core.plugin_system:Skipping extension 'colcon_notification.desktop_notification.notify_send': Could not find 'notify-send'
[3.514s] INFO:colcon.colcon_core.plugin_system:Skipping extension 'colcon_notification.desktop_notification.terminal_notifier': Not used on non-Darwin systems
[3.514s] INFO:colcon.colcon_core.plugin_system:Skipping extension 'colcon_notification.desktop_notification.win32': Not used on non-Windows systems
[3.514s] INFO:colcon.colcon_notification.desktop_notification:Sending desktop notification using 'notify2'
[3.516s] DEBUG:colcon.colcon_notification.desktop_notification.notify2:Failed to initialize notify2: org.freedesktop.DBus.Error.ServiceUnknown: The name org.freedesktop.Notifications was not provided by any .service files
[3.516s] DEBUG:colcon.colcon_core.event_reactor:joined thread
[3.517s] INFO:colcon.colcon_core.shell:Creating prefix script '/home/druloko/ws_roomba/install/local_setup.ps1'
[3.518s] INFO:colcon.colcon_core.shell:Creating prefix util module '/home/druloko/ws_roomba/install/_local_setup_util_ps1.py'
[3.519s] INFO:colcon.colcon_core.shell:Creating prefix chain script '/home/druloko/ws_roomba/install/setup.ps1'
[3.520s] INFO:colcon.colcon_core.shell:Creating prefix script '/home/druloko/ws_roomba/install/local_setup.sh'
[3.522s] INFO:colcon.colcon_core.shell:Creating prefix util module '/home/druloko/ws_roomba/install/_local_setup_util_sh.py'
[3.523s] INFO:colcon.colcon_core.shell:Creating prefix chain script '/home/druloko/ws_roomba/install/setup.sh'
[3.524s] INFO:colcon.colcon_core.shell:Creating prefix script '/home/druloko/ws_roomba/install/local_setup.bash'
[3.525s] INFO:colcon.colcon_core.shell:Creating prefix chain script '/home/druloko/ws_roomba/install/setup.bash'
[3.526s] INFO:colcon.colcon_core.shell:Creating prefix script '/home/druloko/ws_roomba/install/local_setup.zsh'
[3.527s] INFO:colcon.colcon_core.shell:Creating prefix chain script '/home/druloko/ws_roomba/install/setup.zsh'
