[  1%] Built target roomba_msgs__rosidl_generator_type_description
[  1%] Built target roomba_msgs__cpp
[  1%] Built target ament_cmake_python_copy_roomba_msgs
[ 26%] Built target roomba_msgs__rosidl_generator_c
[ 43%] Built target roomba_msgs__rosidl_typesupport_introspection_c
[ 45%] Built target roomba_msgs__rosidl_typesupport_c
[ 55%] Built target roomba_msgs__rosidl_typesupport_introspection_cpp
[ 67%] Built target roomba_msgs__rosidl_typesupport_cpp
[ 74%] Built target roomba_msgs__rosidl_typesupport_fastrtps_cpp
[ 84%] Built target roomba_msgs__rosidl_typesupport_fastrtps_c
[ 84%] Built target roomba_msgs
[ 85%] Built target roomba_msgs__py
[ 94%] Built target roomba_msgs__rosidl_generator_py
[ 96%] Built target roomba_msgs_s__rosidl_typesupport_fastrtps_c
[ 98%] Built target roomba_msgs_s__rosidl_typesupport_c
[100%] Built target roomba_msgs_s__rosidl_typesupport_introspection_c
running egg_info
writing roomba_msgs.egg-info/PKG-INFO
writing dependency_links to roomba_msgs.egg-info/dependency_links.txt
writing top-level names to roomba_msgs.egg-info/top_level.txt
reading manifest file 'roomba_msgs.egg-info/SOURCES.txt'
writing manifest file 'roomba_msgs.egg-info/SOURCES.txt'
[100%] Built target ament_cmake_python_build_roomba_msgs_egg
-- Install configuration: ""
-- Up-to-date: /home/druloko/ws_roomba/install/roomba_msgs/share/ament_index/resource_index/rosidl_interfaces/roomba_msgs
-- Up-to-date: /home/druloko/ws_roomba/install/roomba_msgs/share/roomba_msgs/msg/Movement.json
-- Up-to-date: /home/druloko/ws_roomba/install/roomba_msgs/share/roomba_msgs/msg/Security.json
-- Up-to-date: /home/druloko/ws_roomba/install/roomba_msgs/share/roomba_msgs/msg/Power.json
-- Up-to-date: /home/druloko/ws_roomba/install/roomba_msgs/share/roomba_msgs/msg/Misc.json
-- Up-to-date: /home/druloko/ws_roomba/install/roomba_msgs/share/roomba_msgs/msg/State.json
-- Up-to-date: /home/druloko/ws_roomba/install/roomba_msgs/share/roomba_msgs/srv/Connect.json
-- Up-to-date: /home/druloko/ws_roomba/install/roomba_msgs/share/roomba_msgs/srv/Priority.json
-- Up-to-date: /home/druloko/ws_roomba/install/roomba_msgs/share/roomba_msgs/srv/Reconfigure.json
-- Up-to-date: /home/druloko/ws_roomba/install/roomba_msgs/include/roomba_msgs/roomba_msgs
-- Up-to-date: /home/druloko/ws_roomba/install/roomba_msgs/include/roomba_msgs/roomba_msgs/srv
-- Up-to-date: /home/druloko/ws_roomba/install/roomba_msgs/include/roomba_msgs/roomba_msgs/srv/connect.h
-- Up-to-date: /home/druloko/ws_roomba/install/roomba_msgs/include/roomba_msgs/roomba_msgs/srv/reconfigure.h
-- Up-to-date: /home/druloko/ws_roomba/install/roomba_msgs/include/roomba_msgs/roomba_msgs/srv/detail
-- Installing: /home/druloko/ws_roomba/install/roomba_msgs/include/roomba_msgs/roomba_msgs/srv/detail/priority__type_support.c
-- Up-to-date: /home/druloko/ws_roomba/install/roomba_msgs/include/roomba_msgs/roomba_msgs/srv/detail/priority__functions.c
-- Up-to-date: /home/druloko/ws_roomba/install/roomba_msgs/include/roomba_msgs/roomba_msgs/srv/detail/reconfigure__type_support.h
-- Up-to-date: /home/druloko/ws_roomba/install/roomba_msgs/include/roomba_msgs/roomba_msgs/srv/detail/reconfigure__functions.c
-- Up-to-date: /home/druloko/ws_roomba/install/roomba_msgs/include/roomba_msgs/roomba_msgs/srv/detail/connect__functions.h
-- Up-to-date: /home/druloko/ws_roomba/install/roomba_msgs/include/roomba_msgs/roomba_msgs/srv/detail/reconfigure__struct.h
-- Installing: /home/druloko/ws_roomba/install/roomba_msgs/include/roomba_msgs/roomba_msgs/srv/detail/reconfigure__type_support.c
-- Installing: /home/druloko/ws_roomba/install/roomba_msgs/include/roomba_msgs/roomba_msgs/srv/detail/connect__type_support.c
-- Up-to-date: /home/druloko/ws_roomba/install/roomba_msgs/include/roomba_msgs/roomba_msgs/srv/detail/priority__type_support.h
-- Up-to-date: /home/druloko/ws_roomba/install/roomba_msgs/include/roomba_msgs/roomba_msgs/srv/detail/reconfigure__functions.h
-- Up-to-date: /home/druloko/ws_roomba/install/roomba_msgs/include/roomba_msgs/roomba_msgs/srv/detail/priority__struct.h
-- Up-to-date: /home/druloko/ws_roomba/install/roomba_msgs/include/roomba_msgs/roomba_msgs/srv/detail/connect__struct.h
-- Up-to-date: /home/druloko/ws_roomba/install/roomba_msgs/include/roomba_msgs/roomba_msgs/srv/detail/connect__functions.c
-- Up-to-date: /home/druloko/ws_roomba/install/roomba_msgs/include/roomba_msgs/roomba_msgs/srv/detail/connect__type_support.h
-- Up-to-date: /home/druloko/ws_roomba/install/roomba_msgs/include/roomba_msgs/roomba_msgs/srv/detail/connect__description.c
-- Up-to-date: /home/druloko/ws_roomba/install/roomba_msgs/include/roomba_msgs/roomba_msgs/srv/detail/priority__functions.h
-- Up-to-date: /home/druloko/ws_roomba/install/roomba_msgs/include/roomba_msgs/roomba_msgs/srv/detail/reconfigure__description.c
-- Up-to-date: /home/druloko/ws_roomba/install/roomba_msgs/include/roomba_msgs/roomba_msgs/srv/detail/priority__description.c
-- Up-to-date: /home/druloko/ws_roomba/install/roomba_msgs/include/roomba_msgs/roomba_msgs/srv/priority.h
-- Up-to-date: /home/druloko/ws_roomba/install/roomba_msgs/include/roomba_msgs/roomba_msgs/msg
-- Up-to-date: /home/druloko/ws_roomba/install/roomba_msgs/include/roomba_msgs/roomba_msgs/msg/state.h
-- Up-to-date: /home/druloko/ws_roomba/install/roomba_msgs/include/roomba_msgs/roomba_msgs/msg/security.h
-- Up-to-date: /home/druloko/ws_roomba/install/roomba_msgs/include/roomba_msgs/roomba_msgs/msg/detail
-- Up-to-date: /home/druloko/ws_roomba/install/roomba_msgs/include/roomba_msgs/roomba_msgs/msg/detail/security__struct.h
-- Installing: /home/druloko/ws_roomba/install/roomba_msgs/include/roomba_msgs/roomba_msgs/msg/detail/movement__type_support.c
-- Up-to-date: /home/druloko/ws_roomba/install/roomba_msgs/include/roomba_msgs/roomba_msgs/msg/detail/state__functions.h
-- Up-to-date: /home/druloko/ws_roomba/install/roomba_msgs/include/roomba_msgs/roomba_msgs/msg/detail/movement__type_support.h
-- Installing: /home/druloko/ws_roomba/install/roomba_msgs/include/roomba_msgs/roomba_msgs/msg/detail/misc__type_support.c
-- Up-to-date: /home/druloko/ws_roomba/install/roomba_msgs/include/roomba_msgs/roomba_msgs/msg/detail/state__struct.h
-- Up-to-date: /home/druloko/ws_roomba/install/roomba_msgs/include/roomba_msgs/roomba_msgs/msg/detail/misc__type_support.h
-- Up-to-date: /home/druloko/ws_roomba/install/roomba_msgs/include/roomba_msgs/roomba_msgs/msg/detail/movement__functions.c
-- Up-to-date: /home/druloko/ws_roomba/install/roomba_msgs/include/roomba_msgs/roomba_msgs/msg/detail/power__type_support.h
-- Up-to-date: /home/druloko/ws_roomba/install/roomba_msgs/include/roomba_msgs/roomba_msgs/msg/detail/movement__description.c
-- Up-to-date: /home/druloko/ws_roomba/install/roomba_msgs/include/roomba_msgs/roomba_msgs/msg/detail/power__description.c
-- Installing: /home/druloko/ws_roomba/install/roomba_msgs/include/roomba_msgs/roomba_msgs/msg/detail/power__type_support.c
-- Up-to-date: /home/druloko/ws_roomba/install/roomba_msgs/include/roomba_msgs/roomba_msgs/msg/detail/power__functions.c
-- Up-to-date: /home/druloko/ws_roomba/install/roomba_msgs/include/roomba_msgs/roomba_msgs/msg/detail/movement__functions.h
-- Up-to-date: /home/druloko/ws_roomba/install/roomba_msgs/include/roomba_msgs/roomba_msgs/msg/detail/misc__functions.c
-- Up-to-date: /home/druloko/ws_roomba/install/roomba_msgs/include/roomba_msgs/roomba_msgs/msg/detail/security__functions.h
-- Up-to-date: /home/druloko/ws_roomba/install/roomba_msgs/include/roomba_msgs/roomba_msgs/msg/detail/movement__struct.h
-- Up-to-date: /home/druloko/ws_roomba/install/roomba_msgs/include/roomba_msgs/roomba_msgs/msg/detail/misc__struct.h
-- Up-to-date: /home/druloko/ws_roomba/install/roomba_msgs/include/roomba_msgs/roomba_msgs/msg/detail/power__struct.h
-- Up-to-date: /home/druloko/ws_roomba/install/roomba_msgs/include/roomba_msgs/roomba_msgs/msg/detail/security__type_support.h
-- Up-to-date: /home/druloko/ws_roomba/install/roomba_msgs/include/roomba_msgs/roomba_msgs/msg/detail/state__description.c
-- Up-to-date: /home/druloko/ws_roomba/install/roomba_msgs/include/roomba_msgs/roomba_msgs/msg/detail/state__functions.c
-- Installing: /home/druloko/ws_roomba/install/roomba_msgs/include/roomba_msgs/roomba_msgs/msg/detail/state__type_support.c
-- Up-to-date: /home/druloko/ws_roomba/install/roomba_msgs/include/roomba_msgs/roomba_msgs/msg/detail/security__functions.c
-- Up-to-date: /home/druloko/ws_roomba/install/roomba_msgs/include/roomba_msgs/roomba_msgs/msg/detail/state__type_support.h
-- Up-to-date: /home/druloko/ws_roomba/install/roomba_msgs/include/roomba_msgs/roomba_msgs/msg/detail/misc__description.c
-- Installing: /home/druloko/ws_roomba/install/roomba_msgs/include/roomba_msgs/roomba_msgs/msg/detail/security__type_support.c
-- Up-to-date: /home/druloko/ws_roomba/install/roomba_msgs/include/roomba_msgs/roomba_msgs/msg/detail/security__description.c
-- Up-to-date: /home/druloko/ws_roomba/install/roomba_msgs/include/roomba_msgs/roomba_msgs/msg/detail/power__functions.h
-- Up-to-date: /home/druloko/ws_roomba/install/roomba_msgs/include/roomba_msgs/roomba_msgs/msg/detail/misc__functions.h
-- Up-to-date: /home/druloko/ws_roomba/install/roomba_msgs/include/roomba_msgs/roomba_msgs/msg/movement.h
-- Up-to-date: /home/druloko/ws_roomba/install/roomba_msgs/include/roomba_msgs/roomba_msgs/msg/misc.h
-- Up-to-date: /home/druloko/ws_roomba/install/roomba_msgs/include/roomba_msgs/roomba_msgs/msg/power.h
-- Up-to-date: /home/druloko/ws_roomba/install/roomba_msgs/include/roomba_msgs/roomba_msgs/msg/rosidl_generator_c__visibility_control.h
-- Up-to-date: /home/druloko/ws_roomba/install/roomba_msgs/share/roomba_msgs/environment/library_path.sh
-- Up-to-date: /home/druloko/ws_roomba/install/roomba_msgs/share/roomba_msgs/environment/library_path.dsv
-- Up-to-date: /home/druloko/ws_roomba/install/roomba_msgs/lib/libroomba_msgs__rosidl_generator_c.so
-- Up-to-date: /home/druloko/ws_roomba/install/roomba_msgs/include/roomba_msgs/roomba_msgs
-- Up-to-date: /home/druloko/ws_roomba/install/roomba_msgs/include/roomba_msgs/roomba_msgs/srv
-- Up-to-date: /home/druloko/ws_roomba/install/roomba_msgs/include/roomba_msgs/roomba_msgs/srv/detail
-- Up-to-date: /home/druloko/ws_roomba/install/roomba_msgs/include/roomba_msgs/roomba_msgs/srv/detail/connect__rosidl_typesupport_fastrtps_c.h
-- Up-to-date: /home/druloko/ws_roomba/install/roomba_msgs/include/roomba_msgs/roomba_msgs/srv/detail/reconfigure__rosidl_typesupport_fastrtps_c.h
-- Up-to-date: /home/druloko/ws_roomba/install/roomba_msgs/include/roomba_msgs/roomba_msgs/srv/detail/priority__rosidl_typesupport_fastrtps_c.h
-- Up-to-date: /home/druloko/ws_roomba/install/roomba_msgs/include/roomba_msgs/roomba_msgs/msg
-- Up-to-date: /home/druloko/ws_roomba/install/roomba_msgs/include/roomba_msgs/roomba_msgs/msg/detail
-- Up-to-date: /home/druloko/ws_roomba/install/roomba_msgs/include/roomba_msgs/roomba_msgs/msg/detail/security__rosidl_typesupport_fastrtps_c.h
-- Up-to-date: /home/druloko/ws_roomba/install/roomba_msgs/include/roomba_msgs/roomba_msgs/msg/detail/power__rosidl_typesupport_fastrtps_c.h
-- Up-to-date: /home/druloko/ws_roomba/install/roomba_msgs/include/roomba_msgs/roomba_msgs/msg/detail/misc__rosidl_typesupport_fastrtps_c.h
-- Up-to-date: /home/druloko/ws_roomba/install/roomba_msgs/include/roomba_msgs/roomba_msgs/msg/detail/state__rosidl_typesupport_fastrtps_c.h
-- Up-to-date: /home/druloko/ws_roomba/install/roomba_msgs/include/roomba_msgs/roomba_msgs/msg/detail/movement__rosidl_typesupport_fastrtps_c.h
-- Up-to-date: /home/druloko/ws_roomba/install/roomba_msgs/include/roomba_msgs/roomba_msgs/msg/rosidl_typesupport_fastrtps_c__visibility_control.h
-- Up-to-date: /home/druloko/ws_roomba/install/roomba_msgs/lib/libroomba_msgs__rosidl_typesupport_fastrtps_c.so
-- Up-to-date: /home/druloko/ws_roomba/install/roomba_msgs/include/roomba_msgs/roomba_msgs
-- Up-to-date: /home/druloko/ws_roomba/install/roomba_msgs/include/roomba_msgs/roomba_msgs/srv
-- Up-to-date: /home/druloko/ws_roomba/install/roomba_msgs/include/roomba_msgs/roomba_msgs/srv/detail
-- Up-to-date: /home/druloko/ws_roomba/install/roomba_msgs/include/roomba_msgs/roomba_msgs/srv/detail/priority__rosidl_typesupport_introspection_c.h
-- Installing: /home/druloko/ws_roomba/install/roomba_msgs/include/roomba_msgs/roomba_msgs/srv/detail/priority__type_support.c
-- Up-to-date: /home/druloko/ws_roomba/install/roomba_msgs/include/roomba_msgs/roomba_msgs/srv/detail/connect__rosidl_typesupport_introspection_c.h
-- Installing: /home/druloko/ws_roomba/install/roomba_msgs/include/roomba_msgs/roomba_msgs/srv/detail/reconfigure__type_support.c
-- Installing: /home/druloko/ws_roomba/install/roomba_msgs/include/roomba_msgs/roomba_msgs/srv/detail/connect__type_support.c
-- Up-to-date: /home/druloko/ws_roomba/install/roomba_msgs/include/roomba_msgs/roomba_msgs/srv/detail/reconfigure__rosidl_typesupport_introspection_c.h
-- Up-to-date: /home/druloko/ws_roomba/install/roomba_msgs/include/roomba_msgs/roomba_msgs/msg
-- Up-to-date: /home/druloko/ws_roomba/install/roomba_msgs/include/roomba_msgs/roomba_msgs/msg/detail
-- Installing: /home/druloko/ws_roomba/install/roomba_msgs/include/roomba_msgs/roomba_msgs/msg/detail/movement__type_support.c
-- Installing: /home/druloko/ws_roomba/install/roomba_msgs/include/roomba_msgs/roomba_msgs/msg/detail/misc__type_support.c
-- Up-to-date: /home/druloko/ws_roomba/install/roomba_msgs/include/roomba_msgs/roomba_msgs/msg/detail/misc__rosidl_typesupport_introspection_c.h
-- Up-to-date: /home/druloko/ws_roomba/install/roomba_msgs/include/roomba_msgs/roomba_msgs/msg/detail/power__rosidl_typesupport_introspection_c.h
-- Installing: /home/druloko/ws_roomba/install/roomba_msgs/include/roomba_msgs/roomba_msgs/msg/detail/power__type_support.c
-- Up-to-date: /home/druloko/ws_roomba/install/roomba_msgs/include/roomba_msgs/roomba_msgs/msg/detail/state__rosidl_typesupport_introspection_c.h
-- Installing: /home/druloko/ws_roomba/install/roomba_msgs/include/roomba_msgs/roomba_msgs/msg/detail/state__type_support.c
-- Up-to-date: /home/druloko/ws_roomba/install/roomba_msgs/include/roomba_msgs/roomba_msgs/msg/detail/security__rosidl_typesupport_introspection_c.h
-- Installing: /home/druloko/ws_roomba/install/roomba_msgs/include/roomba_msgs/roomba_msgs/msg/detail/security__type_support.c
-- Up-to-date: /home/druloko/ws_roomba/install/roomba_msgs/include/roomba_msgs/roomba_msgs/msg/detail/movement__rosidl_typesupport_introspection_c.h
-- Up-to-date: /home/druloko/ws_roomba/install/roomba_msgs/include/roomba_msgs/roomba_msgs/msg/rosidl_typesupport_introspection_c__visibility_control.h
-- Up-to-date: /home/druloko/ws_roomba/install/roomba_msgs/lib/libroomba_msgs__rosidl_typesupport_introspection_c.so
-- Up-to-date: /home/druloko/ws_roomba/install/roomba_msgs/lib/libroomba_msgs__rosidl_typesupport_c.so
-- Up-to-date: /home/druloko/ws_roomba/install/roomba_msgs/include/roomba_msgs/roomba_msgs
-- Up-to-date: /home/druloko/ws_roomba/install/roomba_msgs/include/roomba_msgs/roomba_msgs/srv
-- Up-to-date: /home/druloko/ws_roomba/install/roomba_msgs/include/roomba_msgs/roomba_msgs/srv/priority.hpp
-- Up-to-date: /home/druloko/ws_roomba/install/roomba_msgs/include/roomba_msgs/roomba_msgs/srv/connect.hpp
-- Up-to-date: /home/druloko/ws_roomba/install/roomba_msgs/include/roomba_msgs/roomba_msgs/srv/detail
-- Up-to-date: /home/druloko/ws_roomba/install/roomba_msgs/include/roomba_msgs/roomba_msgs/srv/detail/connect__struct.hpp
-- Up-to-date: /home/druloko/ws_roomba/install/roomba_msgs/include/roomba_msgs/roomba_msgs/srv/detail/priority__builder.hpp
-- Up-to-date: /home/druloko/ws_roomba/install/roomba_msgs/include/roomba_msgs/roomba_msgs/srv/detail/connect__type_support.hpp
-- Up-to-date: /home/druloko/ws_roomba/install/roomba_msgs/include/roomba_msgs/roomba_msgs/srv/detail/connect__traits.hpp
-- Up-to-date: /home/druloko/ws_roomba/install/roomba_msgs/include/roomba_msgs/roomba_msgs/srv/detail/priority__traits.hpp
-- Up-to-date: /home/druloko/ws_roomba/install/roomba_msgs/include/roomba_msgs/roomba_msgs/srv/detail/reconfigure__type_support.hpp
-- Up-to-date: /home/druloko/ws_roomba/install/roomba_msgs/include/roomba_msgs/roomba_msgs/srv/detail/connect__builder.hpp
-- Up-to-date: /home/druloko/ws_roomba/install/roomba_msgs/include/roomba_msgs/roomba_msgs/srv/detail/reconfigure__builder.hpp
-- Up-to-date: /home/druloko/ws_roomba/install/roomba_msgs/include/roomba_msgs/roomba_msgs/srv/detail/priority__struct.hpp
-- Up-to-date: /home/druloko/ws_roomba/install/roomba_msgs/include/roomba_msgs/roomba_msgs/srv/detail/priority__type_support.hpp
-- Up-to-date: /home/druloko/ws_roomba/install/roomba_msgs/include/roomba_msgs/roomba_msgs/srv/detail/reconfigure__traits.hpp
-- Up-to-date: /home/druloko/ws_roomba/install/roomba_msgs/include/roomba_msgs/roomba_msgs/srv/detail/reconfigure__struct.hpp
-- Up-to-date: /home/druloko/ws_roomba/install/roomba_msgs/include/roomba_msgs/roomba_msgs/srv/reconfigure.hpp
-- Up-to-date: /home/druloko/ws_roomba/install/roomba_msgs/include/roomba_msgs/roomba_msgs/msg
-- Up-to-date: /home/druloko/ws_roomba/install/roomba_msgs/include/roomba_msgs/roomba_msgs/msg/movement.hpp
-- Up-to-date: /home/druloko/ws_roomba/install/roomba_msgs/include/roomba_msgs/roomba_msgs/msg/rosidl_generator_cpp__visibility_control.hpp
-- Up-to-date: /home/druloko/ws_roomba/install/roomba_msgs/include/roomba_msgs/roomba_msgs/msg/misc.hpp
-- Up-to-date: /home/druloko/ws_roomba/install/roomba_msgs/include/roomba_msgs/roomba_msgs/msg/security.hpp
-- Up-to-date: /home/druloko/ws_roomba/install/roomba_msgs/include/roomba_msgs/roomba_msgs/msg/power.hpp
-- Up-to-date: /home/druloko/ws_roomba/install/roomba_msgs/include/roomba_msgs/roomba_msgs/msg/detail
-- Up-to-date: /home/druloko/ws_roomba/install/roomba_msgs/include/roomba_msgs/roomba_msgs/msg/detail/misc__builder.hpp
-- Up-to-date: /home/druloko/ws_roomba/install/roomba_msgs/include/roomba_msgs/roomba_msgs/msg/detail/security__builder.hpp
-- Up-to-date: /home/druloko/ws_roomba/install/roomba_msgs/include/roomba_msgs/roomba_msgs/msg/detail/power__traits.hpp
-- Up-to-date: /home/druloko/ws_roomba/install/roomba_msgs/include/roomba_msgs/roomba_msgs/msg/detail/movement__struct.hpp
-- Up-to-date: /home/druloko/ws_roomba/install/roomba_msgs/include/roomba_msgs/roomba_msgs/msg/detail/movement__traits.hpp
-- Up-to-date: /home/druloko/ws_roomba/install/roomba_msgs/include/roomba_msgs/roomba_msgs/msg/detail/state__struct.hpp
-- Up-to-date: /home/druloko/ws_roomba/install/roomba_msgs/include/roomba_msgs/roomba_msgs/msg/detail/power__struct.hpp
-- Up-to-date: /home/druloko/ws_roomba/install/roomba_msgs/include/roomba_msgs/roomba_msgs/msg/detail/power__builder.hpp
-- Up-to-date: /home/druloko/ws_roomba/install/roomba_msgs/include/roomba_msgs/roomba_msgs/msg/detail/security__type_support.hpp
-- Up-to-date: /home/druloko/ws_roomba/install/roomba_msgs/include/roomba_msgs/roomba_msgs/msg/detail/movement__type_support.hpp
-- Up-to-date: /home/druloko/ws_roomba/install/roomba_msgs/include/roomba_msgs/roomba_msgs/msg/detail/misc__traits.hpp
-- Up-to-date: /home/druloko/ws_roomba/install/roomba_msgs/include/roomba_msgs/roomba_msgs/msg/detail/misc__struct.hpp
-- Up-to-date: /home/druloko/ws_roomba/install/roomba_msgs/include/roomba_msgs/roomba_msgs/msg/detail/power__type_support.hpp
-- Up-to-date: /home/druloko/ws_roomba/install/roomba_msgs/include/roomba_msgs/roomba_msgs/msg/detail/state__traits.hpp
-- Up-to-date: /home/druloko/ws_roomba/install/roomba_msgs/include/roomba_msgs/roomba_msgs/msg/detail/state__builder.hpp
-- Up-to-date: /home/druloko/ws_roomba/install/roomba_msgs/include/roomba_msgs/roomba_msgs/msg/detail/movement__builder.hpp
-- Up-to-date: /home/druloko/ws_roomba/install/roomba_msgs/include/roomba_msgs/roomba_msgs/msg/detail/security__struct.hpp
-- Up-to-date: /home/druloko/ws_roomba/install/roomba_msgs/include/roomba_msgs/roomba_msgs/msg/detail/misc__type_support.hpp
-- Up-to-date: /home/druloko/ws_roomba/install/roomba_msgs/include/roomba_msgs/roomba_msgs/msg/detail/security__traits.hpp
-- Up-to-date: /home/druloko/ws_roomba/install/roomba_msgs/include/roomba_msgs/roomba_msgs/msg/detail/state__type_support.hpp
-- Up-to-date: /home/druloko/ws_roomba/install/roomba_msgs/include/roomba_msgs/roomba_msgs/msg/state.hpp
-- Up-to-date: /home/druloko/ws_roomba/install/roomba_msgs/include/roomba_msgs/roomba_msgs
-- Up-to-date: /home/druloko/ws_roomba/install/roomba_msgs/include/roomba_msgs/roomba_msgs/srv
-- Up-to-date: /home/druloko/ws_roomba/install/roomba_msgs/include/roomba_msgs/roomba_msgs/srv/detail
-- Up-to-date: /home/druloko/ws_roomba/install/roomba_msgs/include/roomba_msgs/roomba_msgs/srv/detail/dds_fastrtps
-- Up-to-date: /home/druloko/ws_roomba/install/roomba_msgs/include/roomba_msgs/roomba_msgs/srv/detail/priority__rosidl_typesupport_fastrtps_cpp.hpp
-- Up-to-date: /home/druloko/ws_roomba/install/roomba_msgs/include/roomba_msgs/roomba_msgs/srv/detail/reconfigure__rosidl_typesupport_fastrtps_cpp.hpp
-- Up-to-date: /home/druloko/ws_roomba/install/roomba_msgs/include/roomba_msgs/roomba_msgs/srv/detail/connect__rosidl_typesupport_fastrtps_cpp.hpp
-- Up-to-date: /home/druloko/ws_roomba/install/roomba_msgs/include/roomba_msgs/roomba_msgs/msg
-- Up-to-date: /home/druloko/ws_roomba/install/roomba_msgs/include/roomba_msgs/roomba_msgs/msg/rosidl_typesupport_fastrtps_cpp__visibility_control.h
-- Up-to-date: /home/druloko/ws_roomba/install/roomba_msgs/include/roomba_msgs/roomba_msgs/msg/detail
-- Up-to-date: /home/druloko/ws_roomba/install/roomba_msgs/include/roomba_msgs/roomba_msgs/msg/detail/dds_fastrtps
-- Up-to-date: /home/druloko/ws_roomba/install/roomba_msgs/include/roomba_msgs/roomba_msgs/msg/detail/state__rosidl_typesupport_fastrtps_cpp.hpp
-- Up-to-date: /home/druloko/ws_roomba/install/roomba_msgs/include/roomba_msgs/roomba_msgs/msg/detail/power__rosidl_typesupport_fastrtps_cpp.hpp
-- Up-to-date: /home/druloko/ws_roomba/install/roomba_msgs/include/roomba_msgs/roomba_msgs/msg/detail/misc__rosidl_typesupport_fastrtps_cpp.hpp
-- Up-to-date: /home/druloko/ws_roomba/install/roomba_msgs/include/roomba_msgs/roomba_msgs/msg/detail/movement__rosidl_typesupport_fastrtps_cpp.hpp
-- Up-to-date: /home/druloko/ws_roomba/install/roomba_msgs/include/roomba_msgs/roomba_msgs/msg/detail/security__rosidl_typesupport_fastrtps_cpp.hpp
-- Up-to-date: /home/druloko/ws_roomba/install/roomba_msgs/lib/libroomba_msgs__rosidl_typesupport_fastrtps_cpp.so
-- Up-to-date: /home/druloko/ws_roomba/install/roomba_msgs/include/roomba_msgs/roomba_msgs
-- Up-to-date: /home/druloko/ws_roomba/install/roomba_msgs/include/roomba_msgs/roomba_msgs/srv
-- Up-to-date: /home/druloko/ws_roomba/install/roomba_msgs/include/roomba_msgs/roomba_msgs/srv/detail
-- Up-to-date: /home/druloko/ws_roomba/install/roomba_msgs/include/roomba_msgs/roomba_msgs/srv/detail/connect__rosidl_typesupport_introspection_cpp.hpp
-- Up-to-date: /home/druloko/ws_roomba/install/roomba_msgs/include/roomba_msgs/roomba_msgs/srv/detail/priority__type_support.cpp
-- Up-to-date: /home/druloko/ws_roomba/install/roomba_msgs/include/roomba_msgs/roomba_msgs/srv/detail/reconfigure__type_support.cpp
-- Up-to-date: /home/druloko/ws_roomba/install/roomba_msgs/include/roomba_msgs/roomba_msgs/srv/detail/connect__type_support.cpp
-- Up-to-date: /home/druloko/ws_roomba/install/roomba_msgs/include/roomba_msgs/roomba_msgs/srv/detail/priority__rosidl_typesupport_introspection_cpp.hpp
-- Up-to-date: /home/druloko/ws_roomba/install/roomba_msgs/include/roomba_msgs/roomba_msgs/srv/detail/reconfigure__rosidl_typesupport_introspection_cpp.hpp
-- Up-to-date: /home/druloko/ws_roomba/install/roomba_msgs/include/roomba_msgs/roomba_msgs/msg
-- Up-to-date: /home/druloko/ws_roomba/install/roomba_msgs/include/roomba_msgs/roomba_msgs/msg/detail
-- Up-to-date: /home/druloko/ws_roomba/install/roomba_msgs/include/roomba_msgs/roomba_msgs/msg/detail/misc__rosidl_typesupport_introspection_cpp.hpp
-- Up-to-date: /home/druloko/ws_roomba/install/roomba_msgs/include/roomba_msgs/roomba_msgs/msg/detail/security__rosidl_typesupport_introspection_cpp.hpp
-- Up-to-date: /home/druloko/ws_roomba/install/roomba_msgs/include/roomba_msgs/roomba_msgs/msg/detail/state__type_support.cpp
-- Up-to-date: /home/druloko/ws_roomba/install/roomba_msgs/include/roomba_msgs/roomba_msgs/msg/detail/power__type_support.cpp
-- Up-to-date: /home/druloko/ws_roomba/install/roomba_msgs/include/roomba_msgs/roomba_msgs/msg/detail/misc__type_support.cpp
-- Up-to-date: /home/druloko/ws_roomba/install/roomba_msgs/include/roomba_msgs/roomba_msgs/msg/detail/power__rosidl_typesupport_introspection_cpp.hpp
-- Up-to-date: /home/druloko/ws_roomba/install/roomba_msgs/include/roomba_msgs/roomba_msgs/msg/detail/security__type_support.cpp
-- Up-to-date: /home/druloko/ws_roomba/install/roomba_msgs/include/roomba_msgs/roomba_msgs/msg/detail/state__rosidl_typesupport_introspection_cpp.hpp
-- Up-to-date: /home/druloko/ws_roomba/install/roomba_msgs/include/roomba_msgs/roomba_msgs/msg/detail/movement__type_support.cpp
-- Up-to-date: /home/druloko/ws_roomba/install/roomba_msgs/include/roomba_msgs/roomba_msgs/msg/detail/movement__rosidl_typesupport_introspection_cpp.hpp
-- Up-to-date: /home/druloko/ws_roomba/install/roomba_msgs/lib/libroomba_msgs__rosidl_typesupport_introspection_cpp.so
-- Up-to-date: /home/druloko/ws_roomba/install/roomba_msgs/lib/libroomba_msgs__rosidl_typesupport_cpp.so
-- Up-to-date: /home/druloko/ws_roomba/install/roomba_msgs/share/roomba_msgs/environment/pythonpath.sh
-- Up-to-date: /home/druloko/ws_roomba/install/roomba_msgs/share/roomba_msgs/environment/pythonpath.dsv
-- Up-to-date: /home/druloko/ws_roomba/install/roomba_msgs/lib/python3.12/site-packages/roomba_msgs-0.0.0-py3.12.egg-info
-- Installing: /home/druloko/ws_roomba/install/roomba_msgs/lib/python3.12/site-packages/roomba_msgs-0.0.0-py3.12.egg-info/top_level.txt
-- Installing: /home/druloko/ws_roomba/install/roomba_msgs/lib/python3.12/site-packages/roomba_msgs-0.0.0-py3.12.egg-info/PKG-INFO
-- Installing: /home/druloko/ws_roomba/install/roomba_msgs/lib/python3.12/site-packages/roomba_msgs-0.0.0-py3.12.egg-info/SOURCES.txt
-- Installing: /home/druloko/ws_roomba/install/roomba_msgs/lib/python3.12/site-packages/roomba_msgs-0.0.0-py3.12.egg-info/dependency_links.txt
-- Up-to-date: /home/druloko/ws_roomba/install/roomba_msgs/lib/python3.12/site-packages/roomba_msgs
-- Up-to-date: /home/druloko/ws_roomba/install/roomba_msgs/lib/python3.12/site-packages/roomba_msgs/roomba_msgs_s__rosidl_typesupport_fastrtps_c.so
-- Up-to-date: /home/druloko/ws_roomba/install/roomba_msgs/lib/python3.12/site-packages/roomba_msgs/roomba_msgs_s__rosidl_typesupport_introspection_c.so
-- Up-to-date: /home/druloko/ws_roomba/install/roomba_msgs/lib/python3.12/site-packages/roomba_msgs/roomba_msgs_s__rosidl_typesupport_c.so
-- Up-to-date: /home/druloko/ws_roomba/install/roomba_msgs/lib/python3.12/site-packages/roomba_msgs/_roomba_msgs_s.ep.rosidl_typesupport_introspection_c.c
-- Up-to-date: /home/druloko/ws_roomba/install/roomba_msgs/lib/python3.12/site-packages/roomba_msgs/_roomba_msgs_s.ep.rosidl_typesupport_c.c
-- Up-to-date: /home/druloko/ws_roomba/install/roomba_msgs/lib/python3.12/site-packages/roomba_msgs/_roomba_msgs_s.ep.rosidl_typesupport_fastrtps_c.c
-- Up-to-date: /home/druloko/ws_roomba/install/roomba_msgs/lib/python3.12/site-packages/roomba_msgs/__init__.py
-- Up-to-date: /home/druloko/ws_roomba/install/roomba_msgs/lib/python3.12/site-packages/roomba_msgs/srv
-- Up-to-date: /home/druloko/ws_roomba/install/roomba_msgs/lib/python3.12/site-packages/roomba_msgs/srv/__init__.py
-- Up-to-date: /home/druloko/ws_roomba/install/roomba_msgs/lib/python3.12/site-packages/roomba_msgs/srv/_reconfigure_s.c
-- Up-to-date: /home/druloko/ws_roomba/install/roomba_msgs/lib/python3.12/site-packages/roomba_msgs/srv/_connect_s.c
-- Up-to-date: /home/druloko/ws_roomba/install/roomba_msgs/lib/python3.12/site-packages/roomba_msgs/srv/_priority_s.c
-- Up-to-date: /home/druloko/ws_roomba/install/roomba_msgs/lib/python3.12/site-packages/roomba_msgs/srv/_priority.py
-- Up-to-date: /home/druloko/ws_roomba/install/roomba_msgs/lib/python3.12/site-packages/roomba_msgs/srv/_reconfigure.py
-- Up-to-date: /home/druloko/ws_roomba/install/roomba_msgs/lib/python3.12/site-packages/roomba_msgs/srv/_connect.py
-- Up-to-date: /home/druloko/ws_roomba/install/roomba_msgs/lib/python3.12/site-packages/roomba_msgs/msg
-- Up-to-date: /home/druloko/ws_roomba/install/roomba_msgs/lib/python3.12/site-packages/roomba_msgs/msg/_movement.py
-- Up-to-date: /home/druloko/ws_roomba/install/roomba_msgs/lib/python3.12/site-packages/roomba_msgs/msg/_misc_s.c
-- Up-to-date: /home/druloko/ws_roomba/install/roomba_msgs/lib/python3.12/site-packages/roomba_msgs/msg/_security_s.c
-- Up-to-date: /home/druloko/ws_roomba/install/roomba_msgs/lib/python3.12/site-packages/roomba_msgs/msg/_state.py
-- Up-to-date: /home/druloko/ws_roomba/install/roomba_msgs/lib/python3.12/site-packages/roomba_msgs/msg/__init__.py
-- Up-to-date: /home/druloko/ws_roomba/install/roomba_msgs/lib/python3.12/site-packages/roomba_msgs/msg/_misc.py
-- Up-to-date: /home/druloko/ws_roomba/install/roomba_msgs/lib/python3.12/site-packages/roomba_msgs/msg/_state_s.c
-- Up-to-date: /home/druloko/ws_roomba/install/roomba_msgs/lib/python3.12/site-packages/roomba_msgs/msg/_power_s.c
-- Up-to-date: /home/druloko/ws_roomba/install/roomba_msgs/lib/python3.12/site-packages/roomba_msgs/msg/_security.py
-- Up-to-date: /home/druloko/ws_roomba/install/roomba_msgs/lib/python3.12/site-packages/roomba_msgs/msg/_movement_s.c
-- Up-to-date: /home/druloko/ws_roomba/install/roomba_msgs/lib/python3.12/site-packages/roomba_msgs/msg/_power.py
Listing '/home/druloko/ws_roomba/install/roomba_msgs/lib/python3.12/site-packages/roomba_msgs'...
Listing '/home/druloko/ws_roomba/install/roomba_msgs/lib/python3.12/site-packages/roomba_msgs/msg'...
Listing '/home/druloko/ws_roomba/install/roomba_msgs/lib/python3.12/site-packages/roomba_msgs/srv'...
-- Up-to-date: /home/druloko/ws_roomba/install/roomba_msgs/lib/python3.12/site-packages/roomba_msgs/roomba_msgs_s__rosidl_typesupport_fastrtps_c.so
-- Up-to-date: /home/druloko/ws_roomba/install/roomba_msgs/lib/python3.12/site-packages/roomba_msgs/roomba_msgs_s__rosidl_typesupport_introspection_c.so
-- Up-to-date: /home/druloko/ws_roomba/install/roomba_msgs/lib/python3.12/site-packages/roomba_msgs/roomba_msgs_s__rosidl_typesupport_c.so
-- Up-to-date: /home/druloko/ws_roomba/install/roomba_msgs/lib/libroomba_msgs__rosidl_generator_py.so
-- Up-to-date: /home/druloko/ws_roomba/install/roomba_msgs/share/roomba_msgs/msg/Movement.idl
-- Up-to-date: /home/druloko/ws_roomba/install/roomba_msgs/share/roomba_msgs/msg/Security.idl
-- Up-to-date: /home/druloko/ws_roomba/install/roomba_msgs/share/roomba_msgs/msg/Power.idl
-- Up-to-date: /home/druloko/ws_roomba/install/roomba_msgs/share/roomba_msgs/msg/Misc.idl
-- Up-to-date: /home/druloko/ws_roomba/install/roomba_msgs/share/roomba_msgs/msg/State.idl
-- Up-to-date: /home/druloko/ws_roomba/install/roomba_msgs/share/roomba_msgs/srv/Connect.idl
-- Up-to-date: /home/druloko/ws_roomba/install/roomba_msgs/share/roomba_msgs/srv/Priority.idl
-- Up-to-date: /home/druloko/ws_roomba/install/roomba_msgs/share/roomba_msgs/srv/Reconfigure.idl
-- Up-to-date: /home/druloko/ws_roomba/install/roomba_msgs/share/roomba_msgs/msg/Movement.msg
-- Up-to-date: /home/druloko/ws_roomba/install/roomba_msgs/share/roomba_msgs/msg/Security.msg
-- Up-to-date: /home/druloko/ws_roomba/install/roomba_msgs/share/roomba_msgs/msg/Power.msg
-- Up-to-date: /home/druloko/ws_roomba/install/roomba_msgs/share/roomba_msgs/msg/Misc.msg
-- Up-to-date: /home/druloko/ws_roomba/install/roomba_msgs/share/roomba_msgs/msg/State.msg
-- Up-to-date: /home/druloko/ws_roomba/install/roomba_msgs/share/roomba_msgs/srv/Connect.srv
-- Up-to-date: /home/druloko/ws_roomba/install/roomba_msgs/share/roomba_msgs/srv/Priority.srv
-- Up-to-date: /home/druloko/ws_roomba/install/roomba_msgs/share/roomba_msgs/srv/Reconfigure.srv
-- Up-to-date: /home/druloko/ws_roomba/install/roomba_msgs/share/ament_index/resource_index/package_run_dependencies/roomba_msgs
-- Up-to-date: /home/druloko/ws_roomba/install/roomba_msgs/share/ament_index/resource_index/parent_prefix_path/roomba_msgs
-- Up-to-date: /home/druloko/ws_roomba/install/roomba_msgs/share/roomba_msgs/environment/ament_prefix_path.sh
-- Up-to-date: /home/druloko/ws_roomba/install/roomba_msgs/share/roomba_msgs/environment/ament_prefix_path.dsv
-- Up-to-date: /home/druloko/ws_roomba/install/roomba_msgs/share/roomba_msgs/environment/path.sh
-- Up-to-date: /home/druloko/ws_roomba/install/roomba_msgs/share/roomba_msgs/environment/path.dsv
-- Up-to-date: /home/druloko/ws_roomba/install/roomba_msgs/share/roomba_msgs/local_setup.bash
-- Up-to-date: /home/druloko/ws_roomba/install/roomba_msgs/share/roomba_msgs/local_setup.sh
-- Up-to-date: /home/druloko/ws_roomba/install/roomba_msgs/share/roomba_msgs/local_setup.zsh
-- Up-to-date: /home/druloko/ws_roomba/install/roomba_msgs/share/roomba_msgs/local_setup.dsv
-- Installing: /home/druloko/ws_roomba/install/roomba_msgs/share/roomba_msgs/package.dsv
-- Up-to-date: /home/druloko/ws_roomba/install/roomba_msgs/share/ament_index/resource_index/packages/roomba_msgs
-- Up-to-date: /home/druloko/ws_roomba/install/roomba_msgs/share/roomba_msgs/cmake/export_roomba_msgs__rosidl_generator_cExport.cmake
-- Up-to-date: /home/druloko/ws_roomba/install/roomba_msgs/share/roomba_msgs/cmake/export_roomba_msgs__rosidl_generator_cExport-noconfig.cmake
-- Up-to-date: /home/druloko/ws_roomba/install/roomba_msgs/share/roomba_msgs/cmake/export_roomba_msgs__rosidl_typesupport_fastrtps_cExport.cmake
-- Up-to-date: /home/druloko/ws_roomba/install/roomba_msgs/share/roomba_msgs/cmake/export_roomba_msgs__rosidl_typesupport_fastrtps_cExport-noconfig.cmake
-- Up-to-date: /home/druloko/ws_roomba/install/roomba_msgs/share/roomba_msgs/cmake/roomba_msgs__rosidl_typesupport_introspection_cExport.cmake
-- Up-to-date: /home/druloko/ws_roomba/install/roomba_msgs/share/roomba_msgs/cmake/roomba_msgs__rosidl_typesupport_introspection_cExport-noconfig.cmake
-- Up-to-date: /home/druloko/ws_roomba/install/roomba_msgs/share/roomba_msgs/cmake/roomba_msgs__rosidl_typesupport_cExport.cmake
-- Up-to-date: /home/druloko/ws_roomba/install/roomba_msgs/share/roomba_msgs/cmake/roomba_msgs__rosidl_typesupport_cExport-noconfig.cmake
-- Up-to-date: /home/druloko/ws_roomba/install/roomba_msgs/share/roomba_msgs/cmake/export_roomba_msgs__rosidl_generator_cppExport.cmake
-- Up-to-date: /home/druloko/ws_roomba/install/roomba_msgs/share/roomba_msgs/cmake/export_roomba_msgs__rosidl_typesupport_fastrtps_cppExport.cmake
-- Up-to-date: /home/druloko/ws_roomba/install/roomba_msgs/share/roomba_msgs/cmake/export_roomba_msgs__rosidl_typesupport_fastrtps_cppExport-noconfig.cmake
-- Up-to-date: /home/druloko/ws_roomba/install/roomba_msgs/share/roomba_msgs/cmake/roomba_msgs__rosidl_typesupport_introspection_cppExport.cmake
-- Up-to-date: /home/druloko/ws_roomba/install/roomba_msgs/share/roomba_msgs/cmake/roomba_msgs__rosidl_typesupport_introspection_cppExport-noconfig.cmake
-- Up-to-date: /home/druloko/ws_roomba/install/roomba_msgs/share/roomba_msgs/cmake/roomba_msgs__rosidl_typesupport_cppExport.cmake
-- Up-to-date: /home/druloko/ws_roomba/install/roomba_msgs/share/roomba_msgs/cmake/roomba_msgs__rosidl_typesupport_cppExport-noconfig.cmake
-- Up-to-date: /home/druloko/ws_roomba/install/roomba_msgs/share/roomba_msgs/cmake/export_roomba_msgs__rosidl_generator_pyExport.cmake
-- Up-to-date: /home/druloko/ws_roomba/install/roomba_msgs/share/roomba_msgs/cmake/export_roomba_msgs__rosidl_generator_pyExport-noconfig.cmake
-- Up-to-date: /home/druloko/ws_roomba/install/roomba_msgs/share/roomba_msgs/cmake/rosidl_cmake-extras.cmake
-- Up-to-date: /home/druloko/ws_roomba/install/roomba_msgs/share/roomba_msgs/cmake/ament_cmake_export_dependencies-extras.cmake
-- Up-to-date: /home/druloko/ws_roomba/install/roomba_msgs/share/roomba_msgs/cmake/ament_cmake_export_include_directories-extras.cmake
-- Up-to-date: /home/druloko/ws_roomba/install/roomba_msgs/share/roomba_msgs/cmake/ament_cmake_export_libraries-extras.cmake
-- Up-to-date: /home/druloko/ws_roomba/install/roomba_msgs/share/roomba_msgs/cmake/ament_cmake_export_targets-extras.cmake
-- Up-to-date: /home/druloko/ws_roomba/install/roomba_msgs/share/roomba_msgs/cmake/rosidl_cmake_export_typesupport_targets-extras.cmake
-- Up-to-date: /home/druloko/ws_roomba/install/roomba_msgs/share/roomba_msgs/cmake/rosidl_cmake_export_typesupport_libraries-extras.cmake
-- Up-to-date: /home/druloko/ws_roomba/install/roomba_msgs/share/roomba_msgs/cmake/roomba_msgsConfig.cmake
-- Up-to-date: /home/druloko/ws_roomba/install/roomba_msgs/share/roomba_msgs/cmake/roomba_msgsConfig-version.cmake
-- Up-to-date: /home/druloko/ws_roomba/install/roomba_msgs/share/roomba_msgs/package.xml
