[0.017s] Invoking command in '/home/druloko/ws_roomba/build/roomba_msgs': CMAKE_PREFIX_PATH=${CMAKE_PREFIX_PATH}:/home/druloko/ws_roomba/install/robot_roomba:/opt/ros/rolling /usr/bin/cmake --build /home/druloko/ws_roomba/build/roomba_msgs -- -j8 -l8
[0.255s] [  1%] Built target roomba_msgs__rosidl_generator_type_description
[0.290s] [  1%] Built target roomba_msgs__cpp
[0.295s] [  1%] Built target ament_cmake_python_copy_roomba_msgs
[0.317s] [ 26%] Built target roomba_msgs__rosidl_generator_c
[0.380s] [ 43%] Built target roomba_msgs__rosidl_typesupport_introspection_c
[0.380s] [ 45%] Built target roomba_msgs__rosidl_typesupport_c
[0.387s] [ 55%] Built target roomba_msgs__rosidl_typesupport_introspection_cpp
[0.389s] [ 67%] Built target roomba_msgs__rosidl_typesupport_cpp
[0.390s] [ 74%] Built target roomba_msgs__rosidl_typesupport_fastrtps_cpp
[0.397s] [ 84%] Built target roomba_msgs__rosidl_typesupport_fastrtps_c
[0.439s] [ 84%] Built target roomba_msgs
[0.485s] [ 85%] Built target roomba_msgs__py
[0.566s] [ 94%] Built target roomba_msgs__rosidl_generator_py
[0.620s] [ 96%] Built target roomba_msgs_s__rosidl_typesupport_fastrtps_c
[0.620s] [ 98%] Built target roomba_msgs_s__rosidl_typesupport_c
[0.623s] [100%] Built target roomba_msgs_s__rosidl_typesupport_introspection_c
[0.737s] running egg_info
[0.779s] writing roomba_msgs.egg-info/PKG-INFO
[0.779s] writing dependency_links to roomba_msgs.egg-info/dependency_links.txt
[0.780s] writing top-level names to roomba_msgs.egg-info/top_level.txt
[0.882s] reading manifest file 'roomba_msgs.egg-info/SOURCES.txt'
[0.884s] writing manifest file 'roomba_msgs.egg-info/SOURCES.txt'
[0.933s] [100%] Built target ament_cmake_python_build_roomba_msgs_egg
[0.954s] Invoked command in '/home/druloko/ws_roomba/build/roomba_msgs' returned '0': CMAKE_PREFIX_PATH=${CMAKE_PREFIX_PATH}:/home/druloko/ws_roomba/install/robot_roomba:/opt/ros/rolling /usr/bin/cmake --build /home/druloko/ws_roomba/build/roomba_msgs -- -j8 -l8
[0.976s] Invoking command in '/home/druloko/ws_roomba/build/roomba_msgs': CMAKE_PREFIX_PATH=${CMAKE_PREFIX_PATH}:/home/druloko/ws_roomba/install/robot_roomba:/opt/ros/rolling /usr/bin/cmake --install /home/druloko/ws_roomba/build/roomba_msgs
[0.989s] -- Install configuration: ""
[0.990s] -- Up-to-date: /home/druloko/ws_roomba/install/roomba_msgs/share/ament_index/resource_index/rosidl_interfaces/roomba_msgs
[0.991s] -- Up-to-date: /home/druloko/ws_roomba/install/roomba_msgs/share/roomba_msgs/msg/Movement.json
[0.991s] -- Up-to-date: /home/druloko/ws_roomba/install/roomba_msgs/share/roomba_msgs/msg/Security.json
[0.992s] -- Up-to-date: /home/druloko/ws_roomba/install/roomba_msgs/share/roomba_msgs/msg/Power.json
[0.992s] -- Up-to-date: /home/druloko/ws_roomba/install/roomba_msgs/share/roomba_msgs/msg/Misc.json
[0.992s] -- Up-to-date: /home/druloko/ws_roomba/install/roomba_msgs/share/roomba_msgs/msg/State.json
[0.993s] -- Up-to-date: /home/druloko/ws_roomba/install/roomba_msgs/share/roomba_msgs/srv/Connect.json
[0.993s] -- Up-to-date: /home/druloko/ws_roomba/install/roomba_msgs/share/roomba_msgs/srv/Priority.json
[0.993s] -- Up-to-date: /home/druloko/ws_roomba/install/roomba_msgs/share/roomba_msgs/srv/Reconfigure.json
[0.994s] -- Up-to-date: /home/druloko/ws_roomba/install/roomba_msgs/include/roomba_msgs/roomba_msgs
[0.994s] -- Up-to-date: /home/druloko/ws_roomba/install/roomba_msgs/include/roomba_msgs/roomba_msgs/srv
[0.994s] -- Up-to-date: /home/druloko/ws_roomba/install/roomba_msgs/include/roomba_msgs/roomba_msgs/srv/connect.h
[0.995s] -- Up-to-date: /home/druloko/ws_roomba/install/roomba_msgs/include/roomba_msgs/roomba_msgs/srv/reconfigure.h
[0.995s] -- Up-to-date: /home/druloko/ws_roomba/install/roomba_msgs/include/roomba_msgs/roomba_msgs/srv/detail
[0.995s] -- Installing: /home/druloko/ws_roomba/install/roomba_msgs/include/roomba_msgs/roomba_msgs/srv/detail/priority__type_support.c
[0.996s] -- Up-to-date: /home/druloko/ws_roomba/install/roomba_msgs/include/roomba_msgs/roomba_msgs/srv/detail/priority__functions.c
[0.996s] -- Up-to-date: /home/druloko/ws_roomba/install/roomba_msgs/include/roomba_msgs/roomba_msgs/srv/detail/reconfigure__type_support.h
[0.996s] -- Up-to-date: /home/druloko/ws_roomba/install/roomba_msgs/include/roomba_msgs/roomba_msgs/srv/detail/reconfigure__functions.c
[0.996s] -- Up-to-date: /home/druloko/ws_roomba/install/roomba_msgs/include/roomba_msgs/roomba_msgs/srv/detail/connect__functions.h
[0.997s] -- Up-to-date: /home/druloko/ws_roomba/install/roomba_msgs/include/roomba_msgs/roomba_msgs/srv/detail/reconfigure__struct.h
[0.997s] -- Installing: /home/druloko/ws_roomba/install/roomba_msgs/include/roomba_msgs/roomba_msgs/srv/detail/reconfigure__type_support.c
[0.997s] -- Installing: /home/druloko/ws_roomba/install/roomba_msgs/include/roomba_msgs/roomba_msgs/srv/detail/connect__type_support.c
[0.998s] -- Up-to-date: /home/druloko/ws_roomba/install/roomba_msgs/include/roomba_msgs/roomba_msgs/srv/detail/priority__type_support.h
[0.998s] -- Up-to-date: /home/druloko/ws_roomba/install/roomba_msgs/include/roomba_msgs/roomba_msgs/srv/detail/reconfigure__functions.h
[0.998s] -- Up-to-date: /home/druloko/ws_roomba/install/roomba_msgs/include/roomba_msgs/roomba_msgs/srv/detail/priority__struct.h
[0.999s] -- Up-to-date: /home/druloko/ws_roomba/install/roomba_msgs/include/roomba_msgs/roomba_msgs/srv/detail/connect__struct.h
[0.999s] -- Up-to-date: /home/druloko/ws_roomba/install/roomba_msgs/include/roomba_msgs/roomba_msgs/srv/detail/connect__functions.c
[0.999s] -- Up-to-date: /home/druloko/ws_roomba/install/roomba_msgs/include/roomba_msgs/roomba_msgs/srv/detail/connect__type_support.h
[1.000s] -- Up-to-date: /home/druloko/ws_roomba/install/roomba_msgs/include/roomba_msgs/roomba_msgs/srv/detail/connect__description.c
[1.000s] -- Up-to-date: /home/druloko/ws_roomba/install/roomba_msgs/include/roomba_msgs/roomba_msgs/srv/detail/priority__functions.h
[1.000s] -- Up-to-date: /home/druloko/ws_roomba/install/roomba_msgs/include/roomba_msgs/roomba_msgs/srv/detail/reconfigure__description.c
[1.001s] -- Up-to-date: /home/druloko/ws_roomba/install/roomba_msgs/include/roomba_msgs/roomba_msgs/srv/detail/priority__description.c
[1.001s] -- Up-to-date: /home/druloko/ws_roomba/install/roomba_msgs/include/roomba_msgs/roomba_msgs/srv/priority.h
[1.002s] -- Up-to-date: /home/druloko/ws_roomba/install/roomba_msgs/include/roomba_msgs/roomba_msgs/msg
[1.002s] -- Up-to-date: /home/druloko/ws_roomba/install/roomba_msgs/include/roomba_msgs/roomba_msgs/msg/state.h
[1.002s] -- Up-to-date: /home/druloko/ws_roomba/install/roomba_msgs/include/roomba_msgs/roomba_msgs/msg/security.h
[1.002s] -- Up-to-date: /home/druloko/ws_roomba/install/roomba_msgs/include/roomba_msgs/roomba_msgs/msg/detail
[1.003s] -- Up-to-date: /home/druloko/ws_roomba/install/roomba_msgs/include/roomba_msgs/roomba_msgs/msg/detail/security__struct.h
[1.003s] -- Installing: /home/druloko/ws_roomba/install/roomba_msgs/include/roomba_msgs/roomba_msgs/msg/detail/movement__type_support.c
[1.003s] -- Up-to-date: /home/druloko/ws_roomba/install/roomba_msgs/include/roomba_msgs/roomba_msgs/msg/detail/state__functions.h
[1.004s] -- Up-to-date: /home/druloko/ws_roomba/install/roomba_msgs/include/roomba_msgs/roomba_msgs/msg/detail/movement__type_support.h
[1.004s] -- Installing: /home/druloko/ws_roomba/install/roomba_msgs/include/roomba_msgs/roomba_msgs/msg/detail/misc__type_support.c
[1.004s] -- Up-to-date: /home/druloko/ws_roomba/install/roomba_msgs/include/roomba_msgs/roomba_msgs/msg/detail/state__struct.h
[1.005s] -- Up-to-date: /home/druloko/ws_roomba/install/roomba_msgs/include/roomba_msgs/roomba_msgs/msg/detail/misc__type_support.h
[1.005s] -- Up-to-date: /home/druloko/ws_roomba/install/roomba_msgs/include/roomba_msgs/roomba_msgs/msg/detail/movement__functions.c
[1.005s] -- Up-to-date: /home/druloko/ws_roomba/install/roomba_msgs/include/roomba_msgs/roomba_msgs/msg/detail/power__type_support.h
[1.005s] -- Up-to-date: /home/druloko/ws_roomba/install/roomba_msgs/include/roomba_msgs/roomba_msgs/msg/detail/movement__description.c
[1.006s] -- Up-to-date: /home/druloko/ws_roomba/install/roomba_msgs/include/roomba_msgs/roomba_msgs/msg/detail/power__description.c
[1.006s] -- Installing: /home/druloko/ws_roomba/install/roomba_msgs/include/roomba_msgs/roomba_msgs/msg/detail/power__type_support.c
[1.006s] -- Up-to-date: /home/druloko/ws_roomba/install/roomba_msgs/include/roomba_msgs/roomba_msgs/msg/detail/power__functions.c
[1.006s] -- Up-to-date: /home/druloko/ws_roomba/install/roomba_msgs/include/roomba_msgs/roomba_msgs/msg/detail/movement__functions.h
[1.006s] -- Up-to-date: /home/druloko/ws_roomba/install/roomba_msgs/include/roomba_msgs/roomba_msgs/msg/detail/misc__functions.c
[1.007s] -- Up-to-date: /home/druloko/ws_roomba/install/roomba_msgs/include/roomba_msgs/roomba_msgs/msg/detail/security__functions.h
[1.007s] -- Up-to-date: /home/druloko/ws_roomba/install/roomba_msgs/include/roomba_msgs/roomba_msgs/msg/detail/movement__struct.h
[1.007s] -- Up-to-date: /home/druloko/ws_roomba/install/roomba_msgs/include/roomba_msgs/roomba_msgs/msg/detail/misc__struct.h
[1.007s] -- Up-to-date: /home/druloko/ws_roomba/install/roomba_msgs/include/roomba_msgs/roomba_msgs/msg/detail/power__struct.h
[1.008s] -- Up-to-date: /home/druloko/ws_roomba/install/roomba_msgs/include/roomba_msgs/roomba_msgs/msg/detail/security__type_support.h
[1.008s] -- Up-to-date: /home/druloko/ws_roomba/install/roomba_msgs/include/roomba_msgs/roomba_msgs/msg/detail/state__description.c
[1.008s] -- Up-to-date: /home/druloko/ws_roomba/install/roomba_msgs/include/roomba_msgs/roomba_msgs/msg/detail/state__functions.c
[1.009s] -- Installing: /home/druloko/ws_roomba/install/roomba_msgs/include/roomba_msgs/roomba_msgs/msg/detail/state__type_support.c
[1.009s] -- Up-to-date: /home/druloko/ws_roomba/install/roomba_msgs/include/roomba_msgs/roomba_msgs/msg/detail/security__functions.c
[1.009s] -- Up-to-date: /home/druloko/ws_roomba/install/roomba_msgs/include/roomba_msgs/roomba_msgs/msg/detail/state__type_support.h
[1.010s] -- Up-to-date: /home/druloko/ws_roomba/install/roomba_msgs/include/roomba_msgs/roomba_msgs/msg/detail/misc__description.c
[1.010s] -- Installing: /home/druloko/ws_roomba/install/roomba_msgs/include/roomba_msgs/roomba_msgs/msg/detail/security__type_support.c
[1.010s] -- Up-to-date: /home/druloko/ws_roomba/install/roomba_msgs/include/roomba_msgs/roomba_msgs/msg/detail/security__description.c
[1.011s] -- Up-to-date: /home/druloko/ws_roomba/install/roomba_msgs/include/roomba_msgs/roomba_msgs/msg/detail/power__functions.h
[1.011s] -- Up-to-date: /home/druloko/ws_roomba/install/roomba_msgs/include/roomba_msgs/roomba_msgs/msg/detail/misc__functions.h
[1.011s] -- Up-to-date: /home/druloko/ws_roomba/install/roomba_msgs/include/roomba_msgs/roomba_msgs/msg/movement.h
[1.011s] -- Up-to-date: /home/druloko/ws_roomba/install/roomba_msgs/include/roomba_msgs/roomba_msgs/msg/misc.h
[1.012s] -- Up-to-date: /home/druloko/ws_roomba/install/roomba_msgs/include/roomba_msgs/roomba_msgs/msg/power.h
[1.012s] -- Up-to-date: /home/druloko/ws_roomba/install/roomba_msgs/include/roomba_msgs/roomba_msgs/msg/rosidl_generator_c__visibility_control.h
[1.012s] -- Up-to-date: /home/druloko/ws_roomba/install/roomba_msgs/share/roomba_msgs/environment/library_path.sh
[1.012s] -- Up-to-date: /home/druloko/ws_roomba/install/roomba_msgs/share/roomba_msgs/environment/library_path.dsv
[1.012s] -- Up-to-date: /home/druloko/ws_roomba/install/roomba_msgs/lib/libroomba_msgs__rosidl_generator_c.so
[1.013s] -- Up-to-date: /home/druloko/ws_roomba/install/roomba_msgs/include/roomba_msgs/roomba_msgs
[1.013s] -- Up-to-date: /home/druloko/ws_roomba/install/roomba_msgs/include/roomba_msgs/roomba_msgs/srv
[1.013s] -- Up-to-date: /home/druloko/ws_roomba/install/roomba_msgs/include/roomba_msgs/roomba_msgs/srv/detail
[1.013s] -- Up-to-date: /home/druloko/ws_roomba/install/roomba_msgs/include/roomba_msgs/roomba_msgs/srv/detail/connect__rosidl_typesupport_fastrtps_c.h
[1.013s] -- Up-to-date: /home/druloko/ws_roomba/install/roomba_msgs/include/roomba_msgs/roomba_msgs/srv/detail/reconfigure__rosidl_typesupport_fastrtps_c.h
[1.013s] -- Up-to-date: /home/druloko/ws_roomba/install/roomba_msgs/include/roomba_msgs/roomba_msgs/srv/detail/priority__rosidl_typesupport_fastrtps_c.h
[1.013s] -- Up-to-date: /home/druloko/ws_roomba/install/roomba_msgs/include/roomba_msgs/roomba_msgs/msg
[1.014s] -- Up-to-date: /home/druloko/ws_roomba/install/roomba_msgs/include/roomba_msgs/roomba_msgs/msg/detail
[1.014s] -- Up-to-date: /home/druloko/ws_roomba/install/roomba_msgs/include/roomba_msgs/roomba_msgs/msg/detail/security__rosidl_typesupport_fastrtps_c.h
[1.014s] -- Up-to-date: /home/druloko/ws_roomba/install/roomba_msgs/include/roomba_msgs/roomba_msgs/msg/detail/power__rosidl_typesupport_fastrtps_c.h
[1.015s] -- Up-to-date: /home/druloko/ws_roomba/install/roomba_msgs/include/roomba_msgs/roomba_msgs/msg/detail/misc__rosidl_typesupport_fastrtps_c.h
[1.015s] -- Up-to-date: /home/druloko/ws_roomba/install/roomba_msgs/include/roomba_msgs/roomba_msgs/msg/detail/state__rosidl_typesupport_fastrtps_c.h
[1.015s] -- Up-to-date: /home/druloko/ws_roomba/install/roomba_msgs/include/roomba_msgs/roomba_msgs/msg/detail/movement__rosidl_typesupport_fastrtps_c.h
[1.016s] -- Up-to-date: /home/druloko/ws_roomba/install/roomba_msgs/include/roomba_msgs/roomba_msgs/msg/rosidl_typesupport_fastrtps_c__visibility_control.h
[1.016s] -- Up-to-date: /home/druloko/ws_roomba/install/roomba_msgs/lib/libroomba_msgs__rosidl_typesupport_fastrtps_c.so
[1.016s] -- Up-to-date: /home/druloko/ws_roomba/install/roomba_msgs/include/roomba_msgs/roomba_msgs
[1.017s] -- Up-to-date: /home/druloko/ws_roomba/install/roomba_msgs/include/roomba_msgs/roomba_msgs/srv
[1.017s] -- Up-to-date: /home/druloko/ws_roomba/install/roomba_msgs/include/roomba_msgs/roomba_msgs/srv/detail
[1.017s] -- Up-to-date: /home/druloko/ws_roomba/install/roomba_msgs/include/roomba_msgs/roomba_msgs/srv/detail/priority__rosidl_typesupport_introspection_c.h
[1.017s] -- Installing: /home/druloko/ws_roomba/install/roomba_msgs/include/roomba_msgs/roomba_msgs/srv/detail/priority__type_support.c
[1.017s] -- Up-to-date: /home/druloko/ws_roomba/install/roomba_msgs/include/roomba_msgs/roomba_msgs/srv/detail/connect__rosidl_typesupport_introspection_c.h
[1.017s] -- Installing: /home/druloko/ws_roomba/install/roomba_msgs/include/roomba_msgs/roomba_msgs/srv/detail/reconfigure__type_support.c
[1.018s] -- Installing: /home/druloko/ws_roomba/install/roomba_msgs/include/roomba_msgs/roomba_msgs/srv/detail/connect__type_support.c
[1.018s] -- Up-to-date: /home/druloko/ws_roomba/install/roomba_msgs/include/roomba_msgs/roomba_msgs/srv/detail/reconfigure__rosidl_typesupport_introspection_c.h
[1.018s] -- Up-to-date: /home/druloko/ws_roomba/install/roomba_msgs/include/roomba_msgs/roomba_msgs/msg
[1.018s] -- Up-to-date: /home/druloko/ws_roomba/install/roomba_msgs/include/roomba_msgs/roomba_msgs/msg/detail
[1.019s] -- Installing: /home/druloko/ws_roomba/install/roomba_msgs/include/roomba_msgs/roomba_msgs/msg/detail/movement__type_support.c
[1.019s] -- Installing: /home/druloko/ws_roomba/install/roomba_msgs/include/roomba_msgs/roomba_msgs/msg/detail/misc__type_support.c
[1.019s] -- Up-to-date: /home/druloko/ws_roomba/install/roomba_msgs/include/roomba_msgs/roomba_msgs/msg/detail/misc__rosidl_typesupport_introspection_c.h
[1.019s] -- Up-to-date: /home/druloko/ws_roomba/install/roomba_msgs/include/roomba_msgs/roomba_msgs/msg/detail/power__rosidl_typesupport_introspection_c.h
[1.019s] -- Installing: /home/druloko/ws_roomba/install/roomba_msgs/include/roomba_msgs/roomba_msgs/msg/detail/power__type_support.c
[1.019s] -- Up-to-date: /home/druloko/ws_roomba/install/roomba_msgs/include/roomba_msgs/roomba_msgs/msg/detail/state__rosidl_typesupport_introspection_c.h
[1.020s] -- Installing: /home/druloko/ws_roomba/install/roomba_msgs/include/roomba_msgs/roomba_msgs/msg/detail/state__type_support.c
[1.020s] -- Up-to-date: /home/druloko/ws_roomba/install/roomba_msgs/include/roomba_msgs/roomba_msgs/msg/detail/security__rosidl_typesupport_introspection_c.h
[1.020s] -- Installing: /home/druloko/ws_roomba/install/roomba_msgs/include/roomba_msgs/roomba_msgs/msg/detail/security__type_support.c
[1.021s] -- Up-to-date: /home/druloko/ws_roomba/install/roomba_msgs/include/roomba_msgs/roomba_msgs/msg/detail/movement__rosidl_typesupport_introspection_c.h
[1.021s] -- Up-to-date: /home/druloko/ws_roomba/install/roomba_msgs/include/roomba_msgs/roomba_msgs/msg/rosidl_typesupport_introspection_c__visibility_control.h
[1.021s] -- Up-to-date: /home/druloko/ws_roomba/install/roomba_msgs/lib/libroomba_msgs__rosidl_typesupport_introspection_c.so
[1.022s] -- Up-to-date: /home/druloko/ws_roomba/install/roomba_msgs/lib/libroomba_msgs__rosidl_typesupport_c.so
[1.022s] -- Up-to-date: /home/druloko/ws_roomba/install/roomba_msgs/include/roomba_msgs/roomba_msgs
[1.022s] -- Up-to-date: /home/druloko/ws_roomba/install/roomba_msgs/include/roomba_msgs/roomba_msgs/srv
[1.023s] -- Up-to-date: /home/druloko/ws_roomba/install/roomba_msgs/include/roomba_msgs/roomba_msgs/srv/priority.hpp
[1.023s] -- Up-to-date: /home/druloko/ws_roomba/install/roomba_msgs/include/roomba_msgs/roomba_msgs/srv/connect.hpp
[1.023s] -- Up-to-date: /home/druloko/ws_roomba/install/roomba_msgs/include/roomba_msgs/roomba_msgs/srv/detail
[1.024s] -- Up-to-date: /home/druloko/ws_roomba/install/roomba_msgs/include/roomba_msgs/roomba_msgs/srv/detail/connect__struct.hpp
[1.024s] -- Up-to-date: /home/druloko/ws_roomba/install/roomba_msgs/include/roomba_msgs/roomba_msgs/srv/detail/priority__builder.hpp
[1.025s] -- Up-to-date: /home/druloko/ws_roomba/install/roomba_msgs/include/roomba_msgs/roomba_msgs/srv/detail/connect__type_support.hpp
[1.025s] -- Up-to-date: /home/druloko/ws_roomba/install/roomba_msgs/include/roomba_msgs/roomba_msgs/srv/detail/connect__traits.hpp
[1.026s] -- Up-to-date: /home/druloko/ws_roomba/install/roomba_msgs/include/roomba_msgs/roomba_msgs/srv/detail/priority__traits.hpp
[1.026s] -- Up-to-date: /home/druloko/ws_roomba/install/roomba_msgs/include/roomba_msgs/roomba_msgs/srv/detail/reconfigure__type_support.hpp
[1.026s] -- Up-to-date: /home/druloko/ws_roomba/install/roomba_msgs/include/roomba_msgs/roomba_msgs/srv/detail/connect__builder.hpp
[1.026s] -- Up-to-date: /home/druloko/ws_roomba/install/roomba_msgs/include/roomba_msgs/roomba_msgs/srv/detail/reconfigure__builder.hpp
[1.027s] -- Up-to-date: /home/druloko/ws_roomba/install/roomba_msgs/include/roomba_msgs/roomba_msgs/srv/detail/priority__struct.hpp
[1.027s] -- Up-to-date: /home/druloko/ws_roomba/install/roomba_msgs/include/roomba_msgs/roomba_msgs/srv/detail/priority__type_support.hpp
[1.028s] -- Up-to-date: /home/druloko/ws_roomba/install/roomba_msgs/include/roomba_msgs/roomba_msgs/srv/detail/reconfigure__traits.hpp
[1.028s] -- Up-to-date: /home/druloko/ws_roomba/install/roomba_msgs/include/roomba_msgs/roomba_msgs/srv/detail/reconfigure__struct.hpp
[1.028s] -- Up-to-date: /home/druloko/ws_roomba/install/roomba_msgs/include/roomba_msgs/roomba_msgs/srv/reconfigure.hpp
[1.028s] -- Up-to-date: /home/druloko/ws_roomba/install/roomba_msgs/include/roomba_msgs/roomba_msgs/msg
[1.028s] -- Up-to-date: /home/druloko/ws_roomba/install/roomba_msgs/include/roomba_msgs/roomba_msgs/msg/movement.hpp
[1.028s] -- Up-to-date: /home/druloko/ws_roomba/install/roomba_msgs/include/roomba_msgs/roomba_msgs/msg/rosidl_generator_cpp__visibility_control.hpp
[1.029s] -- Up-to-date: /home/druloko/ws_roomba/install/roomba_msgs/include/roomba_msgs/roomba_msgs/msg/misc.hpp
[1.029s] -- Up-to-date: /home/druloko/ws_roomba/install/roomba_msgs/include/roomba_msgs/roomba_msgs/msg/security.hpp
[1.029s] -- Up-to-date: /home/druloko/ws_roomba/install/roomba_msgs/include/roomba_msgs/roomba_msgs/msg/power.hpp
[1.029s] -- Up-to-date: /home/druloko/ws_roomba/install/roomba_msgs/include/roomba_msgs/roomba_msgs/msg/detail
[1.029s] -- Up-to-date: /home/druloko/ws_roomba/install/roomba_msgs/include/roomba_msgs/roomba_msgs/msg/detail/misc__builder.hpp
[1.029s] -- Up-to-date: /home/druloko/ws_roomba/install/roomba_msgs/include/roomba_msgs/roomba_msgs/msg/detail/security__builder.hpp
[1.029s] -- Up-to-date: /home/druloko/ws_roomba/install/roomba_msgs/include/roomba_msgs/roomba_msgs/msg/detail/power__traits.hpp
[1.030s] -- Up-to-date: /home/druloko/ws_roomba/install/roomba_msgs/include/roomba_msgs/roomba_msgs/msg/detail/movement__struct.hpp
[1.030s] -- Up-to-date: /home/druloko/ws_roomba/install/roomba_msgs/include/roomba_msgs/roomba_msgs/msg/detail/movement__traits.hpp
[1.030s] -- Up-to-date: /home/druloko/ws_roomba/install/roomba_msgs/include/roomba_msgs/roomba_msgs/msg/detail/state__struct.hpp
[1.030s] -- Up-to-date: /home/druloko/ws_roomba/install/roomba_msgs/include/roomba_msgs/roomba_msgs/msg/detail/power__struct.hpp
[1.030s] -- Up-to-date: /home/druloko/ws_roomba/install/roomba_msgs/include/roomba_msgs/roomba_msgs/msg/detail/power__builder.hpp
[1.031s] -- Up-to-date: /home/druloko/ws_roomba/install/roomba_msgs/include/roomba_msgs/roomba_msgs/msg/detail/security__type_support.hpp
[1.031s] -- Up-to-date: /home/druloko/ws_roomba/install/roomba_msgs/include/roomba_msgs/roomba_msgs/msg/detail/movement__type_support.hpp
[1.031s] -- Up-to-date: /home/druloko/ws_roomba/install/roomba_msgs/include/roomba_msgs/roomba_msgs/msg/detail/misc__traits.hpp
[1.031s] -- Up-to-date: /home/druloko/ws_roomba/install/roomba_msgs/include/roomba_msgs/roomba_msgs/msg/detail/misc__struct.hpp
[1.032s] -- Up-to-date: /home/druloko/ws_roomba/install/roomba_msgs/include/roomba_msgs/roomba_msgs/msg/detail/power__type_support.hpp
[1.032s] -- Up-to-date: /home/druloko/ws_roomba/install/roomba_msgs/include/roomba_msgs/roomba_msgs/msg/detail/state__traits.hpp
[1.032s] -- Up-to-date: /home/druloko/ws_roomba/install/roomba_msgs/include/roomba_msgs/roomba_msgs/msg/detail/state__builder.hpp
[1.032s] -- Up-to-date: /home/druloko/ws_roomba/install/roomba_msgs/include/roomba_msgs/roomba_msgs/msg/detail/movement__builder.hpp
[1.032s] -- Up-to-date: /home/druloko/ws_roomba/install/roomba_msgs/include/roomba_msgs/roomba_msgs/msg/detail/security__struct.hpp
[1.033s] -- Up-to-date: /home/druloko/ws_roomba/install/roomba_msgs/include/roomba_msgs/roomba_msgs/msg/detail/misc__type_support.hpp
[1.033s] -- Up-to-date: /home/druloko/ws_roomba/install/roomba_msgs/include/roomba_msgs/roomba_msgs/msg/detail/security__traits.hpp
[1.033s] -- Up-to-date: /home/druloko/ws_roomba/install/roomba_msgs/include/roomba_msgs/roomba_msgs/msg/detail/state__type_support.hpp
[1.033s] -- Up-to-date: /home/druloko/ws_roomba/install/roomba_msgs/include/roomba_msgs/roomba_msgs/msg/state.hpp
[1.033s] -- Up-to-date: /home/druloko/ws_roomba/install/roomba_msgs/include/roomba_msgs/roomba_msgs
[1.033s] -- Up-to-date: /home/druloko/ws_roomba/install/roomba_msgs/include/roomba_msgs/roomba_msgs/srv
[1.033s] -- Up-to-date: /home/druloko/ws_roomba/install/roomba_msgs/include/roomba_msgs/roomba_msgs/srv/detail
[1.033s] -- Up-to-date: /home/druloko/ws_roomba/install/roomba_msgs/include/roomba_msgs/roomba_msgs/srv/detail/dds_fastrtps
[1.033s] -- Up-to-date: /home/druloko/ws_roomba/install/roomba_msgs/include/roomba_msgs/roomba_msgs/srv/detail/priority__rosidl_typesupport_fastrtps_cpp.hpp
[1.033s] -- Up-to-date: /home/druloko/ws_roomba/install/roomba_msgs/include/roomba_msgs/roomba_msgs/srv/detail/reconfigure__rosidl_typesupport_fastrtps_cpp.hpp
[1.033s] -- Up-to-date: /home/druloko/ws_roomba/install/roomba_msgs/include/roomba_msgs/roomba_msgs/srv/detail/connect__rosidl_typesupport_fastrtps_cpp.hpp
[1.033s] -- Up-to-date: /home/druloko/ws_roomba/install/roomba_msgs/include/roomba_msgs/roomba_msgs/msg
[1.033s] -- Up-to-date: /home/druloko/ws_roomba/install/roomba_msgs/include/roomba_msgs/roomba_msgs/msg/rosidl_typesupport_fastrtps_cpp__visibility_control.h
[1.034s] -- Up-to-date: /home/druloko/ws_roomba/install/roomba_msgs/include/roomba_msgs/roomba_msgs/msg/detail
[1.034s] -- Up-to-date: /home/druloko/ws_roomba/install/roomba_msgs/include/roomba_msgs/roomba_msgs/msg/detail/dds_fastrtps
[1.034s] -- Up-to-date: /home/druloko/ws_roomba/install/roomba_msgs/include/roomba_msgs/roomba_msgs/msg/detail/state__rosidl_typesupport_fastrtps_cpp.hpp
[1.034s] -- Up-to-date: /home/druloko/ws_roomba/install/roomba_msgs/include/roomba_msgs/roomba_msgs/msg/detail/power__rosidl_typesupport_fastrtps_cpp.hpp
[1.034s] -- Up-to-date: /home/druloko/ws_roomba/install/roomba_msgs/include/roomba_msgs/roomba_msgs/msg/detail/misc__rosidl_typesupport_fastrtps_cpp.hpp
[1.034s] -- Up-to-date: /home/druloko/ws_roomba/install/roomba_msgs/include/roomba_msgs/roomba_msgs/msg/detail/movement__rosidl_typesupport_fastrtps_cpp.hpp
[1.035s] -- Up-to-date: /home/druloko/ws_roomba/install/roomba_msgs/include/roomba_msgs/roomba_msgs/msg/detail/security__rosidl_typesupport_fastrtps_cpp.hpp
[1.035s] -- Up-to-date: /home/druloko/ws_roomba/install/roomba_msgs/lib/libroomba_msgs__rosidl_typesupport_fastrtps_cpp.so
[1.035s] -- Up-to-date: /home/druloko/ws_roomba/install/roomba_msgs/include/roomba_msgs/roomba_msgs
[1.035s] -- Up-to-date: /home/druloko/ws_roomba/install/roomba_msgs/include/roomba_msgs/roomba_msgs/srv
[1.035s] -- Up-to-date: /home/druloko/ws_roomba/install/roomba_msgs/include/roomba_msgs/roomba_msgs/srv/detail
[1.036s] -- Up-to-date: /home/druloko/ws_roomba/install/roomba_msgs/include/roomba_msgs/roomba_msgs/srv/detail/connect__rosidl_typesupport_introspection_cpp.hpp
[1.036s] -- Up-to-date: /home/druloko/ws_roomba/install/roomba_msgs/include/roomba_msgs/roomba_msgs/srv/detail/priority__type_support.cpp
[1.036s] -- Up-to-date: /home/druloko/ws_roomba/install/roomba_msgs/include/roomba_msgs/roomba_msgs/srv/detail/reconfigure__type_support.cpp
[1.036s] -- Up-to-date: /home/druloko/ws_roomba/install/roomba_msgs/include/roomba_msgs/roomba_msgs/srv/detail/connect__type_support.cpp
[1.036s] -- Up-to-date: /home/druloko/ws_roomba/install/roomba_msgs/include/roomba_msgs/roomba_msgs/srv/detail/priority__rosidl_typesupport_introspection_cpp.hpp
[1.037s] -- Up-to-date: /home/druloko/ws_roomba/install/roomba_msgs/include/roomba_msgs/roomba_msgs/srv/detail/reconfigure__rosidl_typesupport_introspection_cpp.hpp
[1.037s] -- Up-to-date: /home/druloko/ws_roomba/install/roomba_msgs/include/roomba_msgs/roomba_msgs/msg
[1.037s] -- Up-to-date: /home/druloko/ws_roomba/install/roomba_msgs/include/roomba_msgs/roomba_msgs/msg/detail
[1.037s] -- Up-to-date: /home/druloko/ws_roomba/install/roomba_msgs/include/roomba_msgs/roomba_msgs/msg/detail/misc__rosidl_typesupport_introspection_cpp.hpp
[1.037s] -- Up-to-date: /home/druloko/ws_roomba/install/roomba_msgs/include/roomba_msgs/roomba_msgs/msg/detail/security__rosidl_typesupport_introspection_cpp.hpp
[1.037s] -- Up-to-date: /home/druloko/ws_roomba/install/roomba_msgs/include/roomba_msgs/roomba_msgs/msg/detail/state__type_support.cpp
[1.038s] -- Up-to-date: /home/druloko/ws_roomba/install/roomba_msgs/include/roomba_msgs/roomba_msgs/msg/detail/power__type_support.cpp
[1.038s] -- Up-to-date: /home/druloko/ws_roomba/install/roomba_msgs/include/roomba_msgs/roomba_msgs/msg/detail/misc__type_support.cpp
[1.038s] -- Up-to-date: /home/druloko/ws_roomba/install/roomba_msgs/include/roomba_msgs/roomba_msgs/msg/detail/power__rosidl_typesupport_introspection_cpp.hpp
[1.038s] -- Up-to-date: /home/druloko/ws_roomba/install/roomba_msgs/include/roomba_msgs/roomba_msgs/msg/detail/security__type_support.cpp
[1.038s] -- Up-to-date: /home/druloko/ws_roomba/install/roomba_msgs/include/roomba_msgs/roomba_msgs/msg/detail/state__rosidl_typesupport_introspection_cpp.hpp
[1.038s] -- Up-to-date: /home/druloko/ws_roomba/install/roomba_msgs/include/roomba_msgs/roomba_msgs/msg/detail/movement__type_support.cpp
[1.038s] -- Up-to-date: /home/druloko/ws_roomba/install/roomba_msgs/include/roomba_msgs/roomba_msgs/msg/detail/movement__rosidl_typesupport_introspection_cpp.hpp
[1.038s] -- Up-to-date: /home/druloko/ws_roomba/install/roomba_msgs/lib/libroomba_msgs__rosidl_typesupport_introspection_cpp.so
[1.040s] -- Up-to-date: /home/druloko/ws_roomba/install/roomba_msgs/lib/libroomba_msgs__rosidl_typesupport_cpp.so
[1.041s] -- Up-to-date: /home/druloko/ws_roomba/install/roomba_msgs/share/roomba_msgs/environment/pythonpath.sh
[1.041s] -- Up-to-date: /home/druloko/ws_roomba/install/roomba_msgs/share/roomba_msgs/environment/pythonpath.dsv
[1.041s] -- Up-to-date: /home/druloko/ws_roomba/install/roomba_msgs/lib/python3.12/site-packages/roomba_msgs-0.0.0-py3.12.egg-info
[1.041s] -- Installing: /home/druloko/ws_roomba/install/roomba_msgs/lib/python3.12/site-packages/roomba_msgs-0.0.0-py3.12.egg-info/top_level.txt
[1.042s] -- Installing: /home/druloko/ws_roomba/install/roomba_msgs/lib/python3.12/site-packages/roomba_msgs-0.0.0-py3.12.egg-info/PKG-INFO
[1.042s] -- Installing: /home/druloko/ws_roomba/install/roomba_msgs/lib/python3.12/site-packages/roomba_msgs-0.0.0-py3.12.egg-info/SOURCES.txt
[1.042s] -- Installing: /home/druloko/ws_roomba/install/roomba_msgs/lib/python3.12/site-packages/roomba_msgs-0.0.0-py3.12.egg-info/dependency_links.txt
[1.042s] -- Up-to-date: /home/druloko/ws_roomba/install/roomba_msgs/lib/python3.12/site-packages/roomba_msgs
[1.042s] -- Up-to-date: /home/druloko/ws_roomba/install/roomba_msgs/lib/python3.12/site-packages/roomba_msgs/roomba_msgs_s__rosidl_typesupport_fastrtps_c.so
[1.043s] -- Up-to-date: /home/druloko/ws_roomba/install/roomba_msgs/lib/python3.12/site-packages/roomba_msgs/roomba_msgs_s__rosidl_typesupport_introspection_c.so
[1.043s] -- Up-to-date: /home/druloko/ws_roomba/install/roomba_msgs/lib/python3.12/site-packages/roomba_msgs/roomba_msgs_s__rosidl_typesupport_c.so
[1.043s] -- Up-to-date: /home/druloko/ws_roomba/install/roomba_msgs/lib/python3.12/site-packages/roomba_msgs/_roomba_msgs_s.ep.rosidl_typesupport_introspection_c.c
[1.043s] -- Up-to-date: /home/druloko/ws_roomba/install/roomba_msgs/lib/python3.12/site-packages/roomba_msgs/_roomba_msgs_s.ep.rosidl_typesupport_c.c
[1.043s] -- Up-to-date: /home/druloko/ws_roomba/install/roomba_msgs/lib/python3.12/site-packages/roomba_msgs/_roomba_msgs_s.ep.rosidl_typesupport_fastrtps_c.c
[1.044s] -- Up-to-date: /home/druloko/ws_roomba/install/roomba_msgs/lib/python3.12/site-packages/roomba_msgs/__init__.py
[1.044s] -- Up-to-date: /home/druloko/ws_roomba/install/roomba_msgs/lib/python3.12/site-packages/roomba_msgs/srv
[1.044s] -- Up-to-date: /home/druloko/ws_roomba/install/roomba_msgs/lib/python3.12/site-packages/roomba_msgs/srv/__init__.py
[1.044s] -- Up-to-date: /home/druloko/ws_roomba/install/roomba_msgs/lib/python3.12/site-packages/roomba_msgs/srv/_reconfigure_s.c
[1.044s] -- Up-to-date: /home/druloko/ws_roomba/install/roomba_msgs/lib/python3.12/site-packages/roomba_msgs/srv/_connect_s.c
[1.044s] -- Up-to-date: /home/druloko/ws_roomba/install/roomba_msgs/lib/python3.12/site-packages/roomba_msgs/srv/_priority_s.c
[1.044s] -- Up-to-date: /home/druloko/ws_roomba/install/roomba_msgs/lib/python3.12/site-packages/roomba_msgs/srv/_priority.py
[1.044s] -- Up-to-date: /home/druloko/ws_roomba/install/roomba_msgs/lib/python3.12/site-packages/roomba_msgs/srv/_reconfigure.py
[1.044s] -- Up-to-date: /home/druloko/ws_roomba/install/roomba_msgs/lib/python3.12/site-packages/roomba_msgs/srv/_connect.py
[1.045s] -- Up-to-date: /home/druloko/ws_roomba/install/roomba_msgs/lib/python3.12/site-packages/roomba_msgs/msg
[1.045s] -- Up-to-date: /home/druloko/ws_roomba/install/roomba_msgs/lib/python3.12/site-packages/roomba_msgs/msg/_movement.py
[1.045s] -- Up-to-date: /home/druloko/ws_roomba/install/roomba_msgs/lib/python3.12/site-packages/roomba_msgs/msg/_misc_s.c
[1.045s] -- Up-to-date: /home/druloko/ws_roomba/install/roomba_msgs/lib/python3.12/site-packages/roomba_msgs/msg/_security_s.c
[1.045s] -- Up-to-date: /home/druloko/ws_roomba/install/roomba_msgs/lib/python3.12/site-packages/roomba_msgs/msg/_state.py
[1.045s] -- Up-to-date: /home/druloko/ws_roomba/install/roomba_msgs/lib/python3.12/site-packages/roomba_msgs/msg/__init__.py
[1.045s] -- Up-to-date: /home/druloko/ws_roomba/install/roomba_msgs/lib/python3.12/site-packages/roomba_msgs/msg/_misc.py
[1.045s] -- Up-to-date: /home/druloko/ws_roomba/install/roomba_msgs/lib/python3.12/site-packages/roomba_msgs/msg/_state_s.c
[1.045s] -- Up-to-date: /home/druloko/ws_roomba/install/roomba_msgs/lib/python3.12/site-packages/roomba_msgs/msg/_power_s.c
[1.045s] -- Up-to-date: /home/druloko/ws_roomba/install/roomba_msgs/lib/python3.12/site-packages/roomba_msgs/msg/_security.py
[1.045s] -- Up-to-date: /home/druloko/ws_roomba/install/roomba_msgs/lib/python3.12/site-packages/roomba_msgs/msg/_movement_s.c
[1.046s] -- Up-to-date: /home/druloko/ws_roomba/install/roomba_msgs/lib/python3.12/site-packages/roomba_msgs/msg/_power.py
[1.095s] Listing '/home/druloko/ws_roomba/install/roomba_msgs/lib/python3.12/site-packages/roomba_msgs'...
[1.096s] Listing '/home/druloko/ws_roomba/install/roomba_msgs/lib/python3.12/site-packages/roomba_msgs/msg'...
[1.096s] Listing '/home/druloko/ws_roomba/install/roomba_msgs/lib/python3.12/site-packages/roomba_msgs/srv'...
[1.105s] -- Up-to-date: /home/druloko/ws_roomba/install/roomba_msgs/lib/python3.12/site-packages/roomba_msgs/roomba_msgs_s__rosidl_typesupport_fastrtps_c.so
[1.107s] -- Up-to-date: /home/druloko/ws_roomba/install/roomba_msgs/lib/python3.12/site-packages/roomba_msgs/roomba_msgs_s__rosidl_typesupport_introspection_c.so
[1.107s] -- Up-to-date: /home/druloko/ws_roomba/install/roomba_msgs/lib/python3.12/site-packages/roomba_msgs/roomba_msgs_s__rosidl_typesupport_c.so
[1.108s] -- Up-to-date: /home/druloko/ws_roomba/install/roomba_msgs/lib/libroomba_msgs__rosidl_generator_py.so
[1.109s] -- Up-to-date: /home/druloko/ws_roomba/install/roomba_msgs/share/roomba_msgs/msg/Movement.idl
[1.109s] -- Up-to-date: /home/druloko/ws_roomba/install/roomba_msgs/share/roomba_msgs/msg/Security.idl
[1.109s] -- Up-to-date: /home/druloko/ws_roomba/install/roomba_msgs/share/roomba_msgs/msg/Power.idl
[1.110s] -- Up-to-date: /home/druloko/ws_roomba/install/roomba_msgs/share/roomba_msgs/msg/Misc.idl
[1.110s] -- Up-to-date: /home/druloko/ws_roomba/install/roomba_msgs/share/roomba_msgs/msg/State.idl
[1.111s] -- Up-to-date: /home/druloko/ws_roomba/install/roomba_msgs/share/roomba_msgs/srv/Connect.idl
[1.111s] -- Up-to-date: /home/druloko/ws_roomba/install/roomba_msgs/share/roomba_msgs/srv/Priority.idl
[1.111s] -- Up-to-date: /home/druloko/ws_roomba/install/roomba_msgs/share/roomba_msgs/srv/Reconfigure.idl
[1.112s] -- Up-to-date: /home/druloko/ws_roomba/install/roomba_msgs/share/roomba_msgs/msg/Movement.msg
[1.112s] -- Up-to-date: /home/druloko/ws_roomba/install/roomba_msgs/share/roomba_msgs/msg/Security.msg
[1.113s] -- Up-to-date: /home/druloko/ws_roomba/install/roomba_msgs/share/roomba_msgs/msg/Power.msg
[1.113s] -- Up-to-date: /home/druloko/ws_roomba/install/roomba_msgs/share/roomba_msgs/msg/Misc.msg
[1.113s] -- Up-to-date: /home/druloko/ws_roomba/install/roomba_msgs/share/roomba_msgs/msg/State.msg
[1.113s] -- Up-to-date: /home/druloko/ws_roomba/install/roomba_msgs/share/roomba_msgs/srv/Connect.srv
[1.114s] -- Up-to-date: /home/druloko/ws_roomba/install/roomba_msgs/share/roomba_msgs/srv/Priority.srv
[1.114s] -- Up-to-date: /home/druloko/ws_roomba/install/roomba_msgs/share/roomba_msgs/srv/Reconfigure.srv
[1.114s] -- Up-to-date: /home/druloko/ws_roomba/install/roomba_msgs/share/ament_index/resource_index/package_run_dependencies/roomba_msgs
[1.115s] -- Up-to-date: /home/druloko/ws_roomba/install/roomba_msgs/share/ament_index/resource_index/parent_prefix_path/roomba_msgs
[1.115s] -- Up-to-date: /home/druloko/ws_roomba/install/roomba_msgs/share/roomba_msgs/environment/ament_prefix_path.sh
[1.115s] -- Up-to-date: /home/druloko/ws_roomba/install/roomba_msgs/share/roomba_msgs/environment/ament_prefix_path.dsv
[1.115s] -- Up-to-date: /home/druloko/ws_roomba/install/roomba_msgs/share/roomba_msgs/environment/path.sh
[1.116s] -- Up-to-date: /home/druloko/ws_roomba/install/roomba_msgs/share/roomba_msgs/environment/path.dsv
[1.116s] -- Up-to-date: /home/druloko/ws_roomba/install/roomba_msgs/share/roomba_msgs/local_setup.bash
[1.116s] -- Up-to-date: /home/druloko/ws_roomba/install/roomba_msgs/share/roomba_msgs/local_setup.sh
[1.116s] -- Up-to-date: /home/druloko/ws_roomba/install/roomba_msgs/share/roomba_msgs/local_setup.zsh
[1.117s] -- Up-to-date: /home/druloko/ws_roomba/install/roomba_msgs/share/roomba_msgs/local_setup.dsv
[1.117s] -- Installing: /home/druloko/ws_roomba/install/roomba_msgs/share/roomba_msgs/package.dsv
[1.117s] -- Up-to-date: /home/druloko/ws_roomba/install/roomba_msgs/share/ament_index/resource_index/packages/roomba_msgs
[1.118s] -- Up-to-date: /home/druloko/ws_roomba/install/roomba_msgs/share/roomba_msgs/cmake/export_roomba_msgs__rosidl_generator_cExport.cmake
[1.118s] -- Up-to-date: /home/druloko/ws_roomba/install/roomba_msgs/share/roomba_msgs/cmake/export_roomba_msgs__rosidl_generator_cExport-noconfig.cmake
[1.118s] -- Up-to-date: /home/druloko/ws_roomba/install/roomba_msgs/share/roomba_msgs/cmake/export_roomba_msgs__rosidl_typesupport_fastrtps_cExport.cmake
[1.118s] -- Up-to-date: /home/druloko/ws_roomba/install/roomba_msgs/share/roomba_msgs/cmake/export_roomba_msgs__rosidl_typesupport_fastrtps_cExport-noconfig.cmake
[1.118s] -- Up-to-date: /home/druloko/ws_roomba/install/roomba_msgs/share/roomba_msgs/cmake/roomba_msgs__rosidl_typesupport_introspection_cExport.cmake
[1.119s] -- Up-to-date: /home/druloko/ws_roomba/install/roomba_msgs/share/roomba_msgs/cmake/roomba_msgs__rosidl_typesupport_introspection_cExport-noconfig.cmake
[1.119s] -- Up-to-date: /home/druloko/ws_roomba/install/roomba_msgs/share/roomba_msgs/cmake/roomba_msgs__rosidl_typesupport_cExport.cmake
[1.119s] -- Up-to-date: /home/druloko/ws_roomba/install/roomba_msgs/share/roomba_msgs/cmake/roomba_msgs__rosidl_typesupport_cExport-noconfig.cmake
[1.120s] -- Up-to-date: /home/druloko/ws_roomba/install/roomba_msgs/share/roomba_msgs/cmake/export_roomba_msgs__rosidl_generator_cppExport.cmake
[1.122s] -- Up-to-date: /home/druloko/ws_roomba/install/roomba_msgs/share/roomba_msgs/cmake/export_roomba_msgs__rosidl_typesupport_fastrtps_cppExport.cmake
[1.122s] -- Up-to-date: /home/druloko/ws_roomba/install/roomba_msgs/share/roomba_msgs/cmake/export_roomba_msgs__rosidl_typesupport_fastrtps_cppExport-noconfig.cmake
[1.123s] -- Up-to-date: /home/druloko/ws_roomba/install/roomba_msgs/share/roomba_msgs/cmake/roomba_msgs__rosidl_typesupport_introspection_cppExport.cmake
[1.123s] -- Up-to-date: /home/druloko/ws_roomba/install/roomba_msgs/share/roomba_msgs/cmake/roomba_msgs__rosidl_typesupport_introspection_cppExport-noconfig.cmake
[1.124s] -- Up-to-date: /home/druloko/ws_roomba/install/roomba_msgs/share/roomba_msgs/cmake/roomba_msgs__rosidl_typesupport_cppExport.cmake
[1.125s] -- Up-to-date: /home/druloko/ws_roomba/install/roomba_msgs/share/roomba_msgs/cmake/roomba_msgs__rosidl_typesupport_cppExport-noconfig.cmake
[1.126s] -- Up-to-date: /home/druloko/ws_roomba/install/roomba_msgs/share/roomba_msgs/cmake/export_roomba_msgs__rosidl_generator_pyExport.cmake
[1.126s] -- Up-to-date: /home/druloko/ws_roomba/install/roomba_msgs/share/roomba_msgs/cmake/export_roomba_msgs__rosidl_generator_pyExport-noconfig.cmake
[1.126s] -- Up-to-date: /home/druloko/ws_roomba/install/roomba_msgs/share/roomba_msgs/cmake/rosidl_cmake-extras.cmake
[1.127s] -- Up-to-date: /home/druloko/ws_roomba/install/roomba_msgs/share/roomba_msgs/cmake/ament_cmake_export_dependencies-extras.cmake
[1.127s] -- Up-to-date: /home/druloko/ws_roomba/install/roomba_msgs/share/roomba_msgs/cmake/ament_cmake_export_include_directories-extras.cmake
[1.127s] -- Up-to-date: /home/druloko/ws_roomba/install/roomba_msgs/share/roomba_msgs/cmake/ament_cmake_export_libraries-extras.cmake
[1.127s] -- Up-to-date: /home/druloko/ws_roomba/install/roomba_msgs/share/roomba_msgs/cmake/ament_cmake_export_targets-extras.cmake
[1.127s] -- Up-to-date: /home/druloko/ws_roomba/install/roomba_msgs/share/roomba_msgs/cmake/rosidl_cmake_export_typesupport_targets-extras.cmake
[1.128s] -- Up-to-date: /home/druloko/ws_roomba/install/roomba_msgs/share/roomba_msgs/cmake/rosidl_cmake_export_typesupport_libraries-extras.cmake
[1.128s] -- Up-to-date: /home/druloko/ws_roomba/install/roomba_msgs/share/roomba_msgs/cmake/roomba_msgsConfig.cmake
[1.128s] -- Up-to-date: /home/druloko/ws_roomba/install/roomba_msgs/share/roomba_msgs/cmake/roomba_msgsConfig-version.cmake
[1.128s] -- Up-to-date: /home/druloko/ws_roomba/install/roomba_msgs/share/roomba_msgs/package.xml
[1.131s] Invoked command in '/home/druloko/ws_roomba/build/roomba_msgs' returned '0': CMAKE_PREFIX_PATH=${CMAKE_PREFIX_PATH}:/home/druloko/ws_roomba/install/robot_roomba:/opt/ros/rolling /usr/bin/cmake --install /home/druloko/ws_roomba/build/roomba_msgs
