[0.021s] Invoking command in '/home/druloko/ws_roomba/build/roomba_msgs': CMAKE_PREFIX_PATH=${CMAKE_PREFIX_PATH}:/home/druloko/ws_roomba/install/robot_roomba:/opt/ros/rolling /usr/bin/cmake --build /home/druloko/ws_roomba/build/roomba_msgs -- -j8 -l8
[0.117s] [  1%] Built target roomba_msgs__rosidl_generator_type_description
[0.136s] [  1%] Built target ament_cmake_python_copy_roomba_msgs
[0.159s] [  1%] Built target roomba_msgs__cpp
[0.174s] [ 26%] Built target roomba_msgs__rosidl_generator_c
[0.255s] [ 36%] Built target roomba_msgs__rosidl_typesupport_c
[0.257s] [ 50%] Built target roomba_msgs__rosidl_typesupport_fastrtps_cpp
[0.259s] [ 58%] Built target roomba_msgs__rosidl_typesupport_introspection_cpp
[0.259s] [ 80%] Built target roomba_msgs__rosidl_typesupport_fastrtps_c
[0.261s] [ 84%] Built target roomba_msgs__rosidl_typesupport_introspection_c
[0.261s] [ 84%] Built target roomba_msgs__rosidl_typesupport_cpp
[0.301s] [ 84%] Built target roomba_msgs
[0.357s] [ 85%] Built target roomba_msgs__py
[0.400s] [ 94%] Built target roomba_msgs__rosidl_generator_py
[0.445s] [ 96%] Built target roomba_msgs_s__rosidl_typesupport_fastrtps_c
[0.447s] [100%] Built target roomba_msgs_s__rosidl_typesupport_introspection_c
[0.447s] [100%] Built target roomba_msgs_s__rosidl_typesupport_c
[0.605s] running egg_info
[0.640s] writing roomba_msgs.egg-info/PKG-INFO
[0.640s] writing dependency_links to roomba_msgs.egg-info/dependency_links.txt
[0.641s] writing top-level names to roomba_msgs.egg-info/top_level.txt
[0.729s] reading manifest file 'roomba_msgs.egg-info/SOURCES.txt'
[0.730s] writing manifest file 'roomba_msgs.egg-info/SOURCES.txt'
[0.775s] [100%] Built target ament_cmake_python_build_roomba_msgs_egg
[0.797s] Invoked command in '/home/druloko/ws_roomba/build/roomba_msgs' returned '0': CMAKE_PREFIX_PATH=${CMAKE_PREFIX_PATH}:/home/druloko/ws_roomba/install/robot_roomba:/opt/ros/rolling /usr/bin/cmake --build /home/druloko/ws_roomba/build/roomba_msgs -- -j8 -l8
[0.817s] Invoking command in '/home/druloko/ws_roomba/build/roomba_msgs': CMAKE_PREFIX_PATH=${CMAKE_PREFIX_PATH}:/home/druloko/ws_roomba/install/robot_roomba:/opt/ros/rolling /usr/bin/cmake --install /home/druloko/ws_roomba/build/roomba_msgs
[0.833s] -- Install configuration: ""
[0.833s] -- Up-to-date: /home/druloko/ws_roomba/install/roomba_msgs/share/ament_index/resource_index/rosidl_interfaces/roomba_msgs
[0.834s] -- Up-to-date: /home/druloko/ws_roomba/install/roomba_msgs/share/roomba_msgs/msg/Movement.json
[0.834s] -- Up-to-date: /home/druloko/ws_roomba/install/roomba_msgs/share/roomba_msgs/msg/Security.json
[0.834s] -- Up-to-date: /home/druloko/ws_roomba/install/roomba_msgs/share/roomba_msgs/msg/Power.json
[0.835s] -- Up-to-date: /home/druloko/ws_roomba/install/roomba_msgs/share/roomba_msgs/msg/Misc.json
[0.835s] -- Up-to-date: /home/druloko/ws_roomba/install/roomba_msgs/share/roomba_msgs/msg/State.json
[0.836s] -- Up-to-date: /home/druloko/ws_roomba/install/roomba_msgs/share/roomba_msgs/srv/Connect.json
[0.836s] -- Up-to-date: /home/druloko/ws_roomba/install/roomba_msgs/share/roomba_msgs/srv/Priority.json
[0.837s] -- Up-to-date: /home/druloko/ws_roomba/install/roomba_msgs/share/roomba_msgs/srv/Reconfigure.json
[0.837s] -- Up-to-date: /home/druloko/ws_roomba/install/roomba_msgs/include/roomba_msgs/roomba_msgs
[0.837s] -- Up-to-date: /home/druloko/ws_roomba/install/roomba_msgs/include/roomba_msgs/roomba_msgs/srv
[0.838s] -- Up-to-date: /home/druloko/ws_roomba/install/roomba_msgs/include/roomba_msgs/roomba_msgs/srv/connect.h
[0.838s] -- Up-to-date: /home/druloko/ws_roomba/install/roomba_msgs/include/roomba_msgs/roomba_msgs/srv/reconfigure.h
[0.838s] -- Up-to-date: /home/druloko/ws_roomba/install/roomba_msgs/include/roomba_msgs/roomba_msgs/srv/detail
[0.838s] -- Installing: /home/druloko/ws_roomba/install/roomba_msgs/include/roomba_msgs/roomba_msgs/srv/detail/priority__type_support.c
[0.839s] -- Up-to-date: /home/druloko/ws_roomba/install/roomba_msgs/include/roomba_msgs/roomba_msgs/srv/detail/priority__functions.c
[0.840s] -- Up-to-date: /home/druloko/ws_roomba/install/roomba_msgs/include/roomba_msgs/roomba_msgs/srv/detail/reconfigure__type_support.h
[0.840s] -- Up-to-date: /home/druloko/ws_roomba/install/roomba_msgs/include/roomba_msgs/roomba_msgs/srv/detail/reconfigure__functions.c
[0.840s] -- Up-to-date: /home/druloko/ws_roomba/install/roomba_msgs/include/roomba_msgs/roomba_msgs/srv/detail/connect__functions.h
[0.840s] -- Up-to-date: /home/druloko/ws_roomba/install/roomba_msgs/include/roomba_msgs/roomba_msgs/srv/detail/reconfigure__struct.h
[0.841s] -- Installing: /home/druloko/ws_roomba/install/roomba_msgs/include/roomba_msgs/roomba_msgs/srv/detail/reconfigure__type_support.c
[0.841s] -- Installing: /home/druloko/ws_roomba/install/roomba_msgs/include/roomba_msgs/roomba_msgs/srv/detail/connect__type_support.c
[0.842s] -- Up-to-date: /home/druloko/ws_roomba/install/roomba_msgs/include/roomba_msgs/roomba_msgs/srv/detail/priority__type_support.h
[0.842s] -- Up-to-date: /home/druloko/ws_roomba/install/roomba_msgs/include/roomba_msgs/roomba_msgs/srv/detail/reconfigure__functions.h
[0.842s] -- Up-to-date: /home/druloko/ws_roomba/install/roomba_msgs/include/roomba_msgs/roomba_msgs/srv/detail/priority__struct.h
[0.843s] -- Up-to-date: /home/druloko/ws_roomba/install/roomba_msgs/include/roomba_msgs/roomba_msgs/srv/detail/connect__struct.h
[0.843s] -- Up-to-date: /home/druloko/ws_roomba/install/roomba_msgs/include/roomba_msgs/roomba_msgs/srv/detail/connect__functions.c
[0.843s] -- Up-to-date: /home/druloko/ws_roomba/install/roomba_msgs/include/roomba_msgs/roomba_msgs/srv/detail/connect__type_support.h
[0.844s] -- Up-to-date: /home/druloko/ws_roomba/install/roomba_msgs/include/roomba_msgs/roomba_msgs/srv/detail/connect__description.c
[0.844s] -- Up-to-date: /home/druloko/ws_roomba/install/roomba_msgs/include/roomba_msgs/roomba_msgs/srv/detail/priority__functions.h
[0.845s] -- Up-to-date: /home/druloko/ws_roomba/install/roomba_msgs/include/roomba_msgs/roomba_msgs/srv/detail/reconfigure__description.c
[0.845s] -- Up-to-date: /home/druloko/ws_roomba/install/roomba_msgs/include/roomba_msgs/roomba_msgs/srv/detail/priority__description.c
[0.845s] -- Up-to-date: /home/druloko/ws_roomba/install/roomba_msgs/include/roomba_msgs/roomba_msgs/srv/priority.h
[0.846s] -- Up-to-date: /home/druloko/ws_roomba/install/roomba_msgs/include/roomba_msgs/roomba_msgs/msg
[0.846s] -- Up-to-date: /home/druloko/ws_roomba/install/roomba_msgs/include/roomba_msgs/roomba_msgs/msg/state.h
[0.847s] -- Up-to-date: /home/druloko/ws_roomba/install/roomba_msgs/include/roomba_msgs/roomba_msgs/msg/security.h
[0.847s] -- Up-to-date: /home/druloko/ws_roomba/install/roomba_msgs/include/roomba_msgs/roomba_msgs/msg/detail
[0.848s] -- Up-to-date: /home/druloko/ws_roomba/install/roomba_msgs/include/roomba_msgs/roomba_msgs/msg/detail/security__struct.h
[0.848s] -- Installing: /home/druloko/ws_roomba/install/roomba_msgs/include/roomba_msgs/roomba_msgs/msg/detail/movement__type_support.c
[0.848s] -- Up-to-date: /home/druloko/ws_roomba/install/roomba_msgs/include/roomba_msgs/roomba_msgs/msg/detail/state__functions.h
[0.848s] -- Up-to-date: /home/druloko/ws_roomba/install/roomba_msgs/include/roomba_msgs/roomba_msgs/msg/detail/movement__type_support.h
[0.849s] -- Installing: /home/druloko/ws_roomba/install/roomba_msgs/include/roomba_msgs/roomba_msgs/msg/detail/misc__type_support.c
[0.849s] -- Up-to-date: /home/druloko/ws_roomba/install/roomba_msgs/include/roomba_msgs/roomba_msgs/msg/detail/state__struct.h
[0.849s] -- Up-to-date: /home/druloko/ws_roomba/install/roomba_msgs/include/roomba_msgs/roomba_msgs/msg/detail/misc__type_support.h
[0.850s] -- Up-to-date: /home/druloko/ws_roomba/install/roomba_msgs/include/roomba_msgs/roomba_msgs/msg/detail/movement__functions.c
[0.850s] -- Up-to-date: /home/druloko/ws_roomba/install/roomba_msgs/include/roomba_msgs/roomba_msgs/msg/detail/power__type_support.h
[0.850s] -- Up-to-date: /home/druloko/ws_roomba/install/roomba_msgs/include/roomba_msgs/roomba_msgs/msg/detail/movement__description.c
[0.851s] -- Up-to-date: /home/druloko/ws_roomba/install/roomba_msgs/include/roomba_msgs/roomba_msgs/msg/detail/power__description.c
[0.851s] -- Installing: /home/druloko/ws_roomba/install/roomba_msgs/include/roomba_msgs/roomba_msgs/msg/detail/power__type_support.c
[0.851s] -- Up-to-date: /home/druloko/ws_roomba/install/roomba_msgs/include/roomba_msgs/roomba_msgs/msg/detail/power__functions.c
[0.852s] -- Up-to-date: /home/druloko/ws_roomba/install/roomba_msgs/include/roomba_msgs/roomba_msgs/msg/detail/movement__functions.h
[0.852s] -- Up-to-date: /home/druloko/ws_roomba/install/roomba_msgs/include/roomba_msgs/roomba_msgs/msg/detail/misc__functions.c
[0.852s] -- Up-to-date: /home/druloko/ws_roomba/install/roomba_msgs/include/roomba_msgs/roomba_msgs/msg/detail/security__functions.h
[0.852s] -- Up-to-date: /home/druloko/ws_roomba/install/roomba_msgs/include/roomba_msgs/roomba_msgs/msg/detail/movement__struct.h
[0.853s] -- Up-to-date: /home/druloko/ws_roomba/install/roomba_msgs/include/roomba_msgs/roomba_msgs/msg/detail/misc__struct.h
[0.853s] -- Up-to-date: /home/druloko/ws_roomba/install/roomba_msgs/include/roomba_msgs/roomba_msgs/msg/detail/power__struct.h
[0.853s] -- Up-to-date: /home/druloko/ws_roomba/install/roomba_msgs/include/roomba_msgs/roomba_msgs/msg/detail/security__type_support.h
[0.853s] -- Up-to-date: /home/druloko/ws_roomba/install/roomba_msgs/include/roomba_msgs/roomba_msgs/msg/detail/state__description.c
[0.854s] -- Up-to-date: /home/druloko/ws_roomba/install/roomba_msgs/include/roomba_msgs/roomba_msgs/msg/detail/state__functions.c
[0.854s] -- Installing: /home/druloko/ws_roomba/install/roomba_msgs/include/roomba_msgs/roomba_msgs/msg/detail/state__type_support.c
[0.855s] -- Up-to-date: /home/druloko/ws_roomba/install/roomba_msgs/include/roomba_msgs/roomba_msgs/msg/detail/security__functions.c
[0.855s] -- Up-to-date: /home/druloko/ws_roomba/install/roomba_msgs/include/roomba_msgs/roomba_msgs/msg/detail/state__type_support.h
[0.856s] -- Up-to-date: /home/druloko/ws_roomba/install/roomba_msgs/include/roomba_msgs/roomba_msgs/msg/detail/misc__description.c
[0.856s] -- Installing: /home/druloko/ws_roomba/install/roomba_msgs/include/roomba_msgs/roomba_msgs/msg/detail/security__type_support.c
[0.856s] -- Up-to-date: /home/druloko/ws_roomba/install/roomba_msgs/include/roomba_msgs/roomba_msgs/msg/detail/security__description.c
[0.856s] -- Up-to-date: /home/druloko/ws_roomba/install/roomba_msgs/include/roomba_msgs/roomba_msgs/msg/detail/power__functions.h
[0.856s] -- Up-to-date: /home/druloko/ws_roomba/install/roomba_msgs/include/roomba_msgs/roomba_msgs/msg/detail/misc__functions.h
[0.857s] -- Up-to-date: /home/druloko/ws_roomba/install/roomba_msgs/include/roomba_msgs/roomba_msgs/msg/movement.h
[0.857s] -- Up-to-date: /home/druloko/ws_roomba/install/roomba_msgs/include/roomba_msgs/roomba_msgs/msg/misc.h
[0.857s] -- Up-to-date: /home/druloko/ws_roomba/install/roomba_msgs/include/roomba_msgs/roomba_msgs/msg/power.h
[0.857s] -- Up-to-date: /home/druloko/ws_roomba/install/roomba_msgs/include/roomba_msgs/roomba_msgs/msg/rosidl_generator_c__visibility_control.h
[0.857s] -- Up-to-date: /home/druloko/ws_roomba/install/roomba_msgs/share/roomba_msgs/environment/library_path.sh
[0.857s] -- Up-to-date: /home/druloko/ws_roomba/install/roomba_msgs/share/roomba_msgs/environment/library_path.dsv
[0.857s] -- Up-to-date: /home/druloko/ws_roomba/install/roomba_msgs/lib/libroomba_msgs__rosidl_generator_c.so
[0.857s] -- Up-to-date: /home/druloko/ws_roomba/install/roomba_msgs/include/roomba_msgs/roomba_msgs
[0.857s] -- Up-to-date: /home/druloko/ws_roomba/install/roomba_msgs/include/roomba_msgs/roomba_msgs/srv
[0.857s] -- Up-to-date: /home/druloko/ws_roomba/install/roomba_msgs/include/roomba_msgs/roomba_msgs/srv/detail
[0.858s] -- Up-to-date: /home/druloko/ws_roomba/install/roomba_msgs/include/roomba_msgs/roomba_msgs/srv/detail/connect__rosidl_typesupport_fastrtps_c.h
[0.858s] -- Up-to-date: /home/druloko/ws_roomba/install/roomba_msgs/include/roomba_msgs/roomba_msgs/srv/detail/reconfigure__rosidl_typesupport_fastrtps_c.h
[0.858s] -- Up-to-date: /home/druloko/ws_roomba/install/roomba_msgs/include/roomba_msgs/roomba_msgs/srv/detail/priority__rosidl_typesupport_fastrtps_c.h
[0.858s] -- Up-to-date: /home/druloko/ws_roomba/install/roomba_msgs/include/roomba_msgs/roomba_msgs/msg
[0.858s] -- Up-to-date: /home/druloko/ws_roomba/install/roomba_msgs/include/roomba_msgs/roomba_msgs/msg/detail
[0.858s] -- Up-to-date: /home/druloko/ws_roomba/install/roomba_msgs/include/roomba_msgs/roomba_msgs/msg/detail/security__rosidl_typesupport_fastrtps_c.h
[0.858s] -- Up-to-date: /home/druloko/ws_roomba/install/roomba_msgs/include/roomba_msgs/roomba_msgs/msg/detail/power__rosidl_typesupport_fastrtps_c.h
[0.858s] -- Up-to-date: /home/druloko/ws_roomba/install/roomba_msgs/include/roomba_msgs/roomba_msgs/msg/detail/misc__rosidl_typesupport_fastrtps_c.h
[0.858s] -- Up-to-date: /home/druloko/ws_roomba/install/roomba_msgs/include/roomba_msgs/roomba_msgs/msg/detail/state__rosidl_typesupport_fastrtps_c.h
[0.859s] -- Up-to-date: /home/druloko/ws_roomba/install/roomba_msgs/include/roomba_msgs/roomba_msgs/msg/detail/movement__rosidl_typesupport_fastrtps_c.h
[0.859s] -- Up-to-date: /home/druloko/ws_roomba/install/roomba_msgs/include/roomba_msgs/roomba_msgs/msg/rosidl_typesupport_fastrtps_c__visibility_control.h
[0.859s] -- Up-to-date: /home/druloko/ws_roomba/install/roomba_msgs/lib/libroomba_msgs__rosidl_typesupport_fastrtps_c.so
[0.859s] -- Up-to-date: /home/druloko/ws_roomba/install/roomba_msgs/include/roomba_msgs/roomba_msgs
[0.859s] -- Up-to-date: /home/druloko/ws_roomba/install/roomba_msgs/include/roomba_msgs/roomba_msgs/srv
[0.859s] -- Up-to-date: /home/druloko/ws_roomba/install/roomba_msgs/include/roomba_msgs/roomba_msgs/srv/detail
[0.859s] -- Up-to-date: /home/druloko/ws_roomba/install/roomba_msgs/include/roomba_msgs/roomba_msgs/srv/detail/priority__rosidl_typesupport_introspection_c.h
[0.859s] -- Installing: /home/druloko/ws_roomba/install/roomba_msgs/include/roomba_msgs/roomba_msgs/srv/detail/priority__type_support.c
[0.860s] -- Up-to-date: /home/druloko/ws_roomba/install/roomba_msgs/include/roomba_msgs/roomba_msgs/srv/detail/connect__rosidl_typesupport_introspection_c.h
[0.860s] -- Installing: /home/druloko/ws_roomba/install/roomba_msgs/include/roomba_msgs/roomba_msgs/srv/detail/reconfigure__type_support.c
[0.860s] -- Installing: /home/druloko/ws_roomba/install/roomba_msgs/include/roomba_msgs/roomba_msgs/srv/detail/connect__type_support.c
[0.860s] -- Up-to-date: /home/druloko/ws_roomba/install/roomba_msgs/include/roomba_msgs/roomba_msgs/srv/detail/reconfigure__rosidl_typesupport_introspection_c.h
[0.860s] -- Up-to-date: /home/druloko/ws_roomba/install/roomba_msgs/include/roomba_msgs/roomba_msgs/msg
[0.860s] -- Up-to-date: /home/druloko/ws_roomba/install/roomba_msgs/include/roomba_msgs/roomba_msgs/msg/detail
[0.860s] -- Installing: /home/druloko/ws_roomba/install/roomba_msgs/include/roomba_msgs/roomba_msgs/msg/detail/movement__type_support.c
[0.860s] -- Installing: /home/druloko/ws_roomba/install/roomba_msgs/include/roomba_msgs/roomba_msgs/msg/detail/misc__type_support.c
[0.860s] -- Up-to-date: /home/druloko/ws_roomba/install/roomba_msgs/include/roomba_msgs/roomba_msgs/msg/detail/misc__rosidl_typesupport_introspection_c.h
[0.861s] -- Up-to-date: /home/druloko/ws_roomba/install/roomba_msgs/include/roomba_msgs/roomba_msgs/msg/detail/power__rosidl_typesupport_introspection_c.h
[0.861s] -- Installing: /home/druloko/ws_roomba/install/roomba_msgs/include/roomba_msgs/roomba_msgs/msg/detail/power__type_support.c
[0.861s] -- Up-to-date: /home/druloko/ws_roomba/install/roomba_msgs/include/roomba_msgs/roomba_msgs/msg/detail/state__rosidl_typesupport_introspection_c.h
[0.861s] -- Installing: /home/druloko/ws_roomba/install/roomba_msgs/include/roomba_msgs/roomba_msgs/msg/detail/state__type_support.c
[0.861s] -- Up-to-date: /home/druloko/ws_roomba/install/roomba_msgs/include/roomba_msgs/roomba_msgs/msg/detail/security__rosidl_typesupport_introspection_c.h
[0.861s] -- Installing: /home/druloko/ws_roomba/install/roomba_msgs/include/roomba_msgs/roomba_msgs/msg/detail/security__type_support.c
[0.861s] -- Up-to-date: /home/druloko/ws_roomba/install/roomba_msgs/include/roomba_msgs/roomba_msgs/msg/detail/movement__rosidl_typesupport_introspection_c.h
[0.861s] -- Up-to-date: /home/druloko/ws_roomba/install/roomba_msgs/include/roomba_msgs/roomba_msgs/msg/rosidl_typesupport_introspection_c__visibility_control.h
[0.861s] -- Up-to-date: /home/druloko/ws_roomba/install/roomba_msgs/lib/libroomba_msgs__rosidl_typesupport_introspection_c.so
[0.862s] -- Up-to-date: /home/druloko/ws_roomba/install/roomba_msgs/lib/libroomba_msgs__rosidl_typesupport_c.so
[0.862s] -- Up-to-date: /home/druloko/ws_roomba/install/roomba_msgs/include/roomba_msgs/roomba_msgs
[0.862s] -- Up-to-date: /home/druloko/ws_roomba/install/roomba_msgs/include/roomba_msgs/roomba_msgs/srv
[0.862s] -- Up-to-date: /home/druloko/ws_roomba/install/roomba_msgs/include/roomba_msgs/roomba_msgs/srv/priority.hpp
[0.862s] -- Up-to-date: /home/druloko/ws_roomba/install/roomba_msgs/include/roomba_msgs/roomba_msgs/srv/connect.hpp
[0.862s] -- Up-to-date: /home/druloko/ws_roomba/install/roomba_msgs/include/roomba_msgs/roomba_msgs/srv/detail
[0.862s] -- Up-to-date: /home/druloko/ws_roomba/install/roomba_msgs/include/roomba_msgs/roomba_msgs/srv/detail/connect__struct.hpp
[0.862s] -- Up-to-date: /home/druloko/ws_roomba/install/roomba_msgs/include/roomba_msgs/roomba_msgs/srv/detail/priority__builder.hpp
[0.862s] -- Up-to-date: /home/druloko/ws_roomba/install/roomba_msgs/include/roomba_msgs/roomba_msgs/srv/detail/connect__type_support.hpp
[0.862s] -- Up-to-date: /home/druloko/ws_roomba/install/roomba_msgs/include/roomba_msgs/roomba_msgs/srv/detail/connect__traits.hpp
[0.863s] -- Up-to-date: /home/druloko/ws_roomba/install/roomba_msgs/include/roomba_msgs/roomba_msgs/srv/detail/priority__traits.hpp
[0.863s] -- Up-to-date: /home/druloko/ws_roomba/install/roomba_msgs/include/roomba_msgs/roomba_msgs/srv/detail/reconfigure__type_support.hpp
[0.863s] -- Up-to-date: /home/druloko/ws_roomba/install/roomba_msgs/include/roomba_msgs/roomba_msgs/srv/detail/connect__builder.hpp
[0.863s] -- Up-to-date: /home/druloko/ws_roomba/install/roomba_msgs/include/roomba_msgs/roomba_msgs/srv/detail/reconfigure__builder.hpp
[0.863s] -- Up-to-date: /home/druloko/ws_roomba/install/roomba_msgs/include/roomba_msgs/roomba_msgs/srv/detail/priority__struct.hpp
[0.863s] -- Up-to-date: /home/druloko/ws_roomba/install/roomba_msgs/include/roomba_msgs/roomba_msgs/srv/detail/priority__type_support.hpp
[0.863s] -- Up-to-date: /home/druloko/ws_roomba/install/roomba_msgs/include/roomba_msgs/roomba_msgs/srv/detail/reconfigure__traits.hpp
[0.863s] -- Up-to-date: /home/druloko/ws_roomba/install/roomba_msgs/include/roomba_msgs/roomba_msgs/srv/detail/reconfigure__struct.hpp
[0.864s] -- Up-to-date: /home/druloko/ws_roomba/install/roomba_msgs/include/roomba_msgs/roomba_msgs/srv/reconfigure.hpp
[0.864s] -- Up-to-date: /home/druloko/ws_roomba/install/roomba_msgs/include/roomba_msgs/roomba_msgs/msg
[0.864s] -- Up-to-date: /home/druloko/ws_roomba/install/roomba_msgs/include/roomba_msgs/roomba_msgs/msg/movement.hpp
[0.864s] -- Up-to-date: /home/druloko/ws_roomba/install/roomba_msgs/include/roomba_msgs/roomba_msgs/msg/rosidl_generator_cpp__visibility_control.hpp
[0.864s] -- Up-to-date: /home/druloko/ws_roomba/install/roomba_msgs/include/roomba_msgs/roomba_msgs/msg/misc.hpp
[0.864s] -- Up-to-date: /home/druloko/ws_roomba/install/roomba_msgs/include/roomba_msgs/roomba_msgs/msg/security.hpp
[0.864s] -- Up-to-date: /home/druloko/ws_roomba/install/roomba_msgs/include/roomba_msgs/roomba_msgs/msg/power.hpp
[0.864s] -- Up-to-date: /home/druloko/ws_roomba/install/roomba_msgs/include/roomba_msgs/roomba_msgs/msg/detail
[0.864s] -- Up-to-date: /home/druloko/ws_roomba/install/roomba_msgs/include/roomba_msgs/roomba_msgs/msg/detail/misc__builder.hpp
[0.865s] -- Up-to-date: /home/druloko/ws_roomba/install/roomba_msgs/include/roomba_msgs/roomba_msgs/msg/detail/security__builder.hpp
[0.865s] -- Up-to-date: /home/druloko/ws_roomba/install/roomba_msgs/include/roomba_msgs/roomba_msgs/msg/detail/power__traits.hpp
[0.865s] -- Up-to-date: /home/druloko/ws_roomba/install/roomba_msgs/include/roomba_msgs/roomba_msgs/msg/detail/movement__struct.hpp
[0.865s] -- Up-to-date: /home/druloko/ws_roomba/install/roomba_msgs/include/roomba_msgs/roomba_msgs/msg/detail/movement__traits.hpp
[0.865s] -- Up-to-date: /home/druloko/ws_roomba/install/roomba_msgs/include/roomba_msgs/roomba_msgs/msg/detail/state__struct.hpp
[0.865s] -- Up-to-date: /home/druloko/ws_roomba/install/roomba_msgs/include/roomba_msgs/roomba_msgs/msg/detail/power__struct.hpp
[0.865s] -- Up-to-date: /home/druloko/ws_roomba/install/roomba_msgs/include/roomba_msgs/roomba_msgs/msg/detail/power__builder.hpp
[0.865s] -- Up-to-date: /home/druloko/ws_roomba/install/roomba_msgs/include/roomba_msgs/roomba_msgs/msg/detail/security__type_support.hpp
[0.865s] -- Up-to-date: /home/druloko/ws_roomba/install/roomba_msgs/include/roomba_msgs/roomba_msgs/msg/detail/movement__type_support.hpp
[0.865s] -- Up-to-date: /home/druloko/ws_roomba/install/roomba_msgs/include/roomba_msgs/roomba_msgs/msg/detail/misc__traits.hpp
[0.866s] -- Up-to-date: /home/druloko/ws_roomba/install/roomba_msgs/include/roomba_msgs/roomba_msgs/msg/detail/misc__struct.hpp
[0.866s] -- Up-to-date: /home/druloko/ws_roomba/install/roomba_msgs/include/roomba_msgs/roomba_msgs/msg/detail/power__type_support.hpp
[0.866s] -- Up-to-date: /home/druloko/ws_roomba/install/roomba_msgs/include/roomba_msgs/roomba_msgs/msg/detail/state__traits.hpp
[0.866s] -- Up-to-date: /home/druloko/ws_roomba/install/roomba_msgs/include/roomba_msgs/roomba_msgs/msg/detail/state__builder.hpp
[0.866s] -- Up-to-date: /home/druloko/ws_roomba/install/roomba_msgs/include/roomba_msgs/roomba_msgs/msg/detail/movement__builder.hpp
[0.866s] -- Up-to-date: /home/druloko/ws_roomba/install/roomba_msgs/include/roomba_msgs/roomba_msgs/msg/detail/security__struct.hpp
[0.866s] -- Up-to-date: /home/druloko/ws_roomba/install/roomba_msgs/include/roomba_msgs/roomba_msgs/msg/detail/misc__type_support.hpp
[0.867s] -- Up-to-date: /home/druloko/ws_roomba/install/roomba_msgs/include/roomba_msgs/roomba_msgs/msg/detail/security__traits.hpp
[0.867s] -- Up-to-date: /home/druloko/ws_roomba/install/roomba_msgs/include/roomba_msgs/roomba_msgs/msg/detail/state__type_support.hpp
[0.867s] -- Up-to-date: /home/druloko/ws_roomba/install/roomba_msgs/include/roomba_msgs/roomba_msgs/msg/state.hpp
[0.867s] -- Up-to-date: /home/druloko/ws_roomba/install/roomba_msgs/include/roomba_msgs/roomba_msgs
[0.867s] -- Up-to-date: /home/druloko/ws_roomba/install/roomba_msgs/include/roomba_msgs/roomba_msgs/srv
[0.867s] -- Up-to-date: /home/druloko/ws_roomba/install/roomba_msgs/include/roomba_msgs/roomba_msgs/srv/detail
[0.867s] -- Up-to-date: /home/druloko/ws_roomba/install/roomba_msgs/include/roomba_msgs/roomba_msgs/srv/detail/dds_fastrtps
[0.867s] -- Up-to-date: /home/druloko/ws_roomba/install/roomba_msgs/include/roomba_msgs/roomba_msgs/srv/detail/priority__rosidl_typesupport_fastrtps_cpp.hpp
[0.868s] -- Up-to-date: /home/druloko/ws_roomba/install/roomba_msgs/include/roomba_msgs/roomba_msgs/srv/detail/reconfigure__rosidl_typesupport_fastrtps_cpp.hpp
[0.868s] -- Up-to-date: /home/druloko/ws_roomba/install/roomba_msgs/include/roomba_msgs/roomba_msgs/srv/detail/connect__rosidl_typesupport_fastrtps_cpp.hpp
[0.868s] -- Up-to-date: /home/druloko/ws_roomba/install/roomba_msgs/include/roomba_msgs/roomba_msgs/msg
[0.868s] -- Up-to-date: /home/druloko/ws_roomba/install/roomba_msgs/include/roomba_msgs/roomba_msgs/msg/rosidl_typesupport_fastrtps_cpp__visibility_control.h
[0.868s] -- Up-to-date: /home/druloko/ws_roomba/install/roomba_msgs/include/roomba_msgs/roomba_msgs/msg/detail
[0.868s] -- Up-to-date: /home/druloko/ws_roomba/install/roomba_msgs/include/roomba_msgs/roomba_msgs/msg/detail/dds_fastrtps
[0.868s] -- Up-to-date: /home/druloko/ws_roomba/install/roomba_msgs/include/roomba_msgs/roomba_msgs/msg/detail/state__rosidl_typesupport_fastrtps_cpp.hpp
[0.868s] -- Up-to-date: /home/druloko/ws_roomba/install/roomba_msgs/include/roomba_msgs/roomba_msgs/msg/detail/power__rosidl_typesupport_fastrtps_cpp.hpp
[0.868s] -- Up-to-date: /home/druloko/ws_roomba/install/roomba_msgs/include/roomba_msgs/roomba_msgs/msg/detail/misc__rosidl_typesupport_fastrtps_cpp.hpp
[0.869s] -- Up-to-date: /home/druloko/ws_roomba/install/roomba_msgs/include/roomba_msgs/roomba_msgs/msg/detail/movement__rosidl_typesupport_fastrtps_cpp.hpp
[0.869s] -- Up-to-date: /home/druloko/ws_roomba/install/roomba_msgs/include/roomba_msgs/roomba_msgs/msg/detail/security__rosidl_typesupport_fastrtps_cpp.hpp
[0.869s] -- Up-to-date: /home/druloko/ws_roomba/install/roomba_msgs/lib/libroomba_msgs__rosidl_typesupport_fastrtps_cpp.so
[0.869s] -- Up-to-date: /home/druloko/ws_roomba/install/roomba_msgs/include/roomba_msgs/roomba_msgs
[0.869s] -- Up-to-date: /home/druloko/ws_roomba/install/roomba_msgs/include/roomba_msgs/roomba_msgs/srv
[0.869s] -- Up-to-date: /home/druloko/ws_roomba/install/roomba_msgs/include/roomba_msgs/roomba_msgs/srv/detail
[0.869s] -- Up-to-date: /home/druloko/ws_roomba/install/roomba_msgs/include/roomba_msgs/roomba_msgs/srv/detail/connect__rosidl_typesupport_introspection_cpp.hpp
[0.869s] -- Up-to-date: /home/druloko/ws_roomba/install/roomba_msgs/include/roomba_msgs/roomba_msgs/srv/detail/priority__type_support.cpp
[0.869s] -- Up-to-date: /home/druloko/ws_roomba/install/roomba_msgs/include/roomba_msgs/roomba_msgs/srv/detail/reconfigure__type_support.cpp
[0.869s] -- Up-to-date: /home/druloko/ws_roomba/install/roomba_msgs/include/roomba_msgs/roomba_msgs/srv/detail/connect__type_support.cpp
[0.870s] -- Up-to-date: /home/druloko/ws_roomba/install/roomba_msgs/include/roomba_msgs/roomba_msgs/srv/detail/priority__rosidl_typesupport_introspection_cpp.hpp
[0.870s] -- Up-to-date: /home/druloko/ws_roomba/install/roomba_msgs/include/roomba_msgs/roomba_msgs/srv/detail/reconfigure__rosidl_typesupport_introspection_cpp.hpp
[0.870s] -- Up-to-date: /home/druloko/ws_roomba/install/roomba_msgs/include/roomba_msgs/roomba_msgs/msg
[0.870s] -- Up-to-date: /home/druloko/ws_roomba/install/roomba_msgs/include/roomba_msgs/roomba_msgs/msg/detail
[0.870s] -- Up-to-date: /home/druloko/ws_roomba/install/roomba_msgs/include/roomba_msgs/roomba_msgs/msg/detail/misc__rosidl_typesupport_introspection_cpp.hpp
[0.870s] -- Up-to-date: /home/druloko/ws_roomba/install/roomba_msgs/include/roomba_msgs/roomba_msgs/msg/detail/security__rosidl_typesupport_introspection_cpp.hpp
[0.870s] -- Up-to-date: /home/druloko/ws_roomba/install/roomba_msgs/include/roomba_msgs/roomba_msgs/msg/detail/state__type_support.cpp
[0.870s] -- Up-to-date: /home/druloko/ws_roomba/install/roomba_msgs/include/roomba_msgs/roomba_msgs/msg/detail/power__type_support.cpp
[0.870s] -- Up-to-date: /home/druloko/ws_roomba/install/roomba_msgs/include/roomba_msgs/roomba_msgs/msg/detail/misc__type_support.cpp
[0.871s] -- Up-to-date: /home/druloko/ws_roomba/install/roomba_msgs/include/roomba_msgs/roomba_msgs/msg/detail/power__rosidl_typesupport_introspection_cpp.hpp
[0.871s] -- Up-to-date: /home/druloko/ws_roomba/install/roomba_msgs/include/roomba_msgs/roomba_msgs/msg/detail/security__type_support.cpp
[0.871s] -- Up-to-date: /home/druloko/ws_roomba/install/roomba_msgs/include/roomba_msgs/roomba_msgs/msg/detail/state__rosidl_typesupport_introspection_cpp.hpp
[0.871s] -- Up-to-date: /home/druloko/ws_roomba/install/roomba_msgs/include/roomba_msgs/roomba_msgs/msg/detail/movement__type_support.cpp
[0.871s] -- Up-to-date: /home/druloko/ws_roomba/install/roomba_msgs/include/roomba_msgs/roomba_msgs/msg/detail/movement__rosidl_typesupport_introspection_cpp.hpp
[0.871s] -- Up-to-date: /home/druloko/ws_roomba/install/roomba_msgs/lib/libroomba_msgs__rosidl_typesupport_introspection_cpp.so
[0.871s] -- Up-to-date: /home/druloko/ws_roomba/install/roomba_msgs/lib/libroomba_msgs__rosidl_typesupport_cpp.so
[0.871s] -- Up-to-date: /home/druloko/ws_roomba/install/roomba_msgs/share/roomba_msgs/environment/pythonpath.sh
[0.871s] -- Up-to-date: /home/druloko/ws_roomba/install/roomba_msgs/share/roomba_msgs/environment/pythonpath.dsv
[0.872s] -- Up-to-date: /home/druloko/ws_roomba/install/roomba_msgs/lib/python3.12/site-packages/roomba_msgs-0.0.0-py3.12.egg-info
[0.872s] -- Installing: /home/druloko/ws_roomba/install/roomba_msgs/lib/python3.12/site-packages/roomba_msgs-0.0.0-py3.12.egg-info/top_level.txt
[0.872s] -- Installing: /home/druloko/ws_roomba/install/roomba_msgs/lib/python3.12/site-packages/roomba_msgs-0.0.0-py3.12.egg-info/PKG-INFO
[0.872s] -- Installing: /home/druloko/ws_roomba/install/roomba_msgs/lib/python3.12/site-packages/roomba_msgs-0.0.0-py3.12.egg-info/SOURCES.txt
[0.872s] -- Installing: /home/druloko/ws_roomba/install/roomba_msgs/lib/python3.12/site-packages/roomba_msgs-0.0.0-py3.12.egg-info/dependency_links.txt
[0.872s] -- Up-to-date: /home/druloko/ws_roomba/install/roomba_msgs/lib/python3.12/site-packages/roomba_msgs
[0.872s] -- Up-to-date: /home/druloko/ws_roomba/install/roomba_msgs/lib/python3.12/site-packages/roomba_msgs/roomba_msgs_s__rosidl_typesupport_fastrtps_c.so
[0.872s] -- Up-to-date: /home/druloko/ws_roomba/install/roomba_msgs/lib/python3.12/site-packages/roomba_msgs/roomba_msgs_s__rosidl_typesupport_introspection_c.so
[0.872s] -- Up-to-date: /home/druloko/ws_roomba/install/roomba_msgs/lib/python3.12/site-packages/roomba_msgs/roomba_msgs_s__rosidl_typesupport_c.so
[0.872s] -- Up-to-date: /home/druloko/ws_roomba/install/roomba_msgs/lib/python3.12/site-packages/roomba_msgs/_roomba_msgs_s.ep.rosidl_typesupport_introspection_c.c
[0.873s] -- Up-to-date: /home/druloko/ws_roomba/install/roomba_msgs/lib/python3.12/site-packages/roomba_msgs/_roomba_msgs_s.ep.rosidl_typesupport_c.c
[0.873s] -- Up-to-date: /home/druloko/ws_roomba/install/roomba_msgs/lib/python3.12/site-packages/roomba_msgs/_roomba_msgs_s.ep.rosidl_typesupport_fastrtps_c.c
[0.873s] -- Up-to-date: /home/druloko/ws_roomba/install/roomba_msgs/lib/python3.12/site-packages/roomba_msgs/__init__.py
[0.873s] -- Up-to-date: /home/druloko/ws_roomba/install/roomba_msgs/lib/python3.12/site-packages/roomba_msgs/srv
[0.873s] -- Up-to-date: /home/druloko/ws_roomba/install/roomba_msgs/lib/python3.12/site-packages/roomba_msgs/srv/__init__.py
[0.873s] -- Up-to-date: /home/druloko/ws_roomba/install/roomba_msgs/lib/python3.12/site-packages/roomba_msgs/srv/_reconfigure_s.c
[0.873s] -- Up-to-date: /home/druloko/ws_roomba/install/roomba_msgs/lib/python3.12/site-packages/roomba_msgs/srv/_connect_s.c
[0.873s] -- Up-to-date: /home/druloko/ws_roomba/install/roomba_msgs/lib/python3.12/site-packages/roomba_msgs/srv/_priority_s.c
[0.873s] -- Up-to-date: /home/druloko/ws_roomba/install/roomba_msgs/lib/python3.12/site-packages/roomba_msgs/srv/_priority.py
[0.873s] -- Up-to-date: /home/druloko/ws_roomba/install/roomba_msgs/lib/python3.12/site-packages/roomba_msgs/srv/_reconfigure.py
[0.873s] -- Up-to-date: /home/druloko/ws_roomba/install/roomba_msgs/lib/python3.12/site-packages/roomba_msgs/srv/_connect.py
[0.874s] -- Up-to-date: /home/druloko/ws_roomba/install/roomba_msgs/lib/python3.12/site-packages/roomba_msgs/msg
[0.874s] -- Up-to-date: /home/druloko/ws_roomba/install/roomba_msgs/lib/python3.12/site-packages/roomba_msgs/msg/_movement.py
[0.874s] -- Up-to-date: /home/druloko/ws_roomba/install/roomba_msgs/lib/python3.12/site-packages/roomba_msgs/msg/_misc_s.c
[0.874s] -- Up-to-date: /home/druloko/ws_roomba/install/roomba_msgs/lib/python3.12/site-packages/roomba_msgs/msg/_security_s.c
[0.874s] -- Up-to-date: /home/druloko/ws_roomba/install/roomba_msgs/lib/python3.12/site-packages/roomba_msgs/msg/_state.py
[0.874s] -- Up-to-date: /home/druloko/ws_roomba/install/roomba_msgs/lib/python3.12/site-packages/roomba_msgs/msg/__init__.py
[0.874s] -- Up-to-date: /home/druloko/ws_roomba/install/roomba_msgs/lib/python3.12/site-packages/roomba_msgs/msg/_misc.py
[0.874s] -- Up-to-date: /home/druloko/ws_roomba/install/roomba_msgs/lib/python3.12/site-packages/roomba_msgs/msg/_state_s.c
[0.874s] -- Up-to-date: /home/druloko/ws_roomba/install/roomba_msgs/lib/python3.12/site-packages/roomba_msgs/msg/_power_s.c
[0.874s] -- Up-to-date: /home/druloko/ws_roomba/install/roomba_msgs/lib/python3.12/site-packages/roomba_msgs/msg/_security.py
[0.874s] -- Up-to-date: /home/druloko/ws_roomba/install/roomba_msgs/lib/python3.12/site-packages/roomba_msgs/msg/_movement_s.c
[0.875s] -- Up-to-date: /home/druloko/ws_roomba/install/roomba_msgs/lib/python3.12/site-packages/roomba_msgs/msg/_power.py
[0.918s] Listing '/home/druloko/ws_roomba/install/roomba_msgs/lib/python3.12/site-packages/roomba_msgs'...
[0.918s] Listing '/home/druloko/ws_roomba/install/roomba_msgs/lib/python3.12/site-packages/roomba_msgs/msg'...
[0.919s] Listing '/home/druloko/ws_roomba/install/roomba_msgs/lib/python3.12/site-packages/roomba_msgs/srv'...
[0.925s] -- Up-to-date: /home/druloko/ws_roomba/install/roomba_msgs/lib/python3.12/site-packages/roomba_msgs/roomba_msgs_s__rosidl_typesupport_fastrtps_c.so
[0.925s] -- Up-to-date: /home/druloko/ws_roomba/install/roomba_msgs/lib/python3.12/site-packages/roomba_msgs/roomba_msgs_s__rosidl_typesupport_introspection_c.so
[0.926s] -- Up-to-date: /home/druloko/ws_roomba/install/roomba_msgs/lib/python3.12/site-packages/roomba_msgs/roomba_msgs_s__rosidl_typesupport_c.so
[0.926s] -- Up-to-date: /home/druloko/ws_roomba/install/roomba_msgs/lib/libroomba_msgs__rosidl_generator_py.so
[0.926s] -- Up-to-date: /home/druloko/ws_roomba/install/roomba_msgs/share/roomba_msgs/msg/Movement.idl
[0.927s] -- Up-to-date: /home/druloko/ws_roomba/install/roomba_msgs/share/roomba_msgs/msg/Security.idl
[0.927s] -- Up-to-date: /home/druloko/ws_roomba/install/roomba_msgs/share/roomba_msgs/msg/Power.idl
[0.927s] -- Up-to-date: /home/druloko/ws_roomba/install/roomba_msgs/share/roomba_msgs/msg/Misc.idl
[0.927s] -- Up-to-date: /home/druloko/ws_roomba/install/roomba_msgs/share/roomba_msgs/msg/State.idl
[0.928s] -- Up-to-date: /home/druloko/ws_roomba/install/roomba_msgs/share/roomba_msgs/srv/Connect.idl
[0.928s] -- Up-to-date: /home/druloko/ws_roomba/install/roomba_msgs/share/roomba_msgs/srv/Priority.idl
[0.928s] -- Up-to-date: /home/druloko/ws_roomba/install/roomba_msgs/share/roomba_msgs/srv/Reconfigure.idl
[0.928s] -- Up-to-date: /home/druloko/ws_roomba/install/roomba_msgs/share/roomba_msgs/msg/Movement.msg
[0.928s] -- Up-to-date: /home/druloko/ws_roomba/install/roomba_msgs/share/roomba_msgs/msg/Security.msg
[0.928s] -- Up-to-date: /home/druloko/ws_roomba/install/roomba_msgs/share/roomba_msgs/msg/Power.msg
[0.928s] -- Up-to-date: /home/druloko/ws_roomba/install/roomba_msgs/share/roomba_msgs/msg/Misc.msg
[0.929s] -- Up-to-date: /home/druloko/ws_roomba/install/roomba_msgs/share/roomba_msgs/msg/State.msg
[0.929s] -- Up-to-date: /home/druloko/ws_roomba/install/roomba_msgs/share/roomba_msgs/srv/Connect.srv
[0.929s] -- Up-to-date: /home/druloko/ws_roomba/install/roomba_msgs/share/roomba_msgs/srv/Priority.srv
[0.929s] -- Up-to-date: /home/druloko/ws_roomba/install/roomba_msgs/share/roomba_msgs/srv/Reconfigure.srv
[0.930s] -- Up-to-date: /home/druloko/ws_roomba/install/roomba_msgs/share/ament_index/resource_index/package_run_dependencies/roomba_msgs
[0.930s] -- Up-to-date: /home/druloko/ws_roomba/install/roomba_msgs/share/ament_index/resource_index/parent_prefix_path/roomba_msgs
[0.930s] -- Up-to-date: /home/druloko/ws_roomba/install/roomba_msgs/share/roomba_msgs/environment/ament_prefix_path.sh
[0.930s] -- Up-to-date: /home/druloko/ws_roomba/install/roomba_msgs/share/roomba_msgs/environment/ament_prefix_path.dsv
[0.930s] -- Up-to-date: /home/druloko/ws_roomba/install/roomba_msgs/share/roomba_msgs/environment/path.sh
[0.931s] -- Up-to-date: /home/druloko/ws_roomba/install/roomba_msgs/share/roomba_msgs/environment/path.dsv
[0.931s] -- Up-to-date: /home/druloko/ws_roomba/install/roomba_msgs/share/roomba_msgs/local_setup.bash
[0.931s] -- Up-to-date: /home/druloko/ws_roomba/install/roomba_msgs/share/roomba_msgs/local_setup.sh
[0.932s] -- Up-to-date: /home/druloko/ws_roomba/install/roomba_msgs/share/roomba_msgs/local_setup.zsh
[0.932s] -- Up-to-date: /home/druloko/ws_roomba/install/roomba_msgs/share/roomba_msgs/local_setup.dsv
[0.932s] -- Installing: /home/druloko/ws_roomba/install/roomba_msgs/share/roomba_msgs/package.dsv
[0.932s] -- Up-to-date: /home/druloko/ws_roomba/install/roomba_msgs/share/ament_index/resource_index/packages/roomba_msgs
[0.933s] -- Up-to-date: /home/druloko/ws_roomba/install/roomba_msgs/share/roomba_msgs/cmake/export_roomba_msgs__rosidl_generator_cExport.cmake
[0.933s] -- Up-to-date: /home/druloko/ws_roomba/install/roomba_msgs/share/roomba_msgs/cmake/export_roomba_msgs__rosidl_generator_cExport-noconfig.cmake
[0.933s] -- Up-to-date: /home/druloko/ws_roomba/install/roomba_msgs/share/roomba_msgs/cmake/export_roomba_msgs__rosidl_typesupport_fastrtps_cExport.cmake
[0.933s] -- Up-to-date: /home/druloko/ws_roomba/install/roomba_msgs/share/roomba_msgs/cmake/export_roomba_msgs__rosidl_typesupport_fastrtps_cExport-noconfig.cmake
[0.933s] -- Up-to-date: /home/druloko/ws_roomba/install/roomba_msgs/share/roomba_msgs/cmake/roomba_msgs__rosidl_typesupport_introspection_cExport.cmake
[0.933s] -- Up-to-date: /home/druloko/ws_roomba/install/roomba_msgs/share/roomba_msgs/cmake/roomba_msgs__rosidl_typesupport_introspection_cExport-noconfig.cmake
[0.933s] -- Up-to-date: /home/druloko/ws_roomba/install/roomba_msgs/share/roomba_msgs/cmake/roomba_msgs__rosidl_typesupport_cExport.cmake
[0.933s] -- Up-to-date: /home/druloko/ws_roomba/install/roomba_msgs/share/roomba_msgs/cmake/roomba_msgs__rosidl_typesupport_cExport-noconfig.cmake
[0.933s] -- Up-to-date: /home/druloko/ws_roomba/install/roomba_msgs/share/roomba_msgs/cmake/export_roomba_msgs__rosidl_generator_cppExport.cmake
[0.933s] -- Up-to-date: /home/druloko/ws_roomba/install/roomba_msgs/share/roomba_msgs/cmake/export_roomba_msgs__rosidl_typesupport_fastrtps_cppExport.cmake
[0.934s] -- Up-to-date: /home/druloko/ws_roomba/install/roomba_msgs/share/roomba_msgs/cmake/export_roomba_msgs__rosidl_typesupport_fastrtps_cppExport-noconfig.cmake
[0.934s] -- Up-to-date: /home/druloko/ws_roomba/install/roomba_msgs/share/roomba_msgs/cmake/roomba_msgs__rosidl_typesupport_introspection_cppExport.cmake
[0.934s] -- Up-to-date: /home/druloko/ws_roomba/install/roomba_msgs/share/roomba_msgs/cmake/roomba_msgs__rosidl_typesupport_introspection_cppExport-noconfig.cmake
[0.934s] -- Up-to-date: /home/druloko/ws_roomba/install/roomba_msgs/share/roomba_msgs/cmake/roomba_msgs__rosidl_typesupport_cppExport.cmake
[0.934s] -- Up-to-date: /home/druloko/ws_roomba/install/roomba_msgs/share/roomba_msgs/cmake/roomba_msgs__rosidl_typesupport_cppExport-noconfig.cmake
[0.934s] -- Up-to-date: /home/druloko/ws_roomba/install/roomba_msgs/share/roomba_msgs/cmake/export_roomba_msgs__rosidl_generator_pyExport.cmake
[0.934s] -- Up-to-date: /home/druloko/ws_roomba/install/roomba_msgs/share/roomba_msgs/cmake/export_roomba_msgs__rosidl_generator_pyExport-noconfig.cmake
[0.934s] -- Up-to-date: /home/druloko/ws_roomba/install/roomba_msgs/share/roomba_msgs/cmake/rosidl_cmake-extras.cmake
[0.935s] -- Up-to-date: /home/druloko/ws_roomba/install/roomba_msgs/share/roomba_msgs/cmake/ament_cmake_export_dependencies-extras.cmake
[0.935s] -- Up-to-date: /home/druloko/ws_roomba/install/roomba_msgs/share/roomba_msgs/cmake/ament_cmake_export_include_directories-extras.cmake
[0.935s] -- Up-to-date: /home/druloko/ws_roomba/install/roomba_msgs/share/roomba_msgs/cmake/ament_cmake_export_libraries-extras.cmake
[0.935s] -- Up-to-date: /home/druloko/ws_roomba/install/roomba_msgs/share/roomba_msgs/cmake/ament_cmake_export_targets-extras.cmake
[0.935s] -- Up-to-date: /home/druloko/ws_roomba/install/roomba_msgs/share/roomba_msgs/cmake/rosidl_cmake_export_typesupport_targets-extras.cmake
[0.936s] -- Up-to-date: /home/druloko/ws_roomba/install/roomba_msgs/share/roomba_msgs/cmake/rosidl_cmake_export_typesupport_libraries-extras.cmake
[0.936s] -- Up-to-date: /home/druloko/ws_roomba/install/roomba_msgs/share/roomba_msgs/cmake/roomba_msgsConfig.cmake
[0.936s] -- Up-to-date: /home/druloko/ws_roomba/install/roomba_msgs/share/roomba_msgs/cmake/roomba_msgsConfig-version.cmake
[0.936s] -- Up-to-date: /home/druloko/ws_roomba/install/roomba_msgs/share/roomba_msgs/package.xml
[0.937s] Invoked command in '/home/druloko/ws_roomba/build/roomba_msgs' returned '0': CMAKE_PREFIX_PATH=${CMAKE_PREFIX_PATH}:/home/druloko/ws_roomba/install/robot_roomba:/opt/ros/rolling /usr/bin/cmake --install /home/druloko/ws_roomba/build/roomba_msgs
