[0.022s] Invoking command in '/home/druloko/ws_roomba/build/roomba_msgs': CMAKE_PREFIX_PATH=${CMAKE_PREFIX_PATH}:/home/druloko/ws_roomba/install/robot_roomba:/opt/ros/rolling /usr/bin/cmake /home/druloko/ws_roomba/src/roomba_msgs -DCMAKE_INSTALL_PREFIX=/home/druloko/ws_roomba/install/roomba_msgs
[0.368s] -- The C compiler identification is GNU 13.3.0
[0.904s] -- The CXX compiler identification is GNU 13.3.0
[1.252s] -- Detecting C compiler ABI info
[1.482s] -- Detecting C compiler ABI info - done
[1.491s] -- Check for working C compiler: /usr/bin/cc - skipped
[1.492s] -- Detecting C compile features
[1.493s] -- Detecting C compile features - done
[1.554s] -- Detecting CXX compiler ABI info
[1.772s] -- Detecting CXX compiler ABI info - done
[1.782s] -- Check for working CXX compiler: /usr/bin/c++ - skipped
[1.783s] -- Detecting CXX compile features
[1.783s] -- Detecting CXX compile features - done
[1.824s] -- Found ament_cmake: 2.8.4 (/opt/ros/rolling/share/ament_cmake/cmake)
[2.017s] -- Found Python3: /usr/bin/python3 (found version "3.12.3") found components: Interpreter 
[2.222s] -- Found rosidl_default_generators: 1.8.1 (/opt/ros/rolling/share/rosidl_default_generators/cmake)
[2.239s] -- Using all available rosidl_typesupport_c: rosidl_typesupport_fastrtps_c;rosidl_typesupport_introspection_c
[2.445s] -- Using all available rosidl_typesupport_cpp: rosidl_typesupport_fastrtps_cpp;rosidl_typesupport_introspection_cpp
[2.544s] -- Found rosidl_adapter: 5.0.1 (/opt/ros/rolling/share/rosidl_adapter/cmake)
[2.556s] -- Found geometry_msgs: 5.8.2 (/opt/ros/rolling/share/geometry_msgs/cmake)
[3.478s] -- Found ament_cmake_ros_core: 0.15.2 (/opt/ros/rolling/share/ament_cmake_ros_core/cmake)
[3.986s] -- Using all available rosidl_typesupport_c: rosidl_typesupport_fastrtps_c;rosidl_typesupport_introspection_c
[4.673s] -- Using all available rosidl_typesupport_cpp: rosidl_typesupport_fastrtps_cpp;rosidl_typesupport_introspection_cpp
[5.313s] -- Found Python3: /usr/bin/python3 (found version "3.12.3") found components: Interpreter Development NumPy Development.Module Development.Embed 
[5.383s] -- Configuring done (5.3s)
[5.481s] -- Generating done (0.1s)
[5.502s] -- Build files have been written to: /home/druloko/ws_roomba/build/roomba_msgs
[5.522s] Invoked command in '/home/druloko/ws_roomba/build/roomba_msgs' returned '0': CMAKE_PREFIX_PATH=${CMAKE_PREFIX_PATH}:/home/druloko/ws_roomba/install/robot_roomba:/opt/ros/rolling /usr/bin/cmake /home/druloko/ws_roomba/src/roomba_msgs -DCMAKE_INSTALL_PREFIX=/home/druloko/ws_roomba/install/roomba_msgs
[5.523s] Invoking command in '/home/druloko/ws_roomba/build/roomba_msgs': CMAKE_PREFIX_PATH=${CMAKE_PREFIX_PATH}:/home/druloko/ws_roomba/install/robot_roomba:/opt/ros/rolling /usr/bin/cmake --build /home/druloko/ws_roomba/build/roomba_msgs -- -j8 -l8
[5.589s] [  1%] [34m[1mGenerating type hashes for ROS interfaces[0m
[5.601s] [  1%] Built target ament_cmake_python_copy_roomba_msgs
[5.881s] running egg_info
[5.881s] creating roomba_msgs.egg-info
[5.903s] writing roomba_msgs.egg-info/PKG-INFO
[5.903s] writing dependency_links to roomba_msgs.egg-info/dependency_links.txt
[5.903s] writing top-level names to roomba_msgs.egg-info/top_level.txt
[5.903s] writing manifest file 'roomba_msgs.egg-info/SOURCES.txt'
[5.968s] reading manifest file 'roomba_msgs.egg-info/SOURCES.txt'
[5.969s] writing manifest file 'roomba_msgs.egg-info/SOURCES.txt'
[6.008s] [  1%] Built target ament_cmake_python_build_roomba_msgs_egg
[6.115s] [  1%] Built target roomba_msgs__rosidl_generator_type_description
[6.130s] [  2%] [34m[1mGenerating C code for ROS interfaces[0m
[6.143s] [  2%] [34m[1mGenerating C++ code for ROS interfaces[0m
[7.212s] [  2%] Built target roomba_msgs__cpp
[7.419s] [  5%] [32mBuilding C object CMakeFiles/roomba_msgs__rosidl_generator_c.dir/rosidl_generator_c/roomba_msgs/msg/detail/movement__functions.c.o[0m
[7.419s] [  5%] [32mBuilding C object CMakeFiles/roomba_msgs__rosidl_generator_c.dir/rosidl_generator_c/roomba_msgs/msg/detail/movement__type_support.c.o[0m
[7.419s] [  5%] [32mBuilding C object CMakeFiles/roomba_msgs__rosidl_generator_c.dir/rosidl_generator_c/roomba_msgs/msg/detail/security__description.c.o[0m
[7.420s] [  6%] [32mBuilding C object CMakeFiles/roomba_msgs__rosidl_generator_c.dir/rosidl_generator_c/roomba_msgs/msg/detail/movement__description.c.o[0m
[7.420s] [  7%] [32mBuilding C object CMakeFiles/roomba_msgs__rosidl_generator_c.dir/rosidl_generator_c/roomba_msgs/msg/detail/security__functions.c.o[0m
[7.420s] [  8%] [32mBuilding C object CMakeFiles/roomba_msgs__rosidl_generator_c.dir/rosidl_generator_c/roomba_msgs/msg/detail/security__type_support.c.o[0m
[7.424s] [  9%] [32mBuilding C object CMakeFiles/roomba_msgs__rosidl_generator_c.dir/rosidl_generator_c/roomba_msgs/msg/detail/power__description.c.o[0m
[7.424s] [ 10%] [32mBuilding C object CMakeFiles/roomba_msgs__rosidl_generator_c.dir/rosidl_generator_c/roomba_msgs/msg/detail/power__functions.c.o[0m
[7.488s] [ 11%] [32mBuilding C object CMakeFiles/roomba_msgs__rosidl_generator_c.dir/rosidl_generator_c/roomba_msgs/msg/detail/power__type_support.c.o[0m
[7.492s] [ 12%] [32mBuilding C object CMakeFiles/roomba_msgs__rosidl_generator_c.dir/rosidl_generator_c/roomba_msgs/msg/detail/misc__description.c.o[0m
[7.505s] [ 15%] [32mBuilding C object CMakeFiles/roomba_msgs__rosidl_generator_c.dir/rosidl_generator_c/roomba_msgs/msg/detail/misc__type_support.c.o[0m
[7.505s] [ 15%] [32mBuilding C object CMakeFiles/roomba_msgs__rosidl_generator_c.dir/rosidl_generator_c/roomba_msgs/msg/detail/misc__functions.c.o[0m
[7.506s] [ 15%] [32mBuilding C object CMakeFiles/roomba_msgs__rosidl_generator_c.dir/rosidl_generator_c/roomba_msgs/msg/detail/state__description.c.o[0m
[7.535s] [ 17%] [32mBuilding C object CMakeFiles/roomba_msgs__rosidl_generator_c.dir/rosidl_generator_c/roomba_msgs/msg/detail/state__type_support.c.o[0m
[7.535s] [ 18%] [32mBuilding C object CMakeFiles/roomba_msgs__rosidl_generator_c.dir/rosidl_generator_c/roomba_msgs/srv/detail/connect__description.c.o[0m
[7.535s] [ 18%] [32mBuilding C object CMakeFiles/roomba_msgs__rosidl_generator_c.dir/rosidl_generator_c/roomba_msgs/msg/detail/state__functions.c.o[0m
[7.542s] [ 19%] [32mBuilding C object CMakeFiles/roomba_msgs__rosidl_generator_c.dir/rosidl_generator_c/roomba_msgs/srv/detail/connect__functions.c.o[0m
[7.552s] [ 21%] [32mBuilding C object CMakeFiles/roomba_msgs__rosidl_generator_c.dir/rosidl_generator_c/roomba_msgs/srv/detail/connect__type_support.c.o[0m
[7.552s] [ 21%] [32mBuilding C object CMakeFiles/roomba_msgs__rosidl_generator_c.dir/rosidl_generator_c/roomba_msgs/srv/detail/priority__description.c.o[0m
[7.582s] [ 22%] [32mBuilding C object CMakeFiles/roomba_msgs__rosidl_generator_c.dir/rosidl_generator_c/roomba_msgs/srv/detail/priority__functions.c.o[0m
[7.599s] [ 23%] [32mBuilding C object CMakeFiles/roomba_msgs__rosidl_generator_c.dir/rosidl_generator_c/roomba_msgs/srv/detail/priority__type_support.c.o[0m
[7.605s] [ 24%] [32mBuilding C object CMakeFiles/roomba_msgs__rosidl_generator_c.dir/rosidl_generator_c/roomba_msgs/srv/detail/reconfigure__description.c.o[0m
[7.631s] [ 25%] [32mBuilding C object CMakeFiles/roomba_msgs__rosidl_generator_c.dir/rosidl_generator_c/roomba_msgs/srv/detail/reconfigure__functions.c.o[0m
[7.633s] [ 25%] [32mBuilding C object CMakeFiles/roomba_msgs__rosidl_generator_c.dir/rosidl_generator_c/roomba_msgs/srv/detail/reconfigure__type_support.c.o[0m
[7.725s] [ 26%] [32m[1mLinking C shared library libroomba_msgs__rosidl_generator_c.so[0m
[7.826s] [ 26%] Built target roomba_msgs__rosidl_generator_c
[7.845s] [ 26%] [34m[1mGenerating C introspection for ROS interfaces[0m
[7.845s] [ 28%] [34m[1mGenerating C++ type support for eProsima Fast-RTPS[0m
[7.845s] [ 28%] [34m[1mGenerating C type support dispatch for ROS interfaces[0m
[7.845s] [ 30%] [34m[1mGenerating C++ type support dispatch for ROS interfaces[0m
[7.845s] [ 30%] [34m[1mGenerating C type support for eProsima Fast-RTPS[0m
[7.846s] [ 31%] [34m[1mGenerating C++ introspection for ROS interfaces[0m
[8.900s] [ 34%] [32mBuilding CXX object CMakeFiles/roomba_msgs__rosidl_typesupport_c.dir/rosidl_typesupport_c/roomba_msgs/msg/security__type_support.cpp.o[0m
[8.900s] [ 34%] [32mBuilding CXX object CMakeFiles/roomba_msgs__rosidl_typesupport_c.dir/rosidl_typesupport_c/roomba_msgs/msg/power__type_support.cpp.o[0m
[8.900s] [ 34%] [32mBuilding CXX object CMakeFiles/roomba_msgs__rosidl_typesupport_c.dir/rosidl_typesupport_c/roomba_msgs/msg/movement__type_support.cpp.o[0m
[8.933s] [ 35%] [32mBuilding CXX object CMakeFiles/roomba_msgs__rosidl_typesupport_cpp.dir/rosidl_typesupport_cpp/roomba_msgs/msg/movement__type_support.cpp.o[0m
[9.017s] [ 36%] [32mBuilding CXX object CMakeFiles/roomba_msgs__rosidl_typesupport_cpp.dir/rosidl_typesupport_cpp/roomba_msgs/msg/security__type_support.cpp.o[0m
[9.019s] [ 37%] [32mBuilding CXX object CMakeFiles/roomba_msgs__rosidl_typesupport_cpp.dir/rosidl_typesupport_cpp/roomba_msgs/msg/power__type_support.cpp.o[0m
[9.021s] [ 38%] [32mBuilding CXX object CMakeFiles/roomba_msgs__rosidl_typesupport_c.dir/rosidl_typesupport_c/roomba_msgs/msg/misc__type_support.cpp.o[0m
[9.109s] [ 39%] [32mBuilding CXX object CMakeFiles/roomba_msgs__rosidl_typesupport_c.dir/rosidl_typesupport_c/roomba_msgs/msg/state__type_support.cpp.o[0m
[9.195s] [ 40%] [32mBuilding CXX object CMakeFiles/roomba_msgs__rosidl_typesupport_c.dir/rosidl_typesupport_c/roomba_msgs/srv/connect__type_support.cpp.o[0m
[9.311s] [ 41%] [32mBuilding CXX object CMakeFiles/roomba_msgs__rosidl_typesupport_c.dir/rosidl_typesupport_c/roomba_msgs/srv/priority__type_support.cpp.o[0m
[9.391s] [ 42%] [32mBuilding CXX object CMakeFiles/roomba_msgs__rosidl_typesupport_introspection_cpp.dir/rosidl_typesupport_introspection_cpp/roomba_msgs/msg/detail/movement__type_support.cpp.o[0m
[9.439s] [ 43%] [32mBuilding CXX object CMakeFiles/roomba_msgs__rosidl_typesupport_c.dir/rosidl_typesupport_c/roomba_msgs/srv/reconfigure__type_support.cpp.o[0m
[9.460s] [ 44%] [32mBuilding C object CMakeFiles/roomba_msgs__rosidl_typesupport_introspection_c.dir/rosidl_typesupport_introspection_c/roomba_msgs/msg/detail/movement__type_support.c.o[0m
[9.532s] [ 45%] [32m[1mLinking CXX shared library libroomba_msgs__rosidl_typesupport_c.so[0m
[9.543s] [ 46%] [32mBuilding C object CMakeFiles/roomba_msgs__rosidl_typesupport_introspection_c.dir/rosidl_typesupport_introspection_c/roomba_msgs/msg/detail/security__type_support.c.o[0m
[9.635s] [ 47%] [32mBuilding C object CMakeFiles/roomba_msgs__rosidl_typesupport_introspection_c.dir/rosidl_typesupport_introspection_c/roomba_msgs/msg/detail/power__type_support.c.o[0m
[9.725s] [ 48%] [32mBuilding C object CMakeFiles/roomba_msgs__rosidl_typesupport_introspection_c.dir/rosidl_typesupport_introspection_c/roomba_msgs/msg/detail/misc__type_support.c.o[0m
[9.749s] [ 48%] Built target roomba_msgs__rosidl_typesupport_c
[9.751s] [ 49%] [32mBuilding CXX object CMakeFiles/roomba_msgs__rosidl_typesupport_introspection_cpp.dir/rosidl_typesupport_introspection_cpp/roomba_msgs/msg/detail/security__type_support.cpp.o[0m
[9.757s] [ 50%] [32mBuilding C object CMakeFiles/roomba_msgs__rosidl_typesupport_introspection_c.dir/rosidl_typesupport_introspection_c/roomba_msgs/msg/detail/state__type_support.c.o[0m
[9.759s] [ 50%] [32mBuilding CXX object CMakeFiles/roomba_msgs__rosidl_typesupport_cpp.dir/rosidl_typesupport_cpp/roomba_msgs/msg/misc__type_support.cpp.o[0m
[9.778s] [ 51%] [32mBuilding CXX object CMakeFiles/roomba_msgs__rosidl_typesupport_introspection_cpp.dir/rosidl_typesupport_introspection_cpp/roomba_msgs/msg/detail/power__type_support.cpp.o[0m
[9.793s] [ 52%] [32mBuilding CXX object CMakeFiles/roomba_msgs__rosidl_typesupport_cpp.dir/rosidl_typesupport_cpp/roomba_msgs/msg/state__type_support.cpp.o[0m
[9.831s] [ 53%] [32mBuilding C object CMakeFiles/roomba_msgs__rosidl_typesupport_introspection_c.dir/rosidl_typesupport_introspection_c/roomba_msgs/srv/detail/connect__type_support.c.o[0m
[9.926s] [ 54%] [32mBuilding CXX object CMakeFiles/roomba_msgs__rosidl_typesupport_fastrtps_cpp.dir/rosidl_typesupport_fastrtps_cpp/roomba_msgs/msg/detail/dds_fastrtps/movement__type_support.cpp.o[0m
[9.943s] [ 55%] [32mBuilding C object CMakeFiles/roomba_msgs__rosidl_typesupport_introspection_c.dir/rosidl_typesupport_introspection_c/roomba_msgs/srv/detail/priority__type_support.c.o[0m
[10.041s] [ 56%] [32mBuilding C object CMakeFiles/roomba_msgs__rosidl_typesupport_introspection_c.dir/rosidl_typesupport_introspection_c/roomba_msgs/srv/detail/reconfigure__type_support.c.o[0m
[10.070s] [ 57%] [32mBuilding CXX object CMakeFiles/roomba_msgs__rosidl_typesupport_fastrtps_c.dir/rosidl_typesupport_fastrtps_c/roomba_msgs/msg/detail/movement__type_support_c.cpp.o[0m
[10.112s] [ 58%] [32mBuilding CXX object CMakeFiles/roomba_msgs__rosidl_typesupport_introspection_cpp.dir/rosidl_typesupport_introspection_cpp/roomba_msgs/msg/detail/misc__type_support.cpp.o[0m
[10.133s] [ 59%] [32m[1mLinking C shared library libroomba_msgs__rosidl_typesupport_introspection_c.so[0m
[10.379s] [ 59%] Built target roomba_msgs__rosidl_typesupport_introspection_c
[10.410s] [ 60%] [32mBuilding CXX object CMakeFiles/roomba_msgs__rosidl_typesupport_fastrtps_cpp.dir/rosidl_typesupport_fastrtps_cpp/roomba_msgs/msg/detail/dds_fastrtps/security__type_support.cpp.o[0m
[10.444s] [ 61%] [32mBuilding CXX object CMakeFiles/roomba_msgs__rosidl_typesupport_cpp.dir/rosidl_typesupport_cpp/roomba_msgs/srv/connect__type_support.cpp.o[0m
[10.474s] [ 62%] [32mBuilding CXX object CMakeFiles/roomba_msgs__rosidl_typesupport_fastrtps_c.dir/rosidl_typesupport_fastrtps_c/roomba_msgs/msg/detail/security__type_support_c.cpp.o[0m
[10.495s] [ 63%] [32mBuilding CXX object CMakeFiles/roomba_msgs__rosidl_typesupport_fastrtps_c.dir/rosidl_typesupport_fastrtps_c/roomba_msgs/msg/detail/power__type_support_c.cpp.o[0m
[10.506s] [ 64%] [32mBuilding CXX object CMakeFiles/roomba_msgs__rosidl_typesupport_fastrtps_cpp.dir/rosidl_typesupport_fastrtps_cpp/roomba_msgs/msg/detail/dds_fastrtps/power__type_support.cpp.o[0m
[10.900s] [ 65%] [32mBuilding CXX object CMakeFiles/roomba_msgs__rosidl_typesupport_introspection_cpp.dir/rosidl_typesupport_introspection_cpp/roomba_msgs/msg/detail/state__type_support.cpp.o[0m
[11.261s] [ 66%] [32mBuilding CXX object CMakeFiles/roomba_msgs__rosidl_typesupport_introspection_cpp.dir/rosidl_typesupport_introspection_cpp/roomba_msgs/srv/detail/connect__type_support.cpp.o[0m
[11.268s] [ 67%] [32mBuilding CXX object CMakeFiles/roomba_msgs__rosidl_typesupport_fastrtps_c.dir/rosidl_typesupport_fastrtps_c/roomba_msgs/msg/detail/misc__type_support_c.cpp.o[0m
[11.441s] [ 68%] [32mBuilding CXX object CMakeFiles/roomba_msgs__rosidl_typesupport_cpp.dir/rosidl_typesupport_cpp/roomba_msgs/srv/priority__type_support.cpp.o[0m
[11.604s] [ 69%] [32mBuilding CXX object CMakeFiles/roomba_msgs__rosidl_typesupport_cpp.dir/rosidl_typesupport_cpp/roomba_msgs/srv/reconfigure__type_support.cpp.o[0m
[11.614s] [ 70%] [32mBuilding CXX object CMakeFiles/roomba_msgs__rosidl_typesupport_fastrtps_cpp.dir/rosidl_typesupport_fastrtps_cpp/roomba_msgs/msg/detail/dds_fastrtps/misc__type_support.cpp.o[0m
[11.647s] [ 71%] [32mBuilding CXX object CMakeFiles/roomba_msgs__rosidl_typesupport_introspection_cpp.dir/rosidl_typesupport_introspection_cpp/roomba_msgs/srv/detail/priority__type_support.cpp.o[0m
[11.689s] [ 72%] [32mBuilding CXX object CMakeFiles/roomba_msgs__rosidl_typesupport_fastrtps_cpp.dir/rosidl_typesupport_fastrtps_cpp/roomba_msgs/msg/detail/dds_fastrtps/state__type_support.cpp.o[0m
[11.713s] [ 73%] [32mBuilding CXX object CMakeFiles/roomba_msgs__rosidl_typesupport_fastrtps_cpp.dir/rosidl_typesupport_fastrtps_cpp/roomba_msgs/srv/detail/dds_fastrtps/connect__type_support.cpp.o[0m
[12.425s] [ 74%] [32mBuilding CXX object CMakeFiles/roomba_msgs__rosidl_typesupport_fastrtps_c.dir/rosidl_typesupport_fastrtps_c/roomba_msgs/msg/detail/state__type_support_c.cpp.o[0m
[12.526s] [ 75%] [32mBuilding CXX object CMakeFiles/roomba_msgs__rosidl_typesupport_fastrtps_cpp.dir/rosidl_typesupport_fastrtps_cpp/roomba_msgs/srv/detail/dds_fastrtps/priority__type_support.cpp.o[0m
[12.584s] [ 76%] [32mBuilding CXX object CMakeFiles/roomba_msgs__rosidl_typesupport_fastrtps_c.dir/rosidl_typesupport_fastrtps_c/roomba_msgs/srv/detail/connect__type_support_c.cpp.o[0m
[12.735s] [ 77%] [32m[1mLinking CXX shared library libroomba_msgs__rosidl_typesupport_cpp.so[0m
[12.862s] [ 78%] [32mBuilding CXX object CMakeFiles/roomba_msgs__rosidl_typesupport_introspection_cpp.dir/rosidl_typesupport_introspection_cpp/roomba_msgs/srv/detail/reconfigure__type_support.cpp.o[0m
[12.923s] [ 79%] [32mBuilding CXX object CMakeFiles/roomba_msgs__rosidl_typesupport_fastrtps_cpp.dir/rosidl_typesupport_fastrtps_cpp/roomba_msgs/srv/detail/dds_fastrtps/reconfigure__type_support.cpp.o[0m
[13.000s] [ 80%] [32mBuilding CXX object CMakeFiles/roomba_msgs__rosidl_typesupport_fastrtps_c.dir/rosidl_typesupport_fastrtps_c/roomba_msgs/srv/detail/priority__type_support_c.cpp.o[0m
[13.107s] [ 80%] Built target roomba_msgs__rosidl_typesupport_cpp
[13.130s] [ 81%] [32mBuilding CXX object CMakeFiles/roomba_msgs__rosidl_typesupport_fastrtps_c.dir/rosidl_typesupport_fastrtps_c/roomba_msgs/srv/detail/reconfigure__type_support_c.cpp.o[0m
[13.782s] [ 82%] [32m[1mLinking CXX shared library libroomba_msgs__rosidl_typesupport_introspection_cpp.so[0m
[14.006s] [ 82%] Built target roomba_msgs__rosidl_typesupport_introspection_cpp
[14.135s] [ 83%] [32m[1mLinking CXX shared library libroomba_msgs__rosidl_typesupport_fastrtps_c.so[0m
[14.158s] [ 84%] [32m[1mLinking CXX shared library libroomba_msgs__rosidl_typesupport_fastrtps_cpp.so[0m
[14.313s] [ 84%] Built target roomba_msgs__rosidl_typesupport_fastrtps_c
[14.330s] [ 84%] Built target roomba_msgs__rosidl_typesupport_fastrtps_cpp
[14.359s] [ 84%] Built target roomba_msgs
[14.387s] [ 85%] [34m[1mGenerating Python code for ROS interfaces[0m
[16.078s] [ 85%] Built target roomba_msgs__py
[16.109s] [ 88%] [32mBuilding C object CMakeFiles/roomba_msgs__rosidl_generator_py.dir/rosidl_generator_py/roomba_msgs/msg/_misc_s.c.o[0m
[16.110s] [ 88%] [32mBuilding C object CMakeFiles/roomba_msgs__rosidl_generator_py.dir/rosidl_generator_py/roomba_msgs/msg/_movement_s.c.o[0m
[16.110s] [ 88%] [32mBuilding C object CMakeFiles/roomba_msgs__rosidl_generator_py.dir/rosidl_generator_py/roomba_msgs/msg/_security_s.c.o[0m
[16.110s] [ 89%] [32mBuilding C object CMakeFiles/roomba_msgs__rosidl_generator_py.dir/rosidl_generator_py/roomba_msgs/srv/_priority_s.c.o[0m
[16.110s] [ 90%] [32mBuilding C object CMakeFiles/roomba_msgs__rosidl_generator_py.dir/rosidl_generator_py/roomba_msgs/srv/_connect_s.c.o[0m
[16.110s] [ 92%] [32mBuilding C object CMakeFiles/roomba_msgs__rosidl_generator_py.dir/rosidl_generator_py/roomba_msgs/srv/_reconfigure_s.c.o[0m
[16.111s] [ 92%] [32mBuilding C object CMakeFiles/roomba_msgs__rosidl_generator_py.dir/rosidl_generator_py/roomba_msgs/msg/_power_s.c.o[0m
[16.111s] [ 93%] [32mBuilding C object CMakeFiles/roomba_msgs__rosidl_generator_py.dir/rosidl_generator_py/roomba_msgs/msg/_state_s.c.o[0m
[16.529s] [ 94%] [32m[1mLinking C shared library libroomba_msgs__rosidl_generator_py.so[0m
[16.637s] [ 94%] Built target roomba_msgs__rosidl_generator_py
[16.665s] [ 95%] [32mBuilding C object CMakeFiles/roomba_msgs_s__rosidl_typesupport_introspection_c.dir/rosidl_generator_py/roomba_msgs/_roomba_msgs_s.ep.rosidl_typesupport_introspection_c.c.o[0m
[16.667s] [ 97%] [32mBuilding C object CMakeFiles/roomba_msgs_s__rosidl_typesupport_fastrtps_c.dir/rosidl_generator_py/roomba_msgs/_roomba_msgs_s.ep.rosidl_typesupport_fastrtps_c.c.o[0m
[16.667s] [ 97%] [32mBuilding C object CMakeFiles/roomba_msgs_s__rosidl_typesupport_c.dir/rosidl_generator_py/roomba_msgs/_roomba_msgs_s.ep.rosidl_typesupport_c.c.o[0m
[16.861s] [ 98%] [32m[1mLinking C shared module rosidl_generator_py/roomba_msgs/roomba_msgs_s__rosidl_typesupport_c.so[0m
[16.871s] [ 99%] [32m[1mLinking C shared module rosidl_generator_py/roomba_msgs/roomba_msgs_s__rosidl_typesupport_introspection_c.so[0m
[16.874s] [100%] [32m[1mLinking C shared module rosidl_generator_py/roomba_msgs/roomba_msgs_s__rosidl_typesupport_fastrtps_c.so[0m
[16.949s] [100%] Built target roomba_msgs_s__rosidl_typesupport_c
[16.949s] [100%] Built target roomba_msgs_s__rosidl_typesupport_introspection_c
[16.949s] [100%] Built target roomba_msgs_s__rosidl_typesupport_fastrtps_c
[16.966s] Invoked command in '/home/druloko/ws_roomba/build/roomba_msgs' returned '0': CMAKE_PREFIX_PATH=${CMAKE_PREFIX_PATH}:/home/druloko/ws_roomba/install/robot_roomba:/opt/ros/rolling /usr/bin/cmake --build /home/druloko/ws_roomba/build/roomba_msgs -- -j8 -l8
[16.981s] Invoking command in '/home/druloko/ws_roomba/build/roomba_msgs': CMAKE_PREFIX_PATH=${CMAKE_PREFIX_PATH}:/home/druloko/ws_roomba/install/robot_roomba:/opt/ros/rolling /usr/bin/cmake --install /home/druloko/ws_roomba/build/roomba_msgs
[16.991s] -- Install configuration: ""
[16.993s] -- Installing: /home/druloko/ws_roomba/install/roomba_msgs/share/ament_index/resource_index/rosidl_interfaces/roomba_msgs
[16.993s] -- Installing: /home/druloko/ws_roomba/install/roomba_msgs/share/roomba_msgs/msg/Movement.json
[16.993s] -- Installing: /home/druloko/ws_roomba/install/roomba_msgs/share/roomba_msgs/msg/Security.json
[16.994s] -- Installing: /home/druloko/ws_roomba/install/roomba_msgs/share/roomba_msgs/msg/Power.json
[16.995s] -- Installing: /home/druloko/ws_roomba/install/roomba_msgs/share/roomba_msgs/msg/Misc.json
[16.995s] -- Installing: /home/druloko/ws_roomba/install/roomba_msgs/share/roomba_msgs/msg/State.json
[16.995s] -- Installing: /home/druloko/ws_roomba/install/roomba_msgs/share/roomba_msgs/srv/Connect.json
[16.995s] -- Installing: /home/druloko/ws_roomba/install/roomba_msgs/share/roomba_msgs/srv/Priority.json
[16.996s] -- Installing: /home/druloko/ws_roomba/install/roomba_msgs/share/roomba_msgs/srv/Reconfigure.json
[16.996s] -- Installing: /home/druloko/ws_roomba/install/roomba_msgs/include/roomba_msgs/roomba_msgs
[16.997s] -- Installing: /home/druloko/ws_roomba/install/roomba_msgs/include/roomba_msgs/roomba_msgs/srv
[16.997s] -- Installing: /home/druloko/ws_roomba/install/roomba_msgs/include/roomba_msgs/roomba_msgs/srv/connect.h
[16.998s] -- Installing: /home/druloko/ws_roomba/install/roomba_msgs/include/roomba_msgs/roomba_msgs/srv/reconfigure.h
[16.998s] -- Installing: /home/druloko/ws_roomba/install/roomba_msgs/include/roomba_msgs/roomba_msgs/srv/detail
[16.998s] -- Installing: /home/druloko/ws_roomba/install/roomba_msgs/include/roomba_msgs/roomba_msgs/srv/detail/priority__type_support.c
[16.998s] -- Installing: /home/druloko/ws_roomba/install/roomba_msgs/include/roomba_msgs/roomba_msgs/srv/detail/priority__functions.c
[16.998s] -- Installing: /home/druloko/ws_roomba/install/roomba_msgs/include/roomba_msgs/roomba_msgs/srv/detail/reconfigure__type_support.h
[16.999s] -- Installing: /home/druloko/ws_roomba/install/roomba_msgs/include/roomba_msgs/roomba_msgs/srv/detail/reconfigure__functions.c
[16.999s] -- Installing: /home/druloko/ws_roomba/install/roomba_msgs/include/roomba_msgs/roomba_msgs/srv/detail/connect__functions.h
[17.000s] -- Installing: /home/druloko/ws_roomba/install/roomba_msgs/include/roomba_msgs/roomba_msgs/srv/detail/reconfigure__struct.h
[17.000s] -- Installing: /home/druloko/ws_roomba/install/roomba_msgs/include/roomba_msgs/roomba_msgs/srv/detail/reconfigure__type_support.c
[17.000s] -- Installing: /home/druloko/ws_roomba/install/roomba_msgs/include/roomba_msgs/roomba_msgs/srv/detail/connect__type_support.c
[17.000s] -- Installing: /home/druloko/ws_roomba/install/roomba_msgs/include/roomba_msgs/roomba_msgs/srv/detail/priority__type_support.h
[17.000s] -- Installing: /home/druloko/ws_roomba/install/roomba_msgs/include/roomba_msgs/roomba_msgs/srv/detail/reconfigure__functions.h
[17.001s] -- Installing: /home/druloko/ws_roomba/install/roomba_msgs/include/roomba_msgs/roomba_msgs/srv/detail/priority__struct.h
[17.001s] -- Installing: /home/druloko/ws_roomba/install/roomba_msgs/include/roomba_msgs/roomba_msgs/srv/detail/connect__struct.h
[17.001s] -- Installing: /home/druloko/ws_roomba/install/roomba_msgs/include/roomba_msgs/roomba_msgs/srv/detail/connect__functions.c
[17.001s] -- Installing: /home/druloko/ws_roomba/install/roomba_msgs/include/roomba_msgs/roomba_msgs/srv/detail/connect__type_support.h
[17.001s] -- Installing: /home/druloko/ws_roomba/install/roomba_msgs/include/roomba_msgs/roomba_msgs/srv/detail/connect__description.c
[17.001s] -- Installing: /home/druloko/ws_roomba/install/roomba_msgs/include/roomba_msgs/roomba_msgs/srv/detail/priority__functions.h
[17.002s] -- Installing: /home/druloko/ws_roomba/install/roomba_msgs/include/roomba_msgs/roomba_msgs/srv/detail/reconfigure__description.c
[17.002s] -- Installing: /home/druloko/ws_roomba/install/roomba_msgs/include/roomba_msgs/roomba_msgs/srv/detail/priority__description.c
[17.002s] -- Installing: /home/druloko/ws_roomba/install/roomba_msgs/include/roomba_msgs/roomba_msgs/srv/priority.h
[17.002s] -- Installing: /home/druloko/ws_roomba/install/roomba_msgs/include/roomba_msgs/roomba_msgs/msg
[17.003s] -- Installing: /home/druloko/ws_roomba/install/roomba_msgs/include/roomba_msgs/roomba_msgs/msg/state.h
[17.003s] -- Installing: /home/druloko/ws_roomba/install/roomba_msgs/include/roomba_msgs/roomba_msgs/msg/security.h
[17.003s] -- Installing: /home/druloko/ws_roomba/install/roomba_msgs/include/roomba_msgs/roomba_msgs/msg/detail
[17.003s] -- Installing: /home/druloko/ws_roomba/install/roomba_msgs/include/roomba_msgs/roomba_msgs/msg/detail/security__struct.h
[17.003s] -- Installing: /home/druloko/ws_roomba/install/roomba_msgs/include/roomba_msgs/roomba_msgs/msg/detail/movement__type_support.c
[17.003s] -- Installing: /home/druloko/ws_roomba/install/roomba_msgs/include/roomba_msgs/roomba_msgs/msg/detail/state__functions.h
[17.004s] -- Installing: /home/druloko/ws_roomba/install/roomba_msgs/include/roomba_msgs/roomba_msgs/msg/detail/movement__type_support.h
[17.004s] -- Installing: /home/druloko/ws_roomba/install/roomba_msgs/include/roomba_msgs/roomba_msgs/msg/detail/misc__type_support.c
[17.004s] -- Installing: /home/druloko/ws_roomba/install/roomba_msgs/include/roomba_msgs/roomba_msgs/msg/detail/state__struct.h
[17.004s] -- Installing: /home/druloko/ws_roomba/install/roomba_msgs/include/roomba_msgs/roomba_msgs/msg/detail/misc__type_support.h
[17.004s] -- Installing: /home/druloko/ws_roomba/install/roomba_msgs/include/roomba_msgs/roomba_msgs/msg/detail/movement__functions.c
[17.004s] -- Installing: /home/druloko/ws_roomba/install/roomba_msgs/include/roomba_msgs/roomba_msgs/msg/detail/power__type_support.h
[17.004s] -- Installing: /home/druloko/ws_roomba/install/roomba_msgs/include/roomba_msgs/roomba_msgs/msg/detail/movement__description.c
[17.004s] -- Installing: /home/druloko/ws_roomba/install/roomba_msgs/include/roomba_msgs/roomba_msgs/msg/detail/power__description.c
[17.005s] -- Installing: /home/druloko/ws_roomba/install/roomba_msgs/include/roomba_msgs/roomba_msgs/msg/detail/power__type_support.c
[17.005s] -- Installing: /home/druloko/ws_roomba/install/roomba_msgs/include/roomba_msgs/roomba_msgs/msg/detail/power__functions.c
[17.005s] -- Installing: /home/druloko/ws_roomba/install/roomba_msgs/include/roomba_msgs/roomba_msgs/msg/detail/movement__functions.h
[17.005s] -- Installing: /home/druloko/ws_roomba/install/roomba_msgs/include/roomba_msgs/roomba_msgs/msg/detail/misc__functions.c
[17.006s] -- Installing: /home/druloko/ws_roomba/install/roomba_msgs/include/roomba_msgs/roomba_msgs/msg/detail/security__functions.h
[17.006s] -- Installing: /home/druloko/ws_roomba/install/roomba_msgs/include/roomba_msgs/roomba_msgs/msg/detail/movement__struct.h
[17.006s] -- Installing: /home/druloko/ws_roomba/install/roomba_msgs/include/roomba_msgs/roomba_msgs/msg/detail/misc__struct.h
[17.007s] -- Installing: /home/druloko/ws_roomba/install/roomba_msgs/include/roomba_msgs/roomba_msgs/msg/detail/power__struct.h
[17.007s] -- Installing: /home/druloko/ws_roomba/install/roomba_msgs/include/roomba_msgs/roomba_msgs/msg/detail/security__type_support.h
[17.007s] -- Installing: /home/druloko/ws_roomba/install/roomba_msgs/include/roomba_msgs/roomba_msgs/msg/detail/state__description.c
[17.007s] -- Installing: /home/druloko/ws_roomba/install/roomba_msgs/include/roomba_msgs/roomba_msgs/msg/detail/state__functions.c
[17.007s] -- Installing: /home/druloko/ws_roomba/install/roomba_msgs/include/roomba_msgs/roomba_msgs/msg/detail/state__type_support.c
[17.007s] -- Installing: /home/druloko/ws_roomba/install/roomba_msgs/include/roomba_msgs/roomba_msgs/msg/detail/security__functions.c
[17.008s] -- Installing: /home/druloko/ws_roomba/install/roomba_msgs/include/roomba_msgs/roomba_msgs/msg/detail/state__type_support.h
[17.008s] -- Installing: /home/druloko/ws_roomba/install/roomba_msgs/include/roomba_msgs/roomba_msgs/msg/detail/misc__description.c
[17.008s] -- Installing: /home/druloko/ws_roomba/install/roomba_msgs/include/roomba_msgs/roomba_msgs/msg/detail/security__type_support.c
[17.008s] -- Installing: /home/druloko/ws_roomba/install/roomba_msgs/include/roomba_msgs/roomba_msgs/msg/detail/security__description.c
[17.008s] -- Installing: /home/druloko/ws_roomba/install/roomba_msgs/include/roomba_msgs/roomba_msgs/msg/detail/power__functions.h
[17.008s] -- Installing: /home/druloko/ws_roomba/install/roomba_msgs/include/roomba_msgs/roomba_msgs/msg/detail/misc__functions.h
[17.009s] -- Installing: /home/druloko/ws_roomba/install/roomba_msgs/include/roomba_msgs/roomba_msgs/msg/movement.h
[17.010s] -- Installing: /home/druloko/ws_roomba/install/roomba_msgs/include/roomba_msgs/roomba_msgs/msg/misc.h
[17.010s] -- Installing: /home/druloko/ws_roomba/install/roomba_msgs/include/roomba_msgs/roomba_msgs/msg/power.h
[17.010s] -- Installing: /home/druloko/ws_roomba/install/roomba_msgs/include/roomba_msgs/roomba_msgs/msg/rosidl_generator_c__visibility_control.h
[17.011s] -- Installing: /home/druloko/ws_roomba/install/roomba_msgs/share/roomba_msgs/environment/library_path.sh
[17.011s] -- Installing: /home/druloko/ws_roomba/install/roomba_msgs/share/roomba_msgs/environment/library_path.dsv
[17.011s] -- Installing: /home/druloko/ws_roomba/install/roomba_msgs/lib/libroomba_msgs__rosidl_generator_c.so
[17.013s] -- Set non-toolchain portion of runtime path of "/home/druloko/ws_roomba/install/roomba_msgs/lib/libroomba_msgs__rosidl_generator_c.so" to ""
[17.014s] -- Up-to-date: /home/druloko/ws_roomba/install/roomba_msgs/include/roomba_msgs/roomba_msgs
[17.014s] -- Up-to-date: /home/druloko/ws_roomba/install/roomba_msgs/include/roomba_msgs/roomba_msgs/srv
[17.014s] -- Up-to-date: /home/druloko/ws_roomba/install/roomba_msgs/include/roomba_msgs/roomba_msgs/srv/detail
[17.014s] -- Installing: /home/druloko/ws_roomba/install/roomba_msgs/include/roomba_msgs/roomba_msgs/srv/detail/connect__rosidl_typesupport_fastrtps_c.h
[17.015s] -- Installing: /home/druloko/ws_roomba/install/roomba_msgs/include/roomba_msgs/roomba_msgs/srv/detail/reconfigure__rosidl_typesupport_fastrtps_c.h
[17.015s] -- Installing: /home/druloko/ws_roomba/install/roomba_msgs/include/roomba_msgs/roomba_msgs/srv/detail/priority__rosidl_typesupport_fastrtps_c.h
[17.015s] -- Up-to-date: /home/druloko/ws_roomba/install/roomba_msgs/include/roomba_msgs/roomba_msgs/msg
[17.015s] -- Up-to-date: /home/druloko/ws_roomba/install/roomba_msgs/include/roomba_msgs/roomba_msgs/msg/detail
[17.015s] -- Installing: /home/druloko/ws_roomba/install/roomba_msgs/include/roomba_msgs/roomba_msgs/msg/detail/security__rosidl_typesupport_fastrtps_c.h
[17.015s] -- Installing: /home/druloko/ws_roomba/install/roomba_msgs/include/roomba_msgs/roomba_msgs/msg/detail/power__rosidl_typesupport_fastrtps_c.h
[17.016s] -- Installing: /home/druloko/ws_roomba/install/roomba_msgs/include/roomba_msgs/roomba_msgs/msg/detail/misc__rosidl_typesupport_fastrtps_c.h
[17.016s] -- Installing: /home/druloko/ws_roomba/install/roomba_msgs/include/roomba_msgs/roomba_msgs/msg/detail/state__rosidl_typesupport_fastrtps_c.h
[17.016s] -- Installing: /home/druloko/ws_roomba/install/roomba_msgs/include/roomba_msgs/roomba_msgs/msg/detail/movement__rosidl_typesupport_fastrtps_c.h
[17.016s] -- Installing: /home/druloko/ws_roomba/install/roomba_msgs/include/roomba_msgs/roomba_msgs/msg/rosidl_typesupport_fastrtps_c__visibility_control.h
[17.016s] -- Installing: /home/druloko/ws_roomba/install/roomba_msgs/lib/libroomba_msgs__rosidl_typesupport_fastrtps_c.so
[17.017s] -- Set non-toolchain portion of runtime path of "/home/druloko/ws_roomba/install/roomba_msgs/lib/libroomba_msgs__rosidl_typesupport_fastrtps_c.so" to ""
[17.017s] -- Up-to-date: /home/druloko/ws_roomba/install/roomba_msgs/include/roomba_msgs/roomba_msgs
[17.018s] -- Up-to-date: /home/druloko/ws_roomba/install/roomba_msgs/include/roomba_msgs/roomba_msgs/srv
[17.018s] -- Up-to-date: /home/druloko/ws_roomba/install/roomba_msgs/include/roomba_msgs/roomba_msgs/srv/detail
[17.018s] -- Installing: /home/druloko/ws_roomba/install/roomba_msgs/include/roomba_msgs/roomba_msgs/srv/detail/priority__rosidl_typesupport_introspection_c.h
[17.018s] -- Installing: /home/druloko/ws_roomba/install/roomba_msgs/include/roomba_msgs/roomba_msgs/srv/detail/priority__type_support.c
[17.019s] -- Installing: /home/druloko/ws_roomba/install/roomba_msgs/include/roomba_msgs/roomba_msgs/srv/detail/connect__rosidl_typesupport_introspection_c.h
[17.019s] -- Installing: /home/druloko/ws_roomba/install/roomba_msgs/include/roomba_msgs/roomba_msgs/srv/detail/reconfigure__type_support.c
[17.019s] -- Installing: /home/druloko/ws_roomba/install/roomba_msgs/include/roomba_msgs/roomba_msgs/srv/detail/connect__type_support.c
[17.019s] -- Installing: /home/druloko/ws_roomba/install/roomba_msgs/include/roomba_msgs/roomba_msgs/srv/detail/reconfigure__rosidl_typesupport_introspection_c.h
[17.019s] -- Up-to-date: /home/druloko/ws_roomba/install/roomba_msgs/include/roomba_msgs/roomba_msgs/msg
[17.019s] -- Up-to-date: /home/druloko/ws_roomba/install/roomba_msgs/include/roomba_msgs/roomba_msgs/msg/detail
[17.019s] -- Installing: /home/druloko/ws_roomba/install/roomba_msgs/include/roomba_msgs/roomba_msgs/msg/detail/movement__type_support.c
[17.019s] -- Installing: /home/druloko/ws_roomba/install/roomba_msgs/include/roomba_msgs/roomba_msgs/msg/detail/misc__type_support.c
[17.020s] -- Installing: /home/druloko/ws_roomba/install/roomba_msgs/include/roomba_msgs/roomba_msgs/msg/detail/misc__rosidl_typesupport_introspection_c.h
[17.020s] -- Installing: /home/druloko/ws_roomba/install/roomba_msgs/include/roomba_msgs/roomba_msgs/msg/detail/power__rosidl_typesupport_introspection_c.h
[17.020s] -- Installing: /home/druloko/ws_roomba/install/roomba_msgs/include/roomba_msgs/roomba_msgs/msg/detail/power__type_support.c
[17.020s] -- Installing: /home/druloko/ws_roomba/install/roomba_msgs/include/roomba_msgs/roomba_msgs/msg/detail/state__rosidl_typesupport_introspection_c.h
[17.020s] -- Installing: /home/druloko/ws_roomba/install/roomba_msgs/include/roomba_msgs/roomba_msgs/msg/detail/state__type_support.c
[17.021s] -- Installing: /home/druloko/ws_roomba/install/roomba_msgs/include/roomba_msgs/roomba_msgs/msg/detail/security__rosidl_typesupport_introspection_c.h
[17.021s] -- Installing: /home/druloko/ws_roomba/install/roomba_msgs/include/roomba_msgs/roomba_msgs/msg/detail/security__type_support.c
[17.021s] -- Installing: /home/druloko/ws_roomba/install/roomba_msgs/include/roomba_msgs/roomba_msgs/msg/detail/movement__rosidl_typesupport_introspection_c.h
[17.021s] -- Installing: /home/druloko/ws_roomba/install/roomba_msgs/include/roomba_msgs/roomba_msgs/msg/rosidl_typesupport_introspection_c__visibility_control.h
[17.021s] -- Installing: /home/druloko/ws_roomba/install/roomba_msgs/lib/libroomba_msgs__rosidl_typesupport_introspection_c.so
[17.022s] -- Set non-toolchain portion of runtime path of "/home/druloko/ws_roomba/install/roomba_msgs/lib/libroomba_msgs__rosidl_typesupport_introspection_c.so" to ""
[17.022s] -- Installing: /home/druloko/ws_roomba/install/roomba_msgs/lib/libroomba_msgs__rosidl_typesupport_c.so
[17.023s] -- Set non-toolchain portion of runtime path of "/home/druloko/ws_roomba/install/roomba_msgs/lib/libroomba_msgs__rosidl_typesupport_c.so" to ""
[17.023s] -- Up-to-date: /home/druloko/ws_roomba/install/roomba_msgs/include/roomba_msgs/roomba_msgs
[17.023s] -- Up-to-date: /home/druloko/ws_roomba/install/roomba_msgs/include/roomba_msgs/roomba_msgs/srv
[17.024s] -- Installing: /home/druloko/ws_roomba/install/roomba_msgs/include/roomba_msgs/roomba_msgs/srv/priority.hpp
[17.024s] -- Installing: /home/druloko/ws_roomba/install/roomba_msgs/include/roomba_msgs/roomba_msgs/srv/connect.hpp
[17.024s] -- Up-to-date: /home/druloko/ws_roomba/install/roomba_msgs/include/roomba_msgs/roomba_msgs/srv/detail
[17.025s] -- Installing: /home/druloko/ws_roomba/install/roomba_msgs/include/roomba_msgs/roomba_msgs/srv/detail/connect__struct.hpp
[17.025s] -- Installing: /home/druloko/ws_roomba/install/roomba_msgs/include/roomba_msgs/roomba_msgs/srv/detail/priority__builder.hpp
[17.026s] -- Installing: /home/druloko/ws_roomba/install/roomba_msgs/include/roomba_msgs/roomba_msgs/srv/detail/connect__type_support.hpp
[17.026s] -- Installing: /home/druloko/ws_roomba/install/roomba_msgs/include/roomba_msgs/roomba_msgs/srv/detail/connect__traits.hpp
[17.026s] -- Installing: /home/druloko/ws_roomba/install/roomba_msgs/include/roomba_msgs/roomba_msgs/srv/detail/priority__traits.hpp
[17.026s] -- Installing: /home/druloko/ws_roomba/install/roomba_msgs/include/roomba_msgs/roomba_msgs/srv/detail/reconfigure__type_support.hpp
[17.027s] -- Installing: /home/druloko/ws_roomba/install/roomba_msgs/include/roomba_msgs/roomba_msgs/srv/detail/connect__builder.hpp
[17.027s] -- Installing: /home/druloko/ws_roomba/install/roomba_msgs/include/roomba_msgs/roomba_msgs/srv/detail/reconfigure__builder.hpp
[17.027s] -- Installing: /home/druloko/ws_roomba/install/roomba_msgs/include/roomba_msgs/roomba_msgs/srv/detail/priority__struct.hpp
[17.027s] -- Installing: /home/druloko/ws_roomba/install/roomba_msgs/include/roomba_msgs/roomba_msgs/srv/detail/priority__type_support.hpp
[17.028s] -- Installing: /home/druloko/ws_roomba/install/roomba_msgs/include/roomba_msgs/roomba_msgs/srv/detail/reconfigure__traits.hpp
[17.028s] -- Installing: /home/druloko/ws_roomba/install/roomba_msgs/include/roomba_msgs/roomba_msgs/srv/detail/reconfigure__struct.hpp
[17.028s] -- Installing: /home/druloko/ws_roomba/install/roomba_msgs/include/roomba_msgs/roomba_msgs/srv/reconfigure.hpp
[17.029s] -- Up-to-date: /home/druloko/ws_roomba/install/roomba_msgs/include/roomba_msgs/roomba_msgs/msg
[17.029s] -- Installing: /home/druloko/ws_roomba/install/roomba_msgs/include/roomba_msgs/roomba_msgs/msg/movement.hpp
[17.029s] -- Installing: /home/druloko/ws_roomba/install/roomba_msgs/include/roomba_msgs/roomba_msgs/msg/rosidl_generator_cpp__visibility_control.hpp
[17.029s] -- Installing: /home/druloko/ws_roomba/install/roomba_msgs/include/roomba_msgs/roomba_msgs/msg/misc.hpp
[17.030s] -- Installing: /home/druloko/ws_roomba/install/roomba_msgs/include/roomba_msgs/roomba_msgs/msg/security.hpp
[17.030s] -- Installing: /home/druloko/ws_roomba/install/roomba_msgs/include/roomba_msgs/roomba_msgs/msg/power.hpp
[17.030s] -- Up-to-date: /home/druloko/ws_roomba/install/roomba_msgs/include/roomba_msgs/roomba_msgs/msg/detail
[17.030s] -- Installing: /home/druloko/ws_roomba/install/roomba_msgs/include/roomba_msgs/roomba_msgs/msg/detail/misc__builder.hpp
[17.030s] -- Installing: /home/druloko/ws_roomba/install/roomba_msgs/include/roomba_msgs/roomba_msgs/msg/detail/security__builder.hpp
[17.031s] -- Installing: /home/druloko/ws_roomba/install/roomba_msgs/include/roomba_msgs/roomba_msgs/msg/detail/power__traits.hpp
[17.031s] -- Installing: /home/druloko/ws_roomba/install/roomba_msgs/include/roomba_msgs/roomba_msgs/msg/detail/movement__struct.hpp
[17.031s] -- Installing: /home/druloko/ws_roomba/install/roomba_msgs/include/roomba_msgs/roomba_msgs/msg/detail/movement__traits.hpp
[17.032s] -- Installing: /home/druloko/ws_roomba/install/roomba_msgs/include/roomba_msgs/roomba_msgs/msg/detail/state__struct.hpp
[17.032s] -- Installing: /home/druloko/ws_roomba/install/roomba_msgs/include/roomba_msgs/roomba_msgs/msg/detail/power__struct.hpp
[17.032s] -- Installing: /home/druloko/ws_roomba/install/roomba_msgs/include/roomba_msgs/roomba_msgs/msg/detail/power__builder.hpp
[17.032s] -- Installing: /home/druloko/ws_roomba/install/roomba_msgs/include/roomba_msgs/roomba_msgs/msg/detail/security__type_support.hpp
[17.032s] -- Installing: /home/druloko/ws_roomba/install/roomba_msgs/include/roomba_msgs/roomba_msgs/msg/detail/movement__type_support.hpp
[17.032s] -- Installing: /home/druloko/ws_roomba/install/roomba_msgs/include/roomba_msgs/roomba_msgs/msg/detail/misc__traits.hpp
[17.032s] -- Installing: /home/druloko/ws_roomba/install/roomba_msgs/include/roomba_msgs/roomba_msgs/msg/detail/misc__struct.hpp
[17.032s] -- Installing: /home/druloko/ws_roomba/install/roomba_msgs/include/roomba_msgs/roomba_msgs/msg/detail/power__type_support.hpp
[17.033s] -- Installing: /home/druloko/ws_roomba/install/roomba_msgs/include/roomba_msgs/roomba_msgs/msg/detail/state__traits.hpp
[17.033s] -- Installing: /home/druloko/ws_roomba/install/roomba_msgs/include/roomba_msgs/roomba_msgs/msg/detail/state__builder.hpp
[17.033s] -- Installing: /home/druloko/ws_roomba/install/roomba_msgs/include/roomba_msgs/roomba_msgs/msg/detail/movement__builder.hpp
[17.033s] -- Installing: /home/druloko/ws_roomba/install/roomba_msgs/include/roomba_msgs/roomba_msgs/msg/detail/security__struct.hpp
[17.033s] -- Installing: /home/druloko/ws_roomba/install/roomba_msgs/include/roomba_msgs/roomba_msgs/msg/detail/misc__type_support.hpp
[17.034s] -- Installing: /home/druloko/ws_roomba/install/roomba_msgs/include/roomba_msgs/roomba_msgs/msg/detail/security__traits.hpp
[17.034s] -- Installing: /home/druloko/ws_roomba/install/roomba_msgs/include/roomba_msgs/roomba_msgs/msg/detail/state__type_support.hpp
[17.034s] -- Installing: /home/druloko/ws_roomba/install/roomba_msgs/include/roomba_msgs/roomba_msgs/msg/state.hpp
[17.034s] -- Up-to-date: /home/druloko/ws_roomba/install/roomba_msgs/include/roomba_msgs/roomba_msgs
[17.034s] -- Up-to-date: /home/druloko/ws_roomba/install/roomba_msgs/include/roomba_msgs/roomba_msgs/srv
[17.034s] -- Up-to-date: /home/druloko/ws_roomba/install/roomba_msgs/include/roomba_msgs/roomba_msgs/srv/detail
[17.035s] -- Installing: /home/druloko/ws_roomba/install/roomba_msgs/include/roomba_msgs/roomba_msgs/srv/detail/dds_fastrtps
[17.035s] -- Installing: /home/druloko/ws_roomba/install/roomba_msgs/include/roomba_msgs/roomba_msgs/srv/detail/priority__rosidl_typesupport_fastrtps_cpp.hpp
[17.035s] -- Installing: /home/druloko/ws_roomba/install/roomba_msgs/include/roomba_msgs/roomba_msgs/srv/detail/reconfigure__rosidl_typesupport_fastrtps_cpp.hpp
[17.035s] -- Installing: /home/druloko/ws_roomba/install/roomba_msgs/include/roomba_msgs/roomba_msgs/srv/detail/connect__rosidl_typesupport_fastrtps_cpp.hpp
[17.035s] -- Up-to-date: /home/druloko/ws_roomba/install/roomba_msgs/include/roomba_msgs/roomba_msgs/msg
[17.036s] -- Installing: /home/druloko/ws_roomba/install/roomba_msgs/include/roomba_msgs/roomba_msgs/msg/rosidl_typesupport_fastrtps_cpp__visibility_control.h
[17.036s] -- Up-to-date: /home/druloko/ws_roomba/install/roomba_msgs/include/roomba_msgs/roomba_msgs/msg/detail
[17.036s] -- Installing: /home/druloko/ws_roomba/install/roomba_msgs/include/roomba_msgs/roomba_msgs/msg/detail/dds_fastrtps
[17.037s] -- Installing: /home/druloko/ws_roomba/install/roomba_msgs/include/roomba_msgs/roomba_msgs/msg/detail/state__rosidl_typesupport_fastrtps_cpp.hpp
[17.037s] -- Installing: /home/druloko/ws_roomba/install/roomba_msgs/include/roomba_msgs/roomba_msgs/msg/detail/power__rosidl_typesupport_fastrtps_cpp.hpp
[17.037s] -- Installing: /home/druloko/ws_roomba/install/roomba_msgs/include/roomba_msgs/roomba_msgs/msg/detail/misc__rosidl_typesupport_fastrtps_cpp.hpp
[17.037s] -- Installing: /home/druloko/ws_roomba/install/roomba_msgs/include/roomba_msgs/roomba_msgs/msg/detail/movement__rosidl_typesupport_fastrtps_cpp.hpp
[17.037s] -- Installing: /home/druloko/ws_roomba/install/roomba_msgs/include/roomba_msgs/roomba_msgs/msg/detail/security__rosidl_typesupport_fastrtps_cpp.hpp
[17.037s] -- Installing: /home/druloko/ws_roomba/install/roomba_msgs/lib/libroomba_msgs__rosidl_typesupport_fastrtps_cpp.so
[17.038s] -- Set non-toolchain portion of runtime path of "/home/druloko/ws_roomba/install/roomba_msgs/lib/libroomba_msgs__rosidl_typesupport_fastrtps_cpp.so" to ""
[17.038s] -- Up-to-date: /home/druloko/ws_roomba/install/roomba_msgs/include/roomba_msgs/roomba_msgs
[17.038s] -- Up-to-date: /home/druloko/ws_roomba/install/roomba_msgs/include/roomba_msgs/roomba_msgs/srv
[17.038s] -- Up-to-date: /home/druloko/ws_roomba/install/roomba_msgs/include/roomba_msgs/roomba_msgs/srv/detail
[17.039s] -- Installing: /home/druloko/ws_roomba/install/roomba_msgs/include/roomba_msgs/roomba_msgs/srv/detail/connect__rosidl_typesupport_introspection_cpp.hpp
[17.039s] -- Installing: /home/druloko/ws_roomba/install/roomba_msgs/include/roomba_msgs/roomba_msgs/srv/detail/priority__type_support.cpp
[17.039s] -- Installing: /home/druloko/ws_roomba/install/roomba_msgs/include/roomba_msgs/roomba_msgs/srv/detail/reconfigure__type_support.cpp
[17.040s] -- Installing: /home/druloko/ws_roomba/install/roomba_msgs/include/roomba_msgs/roomba_msgs/srv/detail/connect__type_support.cpp
[17.041s] -- Installing: /home/druloko/ws_roomba/install/roomba_msgs/include/roomba_msgs/roomba_msgs/srv/detail/priority__rosidl_typesupport_introspection_cpp.hpp
[17.041s] -- Installing: /home/druloko/ws_roomba/install/roomba_msgs/include/roomba_msgs/roomba_msgs/srv/detail/reconfigure__rosidl_typesupport_introspection_cpp.hpp
[17.041s] -- Up-to-date: /home/druloko/ws_roomba/install/roomba_msgs/include/roomba_msgs/roomba_msgs/msg
[17.041s] -- Up-to-date: /home/druloko/ws_roomba/install/roomba_msgs/include/roomba_msgs/roomba_msgs/msg/detail
[17.042s] -- Installing: /home/druloko/ws_roomba/install/roomba_msgs/include/roomba_msgs/roomba_msgs/msg/detail/misc__rosidl_typesupport_introspection_cpp.hpp
[17.042s] -- Installing: /home/druloko/ws_roomba/install/roomba_msgs/include/roomba_msgs/roomba_msgs/msg/detail/security__rosidl_typesupport_introspection_cpp.hpp
[17.042s] -- Installing: /home/druloko/ws_roomba/install/roomba_msgs/include/roomba_msgs/roomba_msgs/msg/detail/state__type_support.cpp
[17.042s] -- Installing: /home/druloko/ws_roomba/install/roomba_msgs/include/roomba_msgs/roomba_msgs/msg/detail/power__type_support.cpp
[17.042s] -- Installing: /home/druloko/ws_roomba/install/roomba_msgs/include/roomba_msgs/roomba_msgs/msg/detail/misc__type_support.cpp
[17.042s] -- Installing: /home/druloko/ws_roomba/install/roomba_msgs/include/roomba_msgs/roomba_msgs/msg/detail/power__rosidl_typesupport_introspection_cpp.hpp
[17.043s] -- Installing: /home/druloko/ws_roomba/install/roomba_msgs/include/roomba_msgs/roomba_msgs/msg/detail/security__type_support.cpp
[17.043s] -- Installing: /home/druloko/ws_roomba/install/roomba_msgs/include/roomba_msgs/roomba_msgs/msg/detail/state__rosidl_typesupport_introspection_cpp.hpp
[17.043s] -- Installing: /home/druloko/ws_roomba/install/roomba_msgs/include/roomba_msgs/roomba_msgs/msg/detail/movement__type_support.cpp
[17.043s] -- Installing: /home/druloko/ws_roomba/install/roomba_msgs/include/roomba_msgs/roomba_msgs/msg/detail/movement__rosidl_typesupport_introspection_cpp.hpp
[17.043s] -- Installing: /home/druloko/ws_roomba/install/roomba_msgs/lib/libroomba_msgs__rosidl_typesupport_introspection_cpp.so
[17.044s] -- Set non-toolchain portion of runtime path of "/home/druloko/ws_roomba/install/roomba_msgs/lib/libroomba_msgs__rosidl_typesupport_introspection_cpp.so" to ""
[17.044s] -- Installing: /home/druloko/ws_roomba/install/roomba_msgs/lib/libroomba_msgs__rosidl_typesupport_cpp.so
[17.044s] -- Set non-toolchain portion of runtime path of "/home/druloko/ws_roomba/install/roomba_msgs/lib/libroomba_msgs__rosidl_typesupport_cpp.so" to ""
[17.044s] -- Installing: /home/druloko/ws_roomba/install/roomba_msgs/share/roomba_msgs/environment/pythonpath.sh
[17.045s] -- Installing: /home/druloko/ws_roomba/install/roomba_msgs/share/roomba_msgs/environment/pythonpath.dsv
[17.045s] -- Installing: /home/druloko/ws_roomba/install/roomba_msgs/lib/python3.12/site-packages/roomba_msgs-0.0.0-py3.12.egg-info
[17.046s] -- Installing: /home/druloko/ws_roomba/install/roomba_msgs/lib/python3.12/site-packages/roomba_msgs-0.0.0-py3.12.egg-info/top_level.txt
[17.046s] -- Installing: /home/druloko/ws_roomba/install/roomba_msgs/lib/python3.12/site-packages/roomba_msgs-0.0.0-py3.12.egg-info/PKG-INFO
[17.046s] -- Installing: /home/druloko/ws_roomba/install/roomba_msgs/lib/python3.12/site-packages/roomba_msgs-0.0.0-py3.12.egg-info/SOURCES.txt
[17.047s] -- Installing: /home/druloko/ws_roomba/install/roomba_msgs/lib/python3.12/site-packages/roomba_msgs-0.0.0-py3.12.egg-info/dependency_links.txt
[17.047s] -- Installing: /home/druloko/ws_roomba/install/roomba_msgs/lib/python3.12/site-packages/roomba_msgs
[17.047s] -- Installing: /home/druloko/ws_roomba/install/roomba_msgs/lib/python3.12/site-packages/roomba_msgs/roomba_msgs_s__rosidl_typesupport_fastrtps_c.so
[17.047s] -- Installing: /home/druloko/ws_roomba/install/roomba_msgs/lib/python3.12/site-packages/roomba_msgs/roomba_msgs_s__rosidl_typesupport_introspection_c.so
[17.047s] -- Installing: /home/druloko/ws_roomba/install/roomba_msgs/lib/python3.12/site-packages/roomba_msgs/roomba_msgs_s__rosidl_typesupport_c.so
[17.048s] -- Installing: /home/druloko/ws_roomba/install/roomba_msgs/lib/python3.12/site-packages/roomba_msgs/_roomba_msgs_s.ep.rosidl_typesupport_introspection_c.c
[17.048s] -- Installing: /home/druloko/ws_roomba/install/roomba_msgs/lib/python3.12/site-packages/roomba_msgs/_roomba_msgs_s.ep.rosidl_typesupport_c.c
[17.049s] -- Installing: /home/druloko/ws_roomba/install/roomba_msgs/lib/python3.12/site-packages/roomba_msgs/_roomba_msgs_s.ep.rosidl_typesupport_fastrtps_c.c
[17.049s] -- Installing: /home/druloko/ws_roomba/install/roomba_msgs/lib/python3.12/site-packages/roomba_msgs/__init__.py
[17.049s] -- Installing: /home/druloko/ws_roomba/install/roomba_msgs/lib/python3.12/site-packages/roomba_msgs/srv
[17.049s] -- Installing: /home/druloko/ws_roomba/install/roomba_msgs/lib/python3.12/site-packages/roomba_msgs/srv/__init__.py
[17.050s] -- Installing: /home/druloko/ws_roomba/install/roomba_msgs/lib/python3.12/site-packages/roomba_msgs/srv/_reconfigure_s.c
[17.050s] -- Installing: /home/druloko/ws_roomba/install/roomba_msgs/lib/python3.12/site-packages/roomba_msgs/srv/_connect_s.c
[17.050s] -- Installing: /home/druloko/ws_roomba/install/roomba_msgs/lib/python3.12/site-packages/roomba_msgs/srv/_priority_s.c
[17.051s] -- Installing: /home/druloko/ws_roomba/install/roomba_msgs/lib/python3.12/site-packages/roomba_msgs/srv/_priority.py
[17.051s] -- Installing: /home/druloko/ws_roomba/install/roomba_msgs/lib/python3.12/site-packages/roomba_msgs/srv/_reconfigure.py
[17.051s] -- Installing: /home/druloko/ws_roomba/install/roomba_msgs/lib/python3.12/site-packages/roomba_msgs/srv/_connect.py
[17.052s] -- Installing: /home/druloko/ws_roomba/install/roomba_msgs/lib/python3.12/site-packages/roomba_msgs/msg
[17.052s] -- Installing: /home/druloko/ws_roomba/install/roomba_msgs/lib/python3.12/site-packages/roomba_msgs/msg/_movement.py
[17.052s] -- Installing: /home/druloko/ws_roomba/install/roomba_msgs/lib/python3.12/site-packages/roomba_msgs/msg/_misc_s.c
[17.052s] -- Installing: /home/druloko/ws_roomba/install/roomba_msgs/lib/python3.12/site-packages/roomba_msgs/msg/_security_s.c
[17.053s] -- Installing: /home/druloko/ws_roomba/install/roomba_msgs/lib/python3.12/site-packages/roomba_msgs/msg/_state.py
[17.053s] -- Installing: /home/druloko/ws_roomba/install/roomba_msgs/lib/python3.12/site-packages/roomba_msgs/msg/__init__.py
[17.053s] -- Installing: /home/druloko/ws_roomba/install/roomba_msgs/lib/python3.12/site-packages/roomba_msgs/msg/_misc.py
[17.053s] -- Installing: /home/druloko/ws_roomba/install/roomba_msgs/lib/python3.12/site-packages/roomba_msgs/msg/_state_s.c
[17.053s] -- Installing: /home/druloko/ws_roomba/install/roomba_msgs/lib/python3.12/site-packages/roomba_msgs/msg/_power_s.c
[17.053s] -- Installing: /home/druloko/ws_roomba/install/roomba_msgs/lib/python3.12/site-packages/roomba_msgs/msg/_security.py
[17.054s] -- Installing: /home/druloko/ws_roomba/install/roomba_msgs/lib/python3.12/site-packages/roomba_msgs/msg/_movement_s.c
[17.054s] -- Installing: /home/druloko/ws_roomba/install/roomba_msgs/lib/python3.12/site-packages/roomba_msgs/msg/_power.py
[17.126s] Listing '/home/druloko/ws_roomba/install/roomba_msgs/lib/python3.12/site-packages/roomba_msgs'...
[17.126s] Compiling '/home/druloko/ws_roomba/install/roomba_msgs/lib/python3.12/site-packages/roomba_msgs/__init__.py'...
[17.126s] Listing '/home/druloko/ws_roomba/install/roomba_msgs/lib/python3.12/site-packages/roomba_msgs/msg'...
[17.126s] Compiling '/home/druloko/ws_roomba/install/roomba_msgs/lib/python3.12/site-packages/roomba_msgs/msg/__init__.py'...
[17.126s] Compiling '/home/druloko/ws_roomba/install/roomba_msgs/lib/python3.12/site-packages/roomba_msgs/msg/_misc.py'...
[17.126s] Compiling '/home/druloko/ws_roomba/install/roomba_msgs/lib/python3.12/site-packages/roomba_msgs/msg/_movement.py'...
[17.126s] Compiling '/home/druloko/ws_roomba/install/roomba_msgs/lib/python3.12/site-packages/roomba_msgs/msg/_power.py'...
[17.126s] Compiling '/home/druloko/ws_roomba/install/roomba_msgs/lib/python3.12/site-packages/roomba_msgs/msg/_security.py'...
[17.126s] Compiling '/home/druloko/ws_roomba/install/roomba_msgs/lib/python3.12/site-packages/roomba_msgs/msg/_state.py'...
[17.126s] Listing '/home/druloko/ws_roomba/install/roomba_msgs/lib/python3.12/site-packages/roomba_msgs/srv'...
[17.127s] Compiling '/home/druloko/ws_roomba/install/roomba_msgs/lib/python3.12/site-packages/roomba_msgs/srv/__init__.py'...
[17.127s] Compiling '/home/druloko/ws_roomba/install/roomba_msgs/lib/python3.12/site-packages/roomba_msgs/srv/_connect.py'...
[17.127s] Compiling '/home/druloko/ws_roomba/install/roomba_msgs/lib/python3.12/site-packages/roomba_msgs/srv/_priority.py'...
[17.127s] Compiling '/home/druloko/ws_roomba/install/roomba_msgs/lib/python3.12/site-packages/roomba_msgs/srv/_reconfigure.py'...
[17.134s] -- Installing: /home/druloko/ws_roomba/install/roomba_msgs/lib/python3.12/site-packages/roomba_msgs/roomba_msgs_s__rosidl_typesupport_fastrtps_c.so
[17.134s] -- Set non-toolchain portion of runtime path of "/home/druloko/ws_roomba/install/roomba_msgs/lib/python3.12/site-packages/roomba_msgs/roomba_msgs_s__rosidl_typesupport_fastrtps_c.so" to ""
[17.134s] -- Installing: /home/druloko/ws_roomba/install/roomba_msgs/lib/python3.12/site-packages/roomba_msgs/roomba_msgs_s__rosidl_typesupport_introspection_c.so
[17.135s] -- Set non-toolchain portion of runtime path of "/home/druloko/ws_roomba/install/roomba_msgs/lib/python3.12/site-packages/roomba_msgs/roomba_msgs_s__rosidl_typesupport_introspection_c.so" to ""
[17.135s] -- Installing: /home/druloko/ws_roomba/install/roomba_msgs/lib/python3.12/site-packages/roomba_msgs/roomba_msgs_s__rosidl_typesupport_c.so
[17.135s] -- Set non-toolchain portion of runtime path of "/home/druloko/ws_roomba/install/roomba_msgs/lib/python3.12/site-packages/roomba_msgs/roomba_msgs_s__rosidl_typesupport_c.so" to ""
[17.135s] -- Installing: /home/druloko/ws_roomba/install/roomba_msgs/lib/libroomba_msgs__rosidl_generator_py.so
[17.136s] -- Set non-toolchain portion of runtime path of "/home/druloko/ws_roomba/install/roomba_msgs/lib/libroomba_msgs__rosidl_generator_py.so" to ""
[17.136s] -- Installing: /home/druloko/ws_roomba/install/roomba_msgs/share/roomba_msgs/msg/Movement.idl
[17.136s] -- Installing: /home/druloko/ws_roomba/install/roomba_msgs/share/roomba_msgs/msg/Security.idl
[17.136s] -- Installing: /home/druloko/ws_roomba/install/roomba_msgs/share/roomba_msgs/msg/Power.idl
[17.136s] -- Installing: /home/druloko/ws_roomba/install/roomba_msgs/share/roomba_msgs/msg/Misc.idl
[17.137s] -- Installing: /home/druloko/ws_roomba/install/roomba_msgs/share/roomba_msgs/msg/State.idl
[17.137s] -- Installing: /home/druloko/ws_roomba/install/roomba_msgs/share/roomba_msgs/srv/Connect.idl
[17.137s] -- Installing: /home/druloko/ws_roomba/install/roomba_msgs/share/roomba_msgs/srv/Priority.idl
[17.137s] -- Installing: /home/druloko/ws_roomba/install/roomba_msgs/share/roomba_msgs/srv/Reconfigure.idl
[17.137s] -- Installing: /home/druloko/ws_roomba/install/roomba_msgs/share/roomba_msgs/msg/Movement.msg
[17.138s] -- Installing: /home/druloko/ws_roomba/install/roomba_msgs/share/roomba_msgs/msg/Security.msg
[17.138s] -- Installing: /home/druloko/ws_roomba/install/roomba_msgs/share/roomba_msgs/msg/Power.msg
[17.138s] -- Installing: /home/druloko/ws_roomba/install/roomba_msgs/share/roomba_msgs/msg/Misc.msg
[17.138s] -- Installing: /home/druloko/ws_roomba/install/roomba_msgs/share/roomba_msgs/msg/State.msg
[17.138s] -- Installing: /home/druloko/ws_roomba/install/roomba_msgs/share/roomba_msgs/srv/Connect.srv
[17.139s] -- Installing: /home/druloko/ws_roomba/install/roomba_msgs/share/roomba_msgs/srv/Priority.srv
[17.139s] -- Installing: /home/druloko/ws_roomba/install/roomba_msgs/share/roomba_msgs/srv/Reconfigure.srv
[17.139s] -- Installing: /home/druloko/ws_roomba/install/roomba_msgs/share/ament_index/resource_index/package_run_dependencies/roomba_msgs
[17.139s] -- Installing: /home/druloko/ws_roomba/install/roomba_msgs/share/ament_index/resource_index/parent_prefix_path/roomba_msgs
[17.140s] -- Installing: /home/druloko/ws_roomba/install/roomba_msgs/share/roomba_msgs/environment/ament_prefix_path.sh
[17.140s] -- Installing: /home/druloko/ws_roomba/install/roomba_msgs/share/roomba_msgs/environment/ament_prefix_path.dsv
[17.140s] -- Installing: /home/druloko/ws_roomba/install/roomba_msgs/share/roomba_msgs/environment/path.sh
[17.140s] -- Installing: /home/druloko/ws_roomba/install/roomba_msgs/share/roomba_msgs/environment/path.dsv
[17.141s] -- Installing: /home/druloko/ws_roomba/install/roomba_msgs/share/roomba_msgs/local_setup.bash
[17.141s] -- Installing: /home/druloko/ws_roomba/install/roomba_msgs/share/roomba_msgs/local_setup.sh
[17.141s] -- Installing: /home/druloko/ws_roomba/install/roomba_msgs/share/roomba_msgs/local_setup.zsh
[17.141s] -- Installing: /home/druloko/ws_roomba/install/roomba_msgs/share/roomba_msgs/local_setup.dsv
[17.142s] -- Installing: /home/druloko/ws_roomba/install/roomba_msgs/share/roomba_msgs/package.dsv
[17.142s] -- Installing: /home/druloko/ws_roomba/install/roomba_msgs/share/ament_index/resource_index/packages/roomba_msgs
[17.143s] -- Installing: /home/druloko/ws_roomba/install/roomba_msgs/share/roomba_msgs/cmake/export_roomba_msgs__rosidl_generator_cExport.cmake
[17.143s] -- Installing: /home/druloko/ws_roomba/install/roomba_msgs/share/roomba_msgs/cmake/export_roomba_msgs__rosidl_generator_cExport-noconfig.cmake
[17.143s] -- Installing: /home/druloko/ws_roomba/install/roomba_msgs/share/roomba_msgs/cmake/export_roomba_msgs__rosidl_typesupport_fastrtps_cExport.cmake
[17.143s] -- Installing: /home/druloko/ws_roomba/install/roomba_msgs/share/roomba_msgs/cmake/export_roomba_msgs__rosidl_typesupport_fastrtps_cExport-noconfig.cmake
[17.144s] -- Installing: /home/druloko/ws_roomba/install/roomba_msgs/share/roomba_msgs/cmake/roomba_msgs__rosidl_typesupport_introspection_cExport.cmake
[17.144s] -- Installing: /home/druloko/ws_roomba/install/roomba_msgs/share/roomba_msgs/cmake/roomba_msgs__rosidl_typesupport_introspection_cExport-noconfig.cmake
[17.144s] -- Installing: /home/druloko/ws_roomba/install/roomba_msgs/share/roomba_msgs/cmake/roomba_msgs__rosidl_typesupport_cExport.cmake
[17.144s] -- Installing: /home/druloko/ws_roomba/install/roomba_msgs/share/roomba_msgs/cmake/roomba_msgs__rosidl_typesupport_cExport-noconfig.cmake
[17.145s] -- Installing: /home/druloko/ws_roomba/install/roomba_msgs/share/roomba_msgs/cmake/export_roomba_msgs__rosidl_generator_cppExport.cmake
[17.145s] -- Installing: /home/druloko/ws_roomba/install/roomba_msgs/share/roomba_msgs/cmake/export_roomba_msgs__rosidl_typesupport_fastrtps_cppExport.cmake
[17.145s] -- Installing: /home/druloko/ws_roomba/install/roomba_msgs/share/roomba_msgs/cmake/export_roomba_msgs__rosidl_typesupport_fastrtps_cppExport-noconfig.cmake
[17.145s] -- Installing: /home/druloko/ws_roomba/install/roomba_msgs/share/roomba_msgs/cmake/roomba_msgs__rosidl_typesupport_introspection_cppExport.cmake
[17.145s] -- Installing: /home/druloko/ws_roomba/install/roomba_msgs/share/roomba_msgs/cmake/roomba_msgs__rosidl_typesupport_introspection_cppExport-noconfig.cmake
[17.146s] -- Installing: /home/druloko/ws_roomba/install/roomba_msgs/share/roomba_msgs/cmake/roomba_msgs__rosidl_typesupport_cppExport.cmake
[17.146s] -- Installing: /home/druloko/ws_roomba/install/roomba_msgs/share/roomba_msgs/cmake/roomba_msgs__rosidl_typesupport_cppExport-noconfig.cmake
[17.146s] -- Installing: /home/druloko/ws_roomba/install/roomba_msgs/share/roomba_msgs/cmake/export_roomba_msgs__rosidl_generator_pyExport.cmake
[17.147s] -- Installing: /home/druloko/ws_roomba/install/roomba_msgs/share/roomba_msgs/cmake/export_roomba_msgs__rosidl_generator_pyExport-noconfig.cmake
[17.147s] -- Installing: /home/druloko/ws_roomba/install/roomba_msgs/share/roomba_msgs/cmake/rosidl_cmake-extras.cmake
[17.147s] -- Installing: /home/druloko/ws_roomba/install/roomba_msgs/share/roomba_msgs/cmake/ament_cmake_export_dependencies-extras.cmake
[17.147s] -- Installing: /home/druloko/ws_roomba/install/roomba_msgs/share/roomba_msgs/cmake/ament_cmake_export_include_directories-extras.cmake
[17.148s] -- Installing: /home/druloko/ws_roomba/install/roomba_msgs/share/roomba_msgs/cmake/ament_cmake_export_libraries-extras.cmake
[17.148s] -- Installing: /home/druloko/ws_roomba/install/roomba_msgs/share/roomba_msgs/cmake/ament_cmake_export_targets-extras.cmake
[17.148s] -- Installing: /home/druloko/ws_roomba/install/roomba_msgs/share/roomba_msgs/cmake/rosidl_cmake_export_typesupport_targets-extras.cmake
[17.148s] -- Installing: /home/druloko/ws_roomba/install/roomba_msgs/share/roomba_msgs/cmake/rosidl_cmake_export_typesupport_libraries-extras.cmake
[17.148s] -- Installing: /home/druloko/ws_roomba/install/roomba_msgs/share/roomba_msgs/cmake/roomba_msgsConfig.cmake
[17.149s] -- Installing: /home/druloko/ws_roomba/install/roomba_msgs/share/roomba_msgs/cmake/roomba_msgsConfig-version.cmake
[17.149s] -- Installing: /home/druloko/ws_roomba/install/roomba_msgs/share/roomba_msgs/package.xml
[17.151s] Invoked command in '/home/druloko/ws_roomba/build/roomba_msgs' returned '0': CMAKE_PREFIX_PATH=${CMAKE_PREFIX_PATH}:/home/druloko/ws_roomba/install/robot_roomba:/opt/ros/rolling /usr/bin/cmake --install /home/druloko/ws_roomba/build/roomba_msgs
